<?xml version="1.0" encoding="UTF-8"?>
<testsuite xmlns:xsi="http://www.w3.org/2001/XMLSchema-instance" xsi:noNamespaceSchemaLocation="https://maven.apache.org/surefire/maven-surefire-plugin/xsd/surefire-test-report.xsd" version="3.0.1" name="com.academia.architecture.HexagonalArchitectureTest" time="2.035" tests="3" errors="0" skipped="0" failures="2">
  <properties>
    <property name="java.specification.version" value="21"/>
    <property name="sun.cpu.isalist" value="amd64"/>
    <property name="sun.jnu.encoding" value="Cp1252"/>
    <property name="java.class.path" value="C:\Projects\backForEduArqHexa\target\test-classes;C:\Projects\backForEduArqHexa\target\classes;C:\Users\gvill\.m2\repository\org\springframework\boot\spring-boot-starter-web\3.3.3\spring-boot-starter-web-3.3.3.jar;C:\Users\gvill\.m2\repository\org\springframework\boot\spring-boot-starter\3.3.3\spring-boot-starter-3.3.3.jar;C:\Users\gvill\.m2\repository\org\springframework\boot\spring-boot\3.3.3\spring-boot-3.3.3.jar;C:\Users\gvill\.m2\repository\org\springframework\boot\spring-boot-autoconfigure\3.3.3\spring-boot-autoconfigure-3.3.3.jar;C:\Users\gvill\.m2\repository\org\springframework\boot\spring-boot-starter-logging\3.3.3\spring-boot-starter-logging-3.3.3.jar;C:\Users\gvill\.m2\repository\ch\qos\logback\logback-classic\1.5.7\logback-classic-1.5.7.jar;C:\Users\gvill\.m2\repository\ch\qos\logback\logback-core\1.5.7\logback-core-1.5.7.jar;C:\Users\gvill\.m2\repository\org\apache\logging\log4j\log4j-to-slf4j\2.23.1\log4j-to-slf4j-2.23.1.jar;C:\Users\gvill\.m2\repository\org\apache\logging\log4j\log4j-api\2.23.1\log4j-api-2.23.1.jar;C:\Users\gvill\.m2\repository\org\slf4j\jul-to-slf4j\2.0.16\jul-to-slf4j-2.0.16.jar;C:\Users\gvill\.m2\repository\jakarta\annotation\jakarta.annotation-api\2.1.1\jakarta.annotation-api-2.1.1.jar;C:\Users\gvill\.m2\repository\org\yaml\snakeyaml\2.2\snakeyaml-2.2.jar;C:\Users\gvill\.m2\repository\org\springframework\boot\spring-boot-starter-json\3.3.3\spring-boot-starter-json-3.3.3.jar;C:\Users\gvill\.m2\repository\com\fasterxml\jackson\datatype\jackson-datatype-jdk8\2.17.2\jackson-datatype-jdk8-2.17.2.jar;C:\Users\gvill\.m2\repository\com\fasterxml\jackson\datatype\jackson-datatype-jsr310\2.17.2\jackson-datatype-jsr310-2.17.2.jar;C:\Users\gvill\.m2\repository\com\fasterxml\jackson\module\jackson-module-parameter-names\2.17.2\jackson-module-parameter-names-2.17.2.jar;C:\Users\gvill\.m2\repository\org\springframework\boot\spring-boot-starter-tomcat\3.3.3\spring-boot-starter-tomcat-3.3.3.jar;C:\Users\gvill\.m2\repository\org\apache\tomcat\embed\tomcat-embed-core\10.1.28\tomcat-embed-core-10.1.28.jar;C:\Users\gvill\.m2\repository\org\apache\tomcat\embed\tomcat-embed-websocket\10.1.28\tomcat-embed-websocket-10.1.28.jar;C:\Users\gvill\.m2\repository\org\springframework\spring-web\6.1.12\spring-web-6.1.12.jar;C:\Users\gvill\.m2\repository\org\springframework\spring-beans\6.1.12\spring-beans-6.1.12.jar;C:\Users\gvill\.m2\repository\org\springframework\spring-webmvc\6.1.12\spring-webmvc-6.1.12.jar;C:\Users\gvill\.m2\repository\org\springframework\spring-context\6.1.12\spring-context-6.1.12.jar;C:\Users\gvill\.m2\repository\org\springframework\spring-expression\6.1.12\spring-expression-6.1.12.jar;C:\Users\gvill\.m2\repository\org\springframework\boot\spring-boot-starter-data-jpa\3.3.3\spring-boot-starter-data-jpa-3.3.3.jar;C:\Users\gvill\.m2\repository\org\springframework\boot\spring-boot-starter-aop\3.3.3\spring-boot-starter-aop-3.3.3.jar;C:\Users\gvill\.m2\repository\org\aspectj\aspectjweaver\1.9.22.1\aspectjweaver-1.9.22.1.jar;C:\Users\gvill\.m2\repository\org\springframework\boot\spring-boot-starter-jdbc\3.3.3\spring-boot-starter-jdbc-3.3.3.jar;C:\Users\gvill\.m2\repository\com\zaxxer\HikariCP\5.1.0\HikariCP-5.1.0.jar;C:\Users\gvill\.m2\repository\org\springframework\spring-jdbc\6.1.12\spring-jdbc-6.1.12.jar;C:\Users\gvill\.m2\repository\org\hibernate\orm\hibernate-core\6.5.2.Final\hibernate-core-6.5.2.Final.jar;C:\Users\gvill\.m2\repository\jakarta\persistence\jakarta.persistence-api\3.1.0\jakarta.persistence-api-3.1.0.jar;C:\Users\gvill\.m2\repository\jakarta\transaction\jakarta.transaction-api\2.0.1\jakarta.transaction-api-2.0.1.jar;C:\Users\gvill\.m2\repository\org\jboss\logging\jboss-logging\3.5.3.Final\jboss-logging-3.5.3.Final.jar;C:\Users\gvill\.m2\repository\org\hibernate\common\hibernate-commons-annotations\6.0.6.Final\hibernate-commons-annotations-6.0.6.Final.jar;C:\Users\gvill\.m2\repository\io\smallrye\jandex\3.1.2\jandex-3.1.2.jar;C:\Users\gvill\.m2\repository\com\fasterxml\classmate\1.7.0\classmate-1.7.0.jar;C:\Users\gvill\.m2\repository\net\bytebuddy\byte-buddy\1.14.19\byte-buddy-1.14.19.jar;C:\Users\gvill\.m2\repository\org\glassfish\jaxb\jaxb-runtime\4.0.5\jaxb-runtime-4.0.5.jar;C:\Users\gvill\.m2\repository\org\glassfish\jaxb\jaxb-core\4.0.5\jaxb-core-4.0.5.jar;C:\Users\gvill\.m2\repository\org\glassfish\jaxb\txw2\4.0.5\txw2-4.0.5.jar;C:\Users\gvill\.m2\repository\com\sun\istack\istack-commons-runtime\4.1.2\istack-commons-runtime-4.1.2.jar;C:\Users\gvill\.m2\repository\jakarta\inject\jakarta.inject-api\2.0.1\jakarta.inject-api-2.0.1.jar;C:\Users\gvill\.m2\repository\org\antlr\antlr4-runtime\4.13.0\antlr4-runtime-4.13.0.jar;C:\Users\gvill\.m2\repository\org\springframework\data\spring-data-jpa\3.3.3\spring-data-jpa-3.3.3.jar;C:\Users\gvill\.m2\repository\org\springframework\data\spring-data-commons\3.3.3\spring-data-commons-3.3.3.jar;C:\Users\gvill\.m2\repository\org\springframework\spring-orm\6.1.12\spring-orm-6.1.12.jar;C:\Users\gvill\.m2\repository\org\springframework\spring-tx\6.1.12\spring-tx-6.1.12.jar;C:\Users\gvill\.m2\repository\org\slf4j\slf4j-api\2.0.16\slf4j-api-2.0.16.jar;C:\Users\gvill\.m2\repository\org\springframework\spring-aspects\6.1.12\spring-aspects-6.1.12.jar;C:\Users\gvill\.m2\repository\org\springframework\boot\spring-boot-starter-security\3.3.3\spring-boot-starter-security-3.3.3.jar;C:\Users\gvill\.m2\repository\org\springframework\spring-aop\6.1.12\spring-aop-6.1.12.jar;C:\Users\gvill\.m2\repository\org\springframework\security\spring-security-config\6.3.3\spring-security-config-6.3.3.jar;C:\Users\gvill\.m2\repository\org\springframework\security\spring-security-web\6.3.3\spring-security-web-6.3.3.jar;C:\Users\gvill\.m2\repository\org\springframework\boot\spring-boot-starter-validation\3.3.3\spring-boot-starter-validation-3.3.3.jar;C:\Users\gvill\.m2\repository\org\apache\tomcat\embed\tomcat-embed-el\10.1.28\tomcat-embed-el-10.1.28.jar;C:\Users\gvill\.m2\repository\org\hibernate\validator\hibernate-validator\8.0.1.Final\hibernate-validator-8.0.1.Final.jar;C:\Users\gvill\.m2\repository\jakarta\validation\jakarta.validation-api\3.0.2\jakarta.validation-api-3.0.2.jar;C:\Users\gvill\.m2\repository\org\springframework\boot\spring-boot-starter-data-redis\3.3.3\spring-boot-starter-data-redis-3.3.3.jar;C:\Users\gvill\.m2\repository\io\lettuce\lettuce-core\6.3.2.RELEASE\lettuce-core-6.3.2.RELEASE.jar;C:\Users\gvill\.m2\repository\io\netty\netty-common\4.1.112.Final\netty-common-4.1.112.Final.jar;C:\Users\gvill\.m2\repository\io\netty\netty-handler\4.1.112.Final\netty-handler-4.1.112.Final.jar;C:\Users\gvill\.m2\repository\io\netty\netty-resolver\4.1.112.Final\netty-resolver-4.1.112.Final.jar;C:\Users\gvill\.m2\repository\io\netty\netty-buffer\4.1.112.Final\netty-buffer-4.1.112.Final.jar;C:\Users\gvill\.m2\repository\io\netty\netty-transport-native-unix-common\4.1.112.Final\netty-transport-native-unix-common-4.1.112.Final.jar;C:\Users\gvill\.m2\repository\io\netty\netty-codec\4.1.112.Final\netty-codec-4.1.112.Final.jar;C:\Users\gvill\.m2\repository\io\netty\netty-transport\4.1.112.Final\netty-transport-4.1.112.Final.jar;C:\Users\gvill\.m2\repository\io\projectreactor\reactor-core\3.6.9\reactor-core-3.6.9.jar;C:\Users\gvill\.m2\repository\org\reactivestreams\reactive-streams\1.0.4\reactive-streams-1.0.4.jar;C:\Users\gvill\.m2\repository\org\springframework\data\spring-data-redis\3.3.3\spring-data-redis-3.3.3.jar;C:\Users\gvill\.m2\repository\org\springframework\data\spring-data-keyvalue\3.3.3\spring-data-keyvalue-3.3.3.jar;C:\Users\gvill\.m2\repository\org\springframework\spring-oxm\6.1.12\spring-oxm-6.1.12.jar;C:\Users\gvill\.m2\repository\org\springframework\boot\spring-boot-starter-actuator\3.3.3\spring-boot-starter-actuator-3.3.3.jar;C:\Users\gvill\.m2\repository\org\springframework\boot\spring-boot-actuator-autoconfigure\3.3.3\spring-boot-actuator-autoconfigure-3.3.3.jar;C:\Users\gvill\.m2\repository\org\springframework\boot\spring-boot-actuator\3.3.3\spring-boot-actuator-3.3.3.jar;C:\Users\gvill\.m2\repository\io\micrometer\micrometer-observation\1.13.3\micrometer-observation-1.13.3.jar;C:\Users\gvill\.m2\repository\io\micrometer\micrometer-commons\1.13.3\micrometer-commons-1.13.3.jar;C:\Users\gvill\.m2\repository\io\micrometer\micrometer-jakarta9\1.13.3\micrometer-jakarta9-1.13.3.jar;C:\Users\gvill\.m2\repository\org\springframework\boot\spring-boot-starter-mail\3.3.3\spring-boot-starter-mail-3.3.3.jar;C:\Users\gvill\.m2\repository\org\springframework\spring-context-support\6.1.12\spring-context-support-6.1.12.jar;C:\Users\gvill\.m2\repository\org\eclipse\angus\jakarta.mail\2.0.3\jakarta.mail-2.0.3.jar;C:\Users\gvill\.m2\repository\jakarta\activation\jakarta.activation-api\2.1.3\jakarta.activation-api-2.1.3.jar;C:\Users\gvill\.m2\repository\org\eclipse\angus\angus-activation\2.0.2\angus-activation-2.0.2.jar;C:\Users\gvill\.m2\repository\org\springframework\boot\spring-boot-starter-thymeleaf\3.3.3\spring-boot-starter-thymeleaf-3.3.3.jar;C:\Users\gvill\.m2\repository\org\thymeleaf\thymeleaf-spring6\3.1.2.RELEASE\thymeleaf-spring6-3.1.2.RELEASE.jar;C:\Users\gvill\.m2\repository\org\thymeleaf\thymeleaf\3.1.2.RELEASE\thymeleaf-3.1.2.RELEASE.jar;C:\Users\gvill\.m2\repository\org\attoparser\attoparser\2.0.7.RELEASE\attoparser-2.0.7.RELEASE.jar;C:\Users\gvill\.m2\repository\org\unbescape\unbescape\1.1.6.RELEASE\unbescape-1.1.6.RELEASE.jar;C:\Users\gvill\.m2\repository\com\mysql\mysql-connector-j\8.0.33\mysql-connector-j-8.0.33.jar;C:\Users\gvill\.m2\repository\org\flywaydb\flyway-core\10.10.0\flyway-core-10.10.0.jar;C:\Users\gvill\.m2\repository\com\fasterxml\jackson\dataformat\jackson-dataformat-toml\2.17.2\jackson-dataformat-toml-2.17.2.jar;C:\Users\gvill\.m2\repository\com\fasterxml\jackson\core\jackson-core\2.17.2\jackson-core-2.17.2.jar;C:\Users\gvill\.m2\repository\com\google\code\gson\gson\2.10.1\gson-2.10.1.jar;C:\Users\gvill\.m2\repository\org\flywaydb\flyway-mysql\10.10.0\flyway-mysql-10.10.0.jar;C:\Users\gvill\.m2\repository\io\jsonwebtoken\jjwt-api\0.11.5\jjwt-api-0.11.5.jar;C:\Users\gvill\.m2\repository\io\jsonwebtoken\jjwt-impl\0.11.5\jjwt-impl-0.11.5.jar;C:\Users\gvill\.m2\repository\io\jsonwebtoken\jjwt-jackson\0.11.5\jjwt-jackson-0.11.5.jar;C:\Users\gvill\.m2\repository\com\fasterxml\jackson\core\jackson-databind\2.17.2\jackson-databind-2.17.2.jar;C:\Users\gvill\.m2\repository\com\fasterxml\jackson\core\jackson-annotations\2.17.2\jackson-annotations-2.17.2.jar;C:\Users\gvill\.m2\repository\org\springdoc\springdoc-openapi-starter-webmvc-ui\2.5.0\springdoc-openapi-starter-webmvc-ui-2.5.0.jar;C:\Users\gvill\.m2\repository\org\springdoc\springdoc-openapi-starter-webmvc-api\2.5.0\springdoc-openapi-starter-webmvc-api-2.5.0.jar;C:\Users\gvill\.m2\repository\org\springdoc\springdoc-openapi-starter-common\2.5.0\springdoc-openapi-starter-common-2.5.0.jar;C:\Users\gvill\.m2\repository\io\swagger\core\v3\swagger-core-jakarta\2.2.21\swagger-core-jakarta-2.2.21.jar;C:\Users\gvill\.m2\repository\io\swagger\core\v3\swagger-annotations-jakarta\2.2.21\swagger-annotations-jakarta-2.2.21.jar;C:\Users\gvill\.m2\repository\io\swagger\core\v3\swagger-models-jakarta\2.2.21\swagger-models-jakarta-2.2.21.jar;C:\Users\gvill\.m2\repository\com\fasterxml\jackson\dataformat\jackson-dataformat-yaml\2.17.2\jackson-dataformat-yaml-2.17.2.jar;C:\Users\gvill\.m2\repository\org\webjars\swagger-ui\5.13.0\swagger-ui-5.13.0.jar;C:\Users\gvill\.m2\repository\org\mapstruct\mapstruct\1.5.5.Final\mapstruct-1.5.5.Final.jar;C:\Users\gvill\.m2\repository\org\projectlombok\lombok\1.18.34\lombok-1.18.34.jar;C:\Users\gvill\.m2\repository\io\micrometer\micrometer-registry-prometheus\1.13.3\micrometer-registry-prometheus-1.13.3.jar;C:\Users\gvill\.m2\repository\io\micrometer\micrometer-core\1.13.3\micrometer-core-1.13.3.jar;C:\Users\gvill\.m2\repository\org\hdrhistogram\HdrHistogram\2.2.2\HdrHistogram-2.2.2.jar;C:\Users\gvill\.m2\repository\org\latencyutils\LatencyUtils\2.0.3\LatencyUtils-2.0.3.jar;C:\Users\gvill\.m2\repository\io\prometheus\prometheus-metrics-core\1.2.1\prometheus-metrics-core-1.2.1.jar;C:\Users\gvill\.m2\repository\io\prometheus\prometheus-metrics-model\1.2.1\prometheus-metrics-model-1.2.1.jar;C:\Users\gvill\.m2\repository\io\prometheus\prometheus-metrics-config\1.2.1\prometheus-metrics-config-1.2.1.jar;C:\Users\gvill\.m2\repository\io\prometheus\prometheus-metrics-tracer-common\1.2.1\prometheus-metrics-tracer-common-1.2.1.jar;C:\Users\gvill\.m2\repository\io\prometheus\prometheus-metrics-exposition-formats\1.2.1\prometheus-metrics-exposition-formats-1.2.1.jar;C:\Users\gvill\.m2\repository\io\prometheus\prometheus-metrics-shaded-protobuf\1.2.1\prometheus-metrics-shaded-protobuf-1.2.1.jar;C:\Users\gvill\.m2\repository\com\cloudinary\cloudinary-http44\1.38.0\cloudinary-http44-1.38.0.jar;C:\Users\gvill\.m2\repository\com\cloudinary\cloudinary-core\1.38.0\cloudinary-core-1.38.0.jar;C:\Users\gvill\.m2\repository\org\apache\commons\commons-lang3\3.14.0\commons-lang3-3.14.0.jar;C:\Users\gvill\.m2\repository\org\apache\httpcomponents\httpclient\4.4\httpclient-4.4.jar;C:\Users\gvill\.m2\repository\org\apache\httpcomponents\httpcore\4.4.16\httpcore-4.4.16.jar;C:\Users\gvill\.m2\repository\commons-logging\commons-logging\1.2\commons-logging-1.2.jar;C:\Users\gvill\.m2\repository\commons-codec\commons-codec\1.16.1\commons-codec-1.16.1.jar;C:\Users\gvill\.m2\repository\org\apache\httpcomponents\httpmime\4.4\httpmime-4.4.jar;C:\Users\gvill\.m2\repository\commons-io\commons-io\2.16.1\commons-io-2.16.1.jar;C:\Users\gvill\.m2\repository\org\springframework\boot\spring-boot-starter-test\3.3.3\spring-boot-starter-test-3.3.3.jar;C:\Users\gvill\.m2\repository\org\springframework\boot\spring-boot-test\3.3.3\spring-boot-test-3.3.3.jar;C:\Users\gvill\.m2\repository\org\springframework\boot\spring-boot-test-autoconfigure\3.3.3\spring-boot-test-autoconfigure-3.3.3.jar;C:\Users\gvill\.m2\repository\com\jayway\jsonpath\json-path\2.9.0\json-path-2.9.0.jar;C:\Users\gvill\.m2\repository\jakarta\xml\bind\jakarta.xml.bind-api\4.0.2\jakarta.xml.bind-api-4.0.2.jar;C:\Users\gvill\.m2\repository\net\minidev\json-smart\2.5.1\json-smart-2.5.1.jar;C:\Users\gvill\.m2\repository\net\minidev\accessors-smart\2.5.1\accessors-smart-2.5.1.jar;C:\Users\gvill\.m2\repository\org\ow2\asm\asm\9.6\asm-9.6.jar;C:\Users\gvill\.m2\repository\org\assertj\assertj-core\3.25.3\assertj-core-3.25.3.jar;C:\Users\gvill\.m2\repository\org\awaitility\awaitility\4.2.2\awaitility-4.2.2.jar;C:\Users\gvill\.m2\repository\org\hamcrest\hamcrest\2.2\hamcrest-2.2.jar;C:\Users\gvill\.m2\repository\org\junit\jupiter\junit-jupiter\5.10.3\junit-jupiter-5.10.3.jar;C:\Users\gvill\.m2\repository\org\junit\jupiter\junit-jupiter-api\5.10.3\junit-jupiter-api-5.10.3.jar;C:\Users\gvill\.m2\repository\org\opentest4j\opentest4j\1.3.0\opentest4j-1.3.0.jar;C:\Users\gvill\.m2\repository\org\junit\platform\junit-platform-commons\1.10.3\junit-platform-commons-1.10.3.jar;C:\Users\gvill\.m2\repository\org\apiguardian\apiguardian-api\1.1.2\apiguardian-api-1.1.2.jar;C:\Users\gvill\.m2\repository\org\junit\jupiter\junit-jupiter-params\5.10.3\junit-jupiter-params-5.10.3.jar;C:\Users\gvill\.m2\repository\org\junit\jupiter\junit-jupiter-engine\5.10.3\junit-jupiter-engine-5.10.3.jar;C:\Users\gvill\.m2\repository\org\junit\platform\junit-platform-engine\1.10.3\junit-platform-engine-1.10.3.jar;C:\Users\gvill\.m2\repository\org\mockito\mockito-core\5.11.0\mockito-core-5.11.0.jar;C:\Users\gvill\.m2\repository\net\bytebuddy\byte-buddy-agent\1.14.19\byte-buddy-agent-1.14.19.jar;C:\Users\gvill\.m2\repository\org\objenesis\objenesis\3.3\objenesis-3.3.jar;C:\Users\gvill\.m2\repository\org\mockito\mockito-junit-jupiter\5.11.0\mockito-junit-jupiter-5.11.0.jar;C:\Users\gvill\.m2\repository\org\skyscreamer\jsonassert\1.5.3\jsonassert-1.5.3.jar;C:\Users\gvill\.m2\repository\com\vaadin\external\google\android-json\0.0.20131108.vaadin1\android-json-0.0.20131108.vaadin1.jar;C:\Users\gvill\.m2\repository\org\springframework\spring-core\6.1.12\spring-core-6.1.12.jar;C:\Users\gvill\.m2\repository\org\springframework\spring-jcl\6.1.12\spring-jcl-6.1.12.jar;C:\Users\gvill\.m2\repository\org\springframework\spring-test\6.1.12\spring-test-6.1.12.jar;C:\Users\gvill\.m2\repository\org\xmlunit\xmlunit-core\2.9.1\xmlunit-core-2.9.1.jar;C:\Users\gvill\.m2\repository\org\springframework\security\spring-security-test\6.3.3\spring-security-test-6.3.3.jar;C:\Users\gvill\.m2\repository\org\springframework\security\spring-security-core\6.3.3\spring-security-core-6.3.3.jar;C:\Users\gvill\.m2\repository\org\springframework\security\spring-security-crypto\6.3.3\spring-security-crypto-6.3.3.jar;C:\Users\gvill\.m2\repository\org\testcontainers\junit-jupiter\1.19.8\junit-jupiter-1.19.8.jar;C:\Users\gvill\.m2\repository\org\testcontainers\testcontainers\1.19.8\testcontainers-1.19.8.jar;C:\Users\gvill\.m2\repository\junit\junit\4.13.2\junit-4.13.2.jar;C:\Users\gvill\.m2\repository\org\hamcrest\hamcrest-core\2.2\hamcrest-core-2.2.jar;C:\Users\gvill\.m2\repository\org\apache\commons\commons-compress\1.24.0\commons-compress-1.24.0.jar;C:\Users\gvill\.m2\repository\org\rnorth\duct-tape\duct-tape\1.0.8\duct-tape-1.0.8.jar;C:\Users\gvill\.m2\repository\org\jetbrains\annotations\17.0.0\annotations-17.0.0.jar;C:\Users\gvill\.m2\repository\com\github\docker-java\docker-java-api\3.3.6\docker-java-api-3.3.6.jar;C:\Users\gvill\.m2\repository\com\github\docker-java\docker-java-transport-zerodep\3.3.6\docker-java-transport-zerodep-3.3.6.jar;C:\Users\gvill\.m2\repository\com\github\docker-java\docker-java-transport\3.3.6\docker-java-transport-3.3.6.jar;C:\Users\gvill\.m2\repository\net\java\dev\jna\jna\5.13.0\jna-5.13.0.jar;C:\Users\gvill\.m2\repository\org\testcontainers\mysql\1.19.8\mysql-1.19.8.jar;C:\Users\gvill\.m2\repository\org\testcontainers\jdbc\1.19.8\jdbc-1.19.8.jar;C:\Users\gvill\.m2\repository\org\testcontainers\database-commons\1.19.8\database-commons-1.19.8.jar;C:\Users\gvill\.m2\repository\com\h2database\h2\2.2.224\h2-2.2.224.jar;C:\Users\gvill\.m2\repository\com\tngtech\archunit\archunit-junit5\1.3.0\archunit-junit5-1.3.0.jar;C:\Users\gvill\.m2\repository\com\tngtech\archunit\archunit-junit5-api\1.3.0\archunit-junit5-api-1.3.0.jar;C:\Users\gvill\.m2\repository\com\tngtech\archunit\archunit\1.3.0\archunit-1.3.0.jar;C:\Users\gvill\.m2\repository\com\tngtech\archunit\archunit-junit5-engine\1.3.0\archunit-junit5-engine-1.3.0.jar;C:\Users\gvill\.m2\repository\com\tngtech\archunit\archunit-junit5-engine-api\1.3.0\archunit-junit5-engine-api-1.3.0.jar;"/>
    <property name="java.vm.vendor" value="Amazon.com Inc."/>
    <property name="sun.arch.data.model" value="64"/>
    <property name="user.variant" value=""/>
    <property name="java.vendor.url" value="https://aws.amazon.com/corretto/"/>
    <property name="catalina.useNaming" value="false"/>
    <property name="user.timezone" value="America/Bogota"/>
    <property name="org.jboss.logging.provider" value="slf4j"/>
    <property name="os.name" value="Windows 11"/>
    <property name="java.vm.specification.version" value="21"/>
    <property name="sun.java.launcher" value="SUN_STANDARD"/>
    <property name="user.country" value="US"/>
    <property name="sun.boot.library.path" value="C:\Users\gvill\.jdks\corretto-21.0.7\bin"/>
    <property name="sun.java.command" value="C:\Users\gvill\AppData\Local\Temp\surefire16466118977430555821\surefirebooter-20250803175703241_3.jar C:\Users\gvill\AppData\Local\Temp\surefire16466118977430555821 2025-08-03T17-57-02_937-jvmRun1 surefire-20250803175703241_1tmp surefire_0-20250803175703241_2tmp"/>
    <property name="jdk.debug" value="release"/>
    <property name="surefire.test.class.path" value="C:\Projects\backForEduArqHexa\target\test-classes;C:\Projects\backForEduArqHexa\target\classes;C:\Users\gvill\.m2\repository\org\springframework\boot\spring-boot-starter-web\3.3.3\spring-boot-starter-web-3.3.3.jar;C:\Users\gvill\.m2\repository\org\springframework\boot\spring-boot-starter\3.3.3\spring-boot-starter-3.3.3.jar;C:\Users\gvill\.m2\repository\org\springframework\boot\spring-boot\3.3.3\spring-boot-3.3.3.jar;C:\Users\gvill\.m2\repository\org\springframework\boot\spring-boot-autoconfigure\3.3.3\spring-boot-autoconfigure-3.3.3.jar;C:\Users\gvill\.m2\repository\org\springframework\boot\spring-boot-starter-logging\3.3.3\spring-boot-starter-logging-3.3.3.jar;C:\Users\gvill\.m2\repository\ch\qos\logback\logback-classic\1.5.7\logback-classic-1.5.7.jar;C:\Users\gvill\.m2\repository\ch\qos\logback\logback-core\1.5.7\logback-core-1.5.7.jar;C:\Users\gvill\.m2\repository\org\apache\logging\log4j\log4j-to-slf4j\2.23.1\log4j-to-slf4j-2.23.1.jar;C:\Users\gvill\.m2\repository\org\apache\logging\log4j\log4j-api\2.23.1\log4j-api-2.23.1.jar;C:\Users\gvill\.m2\repository\org\slf4j\jul-to-slf4j\2.0.16\jul-to-slf4j-2.0.16.jar;C:\Users\gvill\.m2\repository\jakarta\annotation\jakarta.annotation-api\2.1.1\jakarta.annotation-api-2.1.1.jar;C:\Users\gvill\.m2\repository\org\yaml\snakeyaml\2.2\snakeyaml-2.2.jar;C:\Users\gvill\.m2\repository\org\springframework\boot\spring-boot-starter-json\3.3.3\spring-boot-starter-json-3.3.3.jar;C:\Users\gvill\.m2\repository\com\fasterxml\jackson\datatype\jackson-datatype-jdk8\2.17.2\jackson-datatype-jdk8-2.17.2.jar;C:\Users\gvill\.m2\repository\com\fasterxml\jackson\datatype\jackson-datatype-jsr310\2.17.2\jackson-datatype-jsr310-2.17.2.jar;C:\Users\gvill\.m2\repository\com\fasterxml\jackson\module\jackson-module-parameter-names\2.17.2\jackson-module-parameter-names-2.17.2.jar;C:\Users\gvill\.m2\repository\org\springframework\boot\spring-boot-starter-tomcat\3.3.3\spring-boot-starter-tomcat-3.3.3.jar;C:\Users\gvill\.m2\repository\org\apache\tomcat\embed\tomcat-embed-core\10.1.28\tomcat-embed-core-10.1.28.jar;C:\Users\gvill\.m2\repository\org\apache\tomcat\embed\tomcat-embed-websocket\10.1.28\tomcat-embed-websocket-10.1.28.jar;C:\Users\gvill\.m2\repository\org\springframework\spring-web\6.1.12\spring-web-6.1.12.jar;C:\Users\gvill\.m2\repository\org\springframework\spring-beans\6.1.12\spring-beans-6.1.12.jar;C:\Users\gvill\.m2\repository\org\springframework\spring-webmvc\6.1.12\spring-webmvc-6.1.12.jar;C:\Users\gvill\.m2\repository\org\springframework\spring-context\6.1.12\spring-context-6.1.12.jar;C:\Users\gvill\.m2\repository\org\springframework\spring-expression\6.1.12\spring-expression-6.1.12.jar;C:\Users\gvill\.m2\repository\org\springframework\boot\spring-boot-starter-data-jpa\3.3.3\spring-boot-starter-data-jpa-3.3.3.jar;C:\Users\gvill\.m2\repository\org\springframework\boot\spring-boot-starter-aop\3.3.3\spring-boot-starter-aop-3.3.3.jar;C:\Users\gvill\.m2\repository\org\aspectj\aspectjweaver\1.9.22.1\aspectjweaver-1.9.22.1.jar;C:\Users\gvill\.m2\repository\org\springframework\boot\spring-boot-starter-jdbc\3.3.3\spring-boot-starter-jdbc-3.3.3.jar;C:\Users\gvill\.m2\repository\com\zaxxer\HikariCP\5.1.0\HikariCP-5.1.0.jar;C:\Users\gvill\.m2\repository\org\springframework\spring-jdbc\6.1.12\spring-jdbc-6.1.12.jar;C:\Users\gvill\.m2\repository\org\hibernate\orm\hibernate-core\6.5.2.Final\hibernate-core-6.5.2.Final.jar;C:\Users\gvill\.m2\repository\jakarta\persistence\jakarta.persistence-api\3.1.0\jakarta.persistence-api-3.1.0.jar;C:\Users\gvill\.m2\repository\jakarta\transaction\jakarta.transaction-api\2.0.1\jakarta.transaction-api-2.0.1.jar;C:\Users\gvill\.m2\repository\org\jboss\logging\jboss-logging\3.5.3.Final\jboss-logging-3.5.3.Final.jar;C:\Users\gvill\.m2\repository\org\hibernate\common\hibernate-commons-annotations\6.0.6.Final\hibernate-commons-annotations-6.0.6.Final.jar;C:\Users\gvill\.m2\repository\io\smallrye\jandex\3.1.2\jandex-3.1.2.jar;C:\Users\gvill\.m2\repository\com\fasterxml\classmate\1.7.0\classmate-1.7.0.jar;C:\Users\gvill\.m2\repository\net\bytebuddy\byte-buddy\1.14.19\byte-buddy-1.14.19.jar;C:\Users\gvill\.m2\repository\org\glassfish\jaxb\jaxb-runtime\4.0.5\jaxb-runtime-4.0.5.jar;C:\Users\gvill\.m2\repository\org\glassfish\jaxb\jaxb-core\4.0.5\jaxb-core-4.0.5.jar;C:\Users\gvill\.m2\repository\org\glassfish\jaxb\txw2\4.0.5\txw2-4.0.5.jar;C:\Users\gvill\.m2\repository\com\sun\istack\istack-commons-runtime\4.1.2\istack-commons-runtime-4.1.2.jar;C:\Users\gvill\.m2\repository\jakarta\inject\jakarta.inject-api\2.0.1\jakarta.inject-api-2.0.1.jar;C:\Users\gvill\.m2\repository\org\antlr\antlr4-runtime\4.13.0\antlr4-runtime-4.13.0.jar;C:\Users\gvill\.m2\repository\org\springframework\data\spring-data-jpa\3.3.3\spring-data-jpa-3.3.3.jar;C:\Users\gvill\.m2\repository\org\springframework\data\spring-data-commons\3.3.3\spring-data-commons-3.3.3.jar;C:\Users\gvill\.m2\repository\org\springframework\spring-orm\6.1.12\spring-orm-6.1.12.jar;C:\Users\gvill\.m2\repository\org\springframework\spring-tx\6.1.12\spring-tx-6.1.12.jar;C:\Users\gvill\.m2\repository\org\slf4j\slf4j-api\2.0.16\slf4j-api-2.0.16.jar;C:\Users\gvill\.m2\repository\org\springframework\spring-aspects\6.1.12\spring-aspects-6.1.12.jar;C:\Users\gvill\.m2\repository\org\springframework\boot\spring-boot-starter-security\3.3.3\spring-boot-starter-security-3.3.3.jar;C:\Users\gvill\.m2\repository\org\springframework\spring-aop\6.1.12\spring-aop-6.1.12.jar;C:\Users\gvill\.m2\repository\org\springframework\security\spring-security-config\6.3.3\spring-security-config-6.3.3.jar;C:\Users\gvill\.m2\repository\org\springframework\security\spring-security-web\6.3.3\spring-security-web-6.3.3.jar;C:\Users\gvill\.m2\repository\org\springframework\boot\spring-boot-starter-validation\3.3.3\spring-boot-starter-validation-3.3.3.jar;C:\Users\gvill\.m2\repository\org\apache\tomcat\embed\tomcat-embed-el\10.1.28\tomcat-embed-el-10.1.28.jar;C:\Users\gvill\.m2\repository\org\hibernate\validator\hibernate-validator\8.0.1.Final\hibernate-validator-8.0.1.Final.jar;C:\Users\gvill\.m2\repository\jakarta\validation\jakarta.validation-api\3.0.2\jakarta.validation-api-3.0.2.jar;C:\Users\gvill\.m2\repository\org\springframework\boot\spring-boot-starter-data-redis\3.3.3\spring-boot-starter-data-redis-3.3.3.jar;C:\Users\gvill\.m2\repository\io\lettuce\lettuce-core\6.3.2.RELEASE\lettuce-core-6.3.2.RELEASE.jar;C:\Users\gvill\.m2\repository\io\netty\netty-common\4.1.112.Final\netty-common-4.1.112.Final.jar;C:\Users\gvill\.m2\repository\io\netty\netty-handler\4.1.112.Final\netty-handler-4.1.112.Final.jar;C:\Users\gvill\.m2\repository\io\netty\netty-resolver\4.1.112.Final\netty-resolver-4.1.112.Final.jar;C:\Users\gvill\.m2\repository\io\netty\netty-buffer\4.1.112.Final\netty-buffer-4.1.112.Final.jar;C:\Users\gvill\.m2\repository\io\netty\netty-transport-native-unix-common\4.1.112.Final\netty-transport-native-unix-common-4.1.112.Final.jar;C:\Users\gvill\.m2\repository\io\netty\netty-codec\4.1.112.Final\netty-codec-4.1.112.Final.jar;C:\Users\gvill\.m2\repository\io\netty\netty-transport\4.1.112.Final\netty-transport-4.1.112.Final.jar;C:\Users\gvill\.m2\repository\io\projectreactor\reactor-core\3.6.9\reactor-core-3.6.9.jar;C:\Users\gvill\.m2\repository\org\reactivestreams\reactive-streams\1.0.4\reactive-streams-1.0.4.jar;C:\Users\gvill\.m2\repository\org\springframework\data\spring-data-redis\3.3.3\spring-data-redis-3.3.3.jar;C:\Users\gvill\.m2\repository\org\springframework\data\spring-data-keyvalue\3.3.3\spring-data-keyvalue-3.3.3.jar;C:\Users\gvill\.m2\repository\org\springframework\spring-oxm\6.1.12\spring-oxm-6.1.12.jar;C:\Users\gvill\.m2\repository\org\springframework\boot\spring-boot-starter-actuator\3.3.3\spring-boot-starter-actuator-3.3.3.jar;C:\Users\gvill\.m2\repository\org\springframework\boot\spring-boot-actuator-autoconfigure\3.3.3\spring-boot-actuator-autoconfigure-3.3.3.jar;C:\Users\gvill\.m2\repository\org\springframework\boot\spring-boot-actuator\3.3.3\spring-boot-actuator-3.3.3.jar;C:\Users\gvill\.m2\repository\io\micrometer\micrometer-observation\1.13.3\micrometer-observation-1.13.3.jar;C:\Users\gvill\.m2\repository\io\micrometer\micrometer-commons\1.13.3\micrometer-commons-1.13.3.jar;C:\Users\gvill\.m2\repository\io\micrometer\micrometer-jakarta9\1.13.3\micrometer-jakarta9-1.13.3.jar;C:\Users\gvill\.m2\repository\org\springframework\boot\spring-boot-starter-mail\3.3.3\spring-boot-starter-mail-3.3.3.jar;C:\Users\gvill\.m2\repository\org\springframework\spring-context-support\6.1.12\spring-context-support-6.1.12.jar;C:\Users\gvill\.m2\repository\org\eclipse\angus\jakarta.mail\2.0.3\jakarta.mail-2.0.3.jar;C:\Users\gvill\.m2\repository\jakarta\activation\jakarta.activation-api\2.1.3\jakarta.activation-api-2.1.3.jar;C:\Users\gvill\.m2\repository\org\eclipse\angus\angus-activation\2.0.2\angus-activation-2.0.2.jar;C:\Users\gvill\.m2\repository\org\springframework\boot\spring-boot-starter-thymeleaf\3.3.3\spring-boot-starter-thymeleaf-3.3.3.jar;C:\Users\gvill\.m2\repository\org\thymeleaf\thymeleaf-spring6\3.1.2.RELEASE\thymeleaf-spring6-3.1.2.RELEASE.jar;C:\Users\gvill\.m2\repository\org\thymeleaf\thymeleaf\3.1.2.RELEASE\thymeleaf-3.1.2.RELEASE.jar;C:\Users\gvill\.m2\repository\org\attoparser\attoparser\2.0.7.RELEASE\attoparser-2.0.7.RELEASE.jar;C:\Users\gvill\.m2\repository\org\unbescape\unbescape\1.1.6.RELEASE\unbescape-1.1.6.RELEASE.jar;C:\Users\gvill\.m2\repository\com\mysql\mysql-connector-j\8.0.33\mysql-connector-j-8.0.33.jar;C:\Users\gvill\.m2\repository\org\flywaydb\flyway-core\10.10.0\flyway-core-10.10.0.jar;C:\Users\gvill\.m2\repository\com\fasterxml\jackson\dataformat\jackson-dataformat-toml\2.17.2\jackson-dataformat-toml-2.17.2.jar;C:\Users\gvill\.m2\repository\com\fasterxml\jackson\core\jackson-core\2.17.2\jackson-core-2.17.2.jar;C:\Users\gvill\.m2\repository\com\google\code\gson\gson\2.10.1\gson-2.10.1.jar;C:\Users\gvill\.m2\repository\org\flywaydb\flyway-mysql\10.10.0\flyway-mysql-10.10.0.jar;C:\Users\gvill\.m2\repository\io\jsonwebtoken\jjwt-api\0.11.5\jjwt-api-0.11.5.jar;C:\Users\gvill\.m2\repository\io\jsonwebtoken\jjwt-impl\0.11.5\jjwt-impl-0.11.5.jar;C:\Users\gvill\.m2\repository\io\jsonwebtoken\jjwt-jackson\0.11.5\jjwt-jackson-0.11.5.jar;C:\Users\gvill\.m2\repository\com\fasterxml\jackson\core\jackson-databind\2.17.2\jackson-databind-2.17.2.jar;C:\Users\gvill\.m2\repository\com\fasterxml\jackson\core\jackson-annotations\2.17.2\jackson-annotations-2.17.2.jar;C:\Users\gvill\.m2\repository\org\springdoc\springdoc-openapi-starter-webmvc-ui\2.5.0\springdoc-openapi-starter-webmvc-ui-2.5.0.jar;C:\Users\gvill\.m2\repository\org\springdoc\springdoc-openapi-starter-webmvc-api\2.5.0\springdoc-openapi-starter-webmvc-api-2.5.0.jar;C:\Users\gvill\.m2\repository\org\springdoc\springdoc-openapi-starter-common\2.5.0\springdoc-openapi-starter-common-2.5.0.jar;C:\Users\gvill\.m2\repository\io\swagger\core\v3\swagger-core-jakarta\2.2.21\swagger-core-jakarta-2.2.21.jar;C:\Users\gvill\.m2\repository\io\swagger\core\v3\swagger-annotations-jakarta\2.2.21\swagger-annotations-jakarta-2.2.21.jar;C:\Users\gvill\.m2\repository\io\swagger\core\v3\swagger-models-jakarta\2.2.21\swagger-models-jakarta-2.2.21.jar;C:\Users\gvill\.m2\repository\com\fasterxml\jackson\dataformat\jackson-dataformat-yaml\2.17.2\jackson-dataformat-yaml-2.17.2.jar;C:\Users\gvill\.m2\repository\org\webjars\swagger-ui\5.13.0\swagger-ui-5.13.0.jar;C:\Users\gvill\.m2\repository\org\mapstruct\mapstruct\1.5.5.Final\mapstruct-1.5.5.Final.jar;C:\Users\gvill\.m2\repository\org\projectlombok\lombok\1.18.34\lombok-1.18.34.jar;C:\Users\gvill\.m2\repository\io\micrometer\micrometer-registry-prometheus\1.13.3\micrometer-registry-prometheus-1.13.3.jar;C:\Users\gvill\.m2\repository\io\micrometer\micrometer-core\1.13.3\micrometer-core-1.13.3.jar;C:\Users\gvill\.m2\repository\org\hdrhistogram\HdrHistogram\2.2.2\HdrHistogram-2.2.2.jar;C:\Users\gvill\.m2\repository\org\latencyutils\LatencyUtils\2.0.3\LatencyUtils-2.0.3.jar;C:\Users\gvill\.m2\repository\io\prometheus\prometheus-metrics-core\1.2.1\prometheus-metrics-core-1.2.1.jar;C:\Users\gvill\.m2\repository\io\prometheus\prometheus-metrics-model\1.2.1\prometheus-metrics-model-1.2.1.jar;C:\Users\gvill\.m2\repository\io\prometheus\prometheus-metrics-config\1.2.1\prometheus-metrics-config-1.2.1.jar;C:\Users\gvill\.m2\repository\io\prometheus\prometheus-metrics-tracer-common\1.2.1\prometheus-metrics-tracer-common-1.2.1.jar;C:\Users\gvill\.m2\repository\io\prometheus\prometheus-metrics-exposition-formats\1.2.1\prometheus-metrics-exposition-formats-1.2.1.jar;C:\Users\gvill\.m2\repository\io\prometheus\prometheus-metrics-shaded-protobuf\1.2.1\prometheus-metrics-shaded-protobuf-1.2.1.jar;C:\Users\gvill\.m2\repository\com\cloudinary\cloudinary-http44\1.38.0\cloudinary-http44-1.38.0.jar;C:\Users\gvill\.m2\repository\com\cloudinary\cloudinary-core\1.38.0\cloudinary-core-1.38.0.jar;C:\Users\gvill\.m2\repository\org\apache\commons\commons-lang3\3.14.0\commons-lang3-3.14.0.jar;C:\Users\gvill\.m2\repository\org\apache\httpcomponents\httpclient\4.4\httpclient-4.4.jar;C:\Users\gvill\.m2\repository\org\apache\httpcomponents\httpcore\4.4.16\httpcore-4.4.16.jar;C:\Users\gvill\.m2\repository\commons-logging\commons-logging\1.2\commons-logging-1.2.jar;C:\Users\gvill\.m2\repository\commons-codec\commons-codec\1.16.1\commons-codec-1.16.1.jar;C:\Users\gvill\.m2\repository\org\apache\httpcomponents\httpmime\4.4\httpmime-4.4.jar;C:\Users\gvill\.m2\repository\commons-io\commons-io\2.16.1\commons-io-2.16.1.jar;C:\Users\gvill\.m2\repository\org\springframework\boot\spring-boot-starter-test\3.3.3\spring-boot-starter-test-3.3.3.jar;C:\Users\gvill\.m2\repository\org\springframework\boot\spring-boot-test\3.3.3\spring-boot-test-3.3.3.jar;C:\Users\gvill\.m2\repository\org\springframework\boot\spring-boot-test-autoconfigure\3.3.3\spring-boot-test-autoconfigure-3.3.3.jar;C:\Users\gvill\.m2\repository\com\jayway\jsonpath\json-path\2.9.0\json-path-2.9.0.jar;C:\Users\gvill\.m2\repository\jakarta\xml\bind\jakarta.xml.bind-api\4.0.2\jakarta.xml.bind-api-4.0.2.jar;C:\Users\gvill\.m2\repository\net\minidev\json-smart\2.5.1\json-smart-2.5.1.jar;C:\Users\gvill\.m2\repository\net\minidev\accessors-smart\2.5.1\accessors-smart-2.5.1.jar;C:\Users\gvill\.m2\repository\org\ow2\asm\asm\9.6\asm-9.6.jar;C:\Users\gvill\.m2\repository\org\assertj\assertj-core\3.25.3\assertj-core-3.25.3.jar;C:\Users\gvill\.m2\repository\org\awaitility\awaitility\4.2.2\awaitility-4.2.2.jar;C:\Users\gvill\.m2\repository\org\hamcrest\hamcrest\2.2\hamcrest-2.2.jar;C:\Users\gvill\.m2\repository\org\junit\jupiter\junit-jupiter\5.10.3\junit-jupiter-5.10.3.jar;C:\Users\gvill\.m2\repository\org\junit\jupiter\junit-jupiter-api\5.10.3\junit-jupiter-api-5.10.3.jar;C:\Users\gvill\.m2\repository\org\opentest4j\opentest4j\1.3.0\opentest4j-1.3.0.jar;C:\Users\gvill\.m2\repository\org\junit\platform\junit-platform-commons\1.10.3\junit-platform-commons-1.10.3.jar;C:\Users\gvill\.m2\repository\org\apiguardian\apiguardian-api\1.1.2\apiguardian-api-1.1.2.jar;C:\Users\gvill\.m2\repository\org\junit\jupiter\junit-jupiter-params\5.10.3\junit-jupiter-params-5.10.3.jar;C:\Users\gvill\.m2\repository\org\junit\jupiter\junit-jupiter-engine\5.10.3\junit-jupiter-engine-5.10.3.jar;C:\Users\gvill\.m2\repository\org\junit\platform\junit-platform-engine\1.10.3\junit-platform-engine-1.10.3.jar;C:\Users\gvill\.m2\repository\org\mockito\mockito-core\5.11.0\mockito-core-5.11.0.jar;C:\Users\gvill\.m2\repository\net\bytebuddy\byte-buddy-agent\1.14.19\byte-buddy-agent-1.14.19.jar;C:\Users\gvill\.m2\repository\org\objenesis\objenesis\3.3\objenesis-3.3.jar;C:\Users\gvill\.m2\repository\org\mockito\mockito-junit-jupiter\5.11.0\mockito-junit-jupiter-5.11.0.jar;C:\Users\gvill\.m2\repository\org\skyscreamer\jsonassert\1.5.3\jsonassert-1.5.3.jar;C:\Users\gvill\.m2\repository\com\vaadin\external\google\android-json\0.0.20131108.vaadin1\android-json-0.0.20131108.vaadin1.jar;C:\Users\gvill\.m2\repository\org\springframework\spring-core\6.1.12\spring-core-6.1.12.jar;C:\Users\gvill\.m2\repository\org\springframework\spring-jcl\6.1.12\spring-jcl-6.1.12.jar;C:\Users\gvill\.m2\repository\org\springframework\spring-test\6.1.12\spring-test-6.1.12.jar;C:\Users\gvill\.m2\repository\org\xmlunit\xmlunit-core\2.9.1\xmlunit-core-2.9.1.jar;C:\Users\gvill\.m2\repository\org\springframework\security\spring-security-test\6.3.3\spring-security-test-6.3.3.jar;C:\Users\gvill\.m2\repository\org\springframework\security\spring-security-core\6.3.3\spring-security-core-6.3.3.jar;C:\Users\gvill\.m2\repository\org\springframework\security\spring-security-crypto\6.3.3\spring-security-crypto-6.3.3.jar;C:\Users\gvill\.m2\repository\org\testcontainers\junit-jupiter\1.19.8\junit-jupiter-1.19.8.jar;C:\Users\gvill\.m2\repository\org\testcontainers\testcontainers\1.19.8\testcontainers-1.19.8.jar;C:\Users\gvill\.m2\repository\junit\junit\4.13.2\junit-4.13.2.jar;C:\Users\gvill\.m2\repository\org\hamcrest\hamcrest-core\2.2\hamcrest-core-2.2.jar;C:\Users\gvill\.m2\repository\org\apache\commons\commons-compress\1.24.0\commons-compress-1.24.0.jar;C:\Users\gvill\.m2\repository\org\rnorth\duct-tape\duct-tape\1.0.8\duct-tape-1.0.8.jar;C:\Users\gvill\.m2\repository\org\jetbrains\annotations\17.0.0\annotations-17.0.0.jar;C:\Users\gvill\.m2\repository\com\github\docker-java\docker-java-api\3.3.6\docker-java-api-3.3.6.jar;C:\Users\gvill\.m2\repository\com\github\docker-java\docker-java-transport-zerodep\3.3.6\docker-java-transport-zerodep-3.3.6.jar;C:\Users\gvill\.m2\repository\com\github\docker-java\docker-java-transport\3.3.6\docker-java-transport-3.3.6.jar;C:\Users\gvill\.m2\repository\net\java\dev\jna\jna\5.13.0\jna-5.13.0.jar;C:\Users\gvill\.m2\repository\org\testcontainers\mysql\1.19.8\mysql-1.19.8.jar;C:\Users\gvill\.m2\repository\org\testcontainers\jdbc\1.19.8\jdbc-1.19.8.jar;C:\Users\gvill\.m2\repository\org\testcontainers\database-commons\1.19.8\database-commons-1.19.8.jar;C:\Users\gvill\.m2\repository\com\h2database\h2\2.2.224\h2-2.2.224.jar;C:\Users\gvill\.m2\repository\com\tngtech\archunit\archunit-junit5\1.3.0\archunit-junit5-1.3.0.jar;C:\Users\gvill\.m2\repository\com\tngtech\archunit\archunit-junit5-api\1.3.0\archunit-junit5-api-1.3.0.jar;C:\Users\gvill\.m2\repository\com\tngtech\archunit\archunit\1.3.0\archunit-1.3.0.jar;C:\Users\gvill\.m2\repository\com\tngtech\archunit\archunit-junit5-engine\1.3.0\archunit-junit5-engine-1.3.0.jar;C:\Users\gvill\.m2\repository\com\tngtech\archunit\archunit-junit5-engine-api\1.3.0\archunit-junit5-engine-api-1.3.0.jar;"/>
    <property name="sun.cpu.endian" value="little"/>
    <property name="user.home" value="C:\Users\gvill"/>
    <property name="user.language" value="en"/>
    <property name="java.specification.vendor" value="Oracle Corporation"/>
    <property name="java.version.date" value="2025-04-15"/>
    <property name="java.home" value="C:\Users\gvill\.jdks\corretto-21.0.7"/>
    <property name="file.separator" value="\"/>
    <property name="basedir" value="C:\Projects\backForEduArqHexa"/>
    <property name="java.vm.compressedOopsMode" value="Zero based"/>
    <property name="line.separator" value="&#10;"/>
    <property name="java.vm.specification.vendor" value="Oracle Corporation"/>
    <property name="java.specification.name" value="Java Platform API Specification"/>
    <property name="FILE_LOG_CHARSET" value="UTF-8"/>
    <property name="java.awt.headless" value="true"/>
    <property name="surefire.real.class.path" value="C:\Users\gvill\AppData\Local\Temp\surefire16466118977430555821\surefirebooter-20250803175703241_3.jar"/>
    <property name="user.script" value=""/>
    <property name="sun.management.compiler" value="HotSpot 64-Bit Tiered Compilers"/>
    <property name="java.runtime.version" value="21.0.7+6-LTS"/>
    <property name="user.name" value="gvill"/>
    <property name="stdout.encoding" value="Cp1252"/>
    <property name="path.separator" value=";"/>
    <property name="os.version" value="10.0"/>
    <property name="java.runtime.name" value="OpenJDK Runtime Environment"/>
    <property name="file.encoding" value="UTF-8"/>
    <property name="java.vm.name" value="OpenJDK 64-Bit Server VM"/>
    <property name="java.vendor.version" value="Corretto-21.0.7.6.1"/>
    <property name="localRepository" value="C:\Users\gvill\.m2\repository"/>
    <property name="java.vendor.url.bug" value="https://github.com/corretto/corretto-21/issues/"/>
    <property name="java.io.tmpdir" value="C:\Users\gvill\AppData\Local\Temp\"/>
    <property name="idea.version" value="2025.1.4.1"/>
    <property name="catalina.home" value="C:\Users\gvill\AppData\Local\Temp\tomcat.0.6745875672720562199"/>
    <property name="com.zaxxer.hikari.pool_number" value="1"/>
    <property name="java.version" value="21.0.7"/>
    <property name="user.dir" value="C:\Projects\backForEduArqHexa"/>
    <property name="os.arch" value="amd64"/>
    <property name="java.vm.specification.name" value="Java Virtual Machine Specification"/>
    <property name="PID" value="17180"/>
    <property name="sun.os.patch.level" value=""/>
    <property name="CONSOLE_LOG_CHARSET" value="UTF-8"/>
    <property name="catalina.base" value="C:\Users\gvill\AppData\Local\Temp\tomcat.0.6745875672720562199"/>
    <property name="native.encoding" value="Cp1252"/>
    <property name="java.library.path" value="C:\Users\gvill\.jdks\corretto-21.0.7\bin;C:\WINDOWS\Sun\Java\bin;C:\WINDOWS\system32;C:\WINDOWS;C:\Program Files\Eclipse Adoptium\jdk-21.0.8.9-hotspot\bin;C:\WINDOWS\system32;C:\WINDOWS;C:\WINDOWS\System32\Wbem;C:\WINDOWS\System32\WindowsPowerShell\v1.0\;C:\WINDOWS\System32\OpenSSH\;C:\Program Files\Git\cmd;C:\Program Files\Docker\Docker\resources\bin;C:\Program Files\nodejs\;C:\Users\gvill\AppData\Local\Microsoft\WindowsApps;C:\Program Files\JetBrains\IntelliJ IDEA 2024.3.2.2\bin;C:\Users\gvill\AppData\Local\Programs\Microsoft VS Code\bin;c:\Users\gvill\AppData\Roaming\Code\User\globalStorage\ms-vscode-remote.remote-containers\cli-bin;C:\Users\gvill\AppData\Local\Microsoft\WindowsApps;C:\Users\gvill\AppData\Roaming\npm;C:\Users\gvill\AppData\Local\Google\Cloud SDK\google-cloud-sdk\bin;C:\Users\gvill\AppData\Local\Programs\cursor\resources\app\bin;."/>
    <property name="java.vm.info" value="mixed mode, sharing"/>
    <property name="stderr.encoding" value="Cp1252"/>
    <property name="java.vendor" value="Amazon.com Inc."/>
    <property name="java.vm.version" value="21.0.7+6-LTS"/>
    <property name="sun.io.unicode.encoding" value="UnicodeLittle"/>
    <property name="java.class.version" value="65.0"/>
    <property name="LOGGED_APPLICATION_NAME" value="[sistema-academico-enterprise] "/>
  </properties>
  <testcase name="layer_dependencies_are_respected" classname="HexagonalArchitectureTest" time="2.005">
    <failure message="Architecture Violation [Priority: MEDIUM] - Rule &apos;Layered architecture considering all dependencies, consisting of&#10;layer &apos;Domain&apos; (&apos;com.academia.domain..&apos;)&#10;layer &apos;Application&apos; (&apos;com.academia.application..&apos;)&#10;layer &apos;Infrastructure&apos; (&apos;com.academia.infrastructure..&apos;)&#10;where layer &apos;Application&apos; may only access layers [&apos;Domain&apos;]&#10;where layer &apos;Domain&apos; may not access any layer&#10;where layer &apos;Infrastructure&apos; may only access layers [&apos;Application&apos;, &apos;Domain&apos;]&apos; was violated (1085 times):&#10;Class &lt;com.academia.application.exceptions.ResourceNotFoundException&gt; extends class &lt;java.lang.RuntimeException&gt; in (ResourceNotFoundException.java:0)&#10;Class &lt;com.academia.application.mappers.StudentDTOMapper&gt; has annotation member of type &lt;java.lang.IllegalArgumentException&gt; in (StudentDTOMapper.java:0)&#10;Class &lt;com.academia.application.mappers.StudentDTOMapper&gt; has annotation member of type &lt;org.mapstruct.Builder&gt; in (StudentDTOMapper.java:0)&#10;Class &lt;com.academia.application.mappers.StudentDTOMapper&gt; has annotation member of type &lt;org.mapstruct.CollectionMappingStrategy&gt; in (StudentDTOMapper.java:0)&#10;Class &lt;com.academia.application.mappers.StudentDTOMapper&gt; has annotation member of type &lt;org.mapstruct.InjectionStrategy&gt; in (StudentDTOMapper.java:0)&#10;Class &lt;com.academia.application.mappers.StudentDTOMapper&gt; has annotation member of type &lt;org.mapstruct.MappingInheritanceStrategy&gt; in (StudentDTOMapper.java:0)&#10;Class &lt;com.academia.application.mappers.StudentDTOMapper&gt; has annotation member of type &lt;org.mapstruct.NullValueCheckStrategy&gt; in (StudentDTOMapper.java:0)&#10;Class &lt;com.academia.application.mappers.StudentDTOMapper&gt; has annotation member of type &lt;org.mapstruct.NullValueMappingStrategy&gt; in (StudentDTOMapper.java:0)&#10;Class &lt;com.academia.application.mappers.StudentDTOMapper&gt; has annotation member of type &lt;org.mapstruct.NullValuePropertyMappingStrategy&gt; in (StudentDTOMapper.java:0)&#10;Class &lt;com.academia.application.mappers.StudentDTOMapper&gt; has annotation member of type &lt;org.mapstruct.ReportingPolicy&gt; in (StudentDTOMapper.java:0)&#10;Class &lt;com.academia.application.mappers.StudentDTOMapper&gt; has annotation member of type &lt;org.mapstruct.SubclassExhaustiveStrategy&gt; in (StudentDTOMapper.java:0)&#10;Class &lt;com.academia.application.mappers.StudentDTOMapper&gt; has annotation member of type &lt;org.mapstruct.control.MappingControl&gt; in (StudentDTOMapper.java:0)&#10;Class &lt;com.academia.application.mappers.StudentDTOMapper&gt; is annotated with &lt;org.mapstruct.Mapper&gt; in (StudentDTOMapper.java:0)&#10;Class &lt;com.academia.application.mappers.StudentDTOMapperImpl&gt; extends class &lt;java.lang.Object&gt; in (StudentDTOMapperImpl.java:0)&#10;Class &lt;com.academia.application.mappers.StudentDTOMapperImpl&gt; is annotated with &lt;org.springframework.stereotype.Component&gt; in (StudentDTOMapperImpl.java:0)&#10;Class &lt;com.academia.application.services.EnrollStudentInCourseServiceImpl&gt; extends class &lt;java.lang.Object&gt; in (EnrollStudentInCourseServiceImpl.java:0)&#10;Class &lt;com.academia.application.services.EnrollStudentInCourseServiceImpl&gt; is annotated with &lt;org.springframework.stereotype.Service&gt; in (EnrollStudentInCourseServiceImpl.java:0)&#10;Class &lt;com.academia.application.services.FindStudentDetailsServiceImpl&gt; extends class &lt;java.lang.Object&gt; in (FindStudentDetailsServiceImpl.java:0)&#10;Class &lt;com.academia.application.services.FindStudentDetailsServiceImpl&gt; is annotated with &lt;org.springframework.stereotype.Service&gt; in (FindStudentDetailsServiceImpl.java:0)&#10;Class &lt;com.academia.application.services.RegisterNewStudentServiceImpl&gt; extends class &lt;java.lang.Object&gt; in (RegisterNewStudentServiceImpl.java:0)&#10;Class &lt;com.academia.application.services.RegisterNewStudentServiceImpl&gt; is annotated with &lt;org.springframework.stereotype.Service&gt; in (RegisterNewStudentServiceImpl.java:0)&#10;Class &lt;com.academia.domain.model.aggregates.Course&gt; extends class &lt;java.lang.Object&gt; in (Course.java:0)&#10;Class &lt;com.academia.domain.model.aggregates.Organization&gt; extends class &lt;java.lang.Object&gt; in (Organization.java:0)&#10;Class &lt;com.academia.domain.model.aggregates.UserAccount&gt; extends class &lt;java.lang.Object&gt; in (UserAccount.java:0)&#10;Class &lt;com.academia.domain.model.entities.AcademicTerm&gt; extends class &lt;java.lang.Object&gt; in (AcademicTerm.java:0)&#10;Class &lt;com.academia.domain.model.entities.Enrollment&gt; extends class &lt;java.lang.Object&gt; in (Enrollment.java:0)&#10;Class &lt;com.academia.domain.model.entities.Guardian&gt; extends class &lt;java.lang.Object&gt; in (Guardian.java:0)&#10;Class &lt;com.academia.domain.model.entities.Role&gt; extends class &lt;java.lang.Object&gt; in (Role.java:0)&#10;Class &lt;com.academia.domain.model.entities.Staff&gt; extends class &lt;java.lang.Object&gt; in (Staff.java:0)&#10;Class &lt;com.academia.domain.model.entities.Student&gt; extends class &lt;java.lang.Object&gt; in (Student.java:0)&#10;Class &lt;com.academia.domain.model.entities.Subject&gt; extends class &lt;java.lang.Object&gt; in (Subject.java:0)&#10;Class &lt;com.academia.domain.model.entities.User&gt; extends class &lt;java.lang.Object&gt; in (User.java:0)&#10;Class &lt;com.academia.domain.model.enums.AccountStatus&gt; extends class &lt;java.lang.Enum&gt; in (AccountStatus.java:0)&#10;Class &lt;com.academia.domain.model.enums.AttendanceStatus&gt; extends class &lt;java.lang.Enum&gt; in (AttendanceStatus.java:0)&#10;Class &lt;com.academia.domain.model.enums.EnrollmentStatus&gt; extends class &lt;java.lang.Enum&gt; in (EnrollmentStatus.java:0)&#10;Class &lt;com.academia.domain.model.enums.RoleScope&gt; extends class &lt;java.lang.Enum&gt; in (RoleScope.java:0)&#10;Class &lt;com.academia.domain.model.events.CourseEvents$StudentEnrolledInCourse&gt; extends class &lt;java.lang.Record&gt; in (CourseEvents.java:0)&#10;Class &lt;com.academia.domain.model.events.CourseEvents$TeacherAssignedToCourse&gt; extends class &lt;java.lang.Record&gt; in (CourseEvents.java:0)&#10;Class &lt;com.academia.domain.model.events.CourseEvents&gt; extends class &lt;java.lang.Object&gt; in (CourseEvents.java:0)&#10;Class &lt;com.academia.domain.model.events.UserAccountEvents$AccountActivated&gt; extends class &lt;java.lang.Record&gt; in (UserAccountEvents.java:0)&#10;Class &lt;com.academia.domain.model.events.UserAccountEvents$UserRegisteredEvent&gt; extends class &lt;java.lang.Record&gt; in (UserAccountEvents.java:0)&#10;Class &lt;com.academia.domain.model.events.UserAccountEvents&gt; extends class &lt;java.lang.Object&gt; in (UserAccountEvents.java:0)&#10;Class &lt;com.academia.domain.model.events.UserEvents$AccountActivated&gt; extends class &lt;java.lang.Record&gt; in (UserEvents.java:0)&#10;Class &lt;com.academia.domain.model.events.UserEvents$UserRegisteredEvent&gt; extends class &lt;java.lang.Record&gt; in (UserEvents.java:0)&#10;Class &lt;com.academia.domain.model.events.UserEvents&gt; extends class &lt;java.lang.Object&gt; in (UserEvents.java:0)&#10;Class &lt;com.academia.domain.model.services.EnrollmentEligibilityChecker&gt; extends class &lt;java.lang.Object&gt; in (EnrollmentEligibilityChecker.java:0)&#10;Class &lt;com.academia.domain.model.valueobjects.GuardianRelationship&gt; extends class &lt;java.lang.Object&gt; in (GuardianRelationship.java:0)&#10;Class &lt;com.academia.domain.model.valueobjects.academic.CourseCode&gt; extends class &lt;java.lang.Object&gt; in (CourseCode.java:0)&#10;Class &lt;com.academia.domain.model.valueobjects.academic.Grade&gt; extends class &lt;java.lang.Object&gt; in (Grade.java:0)&#10;Class &lt;com.academia.domain.model.valueobjects.academic.TermDates&gt; extends class &lt;java.lang.Object&gt; in (TermDates.java:0)&#10;Class &lt;com.academia.domain.model.valueobjects.ids.AccountId&gt; extends class &lt;java.lang.Object&gt; in (AccountId.java:0)&#10;Class &lt;com.academia.domain.model.valueobjects.ids.CourseId&gt; extends class &lt;java.lang.Object&gt; in (CourseId.java:0)&#10;Class &lt;com.academia.domain.model.valueobjects.ids.OrganizationId&gt; extends class &lt;java.lang.Object&gt; in (OrganizationId.java:0)&#10;Class &lt;com.academia.domain.model.valueobjects.ids.SubjectId&gt; extends class &lt;java.lang.Object&gt; in (SubjectId.java:0)&#10;Class &lt;com.academia.domain.model.valueobjects.user.DNI&gt; extends class &lt;java.lang.Object&gt; in (DNI.java:0)&#10;Class &lt;com.academia.domain.model.valueobjects.user.Email&gt; extends class &lt;java.lang.Record&gt; in (Email.java:0)&#10;Class &lt;com.academia.domain.model.valueobjects.user.HashedPassword&gt; extends class &lt;java.lang.Object&gt; in (HashedPassword.java:0)&#10;Class &lt;com.academia.domain.model.valueobjects.user.Name&gt; extends class &lt;java.lang.Object&gt; in (Name.java:0)&#10;Class &lt;com.academia.domain.ports.in.commands.EnrollStudentInCourseCommand&gt; extends class &lt;java.lang.Record&gt; in (EnrollStudentInCourseCommand.java:0)&#10;Class &lt;com.academia.domain.ports.in.commands.RegisterNewStudentCommand&gt; extends class &lt;java.lang.Record&gt; in (RegisterNewStudentCommand.java:0)&#10;Class &lt;com.academia.domain.ports.in.dtos.EnrollmentResultDTO&gt; extends class &lt;java.lang.Record&gt; in (EnrollmentResultDTO.java:0)&#10;Class &lt;com.academia.domain.ports.in.dtos.StudentDetailsDTO$GuardianDTO&gt; extends class &lt;java.lang.Record&gt; in (StudentDetailsDTO.java:0)&#10;Class &lt;com.academia.domain.ports.in.dtos.StudentDetailsDTO&gt; extends class &lt;java.lang.Record&gt; in (StudentDetailsDTO.java:0)&#10;Class &lt;com.academia.domain.ports.in.queries.GetStudentDetailsQuery&gt; extends class &lt;java.lang.Record&gt; in (GetStudentDetailsQuery.java:0)&#10;Class &lt;com.academia.infrastructure.config.DomainServiceConfig&gt; extends class &lt;java.lang.Object&gt; in (DomainServiceConfig.java:0)&#10;Class &lt;com.academia.infrastructure.config.DomainServiceConfig&gt; is annotated with &lt;org.springframework.context.annotation.Configuration&gt; in (DomainServiceConfig.java:0)&#10;Class &lt;com.academia.infrastructure.config.OpenApiConfig&gt; extends class &lt;java.lang.Object&gt; in (OpenApiConfig.java:0)&#10;Class &lt;com.academia.infrastructure.config.OpenApiConfig&gt; is annotated with &lt;org.springframework.context.annotation.Configuration&gt; in (OpenApiConfig.java:0)&#10;Class &lt;com.academia.infrastructure.events.SpringDomainEventPublisher&gt; extends class &lt;java.lang.Object&gt; in (SpringDomainEventPublisher.java:0)&#10;Class &lt;com.academia.infrastructure.events.SpringDomainEventPublisher&gt; is annotated with &lt;org.springframework.stereotype.Component&gt; in (SpringDomainEventPublisher.java:0)&#10;Class &lt;com.academia.infrastructure.persistence.adapters.JpaCourseRepositoryAdapter&gt; extends class &lt;java.lang.Object&gt; in (JpaCourseRepositoryAdapter.java:0)&#10;Class &lt;com.academia.infrastructure.persistence.adapters.JpaCourseRepositoryAdapter&gt; is annotated with &lt;org.springframework.stereotype.Repository&gt; in (JpaCourseRepositoryAdapter.java:0)&#10;Class &lt;com.academia.infrastructure.persistence.adapters.JpaOrganizationRepositoryAdapter&gt; extends class &lt;java.lang.Object&gt; in (JpaOrganizationRepositoryAdapter.java:0)&#10;Class &lt;com.academia.infrastructure.persistence.adapters.JpaOrganizationRepositoryAdapter&gt; is annotated with &lt;org.springframework.stereotype.Repository&gt; in (JpaOrganizationRepositoryAdapter.java:0)&#10;Class &lt;com.academia.infrastructure.persistence.adapters.JpaStudentRepositoryAdapter&gt; extends class &lt;java.lang.Object&gt; in (JpaStudentRepositoryAdapter.java:0)&#10;Class &lt;com.academia.infrastructure.persistence.adapters.JpaStudentRepositoryAdapter&gt; is annotated with &lt;org.springframework.stereotype.Repository&gt; in (JpaStudentRepositoryAdapter.java:0)&#10;Class &lt;com.academia.infrastructure.persistence.adapters.JpaUserAccountRepositoryAdapter&gt; extends class &lt;java.lang.Object&gt; in (JpaUserAccountRepositoryAdapter.java:0)&#10;Class &lt;com.academia.infrastructure.persistence.adapters.JpaUserAccountRepositoryAdapter&gt; is annotated with &lt;org.springframework.stereotype.Repository&gt; in (JpaUserAccountRepositoryAdapter.java:0)&#10;Class &lt;com.academia.infrastructure.persistence.jpa.entities.OrganizationJpaEntity&gt; extends class &lt;java.lang.Object&gt; in (OrganizationJpaEntity.java:0)&#10;Class &lt;com.academia.infrastructure.persistence.jpa.entities.OrganizationJpaEntity&gt; is annotated with &lt;jakarta.persistence.Entity&gt; in (OrganizationJpaEntity.java:0)&#10;Class &lt;com.academia.infrastructure.persistence.jpa.entities.OrganizationJpaEntity&gt; is annotated with &lt;jakarta.persistence.Table&gt; in (OrganizationJpaEntity.java:0)&#10;Class &lt;com.academia.infrastructure.persistence.jpa.entities.StudentProfileJpaEntity&gt; extends class &lt;java.lang.Object&gt; in (StudentProfileJpaEntity.java:0)&#10;Class &lt;com.academia.infrastructure.persistence.jpa.entities.StudentProfileJpaEntity&gt; is annotated with &lt;jakarta.persistence.Entity&gt; in (StudentProfileJpaEntity.java:0)&#10;Class &lt;com.academia.infrastructure.persistence.jpa.entities.StudentProfileJpaEntity&gt; is annotated with &lt;jakarta.persistence.Table&gt; in (StudentProfileJpaEntity.java:0)&#10;Class &lt;com.academia.infrastructure.persistence.jpa.entities.UserJpaEntity&gt; extends class &lt;java.lang.Object&gt; in (UserJpaEntity.java:0)&#10;Class &lt;com.academia.infrastructure.persistence.jpa.entities.UserJpaEntity&gt; is annotated with &lt;jakarta.persistence.Entity&gt; in (UserJpaEntity.java:0)&#10;Class &lt;com.academia.infrastructure.persistence.jpa.entities.UserJpaEntity&gt; is annotated with &lt;jakarta.persistence.Table&gt; in (UserJpaEntity.java:0)&#10;Class &lt;com.academia.infrastructure.persistence.jpa.mappers.OrganizationMapper&gt; has annotation member of type &lt;java.lang.IllegalArgumentException&gt; in (OrganizationMapper.java:0)&#10;Class &lt;com.academia.infrastructure.persistence.jpa.mappers.OrganizationMapper&gt; has annotation member of type &lt;org.mapstruct.Builder&gt; in (OrganizationMapper.java:0)&#10;Class &lt;com.academia.infrastructure.persistence.jpa.mappers.OrganizationMapper&gt; has annotation member of type &lt;org.mapstruct.CollectionMappingStrategy&gt; in (OrganizationMapper.java:0)&#10;Class &lt;com.academia.infrastructure.persistence.jpa.mappers.OrganizationMapper&gt; has annotation member of type &lt;org.mapstruct.InjectionStrategy&gt; in (OrganizationMapper.java:0)&#10;Class &lt;com.academia.infrastructure.persistence.jpa.mappers.OrganizationMapper&gt; has annotation member of type &lt;org.mapstruct.MappingInheritanceStrategy&gt; in (OrganizationMapper.java:0)&#10;Class &lt;com.academia.infrastructure.persistence.jpa.mappers.OrganizationMapper&gt; has annotation member of type &lt;org.mapstruct.NullValueCheckStrategy&gt; in (OrganizationMapper.java:0)&#10;Class &lt;com.academia.infrastructure.persistence.jpa.mappers.OrganizationMapper&gt; has annotation member of type &lt;org.mapstruct.NullValueMappingStrategy&gt; in (OrganizationMapper.java:0)&#10;Class &lt;com.academia.infrastructure.persistence.jpa.mappers.OrganizationMapper&gt; has annotation member of type &lt;org.mapstruct.NullValuePropertyMappingStrategy&gt; in (OrganizationMapper.java:0)&#10;Class &lt;com.academia.infrastructure.persistence.jpa.mappers.OrganizationMapper&gt; has annotation member of type &lt;org.mapstruct.ReportingPolicy&gt; in (OrganizationMapper.java:0)&#10;Class &lt;com.academia.infrastructure.persistence.jpa.mappers.OrganizationMapper&gt; has annotation member of type &lt;org.mapstruct.SubclassExhaustiveStrategy&gt; in (OrganizationMapper.java:0)&#10;Class &lt;com.academia.infrastructure.persistence.jpa.mappers.OrganizationMapper&gt; has annotation member of type &lt;org.mapstruct.control.MappingControl&gt; in (OrganizationMapper.java:0)&#10;Class &lt;com.academia.infrastructure.persistence.jpa.mappers.OrganizationMapper&gt; is annotated with &lt;org.mapstruct.Mapper&gt; in (OrganizationMapper.java:0)&#10;Class &lt;com.academia.infrastructure.persistence.jpa.mappers.OrganizationMapperImpl&gt; extends class &lt;java.lang.Object&gt; in (OrganizationMapperImpl.java:0)&#10;Class &lt;com.academia.infrastructure.persistence.jpa.mappers.OrganizationMapperImpl&gt; is annotated with &lt;org.springframework.stereotype.Component&gt; in (OrganizationMapperImpl.java:0)&#10;Class &lt;com.academia.infrastructure.persistence.jpa.mappers.StudentMapper&gt; has annotation member of type &lt;java.lang.IllegalArgumentException&gt; in (StudentMapper.java:0)&#10;Class &lt;com.academia.infrastructure.persistence.jpa.mappers.StudentMapper&gt; has annotation member of type &lt;org.mapstruct.Builder&gt; in (StudentMapper.java:0)&#10;Class &lt;com.academia.infrastructure.persistence.jpa.mappers.StudentMapper&gt; has annotation member of type &lt;org.mapstruct.CollectionMappingStrategy&gt; in (StudentMapper.java:0)&#10;Class &lt;com.academia.infrastructure.persistence.jpa.mappers.StudentMapper&gt; has annotation member of type &lt;org.mapstruct.InjectionStrategy&gt; in (StudentMapper.java:0)&#10;Class &lt;com.academia.infrastructure.persistence.jpa.mappers.StudentMapper&gt; has annotation member of type &lt;org.mapstruct.MappingInheritanceStrategy&gt; in (StudentMapper.java:0)&#10;Class &lt;com.academia.infrastructure.persistence.jpa.mappers.StudentMapper&gt; has annotation member of type &lt;org.mapstruct.NullValueCheckStrategy&gt; in (StudentMapper.java:0)&#10;Class &lt;com.academia.infrastructure.persistence.jpa.mappers.StudentMapper&gt; has annotation member of type &lt;org.mapstruct.NullValueMappingStrategy&gt; in (StudentMapper.java:0)&#10;Class &lt;com.academia.infrastructure.persistence.jpa.mappers.StudentMapper&gt; has annotation member of type &lt;org.mapstruct.NullValuePropertyMappingStrategy&gt; in (StudentMapper.java:0)&#10;Class &lt;com.academia.infrastructure.persistence.jpa.mappers.StudentMapper&gt; has annotation member of type &lt;org.mapstruct.ReportingPolicy&gt; in (StudentMapper.java:0)&#10;Class &lt;com.academia.infrastructure.persistence.jpa.mappers.StudentMapper&gt; has annotation member of type &lt;org.mapstruct.SubclassExhaustiveStrategy&gt; in (StudentMapper.java:0)&#10;Class &lt;com.academia.infrastructure.persistence.jpa.mappers.StudentMapper&gt; has annotation member of type &lt;org.mapstruct.control.MappingControl&gt; in (StudentMapper.java:0)&#10;Class &lt;com.academia.infrastructure.persistence.jpa.mappers.StudentMapper&gt; is annotated with &lt;org.mapstruct.Mapper&gt; in (StudentMapper.java:0)&#10;Class &lt;com.academia.infrastructure.persistence.jpa.mappers.StudentMapperImpl&gt; extends class &lt;java.lang.Object&gt; in (StudentMapperImpl.java:0)&#10;Class &lt;com.academia.infrastructure.persistence.jpa.mappers.StudentMapperImpl&gt; is annotated with &lt;org.springframework.stereotype.Component&gt; in (StudentMapperImpl.java:0)&#10;Class &lt;com.academia.infrastructure.persistence.jpa.mappers.UserAccountMapper&gt; has annotation member of type &lt;java.lang.IllegalArgumentException&gt; in (UserAccountMapper.java:0)&#10;Class &lt;com.academia.infrastructure.persistence.jpa.mappers.UserAccountMapper&gt; has annotation member of type &lt;org.mapstruct.Builder&gt; in (UserAccountMapper.java:0)&#10;Class &lt;com.academia.infrastructure.persistence.jpa.mappers.UserAccountMapper&gt; has annotation member of type &lt;org.mapstruct.CollectionMappingStrategy&gt; in (UserAccountMapper.java:0)&#10;Class &lt;com.academia.infrastructure.persistence.jpa.mappers.UserAccountMapper&gt; has annotation member of type &lt;org.mapstruct.InjectionStrategy&gt; in (UserAccountMapper.java:0)&#10;Class &lt;com.academia.infrastructure.persistence.jpa.mappers.UserAccountMapper&gt; has annotation member of type &lt;org.mapstruct.MappingInheritanceStrategy&gt; in (UserAccountMapper.java:0)&#10;Class &lt;com.academia.infrastructure.persistence.jpa.mappers.UserAccountMapper&gt; has annotation member of type &lt;org.mapstruct.NullValueCheckStrategy&gt; in (UserAccountMapper.java:0)&#10;Class &lt;com.academia.infrastructure.persistence.jpa.mappers.UserAccountMapper&gt; has annotation member of type &lt;org.mapstruct.NullValueMappingStrategy&gt; in (UserAccountMapper.java:0)&#10;Class &lt;com.academia.infrastructure.persistence.jpa.mappers.UserAccountMapper&gt; has annotation member of type &lt;org.mapstruct.NullValuePropertyMappingStrategy&gt; in (UserAccountMapper.java:0)&#10;Class &lt;com.academia.infrastructure.persistence.jpa.mappers.UserAccountMapper&gt; has annotation member of type &lt;org.mapstruct.ReportingPolicy&gt; in (UserAccountMapper.java:0)&#10;Class &lt;com.academia.infrastructure.persistence.jpa.mappers.UserAccountMapper&gt; has annotation member of type &lt;org.mapstruct.SubclassExhaustiveStrategy&gt; in (UserAccountMapper.java:0)&#10;Class &lt;com.academia.infrastructure.persistence.jpa.mappers.UserAccountMapper&gt; has annotation member of type &lt;org.mapstruct.control.MappingControl&gt; in (UserAccountMapper.java:0)&#10;Class &lt;com.academia.infrastructure.persistence.jpa.mappers.UserAccountMapper&gt; is annotated with &lt;org.mapstruct.Mapper&gt; in (UserAccountMapper.java:0)&#10;Class &lt;com.academia.infrastructure.persistence.jpa.mappers.UserAccountMapperImpl&gt; extends class &lt;java.lang.Object&gt; in (UserAccountMapperImpl.java:0)&#10;Class &lt;com.academia.infrastructure.persistence.jpa.mappers.UserAccountMapperImpl&gt; is annotated with &lt;org.springframework.stereotype.Component&gt; in (UserAccountMapperImpl.java:0)&#10;Class &lt;com.academia.infrastructure.persistence.jpa.repositories.SpringOrganizationRepository&gt; has generic interface &lt;org.springframework.data.jpa.repository.JpaRepository&lt;com.academia.infrastructure.persistence.jpa.entities.OrganizationJpaEntity, java.lang.Long&gt;&gt; with type argument depending on &lt;java.lang.Long&gt; in (SpringOrganizationRepository.java:0)&#10;Class &lt;com.academia.infrastructure.persistence.jpa.repositories.SpringStudentProfileRepository&gt; has generic interface &lt;org.springframework.data.jpa.repository.JpaRepository&lt;com.academia.infrastructure.persistence.jpa.entities.StudentProfileJpaEntity, java.lang.Long&gt;&gt; with type argument depending on &lt;java.lang.Long&gt; in (SpringStudentProfileRepository.java:0)&#10;Class &lt;com.academia.infrastructure.persistence.jpa.repositories.SpringUserRepository&gt; has generic interface &lt;org.springframework.data.jpa.repository.JpaRepository&lt;com.academia.infrastructure.persistence.jpa.entities.UserJpaEntity, java.lang.Long&gt;&gt; with type argument depending on &lt;java.lang.Long&gt; in (SpringUserRepository.java:0)&#10;Class &lt;com.academia.infrastructure.web.controllers.CourseController&gt; extends class &lt;java.lang.Object&gt; in (CourseController.java:0)&#10;Class &lt;com.academia.infrastructure.web.controllers.CourseController&gt; is annotated with &lt;org.springframework.web.bind.annotation.RequestMapping&gt; in (CourseController.java:0)&#10;Class &lt;com.academia.infrastructure.web.controllers.CourseController&gt; is annotated with &lt;org.springframework.web.bind.annotation.RestController&gt; in (CourseController.java:0)&#10;Class &lt;com.academia.infrastructure.web.controllers.StudentController&gt; extends class &lt;java.lang.Object&gt; in (StudentController.java:0)&#10;Class &lt;com.academia.infrastructure.web.controllers.StudentController&gt; is annotated with &lt;org.springframework.web.bind.annotation.RequestMapping&gt; in (StudentController.java:0)&#10;Class &lt;com.academia.infrastructure.web.controllers.StudentController&gt; is annotated with &lt;org.springframework.web.bind.annotation.RestController&gt; in (StudentController.java:0)&#10;Class &lt;com.academia.infrastructure.web.mappers.EnrollStudentRequestMapper&gt; has annotation member of type &lt;java.lang.IllegalArgumentException&gt; in (EnrollStudentRequestMapper.java:0)&#10;Class &lt;com.academia.infrastructure.web.mappers.EnrollStudentRequestMapper&gt; has annotation member of type &lt;org.mapstruct.Builder&gt; in (EnrollStudentRequestMapper.java:0)&#10;Class &lt;com.academia.infrastructure.web.mappers.EnrollStudentRequestMapper&gt; has annotation member of type &lt;org.mapstruct.CollectionMappingStrategy&gt; in (EnrollStudentRequestMapper.java:0)&#10;Class &lt;com.academia.infrastructure.web.mappers.EnrollStudentRequestMapper&gt; has annotation member of type &lt;org.mapstruct.InjectionStrategy&gt; in (EnrollStudentRequestMapper.java:0)&#10;Class &lt;com.academia.infrastructure.web.mappers.EnrollStudentRequestMapper&gt; has annotation member of type &lt;org.mapstruct.MappingInheritanceStrategy&gt; in (EnrollStudentRequestMapper.java:0)&#10;Class &lt;com.academia.infrastructure.web.mappers.EnrollStudentRequestMapper&gt; has annotation member of type &lt;org.mapstruct.NullValueCheckStrategy&gt; in (EnrollStudentRequestMapper.java:0)&#10;Class &lt;com.academia.infrastructure.web.mappers.EnrollStudentRequestMapper&gt; has annotation member of type &lt;org.mapstruct.NullValueMappingStrategy&gt; in (EnrollStudentRequestMapper.java:0)&#10;Class &lt;com.academia.infrastructure.web.mappers.EnrollStudentRequestMapper&gt; has annotation member of type &lt;org.mapstruct.NullValuePropertyMappingStrategy&gt; in (EnrollStudentRequestMapper.java:0)&#10;Class &lt;com.academia.infrastructure.web.mappers.EnrollStudentRequestMapper&gt; has annotation member of type &lt;org.mapstruct.ReportingPolicy&gt; in (EnrollStudentRequestMapper.java:0)&#10;Class &lt;com.academia.infrastructure.web.mappers.EnrollStudentRequestMapper&gt; has annotation member of type &lt;org.mapstruct.SubclassExhaustiveStrategy&gt; in (EnrollStudentRequestMapper.java:0)&#10;Class &lt;com.academia.infrastructure.web.mappers.EnrollStudentRequestMapper&gt; has annotation member of type &lt;org.mapstruct.control.MappingControl&gt; in (EnrollStudentRequestMapper.java:0)&#10;Class &lt;com.academia.infrastructure.web.mappers.EnrollStudentRequestMapper&gt; is annotated with &lt;org.mapstruct.Mapper&gt; in (EnrollStudentRequestMapper.java:0)&#10;Class &lt;com.academia.infrastructure.web.mappers.EnrollStudentRequestMapperImpl&gt; extends class &lt;java.lang.Object&gt; in (EnrollStudentRequestMapperImpl.java:0)&#10;Class &lt;com.academia.infrastructure.web.mappers.EnrollStudentRequestMapperImpl&gt; is annotated with &lt;org.springframework.stereotype.Component&gt; in (EnrollStudentRequestMapperImpl.java:0)&#10;Class &lt;com.academia.infrastructure.web.mappers.RegisterStudentRequestMapper&gt; has annotation member of type &lt;java.lang.IllegalArgumentException&gt; in (RegisterStudentRequestMapper.java:0)&#10;Class &lt;com.academia.infrastructure.web.mappers.RegisterStudentRequestMapper&gt; has annotation member of type &lt;org.mapstruct.Builder&gt; in (RegisterStudentRequestMapper.java:0)&#10;Class &lt;com.academia.infrastructure.web.mappers.RegisterStudentRequestMapper&gt; has annotation member of type &lt;org.mapstruct.CollectionMappingStrategy&gt; in (RegisterStudentRequestMapper.java:0)&#10;Class &lt;com.academia.infrastructure.web.mappers.RegisterStudentRequestMapper&gt; has annotation member of type &lt;org.mapstruct.InjectionStrategy&gt; in (RegisterStudentRequestMapper.java:0)&#10;Class &lt;com.academia.infrastructure.web.mappers.RegisterStudentRequestMapper&gt; has annotation member of type &lt;org.mapstruct.MappingInheritanceStrategy&gt; in (RegisterStudentRequestMapper.java:0)&#10;Class &lt;com.academia.infrastructure.web.mappers.RegisterStudentRequestMapper&gt; has annotation member of type &lt;org.mapstruct.NullValueCheckStrategy&gt; in (RegisterStudentRequestMapper.java:0)&#10;Class &lt;com.academia.infrastructure.web.mappers.RegisterStudentRequestMapper&gt; has annotation member of type &lt;org.mapstruct.NullValueMappingStrategy&gt; in (RegisterStudentRequestMapper.java:0)&#10;Class &lt;com.academia.infrastructure.web.mappers.RegisterStudentRequestMapper&gt; has annotation member of type &lt;org.mapstruct.NullValuePropertyMappingStrategy&gt; in (RegisterStudentRequestMapper.java:0)&#10;Class &lt;com.academia.infrastructure.web.mappers.RegisterStudentRequestMapper&gt; has annotation member of type &lt;org.mapstruct.ReportingPolicy&gt; in (RegisterStudentRequestMapper.java:0)&#10;Class &lt;com.academia.infrastructure.web.mappers.RegisterStudentRequestMapper&gt; has annotation member of type &lt;org.mapstruct.SubclassExhaustiveStrategy&gt; in (RegisterStudentRequestMapper.java:0)&#10;Class &lt;com.academia.infrastructure.web.mappers.RegisterStudentRequestMapper&gt; has annotation member of type &lt;org.mapstruct.control.MappingControl&gt; in (RegisterStudentRequestMapper.java:0)&#10;Class &lt;com.academia.infrastructure.web.mappers.RegisterStudentRequestMapper&gt; is annotated with &lt;org.mapstruct.Mapper&gt; in (RegisterStudentRequestMapper.java:0)&#10;Class &lt;com.academia.infrastructure.web.mappers.RegisterStudentRequestMapperImpl&gt; extends class &lt;java.lang.Object&gt; in (RegisterStudentRequestMapperImpl.java:0)&#10;Class &lt;com.academia.infrastructure.web.mappers.RegisterStudentRequestMapperImpl&gt; is annotated with &lt;org.springframework.stereotype.Component&gt; in (RegisterStudentRequestMapperImpl.java:0)&#10;Class &lt;com.academia.infrastructure.web.requests.EnrollStudentInCourseRequest&gt; extends class &lt;java.lang.Record&gt; in (EnrollStudentInCourseRequest.java:0)&#10;Class &lt;com.academia.infrastructure.web.requests.RegisterStudentRequest&gt; extends class &lt;java.lang.Record&gt; in (RegisterStudentRequest.java:0)&#10;Constructor &lt;com.academia.application.exceptions.ResourceNotFoundException.&lt;init&gt;(java.lang.String)&gt; calls constructor &lt;java.lang.RuntimeException.&lt;init&gt;(java.lang.String)&gt; in (ResourceNotFoundException.java:9)&#10;Constructor &lt;com.academia.application.exceptions.ResourceNotFoundException.&lt;init&gt;(java.lang.String)&gt; has parameter of type &lt;java.lang.String&gt; in (ResourceNotFoundException.java:0)&#10;Constructor &lt;com.academia.application.mappers.StudentDTOMapperImpl.&lt;init&gt;()&gt; calls constructor &lt;java.lang.Object.&lt;init&gt;()&gt; in (StudentDTOMapperImpl.java:21)&#10;Constructor &lt;com.academia.application.services.EnrollStudentInCourseServiceImpl.&lt;init&gt;(com.academia.domain.ports.out.StudentRepository, com.academia.domain.ports.out.CourseRepository, com.academia.domain.ports.out.DomainEventPublisher, com.academia.domain.model.services.EnrollmentEligibilityChecker)&gt; calls constructor &lt;java.lang.Object.&lt;init&gt;()&gt; in (EnrollStudentInCourseServiceImpl.java:21)&#10;Constructor &lt;com.academia.application.services.EnrollStudentInCourseServiceImpl.&lt;init&gt;(com.academia.domain.ports.out.StudentRepository, com.academia.domain.ports.out.CourseRepository, com.academia.domain.ports.out.DomainEventPublisher, com.academia.domain.model.services.EnrollmentEligibilityChecker)&gt; is annotated with &lt;lombok.Generated&gt; in (EnrollStudentInCourseServiceImpl.java:0)&#10;Constructor &lt;com.academia.application.services.FindStudentDetailsServiceImpl.&lt;init&gt;(com.academia.domain.ports.out.UserAccountRepository, com.academia.domain.ports.out.StudentRepository, com.academia.application.mappers.StudentDTOMapper)&gt; calls constructor &lt;java.lang.Object.&lt;init&gt;()&gt; in (FindStudentDetailsServiceImpl.java:18)&#10;Constructor &lt;com.academia.application.services.FindStudentDetailsServiceImpl.&lt;init&gt;(com.academia.domain.ports.out.UserAccountRepository, com.academia.domain.ports.out.StudentRepository, com.academia.application.mappers.StudentDTOMapper)&gt; is annotated with &lt;lombok.Generated&gt; in (FindStudentDetailsServiceImpl.java:0)&#10;Constructor &lt;com.academia.application.services.RegisterNewStudentServiceImpl.&lt;init&gt;(com.academia.domain.ports.out.OrganizationRepository, com.academia.domain.ports.out.UserAccountRepository, com.academia.domain.ports.out.StudentRepository, com.academia.domain.ports.out.DomainEventPublisher, com.academia.application.mappers.StudentDTOMapper)&gt; calls constructor &lt;java.lang.Object.&lt;init&gt;()&gt; in (RegisterNewStudentServiceImpl.java:25)&#10;Constructor &lt;com.academia.application.services.RegisterNewStudentServiceImpl.&lt;init&gt;(com.academia.domain.ports.out.OrganizationRepository, com.academia.domain.ports.out.UserAccountRepository, com.academia.domain.ports.out.StudentRepository, com.academia.domain.ports.out.DomainEventPublisher, com.academia.application.mappers.StudentDTOMapper)&gt; is annotated with &lt;lombok.Generated&gt; in (RegisterNewStudentServiceImpl.java:0)&#10;Constructor &lt;com.academia.domain.model.aggregates.Course.&lt;init&gt;(com.academia.domain.model.valueobjects.ids.CourseId, com.academia.domain.model.entities.Subject, com.academia.domain.model.entities.AcademicTerm)&gt; calls constructor &lt;java.lang.Object.&lt;init&gt;()&gt; in (Course.java:28)&#10;Constructor &lt;com.academia.domain.model.aggregates.Course.&lt;init&gt;(com.academia.domain.model.valueobjects.ids.CourseId, com.academia.domain.model.entities.Subject, com.academia.domain.model.entities.AcademicTerm)&gt; calls constructor &lt;java.util.ArrayList.&lt;init&gt;()&gt; in (Course.java:26)&#10;Constructor &lt;com.academia.domain.model.aggregates.Course.&lt;init&gt;(com.academia.domain.model.valueobjects.ids.CourseId, com.academia.domain.model.entities.Subject, com.academia.domain.model.entities.AcademicTerm)&gt; calls constructor &lt;java.util.HashSet.&lt;init&gt;()&gt; in (Course.java:32)&#10;Constructor &lt;com.academia.domain.model.aggregates.Organization.&lt;init&gt;(com.academia.domain.model.valueobjects.ids.OrganizationId, java.lang.String, int)&gt; calls constructor &lt;java.lang.Object.&lt;init&gt;()&gt; in (Organization.java:18)&#10;Constructor &lt;com.academia.domain.model.aggregates.Organization.&lt;init&gt;(com.academia.domain.model.valueobjects.ids.OrganizationId, java.lang.String, int)&gt; calls constructor &lt;java.util.HashSet.&lt;init&gt;()&gt; in (Organization.java:23)&#10;Constructor &lt;com.academia.domain.model.aggregates.Organization.&lt;init&gt;(com.academia.domain.model.valueobjects.ids.OrganizationId, java.lang.String, int)&gt; has parameter of type &lt;java.lang.String&gt; in (Organization.java:0)&#10;Constructor &lt;com.academia.domain.model.aggregates.UserAccount.&lt;init&gt;(com.academia.domain.model.entities.User)&gt; calls constructor &lt;java.lang.Object.&lt;init&gt;()&gt; in (UserAccount.java:17)&#10;Constructor &lt;com.academia.domain.model.aggregates.UserAccount.&lt;init&gt;(com.academia.domain.model.entities.User)&gt; calls constructor &lt;java.util.ArrayList.&lt;init&gt;()&gt; in (UserAccount.java:15)&#10;Constructor &lt;com.academia.domain.model.entities.AcademicTerm.&lt;init&gt;(java.lang.Long, com.academia.domain.model.valueobjects.ids.OrganizationId, java.lang.String, java.time.LocalDate, java.time.LocalDate)&gt; calls constructor &lt;java.lang.Object.&lt;init&gt;()&gt; in (AcademicTerm.java:12)&#10;Constructor &lt;com.academia.domain.model.entities.AcademicTerm.&lt;init&gt;(java.lang.Long, com.academia.domain.model.valueobjects.ids.OrganizationId, java.lang.String, java.time.LocalDate, java.time.LocalDate)&gt; has parameter of type &lt;java.lang.Long&gt; in (AcademicTerm.java:0)&#10;Constructor &lt;com.academia.domain.model.entities.AcademicTerm.&lt;init&gt;(java.lang.Long, com.academia.domain.model.valueobjects.ids.OrganizationId, java.lang.String, java.time.LocalDate, java.time.LocalDate)&gt; has parameter of type &lt;java.lang.String&gt; in (AcademicTerm.java:0)&#10;Constructor &lt;com.academia.domain.model.entities.AcademicTerm.&lt;init&gt;(java.lang.Long, com.academia.domain.model.valueobjects.ids.OrganizationId, java.lang.String, java.time.LocalDate, java.time.LocalDate)&gt; has parameter of type &lt;java.time.LocalDate&gt; in (AcademicTerm.java:0)&#10;Constructor &lt;com.academia.domain.model.entities.Enrollment.&lt;init&gt;(java.lang.Long, com.academia.domain.model.valueobjects.ids.AccountId, com.academia.domain.model.valueobjects.ids.CourseId)&gt; calls constructor &lt;java.lang.Object.&lt;init&gt;()&gt; in (Enrollment.java:18)&#10;Constructor &lt;com.academia.domain.model.entities.Enrollment.&lt;init&gt;(java.lang.Long, com.academia.domain.model.valueobjects.ids.AccountId, com.academia.domain.model.valueobjects.ids.CourseId)&gt; calls method &lt;java.time.LocalDateTime.now()&gt; in (Enrollment.java:23)&#10;Constructor &lt;com.academia.domain.model.entities.Enrollment.&lt;init&gt;(java.lang.Long, com.academia.domain.model.valueobjects.ids.AccountId, com.academia.domain.model.valueobjects.ids.CourseId)&gt; has parameter of type &lt;java.lang.Long&gt; in (Enrollment.java:0)&#10;Constructor &lt;com.academia.domain.model.entities.Guardian.&lt;init&gt;(com.academia.domain.model.valueobjects.ids.AccountId)&gt; calls constructor &lt;java.lang.Object.&lt;init&gt;()&gt; in (Guardian.java:7)&#10;Constructor &lt;com.academia.domain.model.entities.Role.&lt;init&gt;(java.lang.Integer, java.lang.String, com.academia.domain.model.enums.RoleScope, java.util.Set)&gt; calls constructor &lt;java.lang.Object.&lt;init&gt;()&gt; in (Role.java:17)&#10;Constructor &lt;com.academia.domain.model.entities.Role.&lt;init&gt;(java.lang.Integer, java.lang.String, com.academia.domain.model.enums.RoleScope, java.util.Set)&gt; calls constructor &lt;java.util.HashSet.&lt;init&gt;(java.util.Collection)&gt; in (Role.java:21)&#10;Constructor &lt;com.academia.domain.model.entities.Role.&lt;init&gt;(java.lang.Integer, java.lang.String, com.academia.domain.model.enums.RoleScope, java.util.Set)&gt; has generic parameter type &lt;java.util.Set&lt;java.lang.String&gt;&gt; with type argument depending on &lt;java.lang.String&gt; in (Role.java:0)&#10;Constructor &lt;com.academia.domain.model.entities.Role.&lt;init&gt;(java.lang.Integer, java.lang.String, com.academia.domain.model.enums.RoleScope, java.util.Set)&gt; has generic parameter type &lt;java.util.Set&lt;java.lang.String&gt;&gt; with type argument depending on &lt;java.util.Set&gt; in (Role.java:0)&#10;Constructor &lt;com.academia.domain.model.entities.Role.&lt;init&gt;(java.lang.Integer, java.lang.String, com.academia.domain.model.enums.RoleScope, java.util.Set)&gt; has parameter of type &lt;java.lang.Integer&gt; in (Role.java:0)&#10;Constructor &lt;com.academia.domain.model.entities.Role.&lt;init&gt;(java.lang.Integer, java.lang.String, com.academia.domain.model.enums.RoleScope, java.util.Set)&gt; has parameter of type &lt;java.lang.String&gt; in (Role.java:0)&#10;Constructor &lt;com.academia.domain.model.entities.Role.&lt;init&gt;(java.lang.Integer, java.lang.String, com.academia.domain.model.enums.RoleScope, java.util.Set)&gt; has parameter of type &lt;java.util.Set&gt; in (Role.java:0)&#10;Constructor &lt;com.academia.domain.model.entities.Staff.&lt;init&gt;(com.academia.domain.model.valueobjects.ids.AccountId, java.lang.String)&gt; calls constructor &lt;java.lang.Object.&lt;init&gt;()&gt; in (Staff.java:8)&#10;Constructor &lt;com.academia.domain.model.entities.Staff.&lt;init&gt;(com.academia.domain.model.valueobjects.ids.AccountId, java.lang.String)&gt; has parameter of type &lt;java.lang.String&gt; in (Staff.java:0)&#10;Constructor &lt;com.academia.domain.model.entities.Student.&lt;init&gt;(com.academia.domain.model.valueobjects.ids.AccountId, com.academia.domain.model.valueobjects.ids.OrganizationId, java.lang.String, java.time.LocalDate)&gt; calls constructor &lt;java.lang.Object.&lt;init&gt;()&gt; in (Student.java:20)&#10;Constructor &lt;com.academia.domain.model.entities.Student.&lt;init&gt;(com.academia.domain.model.valueobjects.ids.AccountId, com.academia.domain.model.valueobjects.ids.OrganizationId, java.lang.String, java.time.LocalDate)&gt; calls constructor &lt;java.util.HashSet.&lt;init&gt;()&gt; in (Student.java:25)&#10;Constructor &lt;com.academia.domain.model.entities.Student.&lt;init&gt;(com.academia.domain.model.valueobjects.ids.AccountId, com.academia.domain.model.valueobjects.ids.OrganizationId, java.lang.String, java.time.LocalDate)&gt; has parameter of type &lt;java.lang.String&gt; in (Student.java:0)&#10;Constructor &lt;com.academia.domain.model.entities.Student.&lt;init&gt;(com.academia.domain.model.valueobjects.ids.AccountId, com.academia.domain.model.valueobjects.ids.OrganizationId, java.lang.String, java.time.LocalDate)&gt; has parameter of type &lt;java.time.LocalDate&gt; in (Student.java:0)&#10;Constructor &lt;com.academia.domain.model.entities.Subject.&lt;init&gt;(java.lang.Long, com.academia.domain.model.valueobjects.ids.OrganizationId, java.lang.String, java.lang.String)&gt; calls constructor &lt;java.lang.Object.&lt;init&gt;()&gt; in (Subject.java:10)&#10;Constructor &lt;com.academia.domain.model.entities.Subject.&lt;init&gt;(java.lang.Long, com.academia.domain.model.valueobjects.ids.OrganizationId, java.lang.String, java.lang.String)&gt; has parameter of type &lt;java.lang.Long&gt; in (Subject.java:0)&#10;Constructor &lt;com.academia.domain.model.entities.Subject.&lt;init&gt;(java.lang.Long, com.academia.domain.model.valueobjects.ids.OrganizationId, java.lang.String, java.lang.String)&gt; has parameter of type &lt;java.lang.String&gt; in (Subject.java:0)&#10;Constructor &lt;com.academia.domain.model.entities.User.&lt;init&gt;(com.academia.domain.model.valueobjects.ids.AccountId, com.academia.domain.model.valueobjects.ids.OrganizationId, com.academia.domain.model.valueobjects.user.Name, com.academia.domain.model.valueobjects.user.Email, java.time.LocalDate, java.lang.String, com.academia.domain.model.enums.AccountStatus)&gt; calls constructor &lt;java.lang.Object.&lt;init&gt;()&gt; in (User.java:31)&#10;Constructor &lt;com.academia.domain.model.entities.User.&lt;init&gt;(com.academia.domain.model.valueobjects.ids.AccountId, com.academia.domain.model.valueobjects.ids.OrganizationId, com.academia.domain.model.valueobjects.user.Name, com.academia.domain.model.valueobjects.user.Email, java.time.LocalDate, java.lang.String, com.academia.domain.model.enums.AccountStatus)&gt; calls constructor &lt;java.util.HashSet.&lt;init&gt;()&gt; in (User.java:39)&#10;Constructor &lt;com.academia.domain.model.entities.User.&lt;init&gt;(com.academia.domain.model.valueobjects.ids.AccountId, com.academia.domain.model.valueobjects.ids.OrganizationId, com.academia.domain.model.valueobjects.user.Name, com.academia.domain.model.valueobjects.user.Email, java.time.LocalDate, java.lang.String, com.academia.domain.model.enums.AccountStatus)&gt; calls method &lt;java.time.LocalDateTime.now()&gt; in (User.java:40)&#10;Constructor &lt;com.academia.domain.model.entities.User.&lt;init&gt;(com.academia.domain.model.valueobjects.ids.AccountId, com.academia.domain.model.valueobjects.ids.OrganizationId, com.academia.domain.model.valueobjects.user.Name, com.academia.domain.model.valueobjects.user.Email, java.time.LocalDate, java.lang.String, com.academia.domain.model.enums.AccountStatus)&gt; calls method &lt;java.time.LocalDateTime.now()&gt; in (User.java:41)&#10;Constructor &lt;com.academia.domain.model.entities.User.&lt;init&gt;(com.academia.domain.model.valueobjects.ids.AccountId, com.academia.domain.model.valueobjects.ids.OrganizationId, com.academia.domain.model.valueobjects.user.Name, com.academia.domain.model.valueobjects.user.Email, java.time.LocalDate, java.lang.String, com.academia.domain.model.enums.AccountStatus)&gt; has parameter of type &lt;java.lang.String&gt; in (User.java:0)&#10;Constructor &lt;com.academia.domain.model.entities.User.&lt;init&gt;(com.academia.domain.model.valueobjects.ids.AccountId, com.academia.domain.model.valueobjects.ids.OrganizationId, com.academia.domain.model.valueobjects.user.Name, com.academia.domain.model.valueobjects.user.Email, java.time.LocalDate, java.lang.String, com.academia.domain.model.enums.AccountStatus)&gt; has parameter of type &lt;java.time.LocalDate&gt; in (User.java:0)&#10;Constructor &lt;com.academia.domain.model.enums.AccountStatus.&lt;init&gt;(java.lang.String, int)&gt; calls constructor &lt;java.lang.Enum.&lt;init&gt;(java.lang.String, int)&gt; in (AccountStatus.java:7)&#10;Constructor &lt;com.academia.domain.model.enums.AccountStatus.&lt;init&gt;(java.lang.String, int)&gt; has parameter of type &lt;java.lang.String&gt; in (AccountStatus.java:0)&#10;Constructor &lt;com.academia.domain.model.enums.AttendanceStatus.&lt;init&gt;(java.lang.String, int)&gt; calls constructor &lt;java.lang.Enum.&lt;init&gt;(java.lang.String, int)&gt; in (AttendanceStatus.java:3)&#10;Constructor &lt;com.academia.domain.model.enums.AttendanceStatus.&lt;init&gt;(java.lang.String, int)&gt; has parameter of type &lt;java.lang.String&gt; in (AttendanceStatus.java:0)&#10;Constructor &lt;com.academia.domain.model.enums.EnrollmentStatus.&lt;init&gt;(java.lang.String, int)&gt; calls constructor &lt;java.lang.Enum.&lt;init&gt;(java.lang.String, int)&gt; in (EnrollmentStatus.java:3)&#10;Constructor &lt;com.academia.domain.model.enums.EnrollmentStatus.&lt;init&gt;(java.lang.String, int)&gt; has parameter of type &lt;java.lang.String&gt; in (EnrollmentStatus.java:0)&#10;Constructor &lt;com.academia.domain.model.enums.RoleScope.&lt;init&gt;(java.lang.String, int)&gt; calls constructor &lt;java.lang.Enum.&lt;init&gt;(java.lang.String, int)&gt; in (RoleScope.java:6)&#10;Constructor &lt;com.academia.domain.model.enums.RoleScope.&lt;init&gt;(java.lang.String, int)&gt; has parameter of type &lt;java.lang.String&gt; in (RoleScope.java:0)&#10;Constructor &lt;com.academia.domain.model.events.CourseEvents$StudentEnrolledInCourse.&lt;init&gt;(com.academia.domain.model.valueobjects.ids.AccountId, com.academia.domain.model.valueobjects.ids.CourseId)&gt; calls method &lt;java.time.Instant.now()&gt; in (CourseEvents.java:25)&#10;Constructor &lt;com.academia.domain.model.events.CourseEvents$StudentEnrolledInCourse.&lt;init&gt;(com.academia.domain.model.valueobjects.ids.AccountId, com.academia.domain.model.valueobjects.ids.CourseId)&gt; calls method &lt;java.util.UUID.randomUUID()&gt; in (CourseEvents.java:25)&#10;Constructor &lt;com.academia.domain.model.events.CourseEvents$StudentEnrolledInCourse.&lt;init&gt;(java.util.UUID, java.time.Instant, com.academia.domain.model.valueobjects.ids.AccountId, com.academia.domain.model.valueobjects.ids.CourseId)&gt; calls constructor &lt;java.lang.Record.&lt;init&gt;()&gt; in (CourseEvents.java:23)&#10;Constructor &lt;com.academia.domain.model.events.CourseEvents$StudentEnrolledInCourse.&lt;init&gt;(java.util.UUID, java.time.Instant, com.academia.domain.model.valueobjects.ids.AccountId, com.academia.domain.model.valueobjects.ids.CourseId)&gt; has parameter of type &lt;java.time.Instant&gt; in (CourseEvents.java:0)&#10;Constructor &lt;com.academia.domain.model.events.CourseEvents$StudentEnrolledInCourse.&lt;init&gt;(java.util.UUID, java.time.Instant, com.academia.domain.model.valueobjects.ids.AccountId, com.academia.domain.model.valueobjects.ids.CourseId)&gt; has parameter of type &lt;java.util.UUID&gt; in (CourseEvents.java:0)&#10;Constructor &lt;com.academia.domain.model.events.CourseEvents$TeacherAssignedToCourse.&lt;init&gt;(com.academia.domain.model.valueobjects.ids.CourseId, com.academia.domain.model.valueobjects.ids.AccountId)&gt; calls method &lt;java.time.Instant.now()&gt; in (CourseEvents.java:10)&#10;Constructor &lt;com.academia.domain.model.events.CourseEvents$TeacherAssignedToCourse.&lt;init&gt;(com.academia.domain.model.valueobjects.ids.CourseId, com.academia.domain.model.valueobjects.ids.AccountId)&gt; calls method &lt;java.util.UUID.randomUUID()&gt; in (CourseEvents.java:10)&#10;Constructor &lt;com.academia.domain.model.events.CourseEvents$TeacherAssignedToCourse.&lt;init&gt;(java.util.UUID, java.time.Instant, com.academia.domain.model.valueobjects.ids.CourseId, com.academia.domain.model.valueobjects.ids.AccountId)&gt; calls constructor &lt;java.lang.Record.&lt;init&gt;()&gt; in (CourseEvents.java:8)&#10;Constructor &lt;com.academia.domain.model.events.CourseEvents$TeacherAssignedToCourse.&lt;init&gt;(java.util.UUID, java.time.Instant, com.academia.domain.model.valueobjects.ids.CourseId, com.academia.domain.model.valueobjects.ids.AccountId)&gt; has parameter of type &lt;java.time.Instant&gt; in (CourseEvents.java:0)&#10;Constructor &lt;com.academia.domain.model.events.CourseEvents$TeacherAssignedToCourse.&lt;init&gt;(java.util.UUID, java.time.Instant, com.academia.domain.model.valueobjects.ids.CourseId, com.academia.domain.model.valueobjects.ids.AccountId)&gt; has parameter of type &lt;java.util.UUID&gt; in (CourseEvents.java:0)&#10;Constructor &lt;com.academia.domain.model.events.CourseEvents.&lt;init&gt;()&gt; calls constructor &lt;java.lang.Object.&lt;init&gt;()&gt; in (CourseEvents.java:7)&#10;Constructor &lt;com.academia.domain.model.events.UserAccountEvents$AccountActivated.&lt;init&gt;(com.academia.domain.model.valueobjects.ids.AccountId)&gt; calls method &lt;java.time.Instant.now()&gt; in (UserAccountEvents.java:25)&#10;Constructor &lt;com.academia.domain.model.events.UserAccountEvents$AccountActivated.&lt;init&gt;(com.academia.domain.model.valueobjects.ids.AccountId)&gt; calls method &lt;java.util.UUID.randomUUID()&gt; in (UserAccountEvents.java:25)&#10;Constructor &lt;com.academia.domain.model.events.UserAccountEvents$AccountActivated.&lt;init&gt;(java.util.UUID, java.time.Instant, com.academia.domain.model.valueobjects.ids.AccountId)&gt; calls constructor &lt;java.lang.Record.&lt;init&gt;()&gt; in (UserAccountEvents.java:23)&#10;Constructor &lt;com.academia.domain.model.events.UserAccountEvents$AccountActivated.&lt;init&gt;(java.util.UUID, java.time.Instant, com.academia.domain.model.valueobjects.ids.AccountId)&gt; has parameter of type &lt;java.time.Instant&gt; in (UserAccountEvents.java:0)&#10;Constructor &lt;com.academia.domain.model.events.UserAccountEvents$AccountActivated.&lt;init&gt;(java.util.UUID, java.time.Instant, com.academia.domain.model.valueobjects.ids.AccountId)&gt; has parameter of type &lt;java.util.UUID&gt; in (UserAccountEvents.java:0)&#10;Constructor &lt;com.academia.domain.model.events.UserAccountEvents$UserRegisteredEvent.&lt;init&gt;(com.academia.domain.model.valueobjects.ids.AccountId, com.academia.domain.model.valueobjects.user.Email)&gt; calls method &lt;java.time.Instant.now()&gt; in (UserAccountEvents.java:10)&#10;Constructor &lt;com.academia.domain.model.events.UserAccountEvents$UserRegisteredEvent.&lt;init&gt;(com.academia.domain.model.valueobjects.ids.AccountId, com.academia.domain.model.valueobjects.user.Email)&gt; calls method &lt;java.util.UUID.randomUUID()&gt; in (UserAccountEvents.java:10)&#10;Constructor &lt;com.academia.domain.model.events.UserAccountEvents$UserRegisteredEvent.&lt;init&gt;(java.util.UUID, java.time.Instant, com.academia.domain.model.valueobjects.ids.AccountId, com.academia.domain.model.valueobjects.user.Email)&gt; calls constructor &lt;java.lang.Record.&lt;init&gt;()&gt; in (UserAccountEvents.java:8)&#10;Constructor &lt;com.academia.domain.model.events.UserAccountEvents$UserRegisteredEvent.&lt;init&gt;(java.util.UUID, java.time.Instant, com.academia.domain.model.valueobjects.ids.AccountId, com.academia.domain.model.valueobjects.user.Email)&gt; has parameter of type &lt;java.time.Instant&gt; in (UserAccountEvents.java:0)&#10;Constructor &lt;com.academia.domain.model.events.UserAccountEvents$UserRegisteredEvent.&lt;init&gt;(java.util.UUID, java.time.Instant, com.academia.domain.model.valueobjects.ids.AccountId, com.academia.domain.model.valueobjects.user.Email)&gt; has parameter of type &lt;java.util.UUID&gt; in (UserAccountEvents.java:0)&#10;Constructor &lt;com.academia.domain.model.events.UserAccountEvents.&lt;init&gt;()&gt; calls constructor &lt;java.lang.Object.&lt;init&gt;()&gt; in (UserAccountEvents.java:7)&#10;Constructor &lt;com.academia.domain.model.events.UserEvents$AccountActivated.&lt;init&gt;(com.academia.domain.model.valueobjects.ids.AccountId)&gt; calls method &lt;java.time.Instant.now()&gt; in (UserEvents.java:25)&#10;Constructor &lt;com.academia.domain.model.events.UserEvents$AccountActivated.&lt;init&gt;(com.academia.domain.model.valueobjects.ids.AccountId)&gt; calls method &lt;java.util.UUID.randomUUID()&gt; in (UserEvents.java:25)&#10;Constructor &lt;com.academia.domain.model.events.UserEvents$AccountActivated.&lt;init&gt;(java.util.UUID, java.time.Instant, com.academia.domain.model.valueobjects.ids.AccountId)&gt; calls constructor &lt;java.lang.Record.&lt;init&gt;()&gt; in (UserEvents.java:23)&#10;Constructor &lt;com.academia.domain.model.events.UserEvents$AccountActivated.&lt;init&gt;(java.util.UUID, java.time.Instant, com.academia.domain.model.valueobjects.ids.AccountId)&gt; has parameter of type &lt;java.time.Instant&gt; in (UserEvents.java:0)&#10;Constructor &lt;com.academia.domain.model.events.UserEvents$AccountActivated.&lt;init&gt;(java.util.UUID, java.time.Instant, com.academia.domain.model.valueobjects.ids.AccountId)&gt; has parameter of type &lt;java.util.UUID&gt; in (UserEvents.java:0)&#10;Constructor &lt;com.academia.domain.model.events.UserEvents$UserRegisteredEvent.&lt;init&gt;(com.academia.domain.model.valueobjects.ids.AccountId, com.academia.domain.model.valueobjects.user.Email)&gt; calls method &lt;java.time.Instant.now()&gt; in (UserEvents.java:10)&#10;Constructor &lt;com.academia.domain.model.events.UserEvents$UserRegisteredEvent.&lt;init&gt;(com.academia.domain.model.valueobjects.ids.AccountId, com.academia.domain.model.valueobjects.user.Email)&gt; calls method &lt;java.util.UUID.randomUUID()&gt; in (UserEvents.java:10)&#10;Constructor &lt;com.academia.domain.model.events.UserEvents$UserRegisteredEvent.&lt;init&gt;(java.util.UUID, java.time.Instant, com.academia.domain.model.valueobjects.ids.AccountId, com.academia.domain.model.valueobjects.user.Email)&gt; calls constructor &lt;java.lang.Record.&lt;init&gt;()&gt; in (UserEvents.java:8)&#10;Constructor &lt;com.academia.domain.model.events.UserEvents$UserRegisteredEvent.&lt;init&gt;(java.util.UUID, java.time.Instant, com.academia.domain.model.valueobjects.ids.AccountId, com.academia.domain.model.valueobjects.user.Email)&gt; has parameter of type &lt;java.time.Instant&gt; in (UserEvents.java:0)&#10;Constructor &lt;com.academia.domain.model.events.UserEvents$UserRegisteredEvent.&lt;init&gt;(java.util.UUID, java.time.Instant, com.academia.domain.model.valueobjects.ids.AccountId, com.academia.domain.model.valueobjects.user.Email)&gt; has parameter of type &lt;java.util.UUID&gt; in (UserEvents.java:0)&#10;Constructor &lt;com.academia.domain.model.events.UserEvents.&lt;init&gt;()&gt; calls constructor &lt;java.lang.Object.&lt;init&gt;()&gt; in (UserEvents.java:7)&#10;Constructor &lt;com.academia.domain.model.services.EnrollmentEligibilityChecker.&lt;init&gt;()&gt; calls constructor &lt;java.lang.Object.&lt;init&gt;()&gt; in (EnrollmentEligibilityChecker.java:10)&#10;Constructor &lt;com.academia.domain.model.valueobjects.GuardianRelationship.&lt;init&gt;(com.academia.domain.model.valueobjects.ids.AccountId, java.lang.String, boolean)&gt; calls constructor &lt;java.lang.Object.&lt;init&gt;()&gt; in (GuardianRelationship.java:13)&#10;Constructor &lt;com.academia.domain.model.valueobjects.GuardianRelationship.&lt;init&gt;(com.academia.domain.model.valueobjects.ids.AccountId, java.lang.String, boolean)&gt; has parameter of type &lt;java.lang.String&gt; in (GuardianRelationship.java:0)&#10;Constructor &lt;com.academia.domain.model.valueobjects.GuardianRelationship.&lt;init&gt;(com.academia.domain.model.valueobjects.ids.AccountId, java.lang.String, boolean)&gt; is annotated with &lt;lombok.Generated&gt; in (GuardianRelationship.java:0)&#10;Constructor &lt;com.academia.domain.model.valueobjects.academic.CourseCode.&lt;init&gt;(java.lang.String)&gt; calls constructor &lt;java.lang.Object.&lt;init&gt;()&gt; in (CourseCode.java:3)&#10;Constructor &lt;com.academia.domain.model.valueobjects.academic.CourseCode.&lt;init&gt;(java.lang.String)&gt; has parameter of type &lt;java.lang.String&gt; in (CourseCode.java:0)&#10;Constructor &lt;com.academia.domain.model.valueobjects.academic.CourseCode.&lt;init&gt;(java.lang.String)&gt; is annotated with &lt;lombok.Generated&gt; in (CourseCode.java:0)&#10;Constructor &lt;com.academia.domain.model.valueobjects.academic.Grade.&lt;init&gt;(double)&gt; calls constructor &lt;java.lang.IllegalArgumentException.&lt;init&gt;(java.lang.String)&gt; in (Grade.java:9)&#10;Constructor &lt;com.academia.domain.model.valueobjects.academic.Grade.&lt;init&gt;(double)&gt; calls constructor &lt;java.lang.Object.&lt;init&gt;()&gt; in (Grade.java:7)&#10;Constructor &lt;com.academia.domain.model.valueobjects.academic.TermDates.&lt;init&gt;(java.time.LocalDate, java.time.LocalDate)&gt; calls constructor &lt;java.lang.IllegalArgumentException.&lt;init&gt;(java.lang.String)&gt; in (TermDates.java:10)&#10;Constructor &lt;com.academia.domain.model.valueobjects.academic.TermDates.&lt;init&gt;(java.time.LocalDate, java.time.LocalDate)&gt; calls constructor &lt;java.lang.Object.&lt;init&gt;()&gt; in (TermDates.java:8)&#10;Constructor &lt;com.academia.domain.model.valueobjects.academic.TermDates.&lt;init&gt;(java.time.LocalDate, java.time.LocalDate)&gt; calls method &lt;java.time.LocalDate.isAfter(java.time.chrono.ChronoLocalDate)&gt; in (TermDates.java:9)&#10;Constructor &lt;com.academia.domain.model.valueobjects.academic.TermDates.&lt;init&gt;(java.time.LocalDate, java.time.LocalDate)&gt; has parameter of type &lt;java.time.LocalDate&gt; in (TermDates.java:0)&#10;Constructor &lt;com.academia.domain.model.valueobjects.ids.AccountId.&lt;init&gt;(java.lang.Long)&gt; calls constructor &lt;java.lang.Object.&lt;init&gt;()&gt; in (AccountId.java:5)&#10;Constructor &lt;com.academia.domain.model.valueobjects.ids.AccountId.&lt;init&gt;(java.lang.Long)&gt; has parameter of type &lt;java.lang.Long&gt; in (AccountId.java:0)&#10;Constructor &lt;com.academia.domain.model.valueobjects.ids.AccountId.&lt;init&gt;(java.lang.Long)&gt; is annotated with &lt;lombok.Generated&gt; in (AccountId.java:0)&#10;Constructor &lt;com.academia.domain.model.valueobjects.ids.CourseId.&lt;init&gt;(java.lang.Long)&gt; calls constructor &lt;java.lang.Object.&lt;init&gt;()&gt; in (CourseId.java:3)&#10;Constructor &lt;com.academia.domain.model.valueobjects.ids.CourseId.&lt;init&gt;(java.lang.Long)&gt; has parameter of type &lt;java.lang.Long&gt; in (CourseId.java:0)&#10;Constructor &lt;com.academia.domain.model.valueobjects.ids.CourseId.&lt;init&gt;(java.lang.Long)&gt; is annotated with &lt;lombok.Generated&gt; in (CourseId.java:0)&#10;Constructor &lt;com.academia.domain.model.valueobjects.ids.OrganizationId.&lt;init&gt;(java.lang.Long)&gt; calls constructor &lt;java.lang.Object.&lt;init&gt;()&gt; in (OrganizationId.java:5)&#10;Constructor &lt;com.academia.domain.model.valueobjects.ids.OrganizationId.&lt;init&gt;(java.lang.Long)&gt; has parameter of type &lt;java.lang.Long&gt; in (OrganizationId.java:0)&#10;Constructor &lt;com.academia.domain.model.valueobjects.ids.OrganizationId.&lt;init&gt;(java.lang.Long)&gt; is annotated with &lt;lombok.Generated&gt; in (OrganizationId.java:0)&#10;Constructor &lt;com.academia.domain.model.valueobjects.ids.SubjectId.&lt;init&gt;(java.lang.Long)&gt; calls constructor &lt;java.lang.Object.&lt;init&gt;()&gt; in (SubjectId.java:3)&#10;Constructor &lt;com.academia.domain.model.valueobjects.ids.SubjectId.&lt;init&gt;(java.lang.Long)&gt; has parameter of type &lt;java.lang.Long&gt; in (SubjectId.java:0)&#10;Constructor &lt;com.academia.domain.model.valueobjects.ids.SubjectId.&lt;init&gt;(java.lang.Long)&gt; is annotated with &lt;lombok.Generated&gt; in (SubjectId.java:0)&#10;Constructor &lt;com.academia.domain.model.valueobjects.user.DNI.&lt;init&gt;(java.lang.String)&gt; calls constructor &lt;java.lang.IllegalArgumentException.&lt;init&gt;(java.lang.String)&gt; in (DNI.java:11)&#10;Constructor &lt;com.academia.domain.model.valueobjects.user.DNI.&lt;init&gt;(java.lang.String)&gt; calls constructor &lt;java.lang.Object.&lt;init&gt;()&gt; in (DNI.java:8)&#10;Constructor &lt;com.academia.domain.model.valueobjects.user.DNI.&lt;init&gt;(java.lang.String)&gt; calls method &lt;java.lang.String.isEmpty()&gt; in (DNI.java:10)&#10;Constructor &lt;com.academia.domain.model.valueobjects.user.DNI.&lt;init&gt;(java.lang.String)&gt; calls method &lt;java.lang.String.trim()&gt; in (DNI.java:10)&#10;Constructor &lt;com.academia.domain.model.valueobjects.user.DNI.&lt;init&gt;(java.lang.String)&gt; has parameter of type &lt;java.lang.String&gt; in (DNI.java:0)&#10;Constructor &lt;com.academia.domain.model.valueobjects.user.Email.&lt;init&gt;(java.lang.String)&gt; calls constructor &lt;java.lang.IllegalArgumentException.&lt;init&gt;(java.lang.String)&gt; in (Email.java:11)&#10;Constructor &lt;com.academia.domain.model.valueobjects.user.Email.&lt;init&gt;(java.lang.String)&gt; calls constructor &lt;java.lang.Record.&lt;init&gt;()&gt; in (Email.java:9)&#10;Constructor &lt;com.academia.domain.model.valueobjects.user.Email.&lt;init&gt;(java.lang.String)&gt; calls method &lt;java.lang.String.toLowerCase()&gt; in (Email.java:13)&#10;Constructor &lt;com.academia.domain.model.valueobjects.user.Email.&lt;init&gt;(java.lang.String)&gt; calls method &lt;java.util.regex.Matcher.matches()&gt; in (Email.java:10)&#10;Constructor &lt;com.academia.domain.model.valueobjects.user.Email.&lt;init&gt;(java.lang.String)&gt; calls method &lt;java.util.regex.Pattern.matcher(java.lang.CharSequence)&gt; in (Email.java:10)&#10;Constructor &lt;com.academia.domain.model.valueobjects.user.Email.&lt;init&gt;(java.lang.String)&gt; has parameter of type &lt;java.lang.String&gt; in (Email.java:0)&#10;Constructor &lt;com.academia.domain.model.valueobjects.user.HashedPassword.&lt;init&gt;(java.lang.String)&gt; calls constructor &lt;java.lang.Object.&lt;init&gt;()&gt; in (HashedPassword.java:3)&#10;Constructor &lt;com.academia.domain.model.valueobjects.user.HashedPassword.&lt;init&gt;(java.lang.String)&gt; has parameter of type &lt;java.lang.String&gt; in (HashedPassword.java:0)&#10;Constructor &lt;com.academia.domain.model.valueobjects.user.HashedPassword.&lt;init&gt;(java.lang.String)&gt; is annotated with &lt;lombok.Generated&gt; in (HashedPassword.java:0)&#10;Constructor &lt;com.academia.domain.model.valueobjects.user.Name.&lt;init&gt;(java.lang.String, java.lang.String)&gt; calls constructor &lt;java.lang.IllegalArgumentException.&lt;init&gt;(java.lang.String)&gt; in (Name.java:17)&#10;Constructor &lt;com.academia.domain.model.valueobjects.user.Name.&lt;init&gt;(java.lang.String, java.lang.String)&gt; calls constructor &lt;java.lang.IllegalArgumentException.&lt;init&gt;(java.lang.String)&gt; in (Name.java:20)&#10;Constructor &lt;com.academia.domain.model.valueobjects.user.Name.&lt;init&gt;(java.lang.String, java.lang.String)&gt; calls constructor &lt;java.lang.Object.&lt;init&gt;()&gt; in (Name.java:15)&#10;Constructor &lt;com.academia.domain.model.valueobjects.user.Name.&lt;init&gt;(java.lang.String, java.lang.String)&gt; calls method &lt;java.lang.String.isBlank()&gt; in (Name.java:16)&#10;Constructor &lt;com.academia.domain.model.valueobjects.user.Name.&lt;init&gt;(java.lang.String, java.lang.String)&gt; calls method &lt;java.lang.String.isBlank()&gt; in (Name.java:19)&#10;Constructor &lt;com.academia.domain.model.valueobjects.user.Name.&lt;init&gt;(java.lang.String, java.lang.String)&gt; calls method &lt;java.lang.String.trim()&gt; in (Name.java:22)&#10;Constructor &lt;com.academia.domain.model.valueobjects.user.Name.&lt;init&gt;(java.lang.String, java.lang.String)&gt; calls method &lt;java.lang.String.trim()&gt; in (Name.java:23)&#10;Constructor &lt;com.academia.domain.model.valueobjects.user.Name.&lt;init&gt;(java.lang.String, java.lang.String)&gt; has parameter of type &lt;java.lang.String&gt; in (Name.java:0)&#10;Constructor &lt;com.academia.domain.ports.in.commands.EnrollStudentInCourseCommand.&lt;init&gt;(java.lang.Long, java.lang.Long)&gt; calls constructor &lt;java.lang.Record.&lt;init&gt;()&gt; in (EnrollStudentInCourseCommand.java:6)&#10;Constructor &lt;com.academia.domain.ports.in.commands.EnrollStudentInCourseCommand.&lt;init&gt;(java.lang.Long, java.lang.Long)&gt; has parameter of type &lt;java.lang.Long&gt; in (EnrollStudentInCourseCommand.java:0)&#10;Constructor &lt;com.academia.domain.ports.in.commands.RegisterNewStudentCommand.&lt;init&gt;(java.lang.Long, java.lang.String, java.lang.String, java.lang.String, java.time.LocalDate, java.lang.String, java.time.LocalDate, java.lang.String)&gt; calls constructor &lt;java.lang.Record.&lt;init&gt;()&gt; in (RegisterNewStudentCommand.java:9)&#10;Constructor &lt;com.academia.domain.ports.in.commands.RegisterNewStudentCommand.&lt;init&gt;(java.lang.Long, java.lang.String, java.lang.String, java.lang.String, java.time.LocalDate, java.lang.String, java.time.LocalDate, java.lang.String)&gt; has parameter of type &lt;java.lang.Long&gt; in (RegisterNewStudentCommand.java:0)&#10;Constructor &lt;com.academia.domain.ports.in.commands.RegisterNewStudentCommand.&lt;init&gt;(java.lang.Long, java.lang.String, java.lang.String, java.lang.String, java.time.LocalDate, java.lang.String, java.time.LocalDate, java.lang.String)&gt; has parameter of type &lt;java.lang.String&gt; in (RegisterNewStudentCommand.java:0)&#10;Constructor &lt;com.academia.domain.ports.in.commands.RegisterNewStudentCommand.&lt;init&gt;(java.lang.Long, java.lang.String, java.lang.String, java.lang.String, java.time.LocalDate, java.lang.String, java.time.LocalDate, java.lang.String)&gt; has parameter of type &lt;java.time.LocalDate&gt; in (RegisterNewStudentCommand.java:0)&#10;Constructor &lt;com.academia.domain.ports.in.dtos.EnrollmentResultDTO.&lt;init&gt;(java.lang.Long, java.lang.Long, java.lang.Long, java.lang.String, java.time.LocalDateTime)&gt; calls constructor &lt;java.lang.Record.&lt;init&gt;()&gt; in (EnrollmentResultDTO.java:8)&#10;Constructor &lt;com.academia.domain.ports.in.dtos.EnrollmentResultDTO.&lt;init&gt;(java.lang.Long, java.lang.Long, java.lang.Long, java.lang.String, java.time.LocalDateTime)&gt; has parameter of type &lt;java.lang.Long&gt; in (EnrollmentResultDTO.java:0)&#10;Constructor &lt;com.academia.domain.ports.in.dtos.EnrollmentResultDTO.&lt;init&gt;(java.lang.Long, java.lang.Long, java.lang.Long, java.lang.String, java.time.LocalDateTime)&gt; has parameter of type &lt;java.lang.String&gt; in (EnrollmentResultDTO.java:0)&#10;Constructor &lt;com.academia.domain.ports.in.dtos.EnrollmentResultDTO.&lt;init&gt;(java.lang.Long, java.lang.Long, java.lang.Long, java.lang.String, java.time.LocalDateTime)&gt; has parameter of type &lt;java.time.LocalDateTime&gt; in (EnrollmentResultDTO.java:0)&#10;Constructor &lt;com.academia.domain.ports.in.dtos.StudentDetailsDTO$GuardianDTO.&lt;init&gt;(java.lang.Long, java.lang.String, java.lang.String, boolean)&gt; calls constructor &lt;java.lang.Record.&lt;init&gt;()&gt; in (StudentDetailsDTO.java:21)&#10;Constructor &lt;com.academia.domain.ports.in.dtos.StudentDetailsDTO$GuardianDTO.&lt;init&gt;(java.lang.Long, java.lang.String, java.lang.String, boolean)&gt; has parameter of type &lt;java.lang.Long&gt; in (StudentDetailsDTO.java:0)&#10;Constructor &lt;com.academia.domain.ports.in.dtos.StudentDetailsDTO$GuardianDTO.&lt;init&gt;(java.lang.Long, java.lang.String, java.lang.String, boolean)&gt; has parameter of type &lt;java.lang.String&gt; in (StudentDetailsDTO.java:0)&#10;Constructor &lt;com.academia.domain.ports.in.dtos.StudentDetailsDTO.&lt;init&gt;(java.lang.Long, java.lang.String, java.lang.String, int, java.lang.String, java.lang.String, java.time.LocalDate, java.lang.String, java.util.List)&gt; calls constructor &lt;java.lang.Record.&lt;init&gt;()&gt; in (StudentDetailsDTO.java:10)&#10;Constructor &lt;com.academia.domain.ports.in.dtos.StudentDetailsDTO.&lt;init&gt;(java.lang.Long, java.lang.String, java.lang.String, int, java.lang.String, java.lang.String, java.time.LocalDate, java.lang.String, java.util.List)&gt; has generic parameter type &lt;java.util.List&lt;com.academia.domain.ports.in.dtos.StudentDetailsDTO$GuardianDTO&gt;&gt; with type argument depending on &lt;java.util.List&gt; in (StudentDetailsDTO.java:0)&#10;Constructor &lt;com.academia.domain.ports.in.dtos.StudentDetailsDTO.&lt;init&gt;(java.lang.Long, java.lang.String, java.lang.String, int, java.lang.String, java.lang.String, java.time.LocalDate, java.lang.String, java.util.List)&gt; has parameter of type &lt;java.lang.Long&gt; in (StudentDetailsDTO.java:0)&#10;Constructor &lt;com.academia.domain.ports.in.dtos.StudentDetailsDTO.&lt;init&gt;(java.lang.Long, java.lang.String, java.lang.String, int, java.lang.String, java.lang.String, java.time.LocalDate, java.lang.String, java.util.List)&gt; has parameter of type &lt;java.lang.String&gt; in (StudentDetailsDTO.java:0)&#10;Constructor &lt;com.academia.domain.ports.in.dtos.StudentDetailsDTO.&lt;init&gt;(java.lang.Long, java.lang.String, java.lang.String, int, java.lang.String, java.lang.String, java.time.LocalDate, java.lang.String, java.util.List)&gt; has parameter of type &lt;java.time.LocalDate&gt; in (StudentDetailsDTO.java:0)&#10;Constructor &lt;com.academia.domain.ports.in.dtos.StudentDetailsDTO.&lt;init&gt;(java.lang.Long, java.lang.String, java.lang.String, int, java.lang.String, java.lang.String, java.time.LocalDate, java.lang.String, java.util.List)&gt; has parameter of type &lt;java.util.List&gt; in (StudentDetailsDTO.java:0)&#10;Constructor &lt;com.academia.domain.ports.in.queries.GetStudentDetailsQuery.&lt;init&gt;(java.lang.Long)&gt; calls constructor &lt;java.lang.Record.&lt;init&gt;()&gt; in (GetStudentDetailsQuery.java:6)&#10;Constructor &lt;com.academia.domain.ports.in.queries.GetStudentDetailsQuery.&lt;init&gt;(java.lang.Long)&gt; has parameter of type &lt;java.lang.Long&gt; in (GetStudentDetailsQuery.java:0)&#10;Constructor &lt;com.academia.infrastructure.config.DomainServiceConfig.&lt;init&gt;()&gt; calls constructor &lt;java.lang.Object.&lt;init&gt;()&gt; in (DomainServiceConfig.java:8)&#10;Constructor &lt;com.academia.infrastructure.config.OpenApiConfig.&lt;init&gt;()&gt; calls constructor &lt;java.lang.Object.&lt;init&gt;()&gt; in (OpenApiConfig.java:18)&#10;Constructor &lt;com.academia.infrastructure.events.SpringDomainEventPublisher.&lt;init&gt;(org.springframework.context.ApplicationEventPublisher)&gt; calls constructor &lt;java.lang.Object.&lt;init&gt;()&gt; in (SpringDomainEventPublisher.java:12)&#10;Constructor &lt;com.academia.infrastructure.events.SpringDomainEventPublisher.&lt;init&gt;(org.springframework.context.ApplicationEventPublisher)&gt; has parameter of type &lt;org.springframework.context.ApplicationEventPublisher&gt; in (SpringDomainEventPublisher.java:0)&#10;Constructor &lt;com.academia.infrastructure.events.SpringDomainEventPublisher.&lt;init&gt;(org.springframework.context.ApplicationEventPublisher)&gt; is annotated with &lt;lombok.Generated&gt; in (SpringDomainEventPublisher.java:0)&#10;Constructor &lt;com.academia.infrastructure.persistence.adapters.JpaCourseRepositoryAdapter.&lt;init&gt;()&gt; calls constructor &lt;java.lang.Object.&lt;init&gt;()&gt; in (JpaCourseRepositoryAdapter.java:11)&#10;Constructor &lt;com.academia.infrastructure.persistence.adapters.JpaOrganizationRepositoryAdapter.&lt;init&gt;(com.academia.infrastructure.persistence.jpa.repositories.SpringOrganizationRepository, com.academia.infrastructure.persistence.jpa.mappers.OrganizationMapper)&gt; calls constructor &lt;java.lang.Object.&lt;init&gt;()&gt; in (JpaOrganizationRepositoryAdapter.java:14)&#10;Constructor &lt;com.academia.infrastructure.persistence.adapters.JpaOrganizationRepositoryAdapter.&lt;init&gt;(com.academia.infrastructure.persistence.jpa.repositories.SpringOrganizationRepository, com.academia.infrastructure.persistence.jpa.mappers.OrganizationMapper)&gt; is annotated with &lt;lombok.Generated&gt; in (JpaOrganizationRepositoryAdapter.java:0)&#10;Constructor &lt;com.academia.infrastructure.persistence.adapters.JpaStudentRepositoryAdapter.&lt;init&gt;(com.academia.infrastructure.persistence.jpa.repositories.SpringStudentProfileRepository, com.academia.infrastructure.persistence.jpa.mappers.StudentMapper)&gt; calls constructor &lt;java.lang.Object.&lt;init&gt;()&gt; in (JpaStudentRepositoryAdapter.java:15)&#10;Constructor &lt;com.academia.infrastructure.persistence.adapters.JpaStudentRepositoryAdapter.&lt;init&gt;(com.academia.infrastructure.persistence.jpa.repositories.SpringStudentProfileRepository, com.academia.infrastructure.persistence.jpa.mappers.StudentMapper)&gt; is annotated with &lt;lombok.Generated&gt; in (JpaStudentRepositoryAdapter.java:0)&#10;Constructor &lt;com.academia.infrastructure.persistence.adapters.JpaUserAccountRepositoryAdapter.&lt;init&gt;(com.academia.infrastructure.persistence.jpa.repositories.SpringUserRepository, com.academia.infrastructure.persistence.jpa.mappers.UserAccountMapper)&gt; calls constructor &lt;java.lang.Object.&lt;init&gt;()&gt; in (JpaUserAccountRepositoryAdapter.java:17)&#10;Constructor &lt;com.academia.infrastructure.persistence.adapters.JpaUserAccountRepositoryAdapter.&lt;init&gt;(com.academia.infrastructure.persistence.jpa.repositories.SpringUserRepository, com.academia.infrastructure.persistence.jpa.mappers.UserAccountMapper)&gt; is annotated with &lt;lombok.Generated&gt; in (JpaUserAccountRepositoryAdapter.java:0)&#10;Constructor &lt;com.academia.infrastructure.persistence.jpa.entities.OrganizationJpaEntity.&lt;init&gt;()&gt; calls constructor &lt;java.lang.Object.&lt;init&gt;()&gt; in (OrganizationJpaEntity.java:11)&#10;Constructor &lt;com.academia.infrastructure.persistence.jpa.entities.StudentProfileJpaEntity.&lt;init&gt;()&gt; calls constructor &lt;java.lang.Object.&lt;init&gt;()&gt; in (StudentProfileJpaEntity.java:16)&#10;Constructor &lt;com.academia.infrastructure.persistence.jpa.entities.UserJpaEntity.&lt;init&gt;()&gt; calls constructor &lt;java.lang.Object.&lt;init&gt;()&gt; in (UserJpaEntity.java:13)&#10;Constructor &lt;com.academia.infrastructure.persistence.jpa.mappers.OrganizationMapperImpl.&lt;init&gt;()&gt; calls constructor &lt;java.lang.Object.&lt;init&gt;()&gt; in (OrganizationMapperImpl.java:15)&#10;Constructor &lt;com.academia.infrastructure.persistence.jpa.mappers.StudentMapperImpl.&lt;init&gt;()&gt; calls constructor &lt;java.lang.Object.&lt;init&gt;()&gt; in (StudentMapperImpl.java:17)&#10;Constructor &lt;com.academia.infrastructure.persistence.jpa.mappers.UserAccountMapperImpl.&lt;init&gt;()&gt; calls constructor &lt;java.lang.Object.&lt;init&gt;()&gt; in (UserAccountMapperImpl.java:21)&#10;Constructor &lt;com.academia.infrastructure.web.controllers.CourseController.&lt;init&gt;(com.academia.domain.ports.in.course.EnrollStudentInCourseUseCase, com.academia.infrastructure.web.mappers.EnrollStudentRequestMapper)&gt; calls constructor &lt;java.lang.Object.&lt;init&gt;()&gt; in (CourseController.java:18)&#10;Constructor &lt;com.academia.infrastructure.web.controllers.CourseController.&lt;init&gt;(com.academia.domain.ports.in.course.EnrollStudentInCourseUseCase, com.academia.infrastructure.web.mappers.EnrollStudentRequestMapper)&gt; is annotated with &lt;lombok.Generated&gt; in (CourseController.java:0)&#10;Constructor &lt;com.academia.infrastructure.web.controllers.StudentController.&lt;init&gt;(com.academia.domain.ports.in.student.RegisterNewStudentUseCase, com.academia.infrastructure.web.mappers.RegisterStudentRequestMapper)&gt; calls constructor &lt;java.lang.Object.&lt;init&gt;()&gt; in (StudentController.java:16)&#10;Constructor &lt;com.academia.infrastructure.web.controllers.StudentController.&lt;init&gt;(com.academia.domain.ports.in.student.RegisterNewStudentUseCase, com.academia.infrastructure.web.mappers.RegisterStudentRequestMapper)&gt; is annotated with &lt;lombok.Generated&gt; in (StudentController.java:0)&#10;Constructor &lt;com.academia.infrastructure.web.mappers.EnrollStudentRequestMapperImpl.&lt;init&gt;()&gt; calls constructor &lt;java.lang.Object.&lt;init&gt;()&gt; in (EnrollStudentRequestMapperImpl.java:14)&#10;Constructor &lt;com.academia.infrastructure.web.mappers.RegisterStudentRequestMapperImpl.&lt;init&gt;()&gt; calls constructor &lt;java.lang.Object.&lt;init&gt;()&gt; in (RegisterStudentRequestMapperImpl.java:15)&#10;Constructor &lt;com.academia.infrastructure.web.requests.EnrollStudentInCourseRequest.&lt;init&gt;(java.lang.Long, java.lang.Long)&gt; calls constructor &lt;java.lang.Record.&lt;init&gt;()&gt; in (EnrollStudentInCourseRequest.java:5)&#10;Constructor &lt;com.academia.infrastructure.web.requests.EnrollStudentInCourseRequest.&lt;init&gt;(java.lang.Long, java.lang.Long)&gt; has parameter of type &lt;java.lang.Long&gt; in (EnrollStudentInCourseRequest.java:0)&#10;Constructor &lt;com.academia.infrastructure.web.requests.RegisterStudentRequest.&lt;init&gt;(java.lang.Long, java.lang.String, java.lang.String, java.lang.String, java.time.LocalDate, java.lang.String, java.time.LocalDate, java.lang.String)&gt; calls constructor &lt;java.lang.Record.&lt;init&gt;()&gt; in (RegisterStudentRequest.java:14)&#10;Constructor &lt;com.academia.infrastructure.web.requests.RegisterStudentRequest.&lt;init&gt;(java.lang.Long, java.lang.String, java.lang.String, java.lang.String, java.time.LocalDate, java.lang.String, java.time.LocalDate, java.lang.String)&gt; has parameter of type &lt;java.lang.Long&gt; in (RegisterStudentRequest.java:0)&#10;Constructor &lt;com.academia.infrastructure.web.requests.RegisterStudentRequest.&lt;init&gt;(java.lang.Long, java.lang.String, java.lang.String, java.lang.String, java.time.LocalDate, java.lang.String, java.time.LocalDate, java.lang.String)&gt; has parameter of type &lt;java.lang.String&gt; in (RegisterStudentRequest.java:0)&#10;Constructor &lt;com.academia.infrastructure.web.requests.RegisterStudentRequest.&lt;init&gt;(java.lang.Long, java.lang.String, java.lang.String, java.lang.String, java.time.LocalDate, java.lang.String, java.time.LocalDate, java.lang.String)&gt; has parameter of type &lt;java.time.LocalDate&gt; in (RegisterStudentRequest.java:0)&#10;Field &lt;com.academia.domain.model.aggregates.Course.domainEvents&gt; has type &lt;java.util.List&gt; in (Course.java:0)&#10;Field &lt;com.academia.domain.model.aggregates.Course.enrollments&gt; has type &lt;java.util.Set&gt; in (Course.java:0)&#10;Field &lt;com.academia.domain.model.aggregates.Organization.academicTerms&gt; has type &lt;java.util.Set&gt; in (Organization.java:0)&#10;Field &lt;com.academia.domain.model.aggregates.Organization.name&gt; has type &lt;java.lang.String&gt; in (Organization.java:0)&#10;Field &lt;com.academia.domain.model.aggregates.UserAccount.domainEvents&gt; has type &lt;java.util.List&gt; in (UserAccount.java:0)&#10;Field &lt;com.academia.domain.model.entities.AcademicTerm.endDate&gt; has type &lt;java.time.LocalDate&gt; in (AcademicTerm.java:0)&#10;Field &lt;com.academia.domain.model.entities.AcademicTerm.id&gt; has type &lt;java.lang.Long&gt; in (AcademicTerm.java:0)&#10;Field &lt;com.academia.domain.model.entities.AcademicTerm.name&gt; has type &lt;java.lang.String&gt; in (AcademicTerm.java:0)&#10;Field &lt;com.academia.domain.model.entities.AcademicTerm.startDate&gt; has type &lt;java.time.LocalDate&gt; in (AcademicTerm.java:0)&#10;Field &lt;com.academia.domain.model.entities.Enrollment.enrollmentDate&gt; has type &lt;java.time.LocalDateTime&gt; in (Enrollment.java:0)&#10;Field &lt;com.academia.domain.model.entities.Enrollment.id&gt; has type &lt;java.lang.Long&gt; in (Enrollment.java:0)&#10;Field &lt;com.academia.domain.model.entities.Role.id&gt; has type &lt;java.lang.Integer&gt; in (Role.java:0)&#10;Field &lt;com.academia.domain.model.entities.Role.name&gt; has type &lt;java.lang.String&gt; in (Role.java:0)&#10;Field &lt;com.academia.domain.model.entities.Role.permissions&gt; has generic type &lt;java.util.Set&lt;java.lang.String&gt;&gt; with type argument depending on &lt;java.lang.String&gt; in (Role.java:0)&#10;Field &lt;com.academia.domain.model.entities.Role.permissions&gt; has type &lt;java.util.Set&gt; in (Role.java:0)&#10;Field &lt;com.academia.domain.model.entities.Staff.title&gt; has type &lt;java.lang.String&gt; in (Staff.java:0)&#10;Field &lt;com.academia.domain.model.entities.Student.currentGradeLevel&gt; has type &lt;java.lang.String&gt; in (Student.java:0)&#10;Field &lt;com.academia.domain.model.entities.Student.enrollmentDate&gt; has type &lt;java.time.LocalDate&gt; in (Student.java:0)&#10;Field &lt;com.academia.domain.model.entities.Student.guardians&gt; has type &lt;java.util.Set&gt; in (Student.java:0)&#10;Field &lt;com.academia.domain.model.entities.Student.studentIdNumber&gt; has type &lt;java.lang.String&gt; in (Student.java:0)&#10;Field &lt;com.academia.domain.model.entities.Subject.id&gt; has type &lt;java.lang.Long&gt; in (Subject.java:0)&#10;Field &lt;com.academia.domain.model.entities.Subject.name&gt; has type &lt;java.lang.String&gt; in (Subject.java:0)&#10;Field &lt;com.academia.domain.model.entities.Subject.subjectCode&gt; has type &lt;java.lang.String&gt; in (Subject.java:0)&#10;Field &lt;com.academia.domain.model.entities.User.birthDate&gt; has type &lt;java.time.LocalDate&gt; in (User.java:0)&#10;Field &lt;com.academia.domain.model.entities.User.createdAt&gt; has type &lt;java.time.LocalDateTime&gt; in (User.java:0)&#10;Field &lt;com.academia.domain.model.entities.User.passwordHash&gt; has type &lt;java.lang.String&gt; in (User.java:0)&#10;Field &lt;com.academia.domain.model.entities.User.roles&gt; has type &lt;java.util.Set&gt; in (User.java:0)&#10;Field &lt;com.academia.domain.model.entities.User.updatedAt&gt; has type &lt;java.time.LocalDateTime&gt; in (User.java:0)&#10;Field &lt;com.academia.domain.model.events.CourseEvents$StudentEnrolledInCourse.eventId&gt; has type &lt;java.util.UUID&gt; in (CourseEvents.java:0)&#10;Field &lt;com.academia.domain.model.events.CourseEvents$StudentEnrolledInCourse.occurredOn&gt; has type &lt;java.time.Instant&gt; in (CourseEvents.java:0)&#10;Field &lt;com.academia.domain.model.events.CourseEvents$TeacherAssignedToCourse.eventId&gt; has type &lt;java.util.UUID&gt; in (CourseEvents.java:0)&#10;Field &lt;com.academia.domain.model.events.CourseEvents$TeacherAssignedToCourse.occurredOn&gt; has type &lt;java.time.Instant&gt; in (CourseEvents.java:0)&#10;Field &lt;com.academia.domain.model.events.UserAccountEvents$AccountActivated.eventId&gt; has type &lt;java.util.UUID&gt; in (UserAccountEvents.java:0)&#10;Field &lt;com.academia.domain.model.events.UserAccountEvents$AccountActivated.occurredOn&gt; has type &lt;java.time.Instant&gt; in (UserAccountEvents.java:0)&#10;Field &lt;com.academia.domain.model.events.UserAccountEvents$UserRegisteredEvent.eventId&gt; has type &lt;java.util.UUID&gt; in (UserAccountEvents.java:0)&#10;Field &lt;com.academia.domain.model.events.UserAccountEvents$UserRegisteredEvent.occurredOn&gt; has type &lt;java.time.Instant&gt; in (UserAccountEvents.java:0)&#10;Field &lt;com.academia.domain.model.events.UserEvents$AccountActivated.eventId&gt; has type &lt;java.util.UUID&gt; in (UserEvents.java:0)&#10;Field &lt;com.academia.domain.model.events.UserEvents$AccountActivated.occurredOn&gt; has type &lt;java.time.Instant&gt; in (UserEvents.java:0)&#10;Field &lt;com.academia.domain.model.events.UserEvents$UserRegisteredEvent.eventId&gt; has type &lt;java.util.UUID&gt; in (UserEvents.java:0)&#10;Field &lt;com.academia.domain.model.events.UserEvents$UserRegisteredEvent.occurredOn&gt; has type &lt;java.time.Instant&gt; in (UserEvents.java:0)&#10;Field &lt;com.academia.domain.model.valueobjects.GuardianRelationship.relationshipType&gt; has type &lt;java.lang.String&gt; in (GuardianRelationship.java:0)&#10;Field &lt;com.academia.domain.model.valueobjects.academic.CourseCode.value&gt; has type &lt;java.lang.String&gt; in (CourseCode.java:0)&#10;Field &lt;com.academia.domain.model.valueobjects.academic.TermDates.endDate&gt; has type &lt;java.time.LocalDate&gt; in (TermDates.java:0)&#10;Field &lt;com.academia.domain.model.valueobjects.academic.TermDates.startDate&gt; has type &lt;java.time.LocalDate&gt; in (TermDates.java:0)&#10;Field &lt;com.academia.domain.model.valueobjects.ids.AccountId.value&gt; has type &lt;java.lang.Long&gt; in (AccountId.java:0)&#10;Field &lt;com.academia.domain.model.valueobjects.ids.CourseId.value&gt; has type &lt;java.lang.Long&gt; in (CourseId.java:0)&#10;Field &lt;com.academia.domain.model.valueobjects.ids.OrganizationId.value&gt; has type &lt;java.lang.Long&gt; in (OrganizationId.java:0)&#10;Field &lt;com.academia.domain.model.valueobjects.ids.SubjectId.value&gt; has type &lt;java.lang.Long&gt; in (SubjectId.java:0)&#10;Field &lt;com.academia.domain.model.valueobjects.user.DNI.value&gt; has type &lt;java.lang.String&gt; in (DNI.java:0)&#10;Field &lt;com.academia.domain.model.valueobjects.user.Email.EMAIL_PATTERN&gt; has type &lt;java.util.regex.Pattern&gt; in (Email.java:0)&#10;Field &lt;com.academia.domain.model.valueobjects.user.Email.value&gt; has type &lt;java.lang.String&gt; in (Email.java:0)&#10;Field &lt;com.academia.domain.model.valueobjects.user.HashedPassword.value&gt; has type &lt;java.lang.String&gt; in (HashedPassword.java:0)&#10;Field &lt;com.academia.domain.model.valueobjects.user.Name.firstName&gt; has type &lt;java.lang.String&gt; in (Name.java:0)&#10;Field &lt;com.academia.domain.model.valueobjects.user.Name.lastName&gt; has type &lt;java.lang.String&gt; in (Name.java:0)&#10;Field &lt;com.academia.domain.ports.in.commands.EnrollStudentInCourseCommand.courseId&gt; has type &lt;java.lang.Long&gt; in (EnrollStudentInCourseCommand.java:0)&#10;Field &lt;com.academia.domain.ports.in.commands.EnrollStudentInCourseCommand.studentAccountId&gt; has type &lt;java.lang.Long&gt; in (EnrollStudentInCourseCommand.java:0)&#10;Field &lt;com.academia.domain.ports.in.commands.RegisterNewStudentCommand.birthDate&gt; has type &lt;java.time.LocalDate&gt; in (RegisterNewStudentCommand.java:0)&#10;Field &lt;com.academia.domain.ports.in.commands.RegisterNewStudentCommand.email&gt; has type &lt;java.lang.String&gt; in (RegisterNewStudentCommand.java:0)&#10;Field &lt;com.academia.domain.ports.in.commands.RegisterNewStudentCommand.enrollmentDate&gt; has type &lt;java.time.LocalDate&gt; in (RegisterNewStudentCommand.java:0)&#10;Field &lt;com.academia.domain.ports.in.commands.RegisterNewStudentCommand.firstName&gt; has type &lt;java.lang.String&gt; in (RegisterNewStudentCommand.java:0)&#10;Field &lt;com.academia.domain.ports.in.commands.RegisterNewStudentCommand.initialGradeLevel&gt; has type &lt;java.lang.String&gt; in (RegisterNewStudentCommand.java:0)&#10;Field &lt;com.academia.domain.ports.in.commands.RegisterNewStudentCommand.lastName&gt; has type &lt;java.lang.String&gt; in (RegisterNewStudentCommand.java:0)&#10;Field &lt;com.academia.domain.ports.in.commands.RegisterNewStudentCommand.organizationId&gt; has type &lt;java.lang.Long&gt; in (RegisterNewStudentCommand.java:0)&#10;Field &lt;com.academia.domain.ports.in.commands.RegisterNewStudentCommand.studentIdNumber&gt; has type &lt;java.lang.String&gt; in (RegisterNewStudentCommand.java:0)&#10;Field &lt;com.academia.domain.ports.in.dtos.EnrollmentResultDTO.courseId&gt; has type &lt;java.lang.Long&gt; in (EnrollmentResultDTO.java:0)&#10;Field &lt;com.academia.domain.ports.in.dtos.EnrollmentResultDTO.enrollmentDate&gt; has type &lt;java.time.LocalDateTime&gt; in (EnrollmentResultDTO.java:0)&#10;Field &lt;com.academia.domain.ports.in.dtos.EnrollmentResultDTO.enrollmentId&gt; has type &lt;java.lang.Long&gt; in (EnrollmentResultDTO.java:0)&#10;Field &lt;com.academia.domain.ports.in.dtos.EnrollmentResultDTO.status&gt; has type &lt;java.lang.String&gt; in (EnrollmentResultDTO.java:0)&#10;Field &lt;com.academia.domain.ports.in.dtos.EnrollmentResultDTO.studentAccountId&gt; has type &lt;java.lang.Long&gt; in (EnrollmentResultDTO.java:0)&#10;Field &lt;com.academia.domain.ports.in.dtos.StudentDetailsDTO$GuardianDTO.fullName&gt; has type &lt;java.lang.String&gt; in (StudentDetailsDTO.java:0)&#10;Field &lt;com.academia.domain.ports.in.dtos.StudentDetailsDTO$GuardianDTO.guardianAccountId&gt; has type &lt;java.lang.Long&gt; in (StudentDetailsDTO.java:0)&#10;Field &lt;com.academia.domain.ports.in.dtos.StudentDetailsDTO$GuardianDTO.relationshipType&gt; has type &lt;java.lang.String&gt; in (StudentDetailsDTO.java:0)&#10;Field &lt;com.academia.domain.ports.in.dtos.StudentDetailsDTO.accountId&gt; has type &lt;java.lang.Long&gt; in (StudentDetailsDTO.java:0)&#10;Field &lt;com.academia.domain.ports.in.dtos.StudentDetailsDTO.accountStatus&gt; has type &lt;java.lang.String&gt; in (StudentDetailsDTO.java:0)&#10;Field &lt;com.academia.domain.ports.in.dtos.StudentDetailsDTO.currentGradeLevel&gt; has type &lt;java.lang.String&gt; in (StudentDetailsDTO.java:0)&#10;Field &lt;com.academia.domain.ports.in.dtos.StudentDetailsDTO.email&gt; has type &lt;java.lang.String&gt; in (StudentDetailsDTO.java:0)&#10;Field &lt;com.academia.domain.ports.in.dtos.StudentDetailsDTO.enrollmentDate&gt; has type &lt;java.time.LocalDate&gt; in (StudentDetailsDTO.java:0)&#10;Field &lt;com.academia.domain.ports.in.dtos.StudentDetailsDTO.fullName&gt; has type &lt;java.lang.String&gt; in (StudentDetailsDTO.java:0)&#10;Field &lt;com.academia.domain.ports.in.dtos.StudentDetailsDTO.guardians&gt; has type &lt;java.util.List&gt; in (StudentDetailsDTO.java:0)&#10;Field &lt;com.academia.domain.ports.in.dtos.StudentDetailsDTO.studentIdNumber&gt; has type &lt;java.lang.String&gt; in (StudentDetailsDTO.java:0)&#10;Field &lt;com.academia.domain.ports.in.queries.GetStudentDetailsQuery.studentAccountId&gt; has type &lt;java.lang.Long&gt; in (GetStudentDetailsQuery.java:0)&#10;Field &lt;com.academia.infrastructure.events.SpringDomainEventPublisher.applicationEventPublisher&gt; has type &lt;org.springframework.context.ApplicationEventPublisher&gt; in (SpringDomainEventPublisher.java:0)&#10;Field &lt;com.academia.infrastructure.events.SpringDomainEventPublisher.log&gt; has type &lt;org.slf4j.Logger&gt; in (SpringDomainEventPublisher.java:0)&#10;Field &lt;com.academia.infrastructure.events.SpringDomainEventPublisher.log&gt; is annotated with &lt;lombok.Generated&gt; in (SpringDomainEventPublisher.java:0)&#10;Field &lt;com.academia.infrastructure.persistence.jpa.entities.OrganizationJpaEntity.id&gt; has annotation member of type &lt;jakarta.persistence.GenerationType&gt; in (OrganizationJpaEntity.java:0)&#10;Field &lt;com.academia.infrastructure.persistence.jpa.entities.OrganizationJpaEntity.id&gt; has type &lt;java.lang.Long&gt; in (OrganizationJpaEntity.java:0)&#10;Field &lt;com.academia.infrastructure.persistence.jpa.entities.OrganizationJpaEntity.id&gt; is annotated with &lt;jakarta.persistence.GeneratedValue&gt; in (OrganizationJpaEntity.java:0)&#10;Field &lt;com.academia.infrastructure.persistence.jpa.entities.OrganizationJpaEntity.id&gt; is annotated with &lt;jakarta.persistence.Id&gt; in (OrganizationJpaEntity.java:0)&#10;Field &lt;com.academia.infrastructure.persistence.jpa.entities.OrganizationJpaEntity.name&gt; has type &lt;java.lang.String&gt; in (OrganizationJpaEntity.java:0)&#10;Field &lt;com.academia.infrastructure.persistence.jpa.entities.OrganizationJpaEntity.subdomain&gt; has type &lt;java.lang.String&gt; in (OrganizationJpaEntity.java:0)&#10;Field &lt;com.academia.infrastructure.persistence.jpa.entities.OrganizationJpaEntity.uuid&gt; has type &lt;java.lang.String&gt; in (OrganizationJpaEntity.java:0)&#10;Field &lt;com.academia.infrastructure.persistence.jpa.entities.StudentProfileJpaEntity.currentGradeLevel&gt; has type &lt;java.lang.String&gt; in (StudentProfileJpaEntity.java:0)&#10;Field &lt;com.academia.infrastructure.persistence.jpa.entities.StudentProfileJpaEntity.enrollmentDate&gt; has type &lt;java.time.LocalDate&gt; in (StudentProfileJpaEntity.java:0)&#10;Field &lt;com.academia.infrastructure.persistence.jpa.entities.StudentProfileJpaEntity.organizationId&gt; has type &lt;java.lang.Long&gt; in (StudentProfileJpaEntity.java:0)&#10;Field &lt;com.academia.infrastructure.persistence.jpa.entities.StudentProfileJpaEntity.studentIdNumber&gt; has type &lt;java.lang.String&gt; in (StudentProfileJpaEntity.java:0)&#10;Field &lt;com.academia.infrastructure.persistence.jpa.entities.StudentProfileJpaEntity.userId&gt; has type &lt;java.lang.Long&gt; in (StudentProfileJpaEntity.java:0)&#10;Field &lt;com.academia.infrastructure.persistence.jpa.entities.StudentProfileJpaEntity.userId&gt; is annotated with &lt;jakarta.persistence.Id&gt; in (StudentProfileJpaEntity.java:0)&#10;Field &lt;com.academia.infrastructure.persistence.jpa.entities.UserJpaEntity.accountStatus&gt; has annotation member of type &lt;jakarta.persistence.EnumType&gt; in (UserJpaEntity.java:0)&#10;Field &lt;com.academia.infrastructure.persistence.jpa.entities.UserJpaEntity.accountStatus&gt; is annotated with &lt;jakarta.persistence.Enumerated&gt; in (UserJpaEntity.java:0)&#10;Field &lt;com.academia.infrastructure.persistence.jpa.entities.UserJpaEntity.birthDate&gt; has type &lt;java.time.LocalDate&gt; in (UserJpaEntity.java:0)&#10;Field &lt;com.academia.infrastructure.persistence.jpa.entities.UserJpaEntity.email&gt; has type &lt;java.lang.String&gt; in (UserJpaEntity.java:0)&#10;Field &lt;com.academia.infrastructure.persistence.jpa.entities.UserJpaEntity.firstName&gt; has type &lt;java.lang.String&gt; in (UserJpaEntity.java:0)&#10;Field &lt;com.academia.infrastructure.persistence.jpa.entities.UserJpaEntity.id&gt; has annotation member of type &lt;jakarta.persistence.GenerationType&gt; in (UserJpaEntity.java:0)&#10;Field &lt;com.academia.infrastructure.persistence.jpa.entities.UserJpaEntity.id&gt; has type &lt;java.lang.Long&gt; in (UserJpaEntity.java:0)&#10;Field &lt;com.academia.infrastructure.persistence.jpa.entities.UserJpaEntity.id&gt; is annotated with &lt;jakarta.persistence.GeneratedValue&gt; in (UserJpaEntity.java:0)&#10;Field &lt;com.academia.infrastructure.persistence.jpa.entities.UserJpaEntity.id&gt; is annotated with &lt;jakarta.persistence.Id&gt; in (UserJpaEntity.java:0)&#10;Field &lt;com.academia.infrastructure.persistence.jpa.entities.UserJpaEntity.lastName&gt; has type &lt;java.lang.String&gt; in (UserJpaEntity.java:0)&#10;Field &lt;com.academia.infrastructure.persistence.jpa.entities.UserJpaEntity.organizationId&gt; has type &lt;java.lang.Long&gt; in (UserJpaEntity.java:0)&#10;Field &lt;com.academia.infrastructure.persistence.jpa.entities.UserJpaEntity.passwordHash&gt; has type &lt;java.lang.String&gt; in (UserJpaEntity.java:0)&#10;Field &lt;com.academia.infrastructure.web.requests.EnrollStudentInCourseRequest.courseId&gt; has type &lt;java.lang.Long&gt; in (EnrollStudentInCourseRequest.java:0)&#10;Field &lt;com.academia.infrastructure.web.requests.EnrollStudentInCourseRequest.courseId&gt; is annotated with &lt;jakarta.validation.constraints.NotNull&gt; in (EnrollStudentInCourseRequest.java:0)&#10;Field &lt;com.academia.infrastructure.web.requests.EnrollStudentInCourseRequest.studentAccountId&gt; has type &lt;java.lang.Long&gt; in (EnrollStudentInCourseRequest.java:0)&#10;Field &lt;com.academia.infrastructure.web.requests.EnrollStudentInCourseRequest.studentAccountId&gt; is annotated with &lt;jakarta.validation.constraints.NotNull&gt; in (EnrollStudentInCourseRequest.java:0)&#10;Field &lt;com.academia.infrastructure.web.requests.RegisterStudentRequest.birthDate&gt; has type &lt;java.time.LocalDate&gt; in (RegisterStudentRequest.java:0)&#10;Field &lt;com.academia.infrastructure.web.requests.RegisterStudentRequest.birthDate&gt; is annotated with &lt;jakarta.validation.constraints.NotNull&gt; in (RegisterStudentRequest.java:0)&#10;Field &lt;com.academia.infrastructure.web.requests.RegisterStudentRequest.birthDate&gt; is annotated with &lt;jakarta.validation.constraints.Past&gt; in (RegisterStudentRequest.java:0)&#10;Field &lt;com.academia.infrastructure.web.requests.RegisterStudentRequest.email&gt; has type &lt;java.lang.String&gt; in (RegisterStudentRequest.java:0)&#10;Field &lt;com.academia.infrastructure.web.requests.RegisterStudentRequest.email&gt; is annotated with &lt;jakarta.validation.constraints.Email&gt; in (RegisterStudentRequest.java:0)&#10;Field &lt;com.academia.infrastructure.web.requests.RegisterStudentRequest.email&gt; is annotated with &lt;jakarta.validation.constraints.NotBlank&gt; in (RegisterStudentRequest.java:0)&#10;Field &lt;com.academia.infrastructure.web.requests.RegisterStudentRequest.enrollmentDate&gt; has type &lt;java.time.LocalDate&gt; in (RegisterStudentRequest.java:0)&#10;Field &lt;com.academia.infrastructure.web.requests.RegisterStudentRequest.enrollmentDate&gt; is annotated with &lt;jakarta.validation.constraints.NotNull&gt; in (RegisterStudentRequest.java:0)&#10;Field &lt;com.academia.infrastructure.web.requests.RegisterStudentRequest.firstName&gt; has type &lt;java.lang.String&gt; in (RegisterStudentRequest.java:0)&#10;Field &lt;com.academia.infrastructure.web.requests.RegisterStudentRequest.firstName&gt; is annotated with &lt;jakarta.validation.constraints.NotBlank&gt; in (RegisterStudentRequest.java:0)&#10;Field &lt;com.academia.infrastructure.web.requests.RegisterStudentRequest.firstName&gt; is annotated with &lt;jakarta.validation.constraints.Size&gt; in (RegisterStudentRequest.java:0)&#10;Field &lt;com.academia.infrastructure.web.requests.RegisterStudentRequest.initialGradeLevel&gt; has type &lt;java.lang.String&gt; in (RegisterStudentRequest.java:0)&#10;Field &lt;com.academia.infrastructure.web.requests.RegisterStudentRequest.initialGradeLevel&gt; is annotated with &lt;jakarta.validation.constraints.NotBlank&gt; in (RegisterStudentRequest.java:0)&#10;Field &lt;com.academia.infrastructure.web.requests.RegisterStudentRequest.lastName&gt; has type &lt;java.lang.String&gt; in (RegisterStudentRequest.java:0)&#10;Field &lt;com.academia.infrastructure.web.requests.RegisterStudentRequest.lastName&gt; is annotated with &lt;jakarta.validation.constraints.NotBlank&gt; in (RegisterStudentRequest.java:0)&#10;Field &lt;com.academia.infrastructure.web.requests.RegisterStudentRequest.lastName&gt; is annotated with &lt;jakarta.validation.constraints.Size&gt; in (RegisterStudentRequest.java:0)&#10;Field &lt;com.academia.infrastructure.web.requests.RegisterStudentRequest.organizationId&gt; has type &lt;java.lang.Long&gt; in (RegisterStudentRequest.java:0)&#10;Field &lt;com.academia.infrastructure.web.requests.RegisterStudentRequest.organizationId&gt; is annotated with &lt;jakarta.validation.constraints.NotNull&gt; in (RegisterStudentRequest.java:0)&#10;Field &lt;com.academia.infrastructure.web.requests.RegisterStudentRequest.studentIdNumber&gt; has type &lt;java.lang.String&gt; in (RegisterStudentRequest.java:0)&#10;Field &lt;com.academia.infrastructure.web.requests.RegisterStudentRequest.studentIdNumber&gt; is annotated with &lt;jakarta.validation.constraints.NotBlank&gt; in (RegisterStudentRequest.java:0)&#10;Field &lt;com.academia.infrastructure.web.requests.RegisterStudentRequest.studentIdNumber&gt; is annotated with &lt;jakarta.validation.constraints.Size&gt; in (RegisterStudentRequest.java:0)&#10;Interface &lt;com.academia.infrastructure.persistence.jpa.repositories.SpringOrganizationRepository&gt; extends class &lt;java.lang.Object&gt; in (SpringOrganizationRepository.java:0)&#10;Interface &lt;com.academia.infrastructure.persistence.jpa.repositories.SpringOrganizationRepository&gt; extends interface &lt;org.springframework.data.jpa.repository.JpaRepository&gt; in (SpringOrganizationRepository.java:0)&#10;Interface &lt;com.academia.infrastructure.persistence.jpa.repositories.SpringStudentProfileRepository&gt; extends class &lt;java.lang.Object&gt; in (SpringStudentProfileRepository.java:0)&#10;Interface &lt;com.academia.infrastructure.persistence.jpa.repositories.SpringStudentProfileRepository&gt; extends interface &lt;org.springframework.data.jpa.repository.JpaRepository&gt; in (SpringStudentProfileRepository.java:0)&#10;Interface &lt;com.academia.infrastructure.persistence.jpa.repositories.SpringUserRepository&gt; extends class &lt;java.lang.Object&gt; in (SpringUserRepository.java:0)&#10;Interface &lt;com.academia.infrastructure.persistence.jpa.repositories.SpringUserRepository&gt; extends interface &lt;org.springframework.data.jpa.repository.JpaRepository&gt; in (SpringUserRepository.java:0)&#10;Method &lt;com.academia.application.mappers.StudentDTOMapper.toDTO(com.academia.domain.model.aggregates.UserAccount, com.academia.domain.model.entities.Student)&gt; has annotation member of type &lt;org.mapstruct.Mapping&gt; in (StudentDTOMapper.java:0)&#10;Method &lt;com.academia.application.mappers.StudentDTOMapper.toDTO(com.academia.domain.model.aggregates.UserAccount, com.academia.domain.model.entities.Student)&gt; has annotation member of type &lt;org.mapstruct.NullValueCheckStrategy&gt; in (StudentDTOMapper.java:0)&#10;Method &lt;com.academia.application.mappers.StudentDTOMapper.toDTO(com.academia.domain.model.aggregates.UserAccount, com.academia.domain.model.entities.Student)&gt; has annotation member of type &lt;org.mapstruct.NullValuePropertyMappingStrategy&gt; in (StudentDTOMapper.java:0)&#10;Method &lt;com.academia.application.mappers.StudentDTOMapper.toDTO(com.academia.domain.model.aggregates.UserAccount, com.academia.domain.model.entities.Student)&gt; has annotation member of type &lt;org.mapstruct.control.MappingControl&gt; in (StudentDTOMapper.java:0)&#10;Method &lt;com.academia.application.mappers.StudentDTOMapper.toDTO(com.academia.domain.model.aggregates.UserAccount, com.academia.domain.model.entities.Student)&gt; is annotated with &lt;org.mapstruct.Mappings&gt; in (StudentDTOMapper.java:0)&#10;Method &lt;com.academia.application.mappers.StudentDTOMapperImpl.userAccountUserEmailValue(com.academia.domain.model.aggregates.UserAccount)&gt; has return type &lt;java.lang.String&gt; in (StudentDTOMapperImpl.java:0)&#10;Method &lt;com.academia.application.mappers.StudentDTOMapperImpl.userAccountUserIdValue(com.academia.domain.model.aggregates.UserAccount)&gt; has return type &lt;java.lang.Long&gt; in (StudentDTOMapperImpl.java:0)&#10;Method &lt;com.academia.application.services.EnrollStudentInCourseServiceImpl.enrollStudent(com.academia.domain.ports.in.commands.EnrollStudentInCourseCommand)&gt; calls method &lt;java.util.Optional.orElseThrow(java.util.function.Supplier)&gt; in (EnrollStudentInCourseServiceImpl.java:37)&#10;Method &lt;com.academia.application.services.EnrollStudentInCourseServiceImpl.enrollStudent(com.academia.domain.ports.in.commands.EnrollStudentInCourseCommand)&gt; calls method &lt;java.util.Optional.orElseThrow(java.util.function.Supplier)&gt; in (EnrollStudentInCourseServiceImpl.java:40)&#10;Method &lt;com.academia.application.services.EnrollStudentInCourseServiceImpl.enrollStudent(com.academia.domain.ports.in.commands.EnrollStudentInCourseCommand)&gt; has annotation member of type &lt;org.springframework.transaction.annotation.Isolation&gt; in (EnrollStudentInCourseServiceImpl.java:0)&#10;Method &lt;com.academia.application.services.EnrollStudentInCourseServiceImpl.enrollStudent(com.academia.domain.ports.in.commands.EnrollStudentInCourseCommand)&gt; has annotation member of type &lt;org.springframework.transaction.annotation.Propagation&gt; in (EnrollStudentInCourseServiceImpl.java:0)&#10;Method &lt;com.academia.application.services.EnrollStudentInCourseServiceImpl.enrollStudent(com.academia.domain.ports.in.commands.EnrollStudentInCourseCommand)&gt; is annotated with &lt;org.springframework.transaction.annotation.Transactional&gt; in (EnrollStudentInCourseServiceImpl.java:0)&#10;Method &lt;com.academia.application.services.FindStudentDetailsServiceImpl.findStudentDetails(com.academia.domain.ports.in.queries.GetStudentDetailsQuery)&gt; calls method &lt;java.util.Optional.empty()&gt; in (FindStudentDetailsServiceImpl.java:39)&#10;Method &lt;com.academia.application.services.FindStudentDetailsServiceImpl.findStudentDetails(com.academia.domain.ports.in.queries.GetStudentDetailsQuery)&gt; calls method &lt;java.util.Optional.get()&gt; in (FindStudentDetailsServiceImpl.java:35)&#10;Method &lt;com.academia.application.services.FindStudentDetailsServiceImpl.findStudentDetails(com.academia.domain.ports.in.queries.GetStudentDetailsQuery)&gt; calls method &lt;java.util.Optional.get()&gt; in (FindStudentDetailsServiceImpl.java:35)&#10;Method &lt;com.academia.application.services.FindStudentDetailsServiceImpl.findStudentDetails(com.academia.domain.ports.in.queries.GetStudentDetailsQuery)&gt; calls method &lt;java.util.Optional.isPresent()&gt; in (FindStudentDetailsServiceImpl.java:34)&#10;Method &lt;com.academia.application.services.FindStudentDetailsServiceImpl.findStudentDetails(com.academia.domain.ports.in.queries.GetStudentDetailsQuery)&gt; calls method &lt;java.util.Optional.isPresent()&gt; in (FindStudentDetailsServiceImpl.java:34)&#10;Method &lt;com.academia.application.services.FindStudentDetailsServiceImpl.findStudentDetails(com.academia.domain.ports.in.queries.GetStudentDetailsQuery)&gt; calls method &lt;java.util.Optional.of(java.lang.Object)&gt; in (FindStudentDetailsServiceImpl.java:36)&#10;Method &lt;com.academia.application.services.FindStudentDetailsServiceImpl.findStudentDetails(com.academia.domain.ports.in.queries.GetStudentDetailsQuery)&gt; has annotation member of type &lt;org.springframework.transaction.annotation.Isolation&gt; in (FindStudentDetailsServiceImpl.java:0)&#10;Method &lt;com.academia.application.services.FindStudentDetailsServiceImpl.findStudentDetails(com.academia.domain.ports.in.queries.GetStudentDetailsQuery)&gt; has annotation member of type &lt;org.springframework.transaction.annotation.Propagation&gt; in (FindStudentDetailsServiceImpl.java:0)&#10;Method &lt;com.academia.application.services.FindStudentDetailsServiceImpl.findStudentDetails(com.academia.domain.ports.in.queries.GetStudentDetailsQuery)&gt; has return type &lt;java.util.Optional&gt; in (FindStudentDetailsServiceImpl.java:0)&#10;Method &lt;com.academia.application.services.FindStudentDetailsServiceImpl.findStudentDetails(com.academia.domain.ports.in.queries.GetStudentDetailsQuery)&gt; is annotated with &lt;org.springframework.transaction.annotation.Transactional&gt; in (FindStudentDetailsServiceImpl.java:0)&#10;Method &lt;com.academia.application.services.RegisterNewStudentServiceImpl.registerStudent(com.academia.domain.ports.in.commands.RegisterNewStudentCommand)&gt; calls constructor &lt;java.lang.IllegalArgumentException.&lt;init&gt;(java.lang.String)&gt; in (RegisterNewStudentServiceImpl.java:43)&#10;Method &lt;com.academia.application.services.RegisterNewStudentServiceImpl.registerStudent(com.academia.domain.ports.in.commands.RegisterNewStudentCommand)&gt; calls constructor &lt;java.lang.IllegalArgumentException.&lt;init&gt;(java.lang.String)&gt; in (RegisterNewStudentServiceImpl.java:46)&#10;Method &lt;com.academia.application.services.RegisterNewStudentServiceImpl.registerStudent(com.academia.domain.ports.in.commands.RegisterNewStudentCommand)&gt; calls method &lt;java.time.LocalDate.now()&gt; in (RegisterNewStudentServiceImpl.java:51)&#10;Method &lt;com.academia.application.services.RegisterNewStudentServiceImpl.registerStudent(com.academia.domain.ports.in.commands.RegisterNewStudentCommand)&gt; calls method &lt;java.time.Period.between(java.time.LocalDate, java.time.LocalDate)&gt; in (RegisterNewStudentServiceImpl.java:51)&#10;Method &lt;com.academia.application.services.RegisterNewStudentServiceImpl.registerStudent(com.academia.domain.ports.in.commands.RegisterNewStudentCommand)&gt; calls method &lt;java.time.Period.getYears()&gt; in (RegisterNewStudentServiceImpl.java:51)&#10;Method &lt;com.academia.application.services.RegisterNewStudentServiceImpl.registerStudent(com.academia.domain.ports.in.commands.RegisterNewStudentCommand)&gt; calls method &lt;java.util.Optional.orElseThrow(java.util.function.Supplier)&gt; in (RegisterNewStudentServiceImpl.java:39)&#10;Method &lt;com.academia.application.services.RegisterNewStudentServiceImpl.registerStudent(com.academia.domain.ports.in.commands.RegisterNewStudentCommand)&gt; has annotation member of type &lt;org.springframework.transaction.annotation.Isolation&gt; in (RegisterNewStudentServiceImpl.java:0)&#10;Method &lt;com.academia.application.services.RegisterNewStudentServiceImpl.registerStudent(com.academia.domain.ports.in.commands.RegisterNewStudentCommand)&gt; has annotation member of type &lt;org.springframework.transaction.annotation.Propagation&gt; in (RegisterNewStudentServiceImpl.java:0)&#10;Method &lt;com.academia.application.services.RegisterNewStudentServiceImpl.registerStudent(com.academia.domain.ports.in.commands.RegisterNewStudentCommand)&gt; is annotated with &lt;org.springframework.transaction.annotation.Transactional&gt; in (RegisterNewStudentServiceImpl.java:0)&#10;Method &lt;com.academia.domain.model.aggregates.Course.assignTeacher(com.academia.domain.model.entities.Staff)&gt; calls method &lt;java.util.List.add(java.lang.Object)&gt; in (Course.java:38)&#10;Method &lt;com.academia.domain.model.aggregates.Course.clearDomainEvents()&gt; calls method &lt;java.util.List.clear()&gt; in (Course.java:58)&#10;Method &lt;com.academia.domain.model.aggregates.Course.enrollStudent(com.academia.domain.model.entities.Student, com.academia.domain.model.services.EnrollmentEligibilityChecker)&gt; calls constructor &lt;java.lang.IllegalStateException.&lt;init&gt;(java.lang.String)&gt; in (Course.java:44)&#10;Method &lt;com.academia.domain.model.aggregates.Course.enrollStudent(com.academia.domain.model.entities.Student, com.academia.domain.model.services.EnrollmentEligibilityChecker)&gt; calls constructor &lt;java.lang.IllegalStateException.&lt;init&gt;(java.lang.String)&gt; in (Course.java:48)&#10;Method &lt;com.academia.domain.model.aggregates.Course.enrollStudent(com.academia.domain.model.entities.Student, com.academia.domain.model.services.EnrollmentEligibilityChecker)&gt; calls method &lt;java.util.List.add(java.lang.Object)&gt; in (Course.java:53)&#10;Method &lt;com.academia.domain.model.aggregates.Course.enrollStudent(com.academia.domain.model.entities.Student, com.academia.domain.model.services.EnrollmentEligibilityChecker)&gt; calls method &lt;java.util.Set.add(java.lang.Object)&gt; in (Course.java:52)&#10;Method &lt;com.academia.domain.model.aggregates.Course.enrollStudent(com.academia.domain.model.entities.Student, com.academia.domain.model.services.EnrollmentEligibilityChecker)&gt; calls method &lt;java.util.Set.stream()&gt; in (Course.java:47)&#10;Method &lt;com.academia.domain.model.aggregates.Course.enrollStudent(com.academia.domain.model.entities.Student, com.academia.domain.model.services.EnrollmentEligibilityChecker)&gt; calls method &lt;java.util.stream.Stream.anyMatch(java.util.function.Predicate)&gt; in (Course.java:47)&#10;Method &lt;com.academia.domain.model.aggregates.Course.getDomainEvents()&gt; calls method &lt;java.util.List.copyOf(java.util.Collection)&gt; in (Course.java:57)&#10;Method &lt;com.academia.domain.model.aggregates.Course.getDomainEvents()&gt; has return type &lt;java.util.List&gt; in (Course.java:0)&#10;Method &lt;com.academia.domain.model.aggregates.Course.getEnrollments()&gt; calls method &lt;java.util.Collections.unmodifiableSet(java.util.Set)&gt; in (Course.java:59)&#10;Method &lt;com.academia.domain.model.aggregates.Course.getEnrollments()&gt; has return type &lt;java.util.Set&gt; in (Course.java:0)&#10;Method &lt;com.academia.domain.model.aggregates.Course.getId()&gt; is annotated with &lt;lombok.Generated&gt; in (Course.java:0)&#10;Method &lt;com.academia.domain.model.aggregates.Course.getSubject()&gt; is annotated with &lt;lombok.Generated&gt; in (Course.java:0)&#10;Method &lt;com.academia.domain.model.aggregates.Course.getTeacherId()&gt; is annotated with &lt;lombok.Generated&gt; in (Course.java:0)&#10;Method &lt;com.academia.domain.model.aggregates.Course.getTerm()&gt; is annotated with &lt;lombok.Generated&gt; in (Course.java:0)&#10;Method &lt;com.academia.domain.model.aggregates.Organization.createAcademicTerm(java.lang.String, com.academia.domain.model.valueobjects.academic.TermDates)&gt; calls constructor &lt;java.lang.IllegalStateException.&lt;init&gt;(java.lang.String)&gt; in (Organization.java:38)&#10;Method &lt;com.academia.domain.model.aggregates.Organization.createAcademicTerm(java.lang.String, com.academia.domain.model.valueobjects.academic.TermDates)&gt; calls method &lt;java.time.LocalDate.isBefore(java.time.chrono.ChronoLocalDate)&gt; in (Organization.java:34)&#10;Method &lt;com.academia.domain.model.aggregates.Organization.createAcademicTerm(java.lang.String, com.academia.domain.model.valueobjects.academic.TermDates)&gt; calls method &lt;java.time.LocalDate.isBefore(java.time.chrono.ChronoLocalDate)&gt; in (Organization.java:35)&#10;Method &lt;com.academia.domain.model.aggregates.Organization.createAcademicTerm(java.lang.String, com.academia.domain.model.valueobjects.academic.TermDates)&gt; calls method &lt;java.util.Set.add(java.lang.Object)&gt; in (Organization.java:41)&#10;Method &lt;com.academia.domain.model.aggregates.Organization.createAcademicTerm(java.lang.String, com.academia.domain.model.valueobjects.academic.TermDates)&gt; calls method &lt;java.util.Set.stream()&gt; in (Organization.java:33)&#10;Method &lt;com.academia.domain.model.aggregates.Organization.createAcademicTerm(java.lang.String, com.academia.domain.model.valueobjects.academic.TermDates)&gt; calls method &lt;java.util.stream.Stream.anyMatch(java.util.function.Predicate)&gt; in (Organization.java:33)&#10;Method &lt;com.academia.domain.model.aggregates.Organization.createAcademicTerm(java.lang.String, com.academia.domain.model.valueobjects.academic.TermDates)&gt; has parameter of type &lt;java.lang.String&gt; in (Organization.java:0)&#10;Method &lt;com.academia.domain.model.aggregates.Organization.getAcademicTerms()&gt; calls method &lt;java.util.Collections.unmodifiableSet(java.util.Set)&gt; in (Organization.java:46)&#10;Method &lt;com.academia.domain.model.aggregates.Organization.getAcademicTerms()&gt; has return type &lt;java.util.Set&gt; in (Organization.java:0)&#10;Method &lt;com.academia.domain.model.aggregates.Organization.getDigitalConsentAge()&gt; is annotated with &lt;lombok.Generated&gt; in (Organization.java:0)&#10;Method &lt;com.academia.domain.model.aggregates.Organization.getId()&gt; is annotated with &lt;lombok.Generated&gt; in (Organization.java:0)&#10;Method &lt;com.academia.domain.model.aggregates.Organization.getName()&gt; has return type &lt;java.lang.String&gt; in (Organization.java:0)&#10;Method &lt;com.academia.domain.model.aggregates.Organization.getName()&gt; is annotated with &lt;lombok.Generated&gt; in (Organization.java:0)&#10;Method &lt;com.academia.domain.model.aggregates.Organization.isActive()&gt; is annotated with &lt;lombok.Generated&gt; in (Organization.java:0)&#10;Method &lt;com.academia.domain.model.aggregates.Organization.updateDetails(java.lang.String, int)&gt; has parameter of type &lt;java.lang.String&gt; in (Organization.java:0)&#10;Method &lt;com.academia.domain.model.aggregates.UserAccount.activate(com.academia.domain.model.aggregates.Organization)&gt; calls constructor &lt;java.lang.IllegalStateException.&lt;init&gt;(java.lang.String)&gt; in (UserAccount.java:38)&#10;Method &lt;com.academia.domain.model.aggregates.UserAccount.activate(com.academia.domain.model.aggregates.Organization)&gt; calls method &lt;java.util.List.add(java.lang.Object)&gt; in (UserAccount.java:41)&#10;Method &lt;com.academia.domain.model.aggregates.UserAccount.changePassword(com.academia.domain.model.valueobjects.user.HashedPassword, com.academia.domain.model.valueobjects.user.HashedPassword)&gt; calls constructor &lt;java.lang.IllegalArgumentException.&lt;init&gt;(java.lang.String)&gt; in (UserAccount.java:47)&#10;Method &lt;com.academia.domain.model.aggregates.UserAccount.changePassword(com.academia.domain.model.valueobjects.user.HashedPassword, com.academia.domain.model.valueobjects.user.HashedPassword)&gt; calls method &lt;java.lang.String.equals(java.lang.Object)&gt; in (UserAccount.java:46)&#10;Method &lt;com.academia.domain.model.aggregates.UserAccount.clearDomainEvents()&gt; calls method &lt;java.util.List.clear()&gt; in (UserAccount.java:57)&#10;Method &lt;com.academia.domain.model.aggregates.UserAccount.getDomainEvents()&gt; calls method &lt;java.util.List.copyOf(java.util.Collection)&gt; in (UserAccount.java:53)&#10;Method &lt;com.academia.domain.model.aggregates.UserAccount.getDomainEvents()&gt; has return type &lt;java.util.List&gt; in (UserAccount.java:0)&#10;Method &lt;com.academia.domain.model.aggregates.UserAccount.getUser()&gt; is annotated with &lt;lombok.Generated&gt; in (UserAccount.java:0)&#10;Method &lt;com.academia.domain.model.aggregates.UserAccount.register(com.academia.domain.model.entities.User, com.academia.domain.model.aggregates.Organization)&gt; calls constructor &lt;java.lang.IllegalStateException.&lt;init&gt;(java.lang.String)&gt; in (UserAccount.java:28)&#10;Method &lt;com.academia.domain.model.aggregates.UserAccount.register(com.academia.domain.model.entities.User, com.academia.domain.model.aggregates.Organization)&gt; calls method &lt;java.util.List.add(java.lang.Object)&gt; in (UserAccount.java:32)&#10;Method &lt;com.academia.domain.model.entities.AcademicTerm.getEndDate()&gt; has return type &lt;java.time.LocalDate&gt; in (AcademicTerm.java:0)&#10;Method &lt;com.academia.domain.model.entities.AcademicTerm.getEndDate()&gt; is annotated with &lt;lombok.Generated&gt; in (AcademicTerm.java:0)&#10;Method &lt;com.academia.domain.model.entities.AcademicTerm.getId()&gt; has return type &lt;java.lang.Long&gt; in (AcademicTerm.java:0)&#10;Method &lt;com.academia.domain.model.entities.AcademicTerm.getId()&gt; is annotated with &lt;lombok.Generated&gt; in (AcademicTerm.java:0)&#10;Method &lt;com.academia.domain.model.entities.AcademicTerm.getName()&gt; has return type &lt;java.lang.String&gt; in (AcademicTerm.java:0)&#10;Method &lt;com.academia.domain.model.entities.AcademicTerm.getName()&gt; is annotated with &lt;lombok.Generated&gt; in (AcademicTerm.java:0)&#10;Method &lt;com.academia.domain.model.entities.AcademicTerm.getOrganizationId()&gt; is annotated with &lt;lombok.Generated&gt; in (AcademicTerm.java:0)&#10;Method &lt;com.academia.domain.model.entities.AcademicTerm.getStartDate()&gt; has return type &lt;java.time.LocalDate&gt; in (AcademicTerm.java:0)&#10;Method &lt;com.academia.domain.model.entities.AcademicTerm.getStartDate()&gt; is annotated with &lt;lombok.Generated&gt; in (AcademicTerm.java:0)&#10;Method &lt;com.academia.domain.model.entities.Enrollment.complete(com.academia.domain.model.valueobjects.academic.Grade)&gt; calls constructor &lt;java.lang.IllegalStateException.&lt;init&gt;(java.lang.String)&gt; in (Enrollment.java:35)&#10;Method &lt;com.academia.domain.model.entities.Enrollment.getCourseId()&gt; is annotated with &lt;lombok.Generated&gt; in (Enrollment.java:0)&#10;Method &lt;com.academia.domain.model.entities.Enrollment.getEnrollmentDate()&gt; has return type &lt;java.time.LocalDateTime&gt; in (Enrollment.java:0)&#10;Method &lt;com.academia.domain.model.entities.Enrollment.getEnrollmentDate()&gt; is annotated with &lt;lombok.Generated&gt; in (Enrollment.java:0)&#10;Method &lt;com.academia.domain.model.entities.Enrollment.getFinalGrade()&gt; is annotated with &lt;lombok.Generated&gt; in (Enrollment.java:0)&#10;Method &lt;com.academia.domain.model.entities.Enrollment.getId()&gt; has return type &lt;java.lang.Long&gt; in (Enrollment.java:0)&#10;Method &lt;com.academia.domain.model.entities.Enrollment.getId()&gt; is annotated with &lt;lombok.Generated&gt; in (Enrollment.java:0)&#10;Method &lt;com.academia.domain.model.entities.Enrollment.getStatus()&gt; is annotated with &lt;lombok.Generated&gt; in (Enrollment.java:0)&#10;Method &lt;com.academia.domain.model.entities.Enrollment.getStudentId()&gt; is annotated with &lt;lombok.Generated&gt; in (Enrollment.java:0)&#10;Method &lt;com.academia.domain.model.entities.Enrollment.withdraw()&gt; calls constructor &lt;java.lang.IllegalStateException.&lt;init&gt;(java.lang.String)&gt; in (Enrollment.java:28)&#10;Method &lt;com.academia.domain.model.entities.Guardian.getAccountId()&gt; is annotated with &lt;lombok.Generated&gt; in (Guardian.java:0)&#10;Method &lt;com.academia.domain.model.entities.Role.getId()&gt; has return type &lt;java.lang.Integer&gt; in (Role.java:0)&#10;Method &lt;com.academia.domain.model.entities.Role.getId()&gt; is annotated with &lt;lombok.Generated&gt; in (Role.java:0)&#10;Method &lt;com.academia.domain.model.entities.Role.getName()&gt; has return type &lt;java.lang.String&gt; in (Role.java:0)&#10;Method &lt;com.academia.domain.model.entities.Role.getName()&gt; is annotated with &lt;lombok.Generated&gt; in (Role.java:0)&#10;Method &lt;com.academia.domain.model.entities.Role.getPermissions()&gt; calls method &lt;java.util.Collections.unmodifiableSet(java.util.Set)&gt; in (Role.java:29)&#10;Method &lt;com.academia.domain.model.entities.Role.getPermissions()&gt; has generic return type &lt;java.util.Set&lt;java.lang.String&gt;&gt; with type argument depending on &lt;java.lang.String&gt; in (Role.java:0)&#10;Method &lt;com.academia.domain.model.entities.Role.getPermissions()&gt; has return type &lt;java.util.Set&gt; in (Role.java:0)&#10;Method &lt;com.academia.domain.model.entities.Role.getScope()&gt; is annotated with &lt;lombok.Generated&gt; in (Role.java:0)&#10;Method &lt;com.academia.domain.model.entities.Role.hasPermission(java.lang.String)&gt; calls method &lt;java.util.Set.contains(java.lang.Object)&gt; in (Role.java:25)&#10;Method &lt;com.academia.domain.model.entities.Role.hasPermission(java.lang.String)&gt; has parameter of type &lt;java.lang.String&gt; in (Role.java:0)&#10;Method &lt;com.academia.domain.model.entities.Staff.getAccountId()&gt; is annotated with &lt;lombok.Generated&gt; in (Staff.java:0)&#10;Method &lt;com.academia.domain.model.entities.Staff.getTitle()&gt; has return type &lt;java.lang.String&gt; in (Staff.java:0)&#10;Method &lt;com.academia.domain.model.entities.Staff.getTitle()&gt; is annotated with &lt;lombok.Generated&gt; in (Staff.java:0)&#10;Method &lt;com.academia.domain.model.entities.Student.assignGuardian(com.academia.domain.model.entities.Guardian, java.lang.String, boolean)&gt; calls method &lt;java.util.Set.add(java.lang.Object)&gt; in (Student.java:32)&#10;Method &lt;com.academia.domain.model.entities.Student.assignGuardian(com.academia.domain.model.entities.Guardian, java.lang.String, boolean)&gt; calls method &lt;java.util.Set.forEach(java.util.function.Consumer)&gt; in (Student.java:30)&#10;Method &lt;com.academia.domain.model.entities.Student.assignGuardian(com.academia.domain.model.entities.Guardian, java.lang.String, boolean)&gt; has parameter of type &lt;java.lang.String&gt; in (Student.java:0)&#10;Method &lt;com.academia.domain.model.entities.Student.changeGradeLevel(java.lang.String)&gt; calls constructor &lt;java.lang.IllegalArgumentException.&lt;init&gt;(java.lang.String)&gt; in (Student.java:40)&#10;Method &lt;com.academia.domain.model.entities.Student.changeGradeLevel(java.lang.String)&gt; calls method &lt;java.lang.String.isBlank()&gt; in (Student.java:39)&#10;Method &lt;com.academia.domain.model.entities.Student.changeGradeLevel(java.lang.String)&gt; has parameter of type &lt;java.lang.String&gt; in (Student.java:0)&#10;Method &lt;com.academia.domain.model.entities.Student.getAccountId()&gt; is annotated with &lt;lombok.Generated&gt; in (Student.java:0)&#10;Method &lt;com.academia.domain.model.entities.Student.getCurrentGradeLevel()&gt; has return type &lt;java.lang.String&gt; in (Student.java:0)&#10;Method &lt;com.academia.domain.model.entities.Student.getCurrentGradeLevel()&gt; is annotated with &lt;lombok.Generated&gt; in (Student.java:0)&#10;Method &lt;com.academia.domain.model.entities.Student.getEnrollmentDate()&gt; has return type &lt;java.time.LocalDate&gt; in (Student.java:0)&#10;Method &lt;com.academia.domain.model.entities.Student.getEnrollmentDate()&gt; is annotated with &lt;lombok.Generated&gt; in (Student.java:0)&#10;Method &lt;com.academia.domain.model.entities.Student.getGuardians()&gt; calls method &lt;java.util.Collections.unmodifiableSet(java.util.Set)&gt; in (Student.java:36)&#10;Method &lt;com.academia.domain.model.entities.Student.getGuardians()&gt; has return type &lt;java.util.Set&gt; in (Student.java:0)&#10;Method &lt;com.academia.domain.model.entities.Student.getOrganizationId()&gt; is annotated with &lt;lombok.Generated&gt; in (Student.java:0)&#10;Method &lt;com.academia.domain.model.entities.Student.getStudentIdNumber()&gt; has return type &lt;java.lang.String&gt; in (Student.java:0)&#10;Method &lt;com.academia.domain.model.entities.Student.getStudentIdNumber()&gt; is annotated with &lt;lombok.Generated&gt; in (Student.java:0)&#10;Method &lt;com.academia.domain.model.entities.Subject.getId()&gt; has return type &lt;java.lang.Long&gt; in (Subject.java:0)&#10;Method &lt;com.academia.domain.model.entities.Subject.getId()&gt; is annotated with &lt;lombok.Generated&gt; in (Subject.java:0)&#10;Method &lt;com.academia.domain.model.entities.Subject.getName()&gt; has return type &lt;java.lang.String&gt; in (Subject.java:0)&#10;Method &lt;com.academia.domain.model.entities.Subject.getName()&gt; is annotated with &lt;lombok.Generated&gt; in (Subject.java:0)&#10;Method &lt;com.academia.domain.model.entities.Subject.getOrganizationId()&gt; is annotated with &lt;lombok.Generated&gt; in (Subject.java:0)&#10;Method &lt;com.academia.domain.model.entities.Subject.getSubjectCode()&gt; has return type &lt;java.lang.String&gt; in (Subject.java:0)&#10;Method &lt;com.academia.domain.model.entities.Subject.getSubjectCode()&gt; is annotated with &lt;lombok.Generated&gt; in (Subject.java:0)&#10;Method &lt;com.academia.domain.model.entities.User.activateAccount(int)&gt; calls constructor &lt;java.lang.IllegalStateException.&lt;init&gt;(java.lang.String)&gt; in (User.java:68)&#10;Method &lt;com.academia.domain.model.entities.User.activateAccount(int)&gt; calls method &lt;java.time.LocalDateTime.now()&gt; in (User.java:72)&#10;Method &lt;com.academia.domain.model.entities.User.assignRole(com.academia.domain.model.entities.Role)&gt; calls constructor &lt;java.lang.IllegalStateException.&lt;init&gt;(java.lang.String)&gt; in (User.java:52)&#10;Method &lt;com.academia.domain.model.entities.User.assignRole(com.academia.domain.model.entities.Role)&gt; calls method &lt;java.time.LocalDateTime.now()&gt; in (User.java:55)&#10;Method &lt;com.academia.domain.model.entities.User.assignRole(com.academia.domain.model.entities.Role)&gt; calls method &lt;java.util.Set.add(java.lang.Object)&gt; in (User.java:54)&#10;Method &lt;com.academia.domain.model.entities.User.changePassword(java.lang.String)&gt; calls constructor &lt;java.lang.IllegalStateException.&lt;init&gt;(java.lang.String)&gt; in (User.java:60)&#10;Method &lt;com.academia.domain.model.entities.User.changePassword(java.lang.String)&gt; calls method &lt;java.time.LocalDateTime.now()&gt; in (User.java:63)&#10;Method &lt;com.academia.domain.model.entities.User.changePassword(java.lang.String)&gt; has parameter of type &lt;java.lang.String&gt; in (User.java:0)&#10;Method &lt;com.academia.domain.model.entities.User.getAccountStatus()&gt; is annotated with &lt;lombok.Generated&gt; in (User.java:0)&#10;Method &lt;com.academia.domain.model.entities.User.getAge()&gt; calls method &lt;java.time.LocalDate.now()&gt; in (User.java:47)&#10;Method &lt;com.academia.domain.model.entities.User.getAge()&gt; calls method &lt;java.time.Period.between(java.time.LocalDate, java.time.LocalDate)&gt; in (User.java:47)&#10;Method &lt;com.academia.domain.model.entities.User.getAge()&gt; calls method &lt;java.time.Period.getYears()&gt; in (User.java:47)&#10;Method &lt;com.academia.domain.model.entities.User.getBirthDate()&gt; has return type &lt;java.time.LocalDate&gt; in (User.java:0)&#10;Method &lt;com.academia.domain.model.entities.User.getBirthDate()&gt; is annotated with &lt;lombok.Generated&gt; in (User.java:0)&#10;Method &lt;com.academia.domain.model.entities.User.getCreatedAt()&gt; has return type &lt;java.time.LocalDateTime&gt; in (User.java:0)&#10;Method &lt;com.academia.domain.model.entities.User.getCreatedAt()&gt; is annotated with &lt;lombok.Generated&gt; in (User.java:0)&#10;Method &lt;com.academia.domain.model.entities.User.getDni()&gt; is annotated with &lt;lombok.Generated&gt; in (User.java:0)&#10;Method &lt;com.academia.domain.model.entities.User.getEmail()&gt; is annotated with &lt;lombok.Generated&gt; in (User.java:0)&#10;Method &lt;com.academia.domain.model.entities.User.getId()&gt; is annotated with &lt;lombok.Generated&gt; in (User.java:0)&#10;Method &lt;com.academia.domain.model.entities.User.getName()&gt; is annotated with &lt;lombok.Generated&gt; in (User.java:0)&#10;Method &lt;com.academia.domain.model.entities.User.getOrganizationId()&gt; is annotated with &lt;lombok.Generated&gt; in (User.java:0)&#10;Method &lt;com.academia.domain.model.entities.User.getPasswordHash()&gt; has return type &lt;java.lang.String&gt; in (User.java:0)&#10;Method &lt;com.academia.domain.model.entities.User.getPasswordHash()&gt; is annotated with &lt;lombok.Generated&gt; in (User.java:0)&#10;Method &lt;com.academia.domain.model.entities.User.getRoles()&gt; has return type &lt;java.util.Set&gt; in (User.java:0)&#10;Method &lt;com.academia.domain.model.entities.User.getRoles()&gt; is annotated with &lt;lombok.Generated&gt; in (User.java:0)&#10;Method &lt;com.academia.domain.model.entities.User.getUpdatedAt()&gt; has return type &lt;java.time.LocalDateTime&gt; in (User.java:0)&#10;Method &lt;com.academia.domain.model.entities.User.getUpdatedAt()&gt; is annotated with &lt;lombok.Generated&gt; in (User.java:0)&#10;Method &lt;com.academia.domain.model.entities.User.suspendAccount()&gt; calls method &lt;java.time.LocalDateTime.now()&gt; in (User.java:78)&#10;Method &lt;com.academia.domain.model.enums.AccountStatus.valueOf(java.lang.String)&gt; calls method &lt;java.lang.Enum.valueOf(java.lang.Class, java.lang.String)&gt; in (AccountStatus.java:7)&#10;Method &lt;com.academia.domain.model.enums.AccountStatus.valueOf(java.lang.String)&gt; has parameter of type &lt;java.lang.String&gt; in (AccountStatus.java:0)&#10;Method &lt;com.academia.domain.model.enums.AttendanceStatus.valueOf(java.lang.String)&gt; calls method &lt;java.lang.Enum.valueOf(java.lang.Class, java.lang.String)&gt; in (AttendanceStatus.java:3)&#10;Method &lt;com.academia.domain.model.enums.AttendanceStatus.valueOf(java.lang.String)&gt; has parameter of type &lt;java.lang.String&gt; in (AttendanceStatus.java:0)&#10;Method &lt;com.academia.domain.model.enums.EnrollmentStatus.valueOf(java.lang.String)&gt; calls method &lt;java.lang.Enum.valueOf(java.lang.Class, java.lang.String)&gt; in (EnrollmentStatus.java:3)&#10;Method &lt;com.academia.domain.model.enums.EnrollmentStatus.valueOf(java.lang.String)&gt; has parameter of type &lt;java.lang.String&gt; in (EnrollmentStatus.java:0)&#10;Method &lt;com.academia.domain.model.enums.RoleScope.valueOf(java.lang.String)&gt; calls method &lt;java.lang.Enum.valueOf(java.lang.Class, java.lang.String)&gt; in (RoleScope.java:6)&#10;Method &lt;com.academia.domain.model.enums.RoleScope.valueOf(java.lang.String)&gt; has parameter of type &lt;java.lang.String&gt; in (RoleScope.java:0)&#10;Method &lt;com.academia.domain.model.events.CourseEvents$StudentEnrolledInCourse.equals(java.lang.Object)&gt; has parameter of type &lt;java.lang.Object&gt; in (CourseEvents.java:0)&#10;Method &lt;com.academia.domain.model.events.CourseEvents$StudentEnrolledInCourse.eventId()&gt; has return type &lt;java.util.UUID&gt; in (CourseEvents.java:0)&#10;Method &lt;com.academia.domain.model.events.CourseEvents$StudentEnrolledInCourse.getEventId()&gt; has return type &lt;java.util.UUID&gt; in (CourseEvents.java:0)&#10;Method &lt;com.academia.domain.model.events.CourseEvents$StudentEnrolledInCourse.getOccurredOn()&gt; has return type &lt;java.time.Instant&gt; in (CourseEvents.java:0)&#10;Method &lt;com.academia.domain.model.events.CourseEvents$StudentEnrolledInCourse.occurredOn()&gt; has return type &lt;java.time.Instant&gt; in (CourseEvents.java:0)&#10;Method &lt;com.academia.domain.model.events.CourseEvents$StudentEnrolledInCourse.toString()&gt; has return type &lt;java.lang.String&gt; in (CourseEvents.java:0)&#10;Method &lt;com.academia.domain.model.events.CourseEvents$TeacherAssignedToCourse.equals(java.lang.Object)&gt; has parameter of type &lt;java.lang.Object&gt; in (CourseEvents.java:0)&#10;Method &lt;com.academia.domain.model.events.CourseEvents$TeacherAssignedToCourse.eventId()&gt; has return type &lt;java.util.UUID&gt; in (CourseEvents.java:0)&#10;Method &lt;com.academia.domain.model.events.CourseEvents$TeacherAssignedToCourse.getEventId()&gt; has return type &lt;java.util.UUID&gt; in (CourseEvents.java:0)&#10;Method &lt;com.academia.domain.model.events.CourseEvents$TeacherAssignedToCourse.getOccurredOn()&gt; has return type &lt;java.time.Instant&gt; in (CourseEvents.java:0)&#10;Method &lt;com.academia.domain.model.events.CourseEvents$TeacherAssignedToCourse.occurredOn()&gt; has return type &lt;java.time.Instant&gt; in (CourseEvents.java:0)&#10;Method &lt;com.academia.domain.model.events.CourseEvents$TeacherAssignedToCourse.toString()&gt; has return type &lt;java.lang.String&gt; in (CourseEvents.java:0)&#10;Method &lt;com.academia.domain.model.events.DomainEvent.getEventId()&gt; has return type &lt;java.util.UUID&gt; in (DomainEvent.java:0)&#10;Method &lt;com.academia.domain.model.events.DomainEvent.getOccurredOn()&gt; has return type &lt;java.time.Instant&gt; in (DomainEvent.java:0)&#10;Method &lt;com.academia.domain.model.events.UserAccountEvents$AccountActivated.equals(java.lang.Object)&gt; has parameter of type &lt;java.lang.Object&gt; in (UserAccountEvents.java:0)&#10;Method &lt;com.academia.domain.model.events.UserAccountEvents$AccountActivated.eventId()&gt; has return type &lt;java.util.UUID&gt; in (UserAccountEvents.java:0)&#10;Method &lt;com.academia.domain.model.events.UserAccountEvents$AccountActivated.getEventId()&gt; has return type &lt;java.util.UUID&gt; in (UserAccountEvents.java:0)&#10;Method &lt;com.academia.domain.model.events.UserAccountEvents$AccountActivated.getOccurredOn()&gt; has return type &lt;java.time.Instant&gt; in (UserAccountEvents.java:0)&#10;Method &lt;com.academia.domain.model.events.UserAccountEvents$AccountActivated.occurredOn()&gt; has return type &lt;java.time.Instant&gt; in (UserAccountEvents.java:0)&#10;Method &lt;com.academia.domain.model.events.UserAccountEvents$AccountActivated.toString()&gt; has return type &lt;java.lang.String&gt; in (UserAccountEvents.java:0)&#10;Method &lt;com.academia.domain.model.events.UserAccountEvents$UserRegisteredEvent.equals(java.lang.Object)&gt; has parameter of type &lt;java.lang.Object&gt; in (UserAccountEvents.java:0)&#10;Method &lt;com.academia.domain.model.events.UserAccountEvents$UserRegisteredEvent.eventId()&gt; has return type &lt;java.util.UUID&gt; in (UserAccountEvents.java:0)&#10;Method &lt;com.academia.domain.model.events.UserAccountEvents$UserRegisteredEvent.getEventId()&gt; has return type &lt;java.util.UUID&gt; in (UserAccountEvents.java:0)&#10;Method &lt;com.academia.domain.model.events.UserAccountEvents$UserRegisteredEvent.getOccurredOn()&gt; has return type &lt;java.time.Instant&gt; in (UserAccountEvents.java:0)&#10;Method &lt;com.academia.domain.model.events.UserAccountEvents$UserRegisteredEvent.occurredOn()&gt; has return type &lt;java.time.Instant&gt; in (UserAccountEvents.java:0)&#10;Method &lt;com.academia.domain.model.events.UserAccountEvents$UserRegisteredEvent.toString()&gt; has return type &lt;java.lang.String&gt; in (UserAccountEvents.java:0)&#10;Method &lt;com.academia.domain.model.events.UserEvents$AccountActivated.equals(java.lang.Object)&gt; has parameter of type &lt;java.lang.Object&gt; in (UserEvents.java:0)&#10;Method &lt;com.academia.domain.model.events.UserEvents$AccountActivated.eventId()&gt; has return type &lt;java.util.UUID&gt; in (UserEvents.java:0)&#10;Method &lt;com.academia.domain.model.events.UserEvents$AccountActivated.getEventId()&gt; has return type &lt;java.util.UUID&gt; in (UserEvents.java:0)&#10;Method &lt;com.academia.domain.model.events.UserEvents$AccountActivated.getOccurredOn()&gt; has return type &lt;java.time.Instant&gt; in (UserEvents.java:0)&#10;Method &lt;com.academia.domain.model.events.UserEvents$AccountActivated.occurredOn()&gt; has return type &lt;java.time.Instant&gt; in (UserEvents.java:0)&#10;Method &lt;com.academia.domain.model.events.UserEvents$AccountActivated.toString()&gt; has return type &lt;java.lang.String&gt; in (UserEvents.java:0)&#10;Method &lt;com.academia.domain.model.events.UserEvents$UserRegisteredEvent.equals(java.lang.Object)&gt; has parameter of type &lt;java.lang.Object&gt; in (UserEvents.java:0)&#10;Method &lt;com.academia.domain.model.events.UserEvents$UserRegisteredEvent.eventId()&gt; has return type &lt;java.util.UUID&gt; in (UserEvents.java:0)&#10;Method &lt;com.academia.domain.model.events.UserEvents$UserRegisteredEvent.getEventId()&gt; has return type &lt;java.util.UUID&gt; in (UserEvents.java:0)&#10;Method &lt;com.academia.domain.model.events.UserEvents$UserRegisteredEvent.getOccurredOn()&gt; has return type &lt;java.time.Instant&gt; in (UserEvents.java:0)&#10;Method &lt;com.academia.domain.model.events.UserEvents$UserRegisteredEvent.occurredOn()&gt; has return type &lt;java.time.Instant&gt; in (UserEvents.java:0)&#10;Method &lt;com.academia.domain.model.events.UserEvents$UserRegisteredEvent.toString()&gt; has return type &lt;java.lang.String&gt; in (UserEvents.java:0)&#10;Method &lt;com.academia.domain.model.services.EnrollmentEligibilityChecker.isStudentEligible(com.academia.domain.model.entities.Student, com.academia.domain.model.aggregates.Course)&gt; calls constructor &lt;java.lang.IllegalStateException.&lt;init&gt;(java.lang.String)&gt; in (EnrollmentEligibilityChecker.java:20)&#10;Method &lt;com.academia.domain.model.services.EnrollmentEligibilityChecker.isStudentEligible(com.academia.domain.model.entities.Student, com.academia.domain.model.aggregates.Course)&gt; calls constructor &lt;java.lang.IllegalStateException.&lt;init&gt;(java.lang.String)&gt; in (EnrollmentEligibilityChecker.java:27)&#10;Method &lt;com.academia.domain.model.services.EnrollmentEligibilityChecker.isStudentEligible(com.academia.domain.model.entities.Student, com.academia.domain.model.aggregates.Course)&gt; calls method &lt;java.util.Set.stream()&gt; in (EnrollmentEligibilityChecker.java:24)&#10;Method &lt;com.academia.domain.model.services.EnrollmentEligibilityChecker.isStudentEligible(com.academia.domain.model.entities.Student, com.academia.domain.model.aggregates.Course)&gt; calls method &lt;java.util.stream.Stream.anyMatch(java.util.function.Predicate)&gt; in (EnrollmentEligibilityChecker.java:25)&#10;Method &lt;com.academia.domain.model.valueobjects.GuardianRelationship.getGuardianId()&gt; is annotated with &lt;lombok.Generated&gt; in (GuardianRelationship.java:0)&#10;Method &lt;com.academia.domain.model.valueobjects.GuardianRelationship.getRelationshipType()&gt; has return type &lt;java.lang.String&gt; in (GuardianRelationship.java:0)&#10;Method &lt;com.academia.domain.model.valueobjects.GuardianRelationship.getRelationshipType()&gt; is annotated with &lt;lombok.Generated&gt; in (GuardianRelationship.java:0)&#10;Method &lt;com.academia.domain.model.valueobjects.GuardianRelationship.isPrimaryContact()&gt; is annotated with &lt;lombok.Generated&gt; in (GuardianRelationship.java:0)&#10;Method &lt;com.academia.domain.model.valueobjects.GuardianRelationship.setPrimaryContact(boolean)&gt; is annotated with &lt;lombok.Generated&gt; in (GuardianRelationship.java:0)&#10;Method &lt;com.academia.domain.model.valueobjects.academic.CourseCode.equals(java.lang.Object)&gt; calls method &lt;java.lang.Object.equals(java.lang.Object)&gt; in (CourseCode.java:3)&#10;Method &lt;com.academia.domain.model.valueobjects.academic.CourseCode.equals(java.lang.Object)&gt; has parameter of type &lt;java.lang.Object&gt; in (CourseCode.java:0)&#10;Method &lt;com.academia.domain.model.valueobjects.academic.CourseCode.equals(java.lang.Object)&gt; is annotated with &lt;lombok.Generated&gt; in (CourseCode.java:0)&#10;Method &lt;com.academia.domain.model.valueobjects.academic.CourseCode.getValue()&gt; has return type &lt;java.lang.String&gt; in (CourseCode.java:0)&#10;Method &lt;com.academia.domain.model.valueobjects.academic.CourseCode.getValue()&gt; is annotated with &lt;lombok.Generated&gt; in (CourseCode.java:0)&#10;Method &lt;com.academia.domain.model.valueobjects.academic.CourseCode.hashCode()&gt; calls method &lt;java.lang.Object.hashCode()&gt; in (CourseCode.java:3)&#10;Method &lt;com.academia.domain.model.valueobjects.academic.CourseCode.hashCode()&gt; is annotated with &lt;lombok.Generated&gt; in (CourseCode.java:0)&#10;Method &lt;com.academia.domain.model.valueobjects.academic.CourseCode.toString()&gt; has return type &lt;java.lang.String&gt; in (CourseCode.java:0)&#10;Method &lt;com.academia.domain.model.valueobjects.academic.CourseCode.toString()&gt; is annotated with &lt;lombok.Generated&gt; in (CourseCode.java:0)&#10;Method &lt;com.academia.domain.model.valueobjects.academic.Grade.equals(java.lang.Object)&gt; calls method &lt;java.lang.Double.compare(double, double)&gt; in (Grade.java:4)&#10;Method &lt;com.academia.domain.model.valueobjects.academic.Grade.equals(java.lang.Object)&gt; has parameter of type &lt;java.lang.Object&gt; in (Grade.java:0)&#10;Method &lt;com.academia.domain.model.valueobjects.academic.Grade.equals(java.lang.Object)&gt; is annotated with &lt;lombok.Generated&gt; in (Grade.java:0)&#10;Method &lt;com.academia.domain.model.valueobjects.academic.Grade.getValue()&gt; is annotated with &lt;lombok.Generated&gt; in (Grade.java:0)&#10;Method &lt;com.academia.domain.model.valueobjects.academic.Grade.hashCode()&gt; calls method &lt;java.lang.Double.doubleToLongBits(double)&gt; in (Grade.java:4)&#10;Method &lt;com.academia.domain.model.valueobjects.academic.Grade.hashCode()&gt; is annotated with &lt;lombok.Generated&gt; in (Grade.java:0)&#10;Method &lt;com.academia.domain.model.valueobjects.academic.Grade.toString()&gt; has return type &lt;java.lang.String&gt; in (Grade.java:0)&#10;Method &lt;com.academia.domain.model.valueobjects.academic.Grade.toString()&gt; is annotated with &lt;lombok.Generated&gt; in (Grade.java:0)&#10;Method &lt;com.academia.domain.model.valueobjects.academic.TermDates.equals(java.lang.Object)&gt; calls method &lt;java.lang.Object.equals(java.lang.Object)&gt; in (TermDates.java:4)&#10;Method &lt;com.academia.domain.model.valueobjects.academic.TermDates.equals(java.lang.Object)&gt; calls method &lt;java.lang.Object.equals(java.lang.Object)&gt; in (TermDates.java:4)&#10;Method &lt;com.academia.domain.model.valueobjects.academic.TermDates.equals(java.lang.Object)&gt; has parameter of type &lt;java.lang.Object&gt; in (TermDates.java:0)&#10;Method &lt;com.academia.domain.model.valueobjects.academic.TermDates.equals(java.lang.Object)&gt; is annotated with &lt;lombok.Generated&gt; in (TermDates.java:0)&#10;Method &lt;com.academia.domain.model.valueobjects.academic.TermDates.getEndDate()&gt; has return type &lt;java.time.LocalDate&gt; in (TermDates.java:0)&#10;Method &lt;com.academia.domain.model.valueobjects.academic.TermDates.getEndDate()&gt; is annotated with &lt;lombok.Generated&gt; in (TermDates.java:0)&#10;Method &lt;com.academia.domain.model.valueobjects.academic.TermDates.getStartDate()&gt; has return type &lt;java.time.LocalDate&gt; in (TermDates.java:0)&#10;Method &lt;com.academia.domain.model.valueobjects.academic.TermDates.getStartDate()&gt; is annotated with &lt;lombok.Generated&gt; in (TermDates.java:0)&#10;Method &lt;com.academia.domain.model.valueobjects.academic.TermDates.hashCode()&gt; calls method &lt;java.lang.Object.hashCode()&gt; in (TermDates.java:4)&#10;Method &lt;com.academia.domain.model.valueobjects.academic.TermDates.hashCode()&gt; calls method &lt;java.lang.Object.hashCode()&gt; in (TermDates.java:4)&#10;Method &lt;com.academia.domain.model.valueobjects.academic.TermDates.hashCode()&gt; is annotated with &lt;lombok.Generated&gt; in (TermDates.java:0)&#10;Method &lt;com.academia.domain.model.valueobjects.academic.TermDates.toString()&gt; calls method &lt;java.lang.String.valueOf(java.lang.Object)&gt; in (TermDates.java:4)&#10;Method &lt;com.academia.domain.model.valueobjects.academic.TermDates.toString()&gt; calls method &lt;java.lang.String.valueOf(java.lang.Object)&gt; in (TermDates.java:4)&#10;Method &lt;com.academia.domain.model.valueobjects.academic.TermDates.toString()&gt; has return type &lt;java.lang.String&gt; in (TermDates.java:0)&#10;Method &lt;com.academia.domain.model.valueobjects.academic.TermDates.toString()&gt; is annotated with &lt;lombok.Generated&gt; in (TermDates.java:0)&#10;Method &lt;com.academia.domain.model.valueobjects.ids.AccountId.equals(java.lang.Object)&gt; calls method &lt;java.lang.Object.equals(java.lang.Object)&gt; in (AccountId.java:5)&#10;Method &lt;com.academia.domain.model.valueobjects.ids.AccountId.equals(java.lang.Object)&gt; has parameter of type &lt;java.lang.Object&gt; in (AccountId.java:0)&#10;Method &lt;com.academia.domain.model.valueobjects.ids.AccountId.equals(java.lang.Object)&gt; is annotated with &lt;lombok.Generated&gt; in (AccountId.java:0)&#10;Method &lt;com.academia.domain.model.valueobjects.ids.AccountId.getValue()&gt; has return type &lt;java.lang.Long&gt; in (AccountId.java:0)&#10;Method &lt;com.academia.domain.model.valueobjects.ids.AccountId.getValue()&gt; is annotated with &lt;lombok.Generated&gt; in (AccountId.java:0)&#10;Method &lt;com.academia.domain.model.valueobjects.ids.AccountId.hashCode()&gt; calls method &lt;java.lang.Object.hashCode()&gt; in (AccountId.java:5)&#10;Method &lt;com.academia.domain.model.valueobjects.ids.AccountId.hashCode()&gt; is annotated with &lt;lombok.Generated&gt; in (AccountId.java:0)&#10;Method &lt;com.academia.domain.model.valueobjects.ids.AccountId.toString()&gt; has return type &lt;java.lang.String&gt; in (AccountId.java:0)&#10;Method &lt;com.academia.domain.model.valueobjects.ids.AccountId.toString()&gt; is annotated with &lt;lombok.Generated&gt; in (AccountId.java:0)&#10;Method &lt;com.academia.domain.model.valueobjects.ids.CourseId.equals(java.lang.Object)&gt; calls method &lt;java.lang.Object.equals(java.lang.Object)&gt; in (CourseId.java:3)&#10;Method &lt;com.academia.domain.model.valueobjects.ids.CourseId.equals(java.lang.Object)&gt; has parameter of type &lt;java.lang.Object&gt; in (CourseId.java:0)&#10;Method &lt;com.academia.domain.model.valueobjects.ids.CourseId.equals(java.lang.Object)&gt; is annotated with &lt;lombok.Generated&gt; in (CourseId.java:0)&#10;Method &lt;com.academia.domain.model.valueobjects.ids.CourseId.getValue()&gt; has return type &lt;java.lang.Long&gt; in (CourseId.java:0)&#10;Method &lt;com.academia.domain.model.valueobjects.ids.CourseId.getValue()&gt; is annotated with &lt;lombok.Generated&gt; in (CourseId.java:0)&#10;Method &lt;com.academia.domain.model.valueobjects.ids.CourseId.hashCode()&gt; calls method &lt;java.lang.Object.hashCode()&gt; in (CourseId.java:3)&#10;Method &lt;com.academia.domain.model.valueobjects.ids.CourseId.hashCode()&gt; is annotated with &lt;lombok.Generated&gt; in (CourseId.java:0)&#10;Method &lt;com.academia.domain.model.valueobjects.ids.CourseId.toString()&gt; has return type &lt;java.lang.String&gt; in (CourseId.java:0)&#10;Method &lt;com.academia.domain.model.valueobjects.ids.CourseId.toString()&gt; is annotated with &lt;lombok.Generated&gt; in (CourseId.java:0)&#10;Method &lt;com.academia.domain.model.valueobjects.ids.OrganizationId.equals(java.lang.Object)&gt; calls method &lt;java.lang.Object.equals(java.lang.Object)&gt; in (OrganizationId.java:5)&#10;Method &lt;com.academia.domain.model.valueobjects.ids.OrganizationId.equals(java.lang.Object)&gt; has parameter of type &lt;java.lang.Object&gt; in (OrganizationId.java:0)&#10;Method &lt;com.academia.domain.model.valueobjects.ids.OrganizationId.equals(java.lang.Object)&gt; is annotated with &lt;lombok.Generated&gt; in (OrganizationId.java:0)&#10;Method &lt;com.academia.domain.model.valueobjects.ids.OrganizationId.getValue()&gt; has return type &lt;java.lang.Long&gt; in (OrganizationId.java:0)&#10;Method &lt;com.academia.domain.model.valueobjects.ids.OrganizationId.getValue()&gt; is annotated with &lt;lombok.Generated&gt; in (OrganizationId.java:0)&#10;Method &lt;com.academia.domain.model.valueobjects.ids.OrganizationId.hashCode()&gt; calls method &lt;java.lang.Object.hashCode()&gt; in (OrganizationId.java:5)&#10;Method &lt;com.academia.domain.model.valueobjects.ids.OrganizationId.hashCode()&gt; is annotated with &lt;lombok.Generated&gt; in (OrganizationId.java:0)&#10;Method &lt;com.academia.domain.model.valueobjects.ids.OrganizationId.toString()&gt; has return type &lt;java.lang.String&gt; in (OrganizationId.java:0)&#10;Method &lt;com.academia.domain.model.valueobjects.ids.OrganizationId.toString()&gt; is annotated with &lt;lombok.Generated&gt; in (OrganizationId.java:0)&#10;Method &lt;com.academia.domain.model.valueobjects.ids.SubjectId.equals(java.lang.Object)&gt; calls method &lt;java.lang.Object.equals(java.lang.Object)&gt; in (SubjectId.java:3)&#10;Method &lt;com.academia.domain.model.valueobjects.ids.SubjectId.equals(java.lang.Object)&gt; has parameter of type &lt;java.lang.Object&gt; in (SubjectId.java:0)&#10;Method &lt;com.academia.domain.model.valueobjects.ids.SubjectId.equals(java.lang.Object)&gt; is annotated with &lt;lombok.Generated&gt; in (SubjectId.java:0)&#10;Method &lt;com.academia.domain.model.valueobjects.ids.SubjectId.getValue()&gt; has return type &lt;java.lang.Long&gt; in (SubjectId.java:0)&#10;Method &lt;com.academia.domain.model.valueobjects.ids.SubjectId.getValue()&gt; is annotated with &lt;lombok.Generated&gt; in (SubjectId.java:0)&#10;Method &lt;com.academia.domain.model.valueobjects.ids.SubjectId.hashCode()&gt; calls method &lt;java.lang.Object.hashCode()&gt; in (SubjectId.java:3)&#10;Method &lt;com.academia.domain.model.valueobjects.ids.SubjectId.hashCode()&gt; is annotated with &lt;lombok.Generated&gt; in (SubjectId.java:0)&#10;Method &lt;com.academia.domain.model.valueobjects.ids.SubjectId.toString()&gt; has return type &lt;java.lang.String&gt; in (SubjectId.java:0)&#10;Method &lt;com.academia.domain.model.valueobjects.ids.SubjectId.toString()&gt; is annotated with &lt;lombok.Generated&gt; in (SubjectId.java:0)&#10;Method &lt;com.academia.domain.model.valueobjects.user.DNI.equals(java.lang.Object)&gt; calls method &lt;java.lang.Object.equals(java.lang.Object)&gt; in (DNI.java:5)&#10;Method &lt;com.academia.domain.model.valueobjects.user.DNI.equals(java.lang.Object)&gt; has parameter of type &lt;java.lang.Object&gt; in (DNI.java:0)&#10;Method &lt;com.academia.domain.model.valueobjects.user.DNI.equals(java.lang.Object)&gt; is annotated with &lt;lombok.Generated&gt; in (DNI.java:0)&#10;Method &lt;com.academia.domain.model.valueobjects.user.DNI.getValue()&gt; has return type &lt;java.lang.String&gt; in (DNI.java:0)&#10;Method &lt;com.academia.domain.model.valueobjects.user.DNI.getValue()&gt; is annotated with &lt;lombok.Generated&gt; in (DNI.java:0)&#10;Method &lt;com.academia.domain.model.valueobjects.user.DNI.hashCode()&gt; calls method &lt;java.lang.Object.hashCode()&gt; in (DNI.java:5)&#10;Method &lt;com.academia.domain.model.valueobjects.user.DNI.hashCode()&gt; is annotated with &lt;lombok.Generated&gt; in (DNI.java:0)&#10;Method &lt;com.academia.domain.model.valueobjects.user.DNI.toString()&gt; has return type &lt;java.lang.String&gt; in (DNI.java:0)&#10;Method &lt;com.academia.domain.model.valueobjects.user.DNI.toString()&gt; is annotated with &lt;lombok.Generated&gt; in (DNI.java:0)&#10;Method &lt;com.academia.domain.model.valueobjects.user.Email.equals(java.lang.Object)&gt; has parameter of type &lt;java.lang.Object&gt; in (Email.java:0)&#10;Method &lt;com.academia.domain.model.valueobjects.user.Email.toString()&gt; has return type &lt;java.lang.String&gt; in (Email.java:0)&#10;Method &lt;com.academia.domain.model.valueobjects.user.Email.value()&gt; has return type &lt;java.lang.String&gt; in (Email.java:0)&#10;Method &lt;com.academia.domain.model.valueobjects.user.HashedPassword.equals(java.lang.Object)&gt; calls method &lt;java.lang.Object.equals(java.lang.Object)&gt; in (HashedPassword.java:3)&#10;Method &lt;com.academia.domain.model.valueobjects.user.HashedPassword.equals(java.lang.Object)&gt; has parameter of type &lt;java.lang.Object&gt; in (HashedPassword.java:0)&#10;Method &lt;com.academia.domain.model.valueobjects.user.HashedPassword.equals(java.lang.Object)&gt; is annotated with &lt;lombok.Generated&gt; in (HashedPassword.java:0)&#10;Method &lt;com.academia.domain.model.valueobjects.user.HashedPassword.getValue()&gt; has return type &lt;java.lang.String&gt; in (HashedPassword.java:0)&#10;Method &lt;com.academia.domain.model.valueobjects.user.HashedPassword.getValue()&gt; is annotated with &lt;lombok.Generated&gt; in (HashedPassword.java:0)&#10;Method &lt;com.academia.domain.model.valueobjects.user.HashedPassword.hashCode()&gt; calls method &lt;java.lang.Object.hashCode()&gt; in (HashedPassword.java:3)&#10;Method &lt;com.academia.domain.model.valueobjects.user.HashedPassword.hashCode()&gt; is annotated with &lt;lombok.Generated&gt; in (HashedPassword.java:0)&#10;Method &lt;com.academia.domain.model.valueobjects.user.HashedPassword.toString()&gt; has return type &lt;java.lang.String&gt; in (HashedPassword.java:0)&#10;Method &lt;com.academia.domain.model.valueobjects.user.HashedPassword.toString()&gt; is annotated with &lt;lombok.Generated&gt; in (HashedPassword.java:0)&#10;Method &lt;com.academia.domain.model.valueobjects.user.Name.equals(java.lang.Object)&gt; calls method &lt;java.lang.Object.equals(java.lang.Object)&gt; in (Name.java:10)&#10;Method &lt;com.academia.domain.model.valueobjects.user.Name.equals(java.lang.Object)&gt; calls method &lt;java.lang.Object.equals(java.lang.Object)&gt; in (Name.java:10)&#10;Method &lt;com.academia.domain.model.valueobjects.user.Name.equals(java.lang.Object)&gt; has parameter of type &lt;java.lang.Object&gt; in (Name.java:0)&#10;Method &lt;com.academia.domain.model.valueobjects.user.Name.equals(java.lang.Object)&gt; is annotated with &lt;lombok.Generated&gt; in (Name.java:0)&#10;Method &lt;com.academia.domain.model.valueobjects.user.Name.getFirstName()&gt; has return type &lt;java.lang.String&gt; in (Name.java:0)&#10;Method &lt;com.academia.domain.model.valueobjects.user.Name.getFirstName()&gt; is annotated with &lt;lombok.Generated&gt; in (Name.java:0)&#10;Method &lt;com.academia.domain.model.valueobjects.user.Name.getFullName()&gt; has return type &lt;java.lang.String&gt; in (Name.java:0)&#10;Method &lt;com.academia.domain.model.valueobjects.user.Name.getLastName()&gt; has return type &lt;java.lang.String&gt; in (Name.java:0)&#10;Method &lt;com.academia.domain.model.valueobjects.user.Name.getLastName()&gt; is annotated with &lt;lombok.Generated&gt; in (Name.java:0)&#10;Method &lt;com.academia.domain.model.valueobjects.user.Name.hashCode()&gt; calls method &lt;java.lang.Object.hashCode()&gt; in (Name.java:10)&#10;Method &lt;com.academia.domain.model.valueobjects.user.Name.hashCode()&gt; calls method &lt;java.lang.Object.hashCode()&gt; in (Name.java:10)&#10;Method &lt;com.academia.domain.model.valueobjects.user.Name.hashCode()&gt; is annotated with &lt;lombok.Generated&gt; in (Name.java:0)&#10;Method &lt;com.academia.domain.model.valueobjects.user.Name.toString()&gt; has return type &lt;java.lang.String&gt; in (Name.java:0)&#10;Method &lt;com.academia.domain.model.valueobjects.user.Name.toString()&gt; is annotated with &lt;lombok.Generated&gt; in (Name.java:0)&#10;Method &lt;com.academia.domain.ports.in.commands.EnrollStudentInCourseCommand.courseId()&gt; has return type &lt;java.lang.Long&gt; in (EnrollStudentInCourseCommand.java:0)&#10;Method &lt;com.academia.domain.ports.in.commands.EnrollStudentInCourseCommand.equals(java.lang.Object)&gt; has parameter of type &lt;java.lang.Object&gt; in (EnrollStudentInCourseCommand.java:0)&#10;Method &lt;com.academia.domain.ports.in.commands.EnrollStudentInCourseCommand.studentAccountId()&gt; has return type &lt;java.lang.Long&gt; in (EnrollStudentInCourseCommand.java:0)&#10;Method &lt;com.academia.domain.ports.in.commands.EnrollStudentInCourseCommand.toString()&gt; has return type &lt;java.lang.String&gt; in (EnrollStudentInCourseCommand.java:0)&#10;Method &lt;com.academia.domain.ports.in.commands.RegisterNewStudentCommand.birthDate()&gt; has return type &lt;java.time.LocalDate&gt; in (RegisterNewStudentCommand.java:0)&#10;Method &lt;com.academia.domain.ports.in.commands.RegisterNewStudentCommand.email()&gt; has return type &lt;java.lang.String&gt; in (RegisterNewStudentCommand.java:0)&#10;Method &lt;com.academia.domain.ports.in.commands.RegisterNewStudentCommand.enrollmentDate()&gt; has return type &lt;java.time.LocalDate&gt; in (RegisterNewStudentCommand.java:0)&#10;Method &lt;com.academia.domain.ports.in.commands.RegisterNewStudentCommand.equals(java.lang.Object)&gt; has parameter of type &lt;java.lang.Object&gt; in (RegisterNewStudentCommand.java:0)&#10;Method &lt;com.academia.domain.ports.in.commands.RegisterNewStudentCommand.firstName()&gt; has return type &lt;java.lang.String&gt; in (RegisterNewStudentCommand.java:0)&#10;Method &lt;com.academia.domain.ports.in.commands.RegisterNewStudentCommand.initialGradeLevel()&gt; has return type &lt;java.lang.String&gt; in (RegisterNewStudentCommand.java:0)&#10;Method &lt;com.academia.domain.ports.in.commands.RegisterNewStudentCommand.lastName()&gt; has return type &lt;java.lang.String&gt; in (RegisterNewStudentCommand.java:0)&#10;Method &lt;com.academia.domain.ports.in.commands.RegisterNewStudentCommand.organizationId()&gt; has return type &lt;java.lang.Long&gt; in (RegisterNewStudentCommand.java:0)&#10;Method &lt;com.academia.domain.ports.in.commands.RegisterNewStudentCommand.studentIdNumber()&gt; has return type &lt;java.lang.String&gt; in (RegisterNewStudentCommand.java:0)&#10;Method &lt;com.academia.domain.ports.in.commands.RegisterNewStudentCommand.toString()&gt; has return type &lt;java.lang.String&gt; in (RegisterNewStudentCommand.java:0)&#10;Method &lt;com.academia.domain.ports.in.dtos.EnrollmentResultDTO.courseId()&gt; has return type &lt;java.lang.Long&gt; in (EnrollmentResultDTO.java:0)&#10;Method &lt;com.academia.domain.ports.in.dtos.EnrollmentResultDTO.enrollmentDate()&gt; has return type &lt;java.time.LocalDateTime&gt; in (EnrollmentResultDTO.java:0)&#10;Method &lt;com.academia.domain.ports.in.dtos.EnrollmentResultDTO.enrollmentId()&gt; has return type &lt;java.lang.Long&gt; in (EnrollmentResultDTO.java:0)&#10;Method &lt;com.academia.domain.ports.in.dtos.EnrollmentResultDTO.equals(java.lang.Object)&gt; has parameter of type &lt;java.lang.Object&gt; in (EnrollmentResultDTO.java:0)&#10;Method &lt;com.academia.domain.ports.in.dtos.EnrollmentResultDTO.status()&gt; has return type &lt;java.lang.String&gt; in (EnrollmentResultDTO.java:0)&#10;Method &lt;com.academia.domain.ports.in.dtos.EnrollmentResultDTO.studentAccountId()&gt; has return type &lt;java.lang.Long&gt; in (EnrollmentResultDTO.java:0)&#10;Method &lt;com.academia.domain.ports.in.dtos.EnrollmentResultDTO.toString()&gt; has return type &lt;java.lang.String&gt; in (EnrollmentResultDTO.java:0)&#10;Method &lt;com.academia.domain.ports.in.dtos.StudentDetailsDTO$GuardianDTO.equals(java.lang.Object)&gt; has parameter of type &lt;java.lang.Object&gt; in (StudentDetailsDTO.java:0)&#10;Method &lt;com.academia.domain.ports.in.dtos.StudentDetailsDTO$GuardianDTO.fullName()&gt; has return type &lt;java.lang.String&gt; in (StudentDetailsDTO.java:0)&#10;Method &lt;com.academia.domain.ports.in.dtos.StudentDetailsDTO$GuardianDTO.guardianAccountId()&gt; has return type &lt;java.lang.Long&gt; in (StudentDetailsDTO.java:0)&#10;Method &lt;com.academia.domain.ports.in.dtos.StudentDetailsDTO$GuardianDTO.relationshipType()&gt; has return type &lt;java.lang.String&gt; in (StudentDetailsDTO.java:0)&#10;Method &lt;com.academia.domain.ports.in.dtos.StudentDetailsDTO$GuardianDTO.toString()&gt; has return type &lt;java.lang.String&gt; in (StudentDetailsDTO.java:0)&#10;Method &lt;com.academia.domain.ports.in.dtos.StudentDetailsDTO.accountId()&gt; has return type &lt;java.lang.Long&gt; in (StudentDetailsDTO.java:0)&#10;Method &lt;com.academia.domain.ports.in.dtos.StudentDetailsDTO.accountStatus()&gt; has return type &lt;java.lang.String&gt; in (StudentDetailsDTO.java:0)&#10;Method &lt;com.academia.domain.ports.in.dtos.StudentDetailsDTO.currentGradeLevel()&gt; has return type &lt;java.lang.String&gt; in (StudentDetailsDTO.java:0)&#10;Method &lt;com.academia.domain.ports.in.dtos.StudentDetailsDTO.email()&gt; has return type &lt;java.lang.String&gt; in (StudentDetailsDTO.java:0)&#10;Method &lt;com.academia.domain.ports.in.dtos.StudentDetailsDTO.enrollmentDate()&gt; has return type &lt;java.time.LocalDate&gt; in (StudentDetailsDTO.java:0)&#10;Method &lt;com.academia.domain.ports.in.dtos.StudentDetailsDTO.equals(java.lang.Object)&gt; has parameter of type &lt;java.lang.Object&gt; in (StudentDetailsDTO.java:0)&#10;Method &lt;com.academia.domain.ports.in.dtos.StudentDetailsDTO.fullName()&gt; has return type &lt;java.lang.String&gt; in (StudentDetailsDTO.java:0)&#10;Method &lt;com.academia.domain.ports.in.dtos.StudentDetailsDTO.guardians()&gt; has return type &lt;java.util.List&gt; in (StudentDetailsDTO.java:0)&#10;Method &lt;com.academia.domain.ports.in.dtos.StudentDetailsDTO.studentIdNumber()&gt; has return type &lt;java.lang.String&gt; in (StudentDetailsDTO.java:0)&#10;Method &lt;com.academia.domain.ports.in.dtos.StudentDetailsDTO.toString()&gt; has return type &lt;java.lang.String&gt; in (StudentDetailsDTO.java:0)&#10;Method &lt;com.academia.domain.ports.in.queries.GetStudentDetailsQuery.equals(java.lang.Object)&gt; has parameter of type &lt;java.lang.Object&gt; in (GetStudentDetailsQuery.java:0)&#10;Method &lt;com.academia.domain.ports.in.queries.GetStudentDetailsQuery.studentAccountId()&gt; has return type &lt;java.lang.Long&gt; in (GetStudentDetailsQuery.java:0)&#10;Method &lt;com.academia.domain.ports.in.queries.GetStudentDetailsQuery.toString()&gt; has return type &lt;java.lang.String&gt; in (GetStudentDetailsQuery.java:0)&#10;Method &lt;com.academia.domain.ports.in.student.FindStudentDetailsQuery.findStudentDetails(com.academia.domain.ports.in.queries.GetStudentDetailsQuery)&gt; has return type &lt;java.util.Optional&gt; in (FindStudentDetailsQuery.java:0)&#10;Method &lt;com.academia.domain.ports.out.CourseRepository.findById(com.academia.domain.model.valueobjects.ids.CourseId)&gt; has return type &lt;java.util.Optional&gt; in (CourseRepository.java:0)&#10;Method &lt;com.academia.domain.ports.out.DomainEventPublisher.publish(java.util.List)&gt; has generic parameter type &lt;java.util.List&lt;com.academia.domain.model.events.DomainEvent&gt;&gt; with type argument depending on &lt;java.util.List&gt; in (DomainEventPublisher.java:0)&#10;Method &lt;com.academia.domain.ports.out.DomainEventPublisher.publish(java.util.List)&gt; has parameter of type &lt;java.util.List&gt; in (DomainEventPublisher.java:0)&#10;Method &lt;com.academia.domain.ports.out.OrganizationRepository.findById(com.academia.domain.model.valueobjects.ids.OrganizationId)&gt; has return type &lt;java.util.Optional&gt; in (OrganizationRepository.java:0)&#10;Method &lt;com.academia.domain.ports.out.StudentRepository.existsByStudentIdNumber(com.academia.domain.model.valueobjects.ids.OrganizationId, java.lang.String)&gt; has parameter of type &lt;java.lang.String&gt; in (StudentRepository.java:0)&#10;Method &lt;com.academia.domain.ports.out.StudentRepository.findByAccountId(com.academia.domain.model.valueobjects.ids.AccountId)&gt; has return type &lt;java.util.Optional&gt; in (StudentRepository.java:0)&#10;Method &lt;com.academia.domain.ports.out.StudentRepository.findById(com.academia.domain.model.valueobjects.ids.AccountId)&gt; has return type &lt;java.util.Optional&gt; in (StudentRepository.java:0)&#10;Method &lt;com.academia.domain.ports.out.SubjectRepository.findById(java.lang.Long)&gt; has parameter of type &lt;java.lang.Long&gt; in (SubjectRepository.java:0)&#10;Method &lt;com.academia.domain.ports.out.UserAccountRepository.findByEmail(com.academia.domain.model.valueobjects.ids.OrganizationId, com.academia.domain.model.valueobjects.user.Email)&gt; has return type &lt;java.util.Optional&gt; in (UserAccountRepository.java:0)&#10;Method &lt;com.academia.domain.ports.out.UserAccountRepository.findById(com.academia.domain.model.valueobjects.ids.AccountId)&gt; has return type &lt;java.util.Optional&gt; in (UserAccountRepository.java:0)&#10;Method &lt;com.academia.infrastructure.config.DomainServiceConfig.enrollmentEligibilityChecker()&gt; is annotated with &lt;org.springframework.context.annotation.Bean&gt; in (DomainServiceConfig.java:0)&#10;Method &lt;com.academia.infrastructure.config.OpenApiConfig.customOpenAPI()&gt; calls constructor &lt;io.swagger.v3.oas.models.OpenAPI.&lt;init&gt;()&gt; in (OpenApiConfig.java:22)&#10;Method &lt;com.academia.infrastructure.config.OpenApiConfig.customOpenAPI()&gt; calls constructor &lt;io.swagger.v3.oas.models.info.Contact.&lt;init&gt;()&gt; in (OpenApiConfig.java:29)&#10;Method &lt;com.academia.infrastructure.config.OpenApiConfig.customOpenAPI()&gt; calls constructor &lt;io.swagger.v3.oas.models.info.Info.&lt;init&gt;()&gt; in (OpenApiConfig.java:22)&#10;Method &lt;com.academia.infrastructure.config.OpenApiConfig.customOpenAPI()&gt; calls constructor &lt;io.swagger.v3.oas.models.info.License.&lt;init&gt;()&gt; in (OpenApiConfig.java:30)&#10;Method &lt;com.academia.infrastructure.config.OpenApiConfig.customOpenAPI()&gt; calls constructor &lt;io.swagger.v3.oas.models.servers.Server.&lt;init&gt;()&gt; in (OpenApiConfig.java:23)&#10;Method &lt;com.academia.infrastructure.config.OpenApiConfig.customOpenAPI()&gt; calls constructor &lt;io.swagger.v3.oas.models.servers.Server.&lt;init&gt;()&gt; in (OpenApiConfig.java:40)&#10;Method &lt;com.academia.infrastructure.config.OpenApiConfig.customOpenAPI()&gt; calls method &lt;io.swagger.v3.oas.models.OpenAPI.info(io.swagger.v3.oas.models.info.Info)&gt; in (OpenApiConfig.java:23)&#10;Method &lt;com.academia.infrastructure.config.OpenApiConfig.customOpenAPI()&gt; calls method &lt;io.swagger.v3.oas.models.OpenAPI.servers(java.util.List)&gt; in (OpenApiConfig.java:37)&#10;Method &lt;com.academia.infrastructure.config.OpenApiConfig.customOpenAPI()&gt; calls method &lt;io.swagger.v3.oas.models.info.Contact.email(java.lang.String)&gt; in (OpenApiConfig.java:32)&#10;Method &lt;com.academia.infrastructure.config.OpenApiConfig.customOpenAPI()&gt; calls method &lt;io.swagger.v3.oas.models.info.Contact.name(java.lang.String)&gt; in (OpenApiConfig.java:31)&#10;Method &lt;com.academia.infrastructure.config.OpenApiConfig.customOpenAPI()&gt; calls method &lt;io.swagger.v3.oas.models.info.Contact.url(java.lang.String)&gt; in (OpenApiConfig.java:33)&#10;Method &lt;com.academia.infrastructure.config.OpenApiConfig.customOpenAPI()&gt; calls method &lt;io.swagger.v3.oas.models.info.Info.contact(io.swagger.v3.oas.models.info.Contact)&gt; in (OpenApiConfig.java:30)&#10;Method &lt;com.academia.infrastructure.config.OpenApiConfig.customOpenAPI()&gt; calls method &lt;io.swagger.v3.oas.models.info.Info.description(java.lang.String)&gt; in (OpenApiConfig.java:25)&#10;Method &lt;com.academia.infrastructure.config.OpenApiConfig.customOpenAPI()&gt; calls method &lt;io.swagger.v3.oas.models.info.Info.license(io.swagger.v3.oas.models.info.License)&gt; in (OpenApiConfig.java:34)&#10;Method &lt;com.academia.infrastructure.config.OpenApiConfig.customOpenAPI()&gt; calls method &lt;io.swagger.v3.oas.models.info.Info.title(java.lang.String)&gt; in (OpenApiConfig.java:24)&#10;Method &lt;com.academia.infrastructure.config.OpenApiConfig.customOpenAPI()&gt; calls method &lt;io.swagger.v3.oas.models.info.Info.version(java.lang.String)&gt; in (OpenApiConfig.java:29)&#10;Method &lt;com.academia.infrastructure.config.OpenApiConfig.customOpenAPI()&gt; calls method &lt;io.swagger.v3.oas.models.info.License.name(java.lang.String)&gt; in (OpenApiConfig.java:35)&#10;Method &lt;com.academia.infrastructure.config.OpenApiConfig.customOpenAPI()&gt; calls method &lt;io.swagger.v3.oas.models.info.License.url(java.lang.String)&gt; in (OpenApiConfig.java:36)&#10;Method &lt;com.academia.infrastructure.config.OpenApiConfig.customOpenAPI()&gt; calls method &lt;io.swagger.v3.oas.models.servers.Server.description(java.lang.String)&gt; in (OpenApiConfig.java:40)&#10;Method &lt;com.academia.infrastructure.config.OpenApiConfig.customOpenAPI()&gt; calls method &lt;io.swagger.v3.oas.models.servers.Server.description(java.lang.String)&gt; in (OpenApiConfig.java:43)&#10;Method &lt;com.academia.infrastructure.config.OpenApiConfig.customOpenAPI()&gt; calls method &lt;io.swagger.v3.oas.models.servers.Server.url(java.lang.String)&gt; in (OpenApiConfig.java:39)&#10;Method &lt;com.academia.infrastructure.config.OpenApiConfig.customOpenAPI()&gt; calls method &lt;io.swagger.v3.oas.models.servers.Server.url(java.lang.String)&gt; in (OpenApiConfig.java:42)&#10;Method &lt;com.academia.infrastructure.config.OpenApiConfig.customOpenAPI()&gt; calls method &lt;java.util.List.of(java.lang.Object, java.lang.Object)&gt; in (OpenApiConfig.java:37)&#10;Method &lt;com.academia.infrastructure.config.OpenApiConfig.customOpenAPI()&gt; has return type &lt;io.swagger.v3.oas.models.OpenAPI&gt; in (OpenApiConfig.java:0)&#10;Method &lt;com.academia.infrastructure.config.OpenApiConfig.customOpenAPI()&gt; is annotated with &lt;org.springframework.context.annotation.Bean&gt; in (OpenApiConfig.java:0)&#10;Method &lt;com.academia.infrastructure.events.SpringDomainEventPublisher.publish(java.util.List)&gt; calls method &lt;java.lang.Class.getSimpleName()&gt; in (SpringDomainEventPublisher.java:21)&#10;Method &lt;com.academia.infrastructure.events.SpringDomainEventPublisher.publish(java.util.List)&gt; calls method &lt;java.util.List.forEach(java.util.function.Consumer)&gt; in (SpringDomainEventPublisher.java:20)&#10;Method &lt;com.academia.infrastructure.events.SpringDomainEventPublisher.publish(java.util.List)&gt; calls method &lt;org.slf4j.Logger.info(java.lang.String, java.lang.Object)&gt; in (SpringDomainEventPublisher.java:21)&#10;Method &lt;com.academia.infrastructure.events.SpringDomainEventPublisher.publish(java.util.List)&gt; calls method &lt;org.springframework.context.ApplicationEventPublisher.publishEvent(java.lang.Object)&gt; in (SpringDomainEventPublisher.java:22)&#10;Method &lt;com.academia.infrastructure.events.SpringDomainEventPublisher.publish(java.util.List)&gt; has generic parameter type &lt;java.util.List&lt;com.academia.domain.model.events.DomainEvent&gt;&gt; with type argument depending on &lt;java.util.List&gt; in (SpringDomainEventPublisher.java:0)&#10;Method &lt;com.academia.infrastructure.events.SpringDomainEventPublisher.publish(java.util.List)&gt; has parameter of type &lt;java.util.List&gt; in (SpringDomainEventPublisher.java:0)&#10;Method &lt;com.academia.infrastructure.persistence.adapters.JpaCourseRepositoryAdapter.findById(com.academia.domain.model.valueobjects.ids.CourseId)&gt; calls method &lt;java.io.PrintStream.println(java.lang.String)&gt; in (JpaCourseRepositoryAdapter.java:25)&#10;Method &lt;com.academia.infrastructure.persistence.adapters.JpaCourseRepositoryAdapter.findById(com.academia.domain.model.valueobjects.ids.CourseId)&gt; calls method &lt;java.util.Optional.empty()&gt; in (JpaCourseRepositoryAdapter.java:26)&#10;Method &lt;com.academia.infrastructure.persistence.adapters.JpaCourseRepositoryAdapter.findById(com.academia.domain.model.valueobjects.ids.CourseId)&gt; gets field &lt;java.lang.System.out&gt; in (JpaCourseRepositoryAdapter.java:25)&#10;Method &lt;com.academia.infrastructure.persistence.adapters.JpaCourseRepositoryAdapter.findById(com.academia.domain.model.valueobjects.ids.CourseId)&gt; has return type &lt;java.util.Optional&gt; in (JpaCourseRepositoryAdapter.java:0)&#10;Method &lt;com.academia.infrastructure.persistence.adapters.JpaCourseRepositoryAdapter.save(com.academia.domain.model.aggregates.Course)&gt; calls method &lt;java.io.PrintStream.println(java.lang.String)&gt; in (JpaCourseRepositoryAdapter.java:18)&#10;Method &lt;com.academia.infrastructure.persistence.adapters.JpaCourseRepositoryAdapter.save(com.academia.domain.model.aggregates.Course)&gt; calls method &lt;java.lang.String.valueOf(java.lang.Object)&gt; in (JpaCourseRepositoryAdapter.java:18)&#10;Method &lt;com.academia.infrastructure.persistence.adapters.JpaCourseRepositoryAdapter.save(com.academia.domain.model.aggregates.Course)&gt; gets field &lt;java.lang.System.out&gt; in (JpaCourseRepositoryAdapter.java:18)&#10;Method &lt;com.academia.infrastructure.persistence.adapters.JpaOrganizationRepositoryAdapter.findById(com.academia.domain.model.valueobjects.ids.OrganizationId)&gt; calls method &lt;java.util.Objects.requireNonNull(java.lang.Object)&gt; in (JpaOrganizationRepositoryAdapter.java:29)&#10;Method &lt;com.academia.infrastructure.persistence.adapters.JpaOrganizationRepositoryAdapter.findById(com.academia.domain.model.valueobjects.ids.OrganizationId)&gt; calls method &lt;java.util.Optional.map(java.util.function.Function)&gt; in (JpaOrganizationRepositoryAdapter.java:29)&#10;Method &lt;com.academia.infrastructure.persistence.adapters.JpaOrganizationRepositoryAdapter.findById(com.academia.domain.model.valueobjects.ids.OrganizationId)&gt; has return type &lt;java.util.Optional&gt; in (JpaOrganizationRepositoryAdapter.java:0)&#10;Method &lt;com.academia.infrastructure.persistence.adapters.JpaStudentRepositoryAdapter.existsByStudentIdNumber(com.academia.domain.model.valueobjects.ids.OrganizationId, java.lang.String)&gt; has parameter of type &lt;java.lang.String&gt; in (JpaStudentRepositoryAdapter.java:0)&#10;Method &lt;com.academia.infrastructure.persistence.adapters.JpaStudentRepositoryAdapter.findByAccountId(com.academia.domain.model.valueobjects.ids.AccountId)&gt; calls method &lt;java.util.Objects.requireNonNull(java.lang.Object)&gt; in (JpaStudentRepositoryAdapter.java:35)&#10;Method &lt;com.academia.infrastructure.persistence.adapters.JpaStudentRepositoryAdapter.findByAccountId(com.academia.domain.model.valueobjects.ids.AccountId)&gt; calls method &lt;java.util.Optional.map(java.util.function.Function)&gt; in (JpaStudentRepositoryAdapter.java:35)&#10;Method &lt;com.academia.infrastructure.persistence.adapters.JpaStudentRepositoryAdapter.findByAccountId(com.academia.domain.model.valueobjects.ids.AccountId)&gt; has return type &lt;java.util.Optional&gt; in (JpaStudentRepositoryAdapter.java:0)&#10;Method &lt;com.academia.infrastructure.persistence.adapters.JpaStudentRepositoryAdapter.findById(com.academia.domain.model.valueobjects.ids.AccountId)&gt; calls method &lt;java.util.Objects.requireNonNull(java.lang.Object)&gt; in (JpaStudentRepositoryAdapter.java:30)&#10;Method &lt;com.academia.infrastructure.persistence.adapters.JpaStudentRepositoryAdapter.findById(com.academia.domain.model.valueobjects.ids.AccountId)&gt; calls method &lt;java.util.Optional.map(java.util.function.Function)&gt; in (JpaStudentRepositoryAdapter.java:30)&#10;Method &lt;com.academia.infrastructure.persistence.adapters.JpaStudentRepositoryAdapter.findById(com.academia.domain.model.valueobjects.ids.AccountId)&gt; has return type &lt;java.util.Optional&gt; in (JpaStudentRepositoryAdapter.java:0)&#10;Method &lt;com.academia.infrastructure.persistence.adapters.JpaUserAccountRepositoryAdapter.findByEmail(com.academia.domain.model.valueobjects.ids.OrganizationId, com.academia.domain.model.valueobjects.user.Email)&gt; calls method &lt;java.util.Objects.requireNonNull(java.lang.Object)&gt; in (JpaUserAccountRepositoryAdapter.java:39)&#10;Method &lt;com.academia.infrastructure.persistence.adapters.JpaUserAccountRepositoryAdapter.findByEmail(com.academia.domain.model.valueobjects.ids.OrganizationId, com.academia.domain.model.valueobjects.user.Email)&gt; calls method &lt;java.util.Optional.map(java.util.function.Function)&gt; in (JpaUserAccountRepositoryAdapter.java:39)&#10;Method &lt;com.academia.infrastructure.persistence.adapters.JpaUserAccountRepositoryAdapter.findByEmail(com.academia.domain.model.valueobjects.ids.OrganizationId, com.academia.domain.model.valueobjects.user.Email)&gt; has return type &lt;java.util.Optional&gt; in (JpaUserAccountRepositoryAdapter.java:0)&#10;Method &lt;com.academia.infrastructure.persistence.adapters.JpaUserAccountRepositoryAdapter.findById(com.academia.domain.model.valueobjects.ids.AccountId)&gt; calls method &lt;java.util.Objects.requireNonNull(java.lang.Object)&gt; in (JpaUserAccountRepositoryAdapter.java:33)&#10;Method &lt;com.academia.infrastructure.persistence.adapters.JpaUserAccountRepositoryAdapter.findById(com.academia.domain.model.valueobjects.ids.AccountId)&gt; calls method &lt;java.util.Optional.map(java.util.function.Function)&gt; in (JpaUserAccountRepositoryAdapter.java:33)&#10;Method &lt;com.academia.infrastructure.persistence.adapters.JpaUserAccountRepositoryAdapter.findById(com.academia.domain.model.valueobjects.ids.AccountId)&gt; has return type &lt;java.util.Optional&gt; in (JpaUserAccountRepositoryAdapter.java:0)&#10;Method &lt;com.academia.infrastructure.persistence.jpa.entities.OrganizationJpaEntity.getDigitalConsentAge()&gt; is annotated with &lt;lombok.Generated&gt; in (OrganizationJpaEntity.java:0)&#10;Method &lt;com.academia.infrastructure.persistence.jpa.entities.OrganizationJpaEntity.getId()&gt; has return type &lt;java.lang.Long&gt; in (OrganizationJpaEntity.java:0)&#10;Method &lt;com.academia.infrastructure.persistence.jpa.entities.OrganizationJpaEntity.getId()&gt; is annotated with &lt;lombok.Generated&gt; in (OrganizationJpaEntity.java:0)&#10;Method &lt;com.academia.infrastructure.persistence.jpa.entities.OrganizationJpaEntity.getName()&gt; has return type &lt;java.lang.String&gt; in (OrganizationJpaEntity.java:0)&#10;Method &lt;com.academia.infrastructure.persistence.jpa.entities.OrganizationJpaEntity.getName()&gt; is annotated with &lt;lombok.Generated&gt; in (OrganizationJpaEntity.java:0)&#10;Method &lt;com.academia.infrastructure.persistence.jpa.entities.OrganizationJpaEntity.getSubdomain()&gt; has return type &lt;java.lang.String&gt; in (OrganizationJpaEntity.java:0)&#10;Method &lt;com.academia.infrastructure.persistence.jpa.entities.OrganizationJpaEntity.getSubdomain()&gt; is annotated with &lt;lombok.Generated&gt; in (OrganizationJpaEntity.java:0)&#10;Method &lt;com.academia.infrastructure.persistence.jpa.entities.OrganizationJpaEntity.getUuid()&gt; has return type &lt;java.lang.String&gt; in (OrganizationJpaEntity.java:0)&#10;Method &lt;com.academia.infrastructure.persistence.jpa.entities.OrganizationJpaEntity.getUuid()&gt; is annotated with &lt;lombok.Generated&gt; in (OrganizationJpaEntity.java:0)&#10;Method &lt;com.academia.infrastructure.persistence.jpa.entities.OrganizationJpaEntity.isActive()&gt; is annotated with &lt;lombok.Generated&gt; in (OrganizationJpaEntity.java:0)&#10;Method &lt;com.academia.infrastructure.persistence.jpa.entities.OrganizationJpaEntity.setActive(boolean)&gt; is annotated with &lt;lombok.Generated&gt; in (OrganizationJpaEntity.java:0)&#10;Method &lt;com.academia.infrastructure.persistence.jpa.entities.OrganizationJpaEntity.setDigitalConsentAge(int)&gt; is annotated with &lt;lombok.Generated&gt; in (OrganizationJpaEntity.java:0)&#10;Method &lt;com.academia.infrastructure.persistence.jpa.entities.OrganizationJpaEntity.setId(java.lang.Long)&gt; has parameter of type &lt;java.lang.Long&gt; in (OrganizationJpaEntity.java:0)&#10;Method &lt;com.academia.infrastructure.persistence.jpa.entities.OrganizationJpaEntity.setId(java.lang.Long)&gt; is annotated with &lt;lombok.Generated&gt; in (OrganizationJpaEntity.java:0)&#10;Method &lt;com.academia.infrastructure.persistence.jpa.entities.OrganizationJpaEntity.setName(java.lang.String)&gt; has parameter of type &lt;java.lang.String&gt; in (OrganizationJpaEntity.java:0)&#10;Method &lt;com.academia.infrastructure.persistence.jpa.entities.OrganizationJpaEntity.setName(java.lang.String)&gt; is annotated with &lt;lombok.Generated&gt; in (OrganizationJpaEntity.java:0)&#10;Method &lt;com.academia.infrastructure.persistence.jpa.entities.OrganizationJpaEntity.setSubdomain(java.lang.String)&gt; has parameter of type &lt;java.lang.String&gt; in (OrganizationJpaEntity.java:0)&#10;Method &lt;com.academia.infrastructure.persistence.jpa.entities.OrganizationJpaEntity.setSubdomain(java.lang.String)&gt; is annotated with &lt;lombok.Generated&gt; in (OrganizationJpaEntity.java:0)&#10;Method &lt;com.academia.infrastructure.persistence.jpa.entities.OrganizationJpaEntity.setUuid(java.lang.String)&gt; has parameter of type &lt;java.lang.String&gt; in (OrganizationJpaEntity.java:0)&#10;Method &lt;com.academia.infrastructure.persistence.jpa.entities.OrganizationJpaEntity.setUuid(java.lang.String)&gt; is annotated with &lt;lombok.Generated&gt; in (OrganizationJpaEntity.java:0)&#10;Method &lt;com.academia.infrastructure.persistence.jpa.entities.StudentProfileJpaEntity.getCurrentGradeLevel()&gt; has return type &lt;java.lang.String&gt; in (StudentProfileJpaEntity.java:0)&#10;Method &lt;com.academia.infrastructure.persistence.jpa.entities.StudentProfileJpaEntity.getCurrentGradeLevel()&gt; is annotated with &lt;lombok.Generated&gt; in (StudentProfileJpaEntity.java:0)&#10;Method &lt;com.academia.infrastructure.persistence.jpa.entities.StudentProfileJpaEntity.getEnrollmentDate()&gt; has return type &lt;java.time.LocalDate&gt; in (StudentProfileJpaEntity.java:0)&#10;Method &lt;com.academia.infrastructure.persistence.jpa.entities.StudentProfileJpaEntity.getEnrollmentDate()&gt; is annotated with &lt;lombok.Generated&gt; in (StudentProfileJpaEntity.java:0)&#10;Method &lt;com.academia.infrastructure.persistence.jpa.entities.StudentProfileJpaEntity.getOrganizationId()&gt; has return type &lt;java.lang.Long&gt; in (StudentProfileJpaEntity.java:0)&#10;Method &lt;com.academia.infrastructure.persistence.jpa.entities.StudentProfileJpaEntity.getOrganizationId()&gt; is annotated with &lt;lombok.Generated&gt; in (StudentProfileJpaEntity.java:0)&#10;Method &lt;com.academia.infrastructure.persistence.jpa.entities.StudentProfileJpaEntity.getStudentIdNumber()&gt; has return type &lt;java.lang.String&gt; in (StudentProfileJpaEntity.java:0)&#10;Method &lt;com.academia.infrastructure.persistence.jpa.entities.StudentProfileJpaEntity.getStudentIdNumber()&gt; is annotated with &lt;lombok.Generated&gt; in (StudentProfileJpaEntity.java:0)&#10;Method &lt;com.academia.infrastructure.persistence.jpa.entities.StudentProfileJpaEntity.getUserId()&gt; has return type &lt;java.lang.Long&gt; in (StudentProfileJpaEntity.java:0)&#10;Method &lt;com.academia.infrastructure.persistence.jpa.entities.StudentProfileJpaEntity.getUserId()&gt; is annotated with &lt;lombok.Generated&gt; in (StudentProfileJpaEntity.java:0)&#10;Method &lt;com.academia.infrastructure.persistence.jpa.entities.StudentProfileJpaEntity.setCurrentGradeLevel(java.lang.String)&gt; has parameter of type &lt;java.lang.String&gt; in (StudentProfileJpaEntity.java:0)&#10;Method &lt;com.academia.infrastructure.persistence.jpa.entities.StudentProfileJpaEntity.setCurrentGradeLevel(java.lang.String)&gt; is annotated with &lt;lombok.Generated&gt; in (StudentProfileJpaEntity.java:0)&#10;Method &lt;com.academia.infrastructure.persistence.jpa.entities.StudentProfileJpaEntity.setEnrollmentDate(java.time.LocalDate)&gt; has parameter of type &lt;java.time.LocalDate&gt; in (StudentProfileJpaEntity.java:0)&#10;Method &lt;com.academia.infrastructure.persistence.jpa.entities.StudentProfileJpaEntity.setEnrollmentDate(java.time.LocalDate)&gt; is annotated with &lt;lombok.Generated&gt; in (StudentProfileJpaEntity.java:0)&#10;Method &lt;com.academia.infrastructure.persistence.jpa.entities.StudentProfileJpaEntity.setOrganizationId(java.lang.Long)&gt; has parameter of type &lt;java.lang.Long&gt; in (StudentProfileJpaEntity.java:0)&#10;Method &lt;com.academia.infrastructure.persistence.jpa.entities.StudentProfileJpaEntity.setOrganizationId(java.lang.Long)&gt; is annotated with &lt;lombok.Generated&gt; in (StudentProfileJpaEntity.java:0)&#10;Method &lt;com.academia.infrastructure.persistence.jpa.entities.StudentProfileJpaEntity.setStudentIdNumber(java.lang.String)&gt; has parameter of type &lt;java.lang.String&gt; in (StudentProfileJpaEntity.java:0)&#10;Method &lt;com.academia.infrastructure.persistence.jpa.entities.StudentProfileJpaEntity.setStudentIdNumber(java.lang.String)&gt; is annotated with &lt;lombok.Generated&gt; in (StudentProfileJpaEntity.java:0)&#10;Method &lt;com.academia.infrastructure.persistence.jpa.entities.StudentProfileJpaEntity.setUserId(java.lang.Long)&gt; has parameter of type &lt;java.lang.Long&gt; in (StudentProfileJpaEntity.java:0)&#10;Method &lt;com.academia.infrastructure.persistence.jpa.entities.StudentProfileJpaEntity.setUserId(java.lang.Long)&gt; is annotated with &lt;lombok.Generated&gt; in (StudentProfileJpaEntity.java:0)&#10;Method &lt;com.academia.infrastructure.persistence.jpa.entities.UserJpaEntity.getAccountStatus()&gt; is annotated with &lt;lombok.Generated&gt; in (UserJpaEntity.java:0)&#10;Method &lt;com.academia.infrastructure.persistence.jpa.entities.UserJpaEntity.getBirthDate()&gt; has return type &lt;java.time.LocalDate&gt; in (UserJpaEntity.java:0)&#10;Method &lt;com.academia.infrastructure.persistence.jpa.entities.UserJpaEntity.getBirthDate()&gt; is annotated with &lt;lombok.Generated&gt; in (UserJpaEntity.java:0)&#10;Method &lt;com.academia.infrastructure.persistence.jpa.entities.UserJpaEntity.getEmail()&gt; has return type &lt;java.lang.String&gt; in (UserJpaEntity.java:0)&#10;Method &lt;com.academia.infrastructure.persistence.jpa.entities.UserJpaEntity.getEmail()&gt; is annotated with &lt;lombok.Generated&gt; in (UserJpaEntity.java:0)&#10;Method &lt;com.academia.infrastructure.persistence.jpa.entities.UserJpaEntity.getFirstName()&gt; has return type &lt;java.lang.String&gt; in (UserJpaEntity.java:0)&#10;Method &lt;com.academia.infrastructure.persistence.jpa.entities.UserJpaEntity.getFirstName()&gt; is annotated with &lt;lombok.Generated&gt; in (UserJpaEntity.java:0)&#10;Method &lt;com.academia.infrastructure.persistence.jpa.entities.UserJpaEntity.getId()&gt; has return type &lt;java.lang.Long&gt; in (UserJpaEntity.java:0)&#10;Method &lt;com.academia.infrastructure.persistence.jpa.entities.UserJpaEntity.getId()&gt; is annotated with &lt;lombok.Generated&gt; in (UserJpaEntity.java:0)&#10;Method &lt;com.academia.infrastructure.persistence.jpa.entities.UserJpaEntity.getLastName()&gt; has return type &lt;java.lang.String&gt; in (UserJpaEntity.java:0)&#10;Method &lt;com.academia.infrastructure.persistence.jpa.entities.UserJpaEntity.getLastName()&gt; is annotated with &lt;lombok.Generated&gt; in (UserJpaEntity.java:0)&#10;Method &lt;com.academia.infrastructure.persistence.jpa.entities.UserJpaEntity.getOrganizationId()&gt; has return type &lt;java.lang.Long&gt; in (UserJpaEntity.java:0)&#10;Method &lt;com.academia.infrastructure.persistence.jpa.entities.UserJpaEntity.getOrganizationId()&gt; is annotated with &lt;lombok.Generated&gt; in (UserJpaEntity.java:0)&#10;Method &lt;com.academia.infrastructure.persistence.jpa.entities.UserJpaEntity.getPasswordHash()&gt; has return type &lt;java.lang.String&gt; in (UserJpaEntity.java:0)&#10;Method &lt;com.academia.infrastructure.persistence.jpa.entities.UserJpaEntity.getPasswordHash()&gt; is annotated with &lt;lombok.Generated&gt; in (UserJpaEntity.java:0)&#10;Method &lt;com.academia.infrastructure.persistence.jpa.entities.UserJpaEntity.setAccountStatus(com.academia.domain.model.enums.AccountStatus)&gt; is annotated with &lt;lombok.Generated&gt; in (UserJpaEntity.java:0)&#10;Method &lt;com.academia.infrastructure.persistence.jpa.entities.UserJpaEntity.setBirthDate(java.time.LocalDate)&gt; has parameter of type &lt;java.time.LocalDate&gt; in (UserJpaEntity.java:0)&#10;Method &lt;com.academia.infrastructure.persistence.jpa.entities.UserJpaEntity.setBirthDate(java.time.LocalDate)&gt; is annotated with &lt;lombok.Generated&gt; in (UserJpaEntity.java:0)&#10;Method &lt;com.academia.infrastructure.persistence.jpa.entities.UserJpaEntity.setEmail(java.lang.String)&gt; has parameter of type &lt;java.lang.String&gt; in (UserJpaEntity.java:0)&#10;Method &lt;com.academia.infrastructure.persistence.jpa.entities.UserJpaEntity.setEmail(java.lang.String)&gt; is annotated with &lt;lombok.Generated&gt; in (UserJpaEntity.java:0)&#10;Method &lt;com.academia.infrastructure.persistence.jpa.entities.UserJpaEntity.setFirstName(java.lang.String)&gt; has parameter of type &lt;java.lang.String&gt; in (UserJpaEntity.java:0)&#10;Method &lt;com.academia.infrastructure.persistence.jpa.entities.UserJpaEntity.setFirstName(java.lang.String)&gt; is annotated with &lt;lombok.Generated&gt; in (UserJpaEntity.java:0)&#10;Method &lt;com.academia.infrastructure.persistence.jpa.entities.UserJpaEntity.setId(java.lang.Long)&gt; has parameter of type &lt;java.lang.Long&gt; in (UserJpaEntity.java:0)&#10;Method &lt;com.academia.infrastructure.persistence.jpa.entities.UserJpaEntity.setId(java.lang.Long)&gt; is annotated with &lt;lombok.Generated&gt; in (UserJpaEntity.java:0)&#10;Method &lt;com.academia.infrastructure.persistence.jpa.entities.UserJpaEntity.setLastName(java.lang.String)&gt; has parameter of type &lt;java.lang.String&gt; in (UserJpaEntity.java:0)&#10;Method &lt;com.academia.infrastructure.persistence.jpa.entities.UserJpaEntity.setLastName(java.lang.String)&gt; is annotated with &lt;lombok.Generated&gt; in (UserJpaEntity.java:0)&#10;Method &lt;com.academia.infrastructure.persistence.jpa.entities.UserJpaEntity.setOrganizationId(java.lang.Long)&gt; has parameter of type &lt;java.lang.Long&gt; in (UserJpaEntity.java:0)&#10;Method &lt;com.academia.infrastructure.persistence.jpa.entities.UserJpaEntity.setOrganizationId(java.lang.Long)&gt; is annotated with &lt;lombok.Generated&gt; in (UserJpaEntity.java:0)&#10;Method &lt;com.academia.infrastructure.persistence.jpa.entities.UserJpaEntity.setPasswordHash(java.lang.String)&gt; has parameter of type &lt;java.lang.String&gt; in (UserJpaEntity.java:0)&#10;Method &lt;com.academia.infrastructure.persistence.jpa.entities.UserJpaEntity.setPasswordHash(java.lang.String)&gt; is annotated with &lt;lombok.Generated&gt; in (UserJpaEntity.java:0)&#10;Method &lt;com.academia.infrastructure.persistence.jpa.mappers.OrganizationMapper.longToOrganizationId(java.lang.Long)&gt; has parameter of type &lt;java.lang.Long&gt; in (OrganizationMapper.java:0)&#10;Method &lt;com.academia.infrastructure.persistence.jpa.mappers.OrganizationMapper.longToOrganizationId(java.lang.Long)&gt; is annotated with &lt;org.mapstruct.Named&gt; in (OrganizationMapper.java:0)&#10;Method &lt;com.academia.infrastructure.persistence.jpa.mappers.OrganizationMapper.toDomain(com.academia.infrastructure.persistence.jpa.entities.OrganizationJpaEntity)&gt; has annotation member of type &lt;org.mapstruct.NullValueCheckStrategy&gt; in (OrganizationMapper.java:0)&#10;Method &lt;com.academia.infrastructure.persistence.jpa.mappers.OrganizationMapper.toDomain(com.academia.infrastructure.persistence.jpa.entities.OrganizationJpaEntity)&gt; has annotation member of type &lt;org.mapstruct.NullValuePropertyMappingStrategy&gt; in (OrganizationMapper.java:0)&#10;Method &lt;com.academia.infrastructure.persistence.jpa.mappers.OrganizationMapper.toDomain(com.academia.infrastructure.persistence.jpa.entities.OrganizationJpaEntity)&gt; has annotation member of type &lt;org.mapstruct.control.MappingControl&gt; in (OrganizationMapper.java:0)&#10;Method &lt;com.academia.infrastructure.persistence.jpa.mappers.OrganizationMapper.toDomain(com.academia.infrastructure.persistence.jpa.entities.OrganizationJpaEntity)&gt; is annotated with &lt;org.mapstruct.Mapping&gt; in (OrganizationMapper.java:0)&#10;Method &lt;com.academia.infrastructure.persistence.jpa.mappers.OrganizationMapper.toJpa(com.academia.domain.model.aggregates.Organization)&gt; has annotation member of type &lt;org.mapstruct.NullValueCheckStrategy&gt; in (OrganizationMapper.java:0)&#10;Method &lt;com.academia.infrastructure.persistence.jpa.mappers.OrganizationMapper.toJpa(com.academia.domain.model.aggregates.Organization)&gt; has annotation member of type &lt;org.mapstruct.NullValuePropertyMappingStrategy&gt; in (OrganizationMapper.java:0)&#10;Method &lt;com.academia.infrastructure.persistence.jpa.mappers.OrganizationMapper.toJpa(com.academia.domain.model.aggregates.Organization)&gt; has annotation member of type &lt;org.mapstruct.control.MappingControl&gt; in (OrganizationMapper.java:0)&#10;Method &lt;com.academia.infrastructure.persistence.jpa.mappers.OrganizationMapper.toJpa(com.academia.domain.model.aggregates.Organization)&gt; is annotated with &lt;org.mapstruct.Mapping&gt; in (OrganizationMapper.java:0)&#10;Method &lt;com.academia.infrastructure.persistence.jpa.mappers.OrganizationMapperImpl.organizationIdValue(com.academia.domain.model.aggregates.Organization)&gt; has return type &lt;java.lang.Long&gt; in (OrganizationMapperImpl.java:0)&#10;Method &lt;com.academia.infrastructure.persistence.jpa.mappers.StudentMapper.longToAccountId(java.lang.Long)&gt; has parameter of type &lt;java.lang.Long&gt; in (StudentMapper.java:0)&#10;Method &lt;com.academia.infrastructure.persistence.jpa.mappers.StudentMapper.longToAccountId(java.lang.Long)&gt; is annotated with &lt;org.mapstruct.Named&gt; in (StudentMapper.java:0)&#10;Method &lt;com.academia.infrastructure.persistence.jpa.mappers.StudentMapper.longToOrganizationId(java.lang.Long)&gt; has parameter of type &lt;java.lang.Long&gt; in (StudentMapper.java:0)&#10;Method &lt;com.academia.infrastructure.persistence.jpa.mappers.StudentMapper.longToOrganizationId(java.lang.Long)&gt; is annotated with &lt;org.mapstruct.Named&gt; in (StudentMapper.java:0)&#10;Method &lt;com.academia.infrastructure.persistence.jpa.mappers.StudentMapper.toDomain(com.academia.infrastructure.persistence.jpa.entities.StudentProfileJpaEntity)&gt; has annotation member of type &lt;org.mapstruct.Mapping&gt; in (StudentMapper.java:0)&#10;Method &lt;com.academia.infrastructure.persistence.jpa.mappers.StudentMapper.toDomain(com.academia.infrastructure.persistence.jpa.entities.StudentProfileJpaEntity)&gt; has annotation member of type &lt;org.mapstruct.NullValueCheckStrategy&gt; in (StudentMapper.java:0)&#10;Method &lt;com.academia.infrastructure.persistence.jpa.mappers.StudentMapper.toDomain(com.academia.infrastructure.persistence.jpa.entities.StudentProfileJpaEntity)&gt; has annotation member of type &lt;org.mapstruct.NullValuePropertyMappingStrategy&gt; in (StudentMapper.java:0)&#10;Method &lt;com.academia.infrastructure.persistence.jpa.mappers.StudentMapper.toDomain(com.academia.infrastructure.persistence.jpa.entities.StudentProfileJpaEntity)&gt; has annotation member of type &lt;org.mapstruct.control.MappingControl&gt; in (StudentMapper.java:0)&#10;Method &lt;com.academia.infrastructure.persistence.jpa.mappers.StudentMapper.toDomain(com.academia.infrastructure.persistence.jpa.entities.StudentProfileJpaEntity)&gt; is annotated with &lt;org.mapstruct.Mappings&gt; in (StudentMapper.java:0)&#10;Method &lt;com.academia.infrastructure.persistence.jpa.mappers.StudentMapper.toJpa(com.academia.domain.model.entities.Student)&gt; has annotation member of type &lt;org.mapstruct.Mapping&gt; in (StudentMapper.java:0)&#10;Method &lt;com.academia.infrastructure.persistence.jpa.mappers.StudentMapper.toJpa(com.academia.domain.model.entities.Student)&gt; has annotation member of type &lt;org.mapstruct.NullValueCheckStrategy&gt; in (StudentMapper.java:0)&#10;Method &lt;com.academia.infrastructure.persistence.jpa.mappers.StudentMapper.toJpa(com.academia.domain.model.entities.Student)&gt; has annotation member of type &lt;org.mapstruct.NullValuePropertyMappingStrategy&gt; in (StudentMapper.java:0)&#10;Method &lt;com.academia.infrastructure.persistence.jpa.mappers.StudentMapper.toJpa(com.academia.domain.model.entities.Student)&gt; has annotation member of type &lt;org.mapstruct.control.MappingControl&gt; in (StudentMapper.java:0)&#10;Method &lt;com.academia.infrastructure.persistence.jpa.mappers.StudentMapper.toJpa(com.academia.domain.model.entities.Student)&gt; is annotated with &lt;org.mapstruct.Mappings&gt; in (StudentMapper.java:0)&#10;Method &lt;com.academia.infrastructure.persistence.jpa.mappers.StudentMapperImpl.studentAccountIdValue(com.academia.domain.model.entities.Student)&gt; has return type &lt;java.lang.Long&gt; in (StudentMapperImpl.java:0)&#10;Method &lt;com.academia.infrastructure.persistence.jpa.mappers.StudentMapperImpl.studentOrganizationIdValue(com.academia.domain.model.entities.Student)&gt; has return type &lt;java.lang.Long&gt; in (StudentMapperImpl.java:0)&#10;Method &lt;com.academia.infrastructure.persistence.jpa.mappers.UserAccountMapper.toDomain(com.academia.infrastructure.persistence.jpa.entities.UserJpaEntity)&gt; has annotation member of type &lt;org.mapstruct.Mapping&gt; in (UserAccountMapper.java:0)&#10;Method &lt;com.academia.infrastructure.persistence.jpa.mappers.UserAccountMapper.toDomain(com.academia.infrastructure.persistence.jpa.entities.UserJpaEntity)&gt; has annotation member of type &lt;org.mapstruct.NullValueCheckStrategy&gt; in (UserAccountMapper.java:0)&#10;Method &lt;com.academia.infrastructure.persistence.jpa.mappers.UserAccountMapper.toDomain(com.academia.infrastructure.persistence.jpa.entities.UserJpaEntity)&gt; has annotation member of type &lt;org.mapstruct.NullValuePropertyMappingStrategy&gt; in (UserAccountMapper.java:0)&#10;Method &lt;com.academia.infrastructure.persistence.jpa.mappers.UserAccountMapper.toDomain(com.academia.infrastructure.persistence.jpa.entities.UserJpaEntity)&gt; has annotation member of type &lt;org.mapstruct.control.MappingControl&gt; in (UserAccountMapper.java:0)&#10;Method &lt;com.academia.infrastructure.persistence.jpa.mappers.UserAccountMapper.toDomain(com.academia.infrastructure.persistence.jpa.entities.UserJpaEntity)&gt; is annotated with &lt;org.mapstruct.Mappings&gt; in (UserAccountMapper.java:0)&#10;Method &lt;com.academia.infrastructure.persistence.jpa.mappers.UserAccountMapper.toJpa(com.academia.domain.model.aggregates.UserAccount)&gt; has annotation member of type &lt;org.mapstruct.Mapping&gt; in (UserAccountMapper.java:0)&#10;Method &lt;com.academia.infrastructure.persistence.jpa.mappers.UserAccountMapper.toJpa(com.academia.domain.model.aggregates.UserAccount)&gt; has annotation member of type &lt;org.mapstruct.NullValueCheckStrategy&gt; in (UserAccountMapper.java:0)&#10;Method &lt;com.academia.infrastructure.persistence.jpa.mappers.UserAccountMapper.toJpa(com.academia.domain.model.aggregates.UserAccount)&gt; has annotation member of type &lt;org.mapstruct.NullValuePropertyMappingStrategy&gt; in (UserAccountMapper.java:0)&#10;Method &lt;com.academia.infrastructure.persistence.jpa.mappers.UserAccountMapper.toJpa(com.academia.domain.model.aggregates.UserAccount)&gt; has annotation member of type &lt;org.mapstruct.control.MappingControl&gt; in (UserAccountMapper.java:0)&#10;Method &lt;com.academia.infrastructure.persistence.jpa.mappers.UserAccountMapper.toJpa(com.academia.domain.model.aggregates.UserAccount)&gt; is annotated with &lt;org.mapstruct.Mappings&gt; in (UserAccountMapper.java:0)&#10;Method &lt;com.academia.infrastructure.persistence.jpa.mappers.UserAccountMapperImpl.aggregateUserEmailValue(com.academia.domain.model.aggregates.UserAccount)&gt; has return type &lt;java.lang.String&gt; in (UserAccountMapperImpl.java:0)&#10;Method &lt;com.academia.infrastructure.persistence.jpa.mappers.UserAccountMapperImpl.aggregateUserIdValue(com.academia.domain.model.aggregates.UserAccount)&gt; has return type &lt;java.lang.Long&gt; in (UserAccountMapperImpl.java:0)&#10;Method &lt;com.academia.infrastructure.persistence.jpa.mappers.UserAccountMapperImpl.aggregateUserNameFirstName(com.academia.domain.model.aggregates.UserAccount)&gt; has return type &lt;java.lang.String&gt; in (UserAccountMapperImpl.java:0)&#10;Method &lt;com.academia.infrastructure.persistence.jpa.mappers.UserAccountMapperImpl.aggregateUserNameLastName(com.academia.domain.model.aggregates.UserAccount)&gt; has return type &lt;java.lang.String&gt; in (UserAccountMapperImpl.java:0)&#10;Method &lt;com.academia.infrastructure.persistence.jpa.mappers.UserAccountMapperImpl.aggregateUserOrganizationIdValue(com.academia.domain.model.aggregates.UserAccount)&gt; has return type &lt;java.lang.Long&gt; in (UserAccountMapperImpl.java:0)&#10;Method &lt;com.academia.infrastructure.persistence.jpa.repositories.SpringStudentProfileRepository.existsByOrganizationIdAndStudentIdNumber(java.lang.Long, java.lang.String)&gt; has parameter of type &lt;java.lang.Long&gt; in (SpringStudentProfileRepository.java:0)&#10;Method &lt;com.academia.infrastructure.persistence.jpa.repositories.SpringStudentProfileRepository.existsByOrganizationIdAndStudentIdNumber(java.lang.Long, java.lang.String)&gt; has parameter of type &lt;java.lang.String&gt; in (SpringStudentProfileRepository.java:0)&#10;Method &lt;com.academia.infrastructure.persistence.jpa.repositories.SpringUserRepository.existsByOrganizationIdAndEmail(java.lang.Long, java.lang.String)&gt; has parameter of type &lt;java.lang.Long&gt; in (SpringUserRepository.java:0)&#10;Method &lt;com.academia.infrastructure.persistence.jpa.repositories.SpringUserRepository.existsByOrganizationIdAndEmail(java.lang.Long, java.lang.String)&gt; has parameter of type &lt;java.lang.String&gt; in (SpringUserRepository.java:0)&#10;Method &lt;com.academia.infrastructure.persistence.jpa.repositories.SpringUserRepository.findByOrganizationIdAndEmail(java.lang.Long, java.lang.String)&gt; has parameter of type &lt;java.lang.Long&gt; in (SpringUserRepository.java:0)&#10;Method &lt;com.academia.infrastructure.persistence.jpa.repositories.SpringUserRepository.findByOrganizationIdAndEmail(java.lang.Long, java.lang.String)&gt; has parameter of type &lt;java.lang.String&gt; in (SpringUserRepository.java:0)&#10;Method &lt;com.academia.infrastructure.persistence.jpa.repositories.SpringUserRepository.findByOrganizationIdAndEmail(java.lang.Long, java.lang.String)&gt; has return type &lt;java.util.Optional&gt; in (SpringUserRepository.java:0)&#10;Method &lt;com.academia.infrastructure.web.controllers.CourseController.enrollStudent(com.academia.infrastructure.web.requests.EnrollStudentInCourseRequest)&gt; calls method &lt;org.springframework.http.ResponseEntity.ok(java.lang.Object)&gt; in (CourseController.java:28)&#10;Method &lt;com.academia.infrastructure.web.controllers.CourseController.enrollStudent(com.academia.infrastructure.web.requests.EnrollStudentInCourseRequest)&gt; has return type &lt;org.springframework.http.ResponseEntity&gt; in (CourseController.java:0)&#10;Method &lt;com.academia.infrastructure.web.controllers.CourseController.enrollStudent(com.academia.infrastructure.web.requests.EnrollStudentInCourseRequest)&gt; is annotated with &lt;org.springframework.web.bind.annotation.PostMapping&gt; in (CourseController.java:0)&#10;Method &lt;com.academia.infrastructure.web.controllers.StudentController.registerStudent(com.academia.infrastructure.web.requests.RegisterStudentRequest)&gt; calls method &lt;org.springframework.http.ResponseEntity$BodyBuilder.body(java.lang.Object)&gt; in (StudentController.java:31)&#10;Method &lt;com.academia.infrastructure.web.controllers.StudentController.registerStudent(com.academia.infrastructure.web.requests.RegisterStudentRequest)&gt; calls method &lt;org.springframework.http.ResponseEntity.status(org.springframework.http.HttpStatusCode)&gt; in (StudentController.java:31)&#10;Method &lt;com.academia.infrastructure.web.controllers.StudentController.registerStudent(com.academia.infrastructure.web.requests.RegisterStudentRequest)&gt; gets field &lt;org.springframework.http.HttpStatus.CREATED&gt; in (StudentController.java:31)&#10;Method &lt;com.academia.infrastructure.web.controllers.StudentController.registerStudent(com.academia.infrastructure.web.requests.RegisterStudentRequest)&gt; has return type &lt;org.springframework.http.ResponseEntity&gt; in (StudentController.java:0)&#10;Method &lt;com.academia.infrastructure.web.controllers.StudentController.registerStudent(com.academia.infrastructure.web.requests.RegisterStudentRequest)&gt; is annotated with &lt;org.springframework.web.bind.annotation.PostMapping&gt; in (StudentController.java:0)&#10;Method &lt;com.academia.infrastructure.web.requests.EnrollStudentInCourseRequest.courseId()&gt; has return type &lt;java.lang.Long&gt; in (EnrollStudentInCourseRequest.java:0)&#10;Method &lt;com.academia.infrastructure.web.requests.EnrollStudentInCourseRequest.courseId()&gt; is annotated with &lt;jakarta.validation.constraints.NotNull&gt; in (EnrollStudentInCourseRequest.java:0)&#10;Method &lt;com.academia.infrastructure.web.requests.EnrollStudentInCourseRequest.equals(java.lang.Object)&gt; has parameter of type &lt;java.lang.Object&gt; in (EnrollStudentInCourseRequest.java:0)&#10;Method &lt;com.academia.infrastructure.web.requests.EnrollStudentInCourseRequest.studentAccountId()&gt; has return type &lt;java.lang.Long&gt; in (EnrollStudentInCourseRequest.java:0)&#10;Method &lt;com.academia.infrastructure.web.requests.EnrollStudentInCourseRequest.studentAccountId()&gt; is annotated with &lt;jakarta.validation.constraints.NotNull&gt; in (EnrollStudentInCourseRequest.java:0)&#10;Method &lt;com.academia.infrastructure.web.requests.EnrollStudentInCourseRequest.toString()&gt; has return type &lt;java.lang.String&gt; in (EnrollStudentInCourseRequest.java:0)&#10;Method &lt;com.academia.infrastructure.web.requests.RegisterStudentRequest.birthDate()&gt; has return type &lt;java.time.LocalDate&gt; in (RegisterStudentRequest.java:0)&#10;Method &lt;com.academia.infrastructure.web.requests.RegisterStudentRequest.birthDate()&gt; is annotated with &lt;jakarta.validation.constraints.NotNull&gt; in (RegisterStudentRequest.java:0)&#10;Method &lt;com.academia.infrastructure.web.requests.RegisterStudentRequest.birthDate()&gt; is annotated with &lt;jakarta.validation.constraints.Past&gt; in (RegisterStudentRequest.java:0)&#10;Method &lt;com.academia.infrastructure.web.requests.RegisterStudentRequest.email()&gt; has return type &lt;java.lang.String&gt; in (RegisterStudentRequest.java:0)&#10;Method &lt;com.academia.infrastructure.web.requests.RegisterStudentRequest.email()&gt; is annotated with &lt;jakarta.validation.constraints.Email&gt; in (RegisterStudentRequest.java:0)&#10;Method &lt;com.academia.infrastructure.web.requests.RegisterStudentRequest.email()&gt; is annotated with &lt;jakarta.validation.constraints.NotBlank&gt; in (RegisterStudentRequest.java:0)&#10;Method &lt;com.academia.infrastructure.web.requests.RegisterStudentRequest.enrollmentDate()&gt; has return type &lt;java.time.LocalDate&gt; in (RegisterStudentRequest.java:0)&#10;Method &lt;com.academia.infrastructure.web.requests.RegisterStudentRequest.enrollmentDate()&gt; is annotated with &lt;jakarta.validation.constraints.NotNull&gt; in (RegisterStudentRequest.java:0)&#10;Method &lt;com.academia.infrastructure.web.requests.RegisterStudentRequest.equals(java.lang.Object)&gt; has parameter of type &lt;java.lang.Object&gt; in (RegisterStudentRequest.java:0)&#10;Method &lt;com.academia.infrastructure.web.requests.RegisterStudentRequest.firstName()&gt; has return type &lt;java.lang.String&gt; in (RegisterStudentRequest.java:0)&#10;Method &lt;com.academia.infrastructure.web.requests.RegisterStudentRequest.firstName()&gt; is annotated with &lt;jakarta.validation.constraints.NotBlank&gt; in (RegisterStudentRequest.java:0)&#10;Method &lt;com.academia.infrastructure.web.requests.RegisterStudentRequest.firstName()&gt; is annotated with &lt;jakarta.validation.constraints.Size&gt; in (RegisterStudentRequest.java:0)&#10;Method &lt;com.academia.infrastructure.web.requests.RegisterStudentRequest.initialGradeLevel()&gt; has return type &lt;java.lang.String&gt; in (RegisterStudentRequest.java:0)&#10;Method &lt;com.academia.infrastructure.web.requests.RegisterStudentRequest.initialGradeLevel()&gt; is annotated with &lt;jakarta.validation.constraints.NotBlank&gt; in (RegisterStudentRequest.java:0)&#10;Method &lt;com.academia.infrastructure.web.requests.RegisterStudentRequest.lastName()&gt; has return type &lt;java.lang.String&gt; in (RegisterStudentRequest.java:0)&#10;Method &lt;com.academia.infrastructure.web.requests.RegisterStudentRequest.lastName()&gt; is annotated with &lt;jakarta.validation.constraints.NotBlank&gt; in (RegisterStudentRequest.java:0)&#10;Method &lt;com.academia.infrastructure.web.requests.RegisterStudentRequest.lastName()&gt; is annotated with &lt;jakarta.validation.constraints.Size&gt; in (RegisterStudentRequest.java:0)&#10;Method &lt;com.academia.infrastructure.web.requests.RegisterStudentRequest.organizationId()&gt; has return type &lt;java.lang.Long&gt; in (RegisterStudentRequest.java:0)&#10;Method &lt;com.academia.infrastructure.web.requests.RegisterStudentRequest.organizationId()&gt; is annotated with &lt;jakarta.validation.constraints.NotNull&gt; in (RegisterStudentRequest.java:0)&#10;Method &lt;com.academia.infrastructure.web.requests.RegisterStudentRequest.studentIdNumber()&gt; has return type &lt;java.lang.String&gt; in (RegisterStudentRequest.java:0)&#10;Method &lt;com.academia.infrastructure.web.requests.RegisterStudentRequest.studentIdNumber()&gt; is annotated with &lt;jakarta.validation.constraints.NotBlank&gt; in (RegisterStudentRequest.java:0)&#10;Method &lt;com.academia.infrastructure.web.requests.RegisterStudentRequest.studentIdNumber()&gt; is annotated with &lt;jakarta.validation.constraints.Size&gt; in (RegisterStudentRequest.java:0)&#10;Method &lt;com.academia.infrastructure.web.requests.RegisterStudentRequest.toString()&gt; has return type &lt;java.lang.String&gt; in (RegisterStudentRequest.java:0)&#10;Parameter &lt;com.academia.infrastructure.web.requests.EnrollStudentInCourseRequest&gt; of method &lt;com.academia.infrastructure.web.controllers.CourseController.enrollStudent(com.academia.infrastructure.web.requests.EnrollStudentInCourseRequest)&gt; is annotated with &lt;jakarta.validation.Valid&gt; in (CourseController.java:0)&#10;Parameter &lt;com.academia.infrastructure.web.requests.EnrollStudentInCourseRequest&gt; of method &lt;com.academia.infrastructure.web.controllers.CourseController.enrollStudent(com.academia.infrastructure.web.requests.EnrollStudentInCourseRequest)&gt; is annotated with &lt;org.springframework.web.bind.annotation.RequestBody&gt; in (CourseController.java:0)&#10;Parameter &lt;com.academia.infrastructure.web.requests.RegisterStudentRequest&gt; of method &lt;com.academia.infrastructure.web.controllers.StudentController.registerStudent(com.academia.infrastructure.web.requests.RegisterStudentRequest)&gt; is annotated with &lt;jakarta.validation.Valid&gt; in (StudentController.java:0)&#10;Parameter &lt;com.academia.infrastructure.web.requests.RegisterStudentRequest&gt; of method &lt;com.academia.infrastructure.web.controllers.StudentController.registerStudent(com.academia.infrastructure.web.requests.RegisterStudentRequest)&gt; is annotated with &lt;org.springframework.web.bind.annotation.RequestBody&gt; in (StudentController.java:0)&#10;Parameter &lt;java.lang.Long&gt; of constructor &lt;com.academia.infrastructure.web.requests.EnrollStudentInCourseRequest.&lt;init&gt;(java.lang.Long, java.lang.Long)&gt; is annotated with &lt;jakarta.validation.constraints.NotNull&gt; in (EnrollStudentInCourseRequest.java:0)&#10;Parameter &lt;java.lang.Long&gt; of constructor &lt;com.academia.infrastructure.web.requests.RegisterStudentRequest.&lt;init&gt;(java.lang.Long, java.lang.String, java.lang.String, java.lang.String, java.time.LocalDate, java.lang.String, java.time.LocalDate, java.lang.String)&gt; is annotated with &lt;jakarta.validation.constraints.NotNull&gt; in (RegisterStudentRequest.java:0)&#10;Parameter &lt;java.lang.String&gt; of constructor &lt;com.academia.infrastructure.web.requests.RegisterStudentRequest.&lt;init&gt;(java.lang.Long, java.lang.String, java.lang.String, java.lang.String, java.time.LocalDate, java.lang.String, java.time.LocalDate, java.lang.String)&gt; is annotated with &lt;jakarta.validation.constraints.Email&gt; in (RegisterStudentRequest.java:0)&#10;Parameter &lt;java.lang.String&gt; of constructor &lt;com.academia.infrastructure.web.requests.RegisterStudentRequest.&lt;init&gt;(java.lang.Long, java.lang.String, java.lang.String, java.lang.String, java.time.LocalDate, java.lang.String, java.time.LocalDate, java.lang.String)&gt; is annotated with &lt;jakarta.validation.constraints.NotBlank&gt; in (RegisterStudentRequest.java:0)&#10;Parameter &lt;java.lang.String&gt; of constructor &lt;com.academia.infrastructure.web.requests.RegisterStudentRequest.&lt;init&gt;(java.lang.Long, java.lang.String, java.lang.String, java.lang.String, java.time.LocalDate, java.lang.String, java.time.LocalDate, java.lang.String)&gt; is annotated with &lt;jakarta.validation.constraints.Size&gt; in (RegisterStudentRequest.java:0)&#10;Parameter &lt;java.time.LocalDate&gt; of constructor &lt;com.academia.infrastructure.web.requests.RegisterStudentRequest.&lt;init&gt;(java.lang.Long, java.lang.String, java.lang.String, java.lang.String, java.time.LocalDate, java.lang.String, java.time.LocalDate, java.lang.String)&gt; is annotated with &lt;jakarta.validation.constraints.NotNull&gt; in (RegisterStudentRequest.java:0)&#10;Parameter &lt;java.time.LocalDate&gt; of constructor &lt;com.academia.infrastructure.web.requests.RegisterStudentRequest.&lt;init&gt;(java.lang.Long, java.lang.String, java.lang.String, java.lang.String, java.time.LocalDate, java.lang.String, java.time.LocalDate, java.lang.String)&gt; is annotated with &lt;jakarta.validation.constraints.Past&gt; in (RegisterStudentRequest.java:0)&#10;Static Initializer &lt;com.academia.application.mappers.StudentDTOMapper.&lt;clinit&gt;()&gt; calls method &lt;org.mapstruct.factory.Mappers.getMapper(java.lang.Class)&gt; in (StudentDTOMapper.java:13)&#10;Static Initializer &lt;com.academia.domain.model.valueobjects.user.Email.&lt;clinit&gt;()&gt; calls method &lt;java.util.regex.Pattern.compile(java.lang.String)&gt; in (Email.java:7)&#10;Static Initializer &lt;com.academia.infrastructure.events.SpringDomainEventPublisher.&lt;clinit&gt;()&gt; calls method &lt;org.slf4j.LoggerFactory.getLogger(java.lang.Class)&gt; in (SpringDomainEventPublisher.java:13)&#10;Static Initializer &lt;com.academia.infrastructure.persistence.jpa.mappers.UserAccountMapper.&lt;clinit&gt;()&gt; calls method &lt;org.mapstruct.factory.Mappers.getMapper(java.lang.Class)&gt; in (UserAccountMapper.java:12)&#10;Static Initializer &lt;com.academia.infrastructure.web.mappers.RegisterStudentRequestMapper.&lt;clinit&gt;()&gt; calls method &lt;org.mapstruct.factory.Mappers.getMapper(java.lang.Class)&gt; in (RegisterStudentRequestMapper.java:12)" type="java.lang.AssertionError"><![CDATA[java.lang.AssertionError: 
Architecture Violation [Priority: MEDIUM] - Rule 'Layered architecture considering all dependencies, consisting of
layer 'Domain' ('com.academia.domain..')
layer 'Application' ('com.academia.application..')
layer 'Infrastructure' ('com.academia.infrastructure..')
where layer 'Application' may only access layers ['Domain']
where layer 'Domain' may not access any layer
where layer 'Infrastructure' may only access layers ['Application', 'Domain']' was violated (1085 times):
Class <com.academia.application.exceptions.ResourceNotFoundException> extends class <java.lang.RuntimeException> in (ResourceNotFoundException.java:0)
Class <com.academia.application.mappers.StudentDTOMapper> has annotation member of type <java.lang.IllegalArgumentException> in (StudentDTOMapper.java:0)
Class <com.academia.application.mappers.StudentDTOMapper> has annotation member of type <org.mapstruct.Builder> in (StudentDTOMapper.java:0)
Class <com.academia.application.mappers.StudentDTOMapper> has annotation member of type <org.mapstruct.CollectionMappingStrategy> in (StudentDTOMapper.java:0)
Class <com.academia.application.mappers.StudentDTOMapper> has annotation member of type <org.mapstruct.InjectionStrategy> in (StudentDTOMapper.java:0)
Class <com.academia.application.mappers.StudentDTOMapper> has annotation member of type <org.mapstruct.MappingInheritanceStrategy> in (StudentDTOMapper.java:0)
Class <com.academia.application.mappers.StudentDTOMapper> has annotation member of type <org.mapstruct.NullValueCheckStrategy> in (StudentDTOMapper.java:0)
Class <com.academia.application.mappers.StudentDTOMapper> has annotation member of type <org.mapstruct.NullValueMappingStrategy> in (StudentDTOMapper.java:0)
Class <com.academia.application.mappers.StudentDTOMapper> has annotation member of type <org.mapstruct.NullValuePropertyMappingStrategy> in (StudentDTOMapper.java:0)
Class <com.academia.application.mappers.StudentDTOMapper> has annotation member of type <org.mapstruct.ReportingPolicy> in (StudentDTOMapper.java:0)
Class <com.academia.application.mappers.StudentDTOMapper> has annotation member of type <org.mapstruct.SubclassExhaustiveStrategy> in (StudentDTOMapper.java:0)
Class <com.academia.application.mappers.StudentDTOMapper> has annotation member of type <org.mapstruct.control.MappingControl> in (StudentDTOMapper.java:0)
Class <com.academia.application.mappers.StudentDTOMapper> is annotated with <org.mapstruct.Mapper> in (StudentDTOMapper.java:0)
Class <com.academia.application.mappers.StudentDTOMapperImpl> extends class <java.lang.Object> in (StudentDTOMapperImpl.java:0)
Class <com.academia.application.mappers.StudentDTOMapperImpl> is annotated with <org.springframework.stereotype.Component> in (StudentDTOMapperImpl.java:0)
Class <com.academia.application.services.EnrollStudentInCourseServiceImpl> extends class <java.lang.Object> in (EnrollStudentInCourseServiceImpl.java:0)
Class <com.academia.application.services.EnrollStudentInCourseServiceImpl> is annotated with <org.springframework.stereotype.Service> in (EnrollStudentInCourseServiceImpl.java:0)
Class <com.academia.application.services.FindStudentDetailsServiceImpl> extends class <java.lang.Object> in (FindStudentDetailsServiceImpl.java:0)
Class <com.academia.application.services.FindStudentDetailsServiceImpl> is annotated with <org.springframework.stereotype.Service> in (FindStudentDetailsServiceImpl.java:0)
Class <com.academia.application.services.RegisterNewStudentServiceImpl> extends class <java.lang.Object> in (RegisterNewStudentServiceImpl.java:0)
Class <com.academia.application.services.RegisterNewStudentServiceImpl> is annotated with <org.springframework.stereotype.Service> in (RegisterNewStudentServiceImpl.java:0)
Class <com.academia.domain.model.aggregates.Course> extends class <java.lang.Object> in (Course.java:0)
Class <com.academia.domain.model.aggregates.Organization> extends class <java.lang.Object> in (Organization.java:0)
Class <com.academia.domain.model.aggregates.UserAccount> extends class <java.lang.Object> in (UserAccount.java:0)
Class <com.academia.domain.model.entities.AcademicTerm> extends class <java.lang.Object> in (AcademicTerm.java:0)
Class <com.academia.domain.model.entities.Enrollment> extends class <java.lang.Object> in (Enrollment.java:0)
Class <com.academia.domain.model.entities.Guardian> extends class <java.lang.Object> in (Guardian.java:0)
Class <com.academia.domain.model.entities.Role> extends class <java.lang.Object> in (Role.java:0)
Class <com.academia.domain.model.entities.Staff> extends class <java.lang.Object> in (Staff.java:0)
Class <com.academia.domain.model.entities.Student> extends class <java.lang.Object> in (Student.java:0)
Class <com.academia.domain.model.entities.Subject> extends class <java.lang.Object> in (Subject.java:0)
Class <com.academia.domain.model.entities.User> extends class <java.lang.Object> in (User.java:0)
Class <com.academia.domain.model.enums.AccountStatus> extends class <java.lang.Enum> in (AccountStatus.java:0)
Class <com.academia.domain.model.enums.AttendanceStatus> extends class <java.lang.Enum> in (AttendanceStatus.java:0)
Class <com.academia.domain.model.enums.EnrollmentStatus> extends class <java.lang.Enum> in (EnrollmentStatus.java:0)
Class <com.academia.domain.model.enums.RoleScope> extends class <java.lang.Enum> in (RoleScope.java:0)
Class <com.academia.domain.model.events.CourseEvents$StudentEnrolledInCourse> extends class <java.lang.Record> in (CourseEvents.java:0)
Class <com.academia.domain.model.events.CourseEvents$TeacherAssignedToCourse> extends class <java.lang.Record> in (CourseEvents.java:0)
Class <com.academia.domain.model.events.CourseEvents> extends class <java.lang.Object> in (CourseEvents.java:0)
Class <com.academia.domain.model.events.UserAccountEvents$AccountActivated> extends class <java.lang.Record> in (UserAccountEvents.java:0)
Class <com.academia.domain.model.events.UserAccountEvents$UserRegisteredEvent> extends class <java.lang.Record> in (UserAccountEvents.java:0)
Class <com.academia.domain.model.events.UserAccountEvents> extends class <java.lang.Object> in (UserAccountEvents.java:0)
Class <com.academia.domain.model.events.UserEvents$AccountActivated> extends class <java.lang.Record> in (UserEvents.java:0)
Class <com.academia.domain.model.events.UserEvents$UserRegisteredEvent> extends class <java.lang.Record> in (UserEvents.java:0)
Class <com.academia.domain.model.events.UserEvents> extends class <java.lang.Object> in (UserEvents.java:0)
Class <com.academia.domain.model.services.EnrollmentEligibilityChecker> extends class <java.lang.Object> in (EnrollmentEligibilityChecker.java:0)
Class <com.academia.domain.model.valueobjects.GuardianRelationship> extends class <java.lang.Object> in (GuardianRelationship.java:0)
Class <com.academia.domain.model.valueobjects.academic.CourseCode> extends class <java.lang.Object> in (CourseCode.java:0)
Class <com.academia.domain.model.valueobjects.academic.Grade> extends class <java.lang.Object> in (Grade.java:0)
Class <com.academia.domain.model.valueobjects.academic.TermDates> extends class <java.lang.Object> in (TermDates.java:0)
Class <com.academia.domain.model.valueobjects.ids.AccountId> extends class <java.lang.Object> in (AccountId.java:0)
Class <com.academia.domain.model.valueobjects.ids.CourseId> extends class <java.lang.Object> in (CourseId.java:0)
Class <com.academia.domain.model.valueobjects.ids.OrganizationId> extends class <java.lang.Object> in (OrganizationId.java:0)
Class <com.academia.domain.model.valueobjects.ids.SubjectId> extends class <java.lang.Object> in (SubjectId.java:0)
Class <com.academia.domain.model.valueobjects.user.DNI> extends class <java.lang.Object> in (DNI.java:0)
Class <com.academia.domain.model.valueobjects.user.Email> extends class <java.lang.Record> in (Email.java:0)
Class <com.academia.domain.model.valueobjects.user.HashedPassword> extends class <java.lang.Object> in (HashedPassword.java:0)
Class <com.academia.domain.model.valueobjects.user.Name> extends class <java.lang.Object> in (Name.java:0)
Class <com.academia.domain.ports.in.commands.EnrollStudentInCourseCommand> extends class <java.lang.Record> in (EnrollStudentInCourseCommand.java:0)
Class <com.academia.domain.ports.in.commands.RegisterNewStudentCommand> extends class <java.lang.Record> in (RegisterNewStudentCommand.java:0)
Class <com.academia.domain.ports.in.dtos.EnrollmentResultDTO> extends class <java.lang.Record> in (EnrollmentResultDTO.java:0)
Class <com.academia.domain.ports.in.dtos.StudentDetailsDTO$GuardianDTO> extends class <java.lang.Record> in (StudentDetailsDTO.java:0)
Class <com.academia.domain.ports.in.dtos.StudentDetailsDTO> extends class <java.lang.Record> in (StudentDetailsDTO.java:0)
Class <com.academia.domain.ports.in.queries.GetStudentDetailsQuery> extends class <java.lang.Record> in (GetStudentDetailsQuery.java:0)
Class <com.academia.infrastructure.config.DomainServiceConfig> extends class <java.lang.Object> in (DomainServiceConfig.java:0)
Class <com.academia.infrastructure.config.DomainServiceConfig> is annotated with <org.springframework.context.annotation.Configuration> in (DomainServiceConfig.java:0)
Class <com.academia.infrastructure.config.OpenApiConfig> extends class <java.lang.Object> in (OpenApiConfig.java:0)
Class <com.academia.infrastructure.config.OpenApiConfig> is annotated with <org.springframework.context.annotation.Configuration> in (OpenApiConfig.java:0)
Class <com.academia.infrastructure.events.SpringDomainEventPublisher> extends class <java.lang.Object> in (SpringDomainEventPublisher.java:0)
Class <com.academia.infrastructure.events.SpringDomainEventPublisher> is annotated with <org.springframework.stereotype.Component> in (SpringDomainEventPublisher.java:0)
Class <com.academia.infrastructure.persistence.adapters.JpaCourseRepositoryAdapter> extends class <java.lang.Object> in (JpaCourseRepositoryAdapter.java:0)
Class <com.academia.infrastructure.persistence.adapters.JpaCourseRepositoryAdapter> is annotated with <org.springframework.stereotype.Repository> in (JpaCourseRepositoryAdapter.java:0)
Class <com.academia.infrastructure.persistence.adapters.JpaOrganizationRepositoryAdapter> extends class <java.lang.Object> in (JpaOrganizationRepositoryAdapter.java:0)
Class <com.academia.infrastructure.persistence.adapters.JpaOrganizationRepositoryAdapter> is annotated with <org.springframework.stereotype.Repository> in (JpaOrganizationRepositoryAdapter.java:0)
Class <com.academia.infrastructure.persistence.adapters.JpaStudentRepositoryAdapter> extends class <java.lang.Object> in (JpaStudentRepositoryAdapter.java:0)
Class <com.academia.infrastructure.persistence.adapters.JpaStudentRepositoryAdapter> is annotated with <org.springframework.stereotype.Repository> in (JpaStudentRepositoryAdapter.java:0)
Class <com.academia.infrastructure.persistence.adapters.JpaUserAccountRepositoryAdapter> extends class <java.lang.Object> in (JpaUserAccountRepositoryAdapter.java:0)
Class <com.academia.infrastructure.persistence.adapters.JpaUserAccountRepositoryAdapter> is annotated with <org.springframework.stereotype.Repository> in (JpaUserAccountRepositoryAdapter.java:0)
Class <com.academia.infrastructure.persistence.jpa.entities.OrganizationJpaEntity> extends class <java.lang.Object> in (OrganizationJpaEntity.java:0)
Class <com.academia.infrastructure.persistence.jpa.entities.OrganizationJpaEntity> is annotated with <jakarta.persistence.Entity> in (OrganizationJpaEntity.java:0)
Class <com.academia.infrastructure.persistence.jpa.entities.OrganizationJpaEntity> is annotated with <jakarta.persistence.Table> in (OrganizationJpaEntity.java:0)
Class <com.academia.infrastructure.persistence.jpa.entities.StudentProfileJpaEntity> extends class <java.lang.Object> in (StudentProfileJpaEntity.java:0)
Class <com.academia.infrastructure.persistence.jpa.entities.StudentProfileJpaEntity> is annotated with <jakarta.persistence.Entity> in (StudentProfileJpaEntity.java:0)
Class <com.academia.infrastructure.persistence.jpa.entities.StudentProfileJpaEntity> is annotated with <jakarta.persistence.Table> in (StudentProfileJpaEntity.java:0)
Class <com.academia.infrastructure.persistence.jpa.entities.UserJpaEntity> extends class <java.lang.Object> in (UserJpaEntity.java:0)
Class <com.academia.infrastructure.persistence.jpa.entities.UserJpaEntity> is annotated with <jakarta.persistence.Entity> in (UserJpaEntity.java:0)
Class <com.academia.infrastructure.persistence.jpa.entities.UserJpaEntity> is annotated with <jakarta.persistence.Table> in (UserJpaEntity.java:0)
Class <com.academia.infrastructure.persistence.jpa.mappers.OrganizationMapper> has annotation member of type <java.lang.IllegalArgumentException> in (OrganizationMapper.java:0)
Class <com.academia.infrastructure.persistence.jpa.mappers.OrganizationMapper> has annotation member of type <org.mapstruct.Builder> in (OrganizationMapper.java:0)
Class <com.academia.infrastructure.persistence.jpa.mappers.OrganizationMapper> has annotation member of type <org.mapstruct.CollectionMappingStrategy> in (OrganizationMapper.java:0)
Class <com.academia.infrastructure.persistence.jpa.mappers.OrganizationMapper> has annotation member of type <org.mapstruct.InjectionStrategy> in (OrganizationMapper.java:0)
Class <com.academia.infrastructure.persistence.jpa.mappers.OrganizationMapper> has annotation member of type <org.mapstruct.MappingInheritanceStrategy> in (OrganizationMapper.java:0)
Class <com.academia.infrastructure.persistence.jpa.mappers.OrganizationMapper> has annotation member of type <org.mapstruct.NullValueCheckStrategy> in (OrganizationMapper.java:0)
Class <com.academia.infrastructure.persistence.jpa.mappers.OrganizationMapper> has annotation member of type <org.mapstruct.NullValueMappingStrategy> in (OrganizationMapper.java:0)
Class <com.academia.infrastructure.persistence.jpa.mappers.OrganizationMapper> has annotation member of type <org.mapstruct.NullValuePropertyMappingStrategy> in (OrganizationMapper.java:0)
Class <com.academia.infrastructure.persistence.jpa.mappers.OrganizationMapper> has annotation member of type <org.mapstruct.ReportingPolicy> in (OrganizationMapper.java:0)
Class <com.academia.infrastructure.persistence.jpa.mappers.OrganizationMapper> has annotation member of type <org.mapstruct.SubclassExhaustiveStrategy> in (OrganizationMapper.java:0)
Class <com.academia.infrastructure.persistence.jpa.mappers.OrganizationMapper> has annotation member of type <org.mapstruct.control.MappingControl> in (OrganizationMapper.java:0)
Class <com.academia.infrastructure.persistence.jpa.mappers.OrganizationMapper> is annotated with <org.mapstruct.Mapper> in (OrganizationMapper.java:0)
Class <com.academia.infrastructure.persistence.jpa.mappers.OrganizationMapperImpl> extends class <java.lang.Object> in (OrganizationMapperImpl.java:0)
Class <com.academia.infrastructure.persistence.jpa.mappers.OrganizationMapperImpl> is annotated with <org.springframework.stereotype.Component> in (OrganizationMapperImpl.java:0)
Class <com.academia.infrastructure.persistence.jpa.mappers.StudentMapper> has annotation member of type <java.lang.IllegalArgumentException> in (StudentMapper.java:0)
Class <com.academia.infrastructure.persistence.jpa.mappers.StudentMapper> has annotation member of type <org.mapstruct.Builder> in (StudentMapper.java:0)
Class <com.academia.infrastructure.persistence.jpa.mappers.StudentMapper> has annotation member of type <org.mapstruct.CollectionMappingStrategy> in (StudentMapper.java:0)
Class <com.academia.infrastructure.persistence.jpa.mappers.StudentMapper> has annotation member of type <org.mapstruct.InjectionStrategy> in (StudentMapper.java:0)
Class <com.academia.infrastructure.persistence.jpa.mappers.StudentMapper> has annotation member of type <org.mapstruct.MappingInheritanceStrategy> in (StudentMapper.java:0)
Class <com.academia.infrastructure.persistence.jpa.mappers.StudentMapper> has annotation member of type <org.mapstruct.NullValueCheckStrategy> in (StudentMapper.java:0)
Class <com.academia.infrastructure.persistence.jpa.mappers.StudentMapper> has annotation member of type <org.mapstruct.NullValueMappingStrategy> in (StudentMapper.java:0)
Class <com.academia.infrastructure.persistence.jpa.mappers.StudentMapper> has annotation member of type <org.mapstruct.NullValuePropertyMappingStrategy> in (StudentMapper.java:0)
Class <com.academia.infrastructure.persistence.jpa.mappers.StudentMapper> has annotation member of type <org.mapstruct.ReportingPolicy> in (StudentMapper.java:0)
Class <com.academia.infrastructure.persistence.jpa.mappers.StudentMapper> has annotation member of type <org.mapstruct.SubclassExhaustiveStrategy> in (StudentMapper.java:0)
Class <com.academia.infrastructure.persistence.jpa.mappers.StudentMapper> has annotation member of type <org.mapstruct.control.MappingControl> in (StudentMapper.java:0)
Class <com.academia.infrastructure.persistence.jpa.mappers.StudentMapper> is annotated with <org.mapstruct.Mapper> in (StudentMapper.java:0)
Class <com.academia.infrastructure.persistence.jpa.mappers.StudentMapperImpl> extends class <java.lang.Object> in (StudentMapperImpl.java:0)
Class <com.academia.infrastructure.persistence.jpa.mappers.StudentMapperImpl> is annotated with <org.springframework.stereotype.Component> in (StudentMapperImpl.java:0)
Class <com.academia.infrastructure.persistence.jpa.mappers.UserAccountMapper> has annotation member of type <java.lang.IllegalArgumentException> in (UserAccountMapper.java:0)
Class <com.academia.infrastructure.persistence.jpa.mappers.UserAccountMapper> has annotation member of type <org.mapstruct.Builder> in (UserAccountMapper.java:0)
Class <com.academia.infrastructure.persistence.jpa.mappers.UserAccountMapper> has annotation member of type <org.mapstruct.CollectionMappingStrategy> in (UserAccountMapper.java:0)
Class <com.academia.infrastructure.persistence.jpa.mappers.UserAccountMapper> has annotation member of type <org.mapstruct.InjectionStrategy> in (UserAccountMapper.java:0)
Class <com.academia.infrastructure.persistence.jpa.mappers.UserAccountMapper> has annotation member of type <org.mapstruct.MappingInheritanceStrategy> in (UserAccountMapper.java:0)
Class <com.academia.infrastructure.persistence.jpa.mappers.UserAccountMapper> has annotation member of type <org.mapstruct.NullValueCheckStrategy> in (UserAccountMapper.java:0)
Class <com.academia.infrastructure.persistence.jpa.mappers.UserAccountMapper> has annotation member of type <org.mapstruct.NullValueMappingStrategy> in (UserAccountMapper.java:0)
Class <com.academia.infrastructure.persistence.jpa.mappers.UserAccountMapper> has annotation member of type <org.mapstruct.NullValuePropertyMappingStrategy> in (UserAccountMapper.java:0)
Class <com.academia.infrastructure.persistence.jpa.mappers.UserAccountMapper> has annotation member of type <org.mapstruct.ReportingPolicy> in (UserAccountMapper.java:0)
Class <com.academia.infrastructure.persistence.jpa.mappers.UserAccountMapper> has annotation member of type <org.mapstruct.SubclassExhaustiveStrategy> in (UserAccountMapper.java:0)
Class <com.academia.infrastructure.persistence.jpa.mappers.UserAccountMapper> has annotation member of type <org.mapstruct.control.MappingControl> in (UserAccountMapper.java:0)
Class <com.academia.infrastructure.persistence.jpa.mappers.UserAccountMapper> is annotated with <org.mapstruct.Mapper> in (UserAccountMapper.java:0)
Class <com.academia.infrastructure.persistence.jpa.mappers.UserAccountMapperImpl> extends class <java.lang.Object> in (UserAccountMapperImpl.java:0)
Class <com.academia.infrastructure.persistence.jpa.mappers.UserAccountMapperImpl> is annotated with <org.springframework.stereotype.Component> in (UserAccountMapperImpl.java:0)
Class <com.academia.infrastructure.persistence.jpa.repositories.SpringOrganizationRepository> has generic interface <org.springframework.data.jpa.repository.JpaRepository<com.academia.infrastructure.persistence.jpa.entities.OrganizationJpaEntity, java.lang.Long>> with type argument depending on <java.lang.Long> in (SpringOrganizationRepository.java:0)
Class <com.academia.infrastructure.persistence.jpa.repositories.SpringStudentProfileRepository> has generic interface <org.springframework.data.jpa.repository.JpaRepository<com.academia.infrastructure.persistence.jpa.entities.StudentProfileJpaEntity, java.lang.Long>> with type argument depending on <java.lang.Long> in (SpringStudentProfileRepository.java:0)
Class <com.academia.infrastructure.persistence.jpa.repositories.SpringUserRepository> has generic interface <org.springframework.data.jpa.repository.JpaRepository<com.academia.infrastructure.persistence.jpa.entities.UserJpaEntity, java.lang.Long>> with type argument depending on <java.lang.Long> in (SpringUserRepository.java:0)
Class <com.academia.infrastructure.web.controllers.CourseController> extends class <java.lang.Object> in (CourseController.java:0)
Class <com.academia.infrastructure.web.controllers.CourseController> is annotated with <org.springframework.web.bind.annotation.RequestMapping> in (CourseController.java:0)
Class <com.academia.infrastructure.web.controllers.CourseController> is annotated with <org.springframework.web.bind.annotation.RestController> in (CourseController.java:0)
Class <com.academia.infrastructure.web.controllers.StudentController> extends class <java.lang.Object> in (StudentController.java:0)
Class <com.academia.infrastructure.web.controllers.StudentController> is annotated with <org.springframework.web.bind.annotation.RequestMapping> in (StudentController.java:0)
Class <com.academia.infrastructure.web.controllers.StudentController> is annotated with <org.springframework.web.bind.annotation.RestController> in (StudentController.java:0)
Class <com.academia.infrastructure.web.mappers.EnrollStudentRequestMapper> has annotation member of type <java.lang.IllegalArgumentException> in (EnrollStudentRequestMapper.java:0)
Class <com.academia.infrastructure.web.mappers.EnrollStudentRequestMapper> has annotation member of type <org.mapstruct.Builder> in (EnrollStudentRequestMapper.java:0)
Class <com.academia.infrastructure.web.mappers.EnrollStudentRequestMapper> has annotation member of type <org.mapstruct.CollectionMappingStrategy> in (EnrollStudentRequestMapper.java:0)
Class <com.academia.infrastructure.web.mappers.EnrollStudentRequestMapper> has annotation member of type <org.mapstruct.InjectionStrategy> in (EnrollStudentRequestMapper.java:0)
Class <com.academia.infrastructure.web.mappers.EnrollStudentRequestMapper> has annotation member of type <org.mapstruct.MappingInheritanceStrategy> in (EnrollStudentRequestMapper.java:0)
Class <com.academia.infrastructure.web.mappers.EnrollStudentRequestMapper> has annotation member of type <org.mapstruct.NullValueCheckStrategy> in (EnrollStudentRequestMapper.java:0)
Class <com.academia.infrastructure.web.mappers.EnrollStudentRequestMapper> has annotation member of type <org.mapstruct.NullValueMappingStrategy> in (EnrollStudentRequestMapper.java:0)
Class <com.academia.infrastructure.web.mappers.EnrollStudentRequestMapper> has annotation member of type <org.mapstruct.NullValuePropertyMappingStrategy> in (EnrollStudentRequestMapper.java:0)
Class <com.academia.infrastructure.web.mappers.EnrollStudentRequestMapper> has annotation member of type <org.mapstruct.ReportingPolicy> in (EnrollStudentRequestMapper.java:0)
Class <com.academia.infrastructure.web.mappers.EnrollStudentRequestMapper> has annotation member of type <org.mapstruct.SubclassExhaustiveStrategy> in (EnrollStudentRequestMapper.java:0)
Class <com.academia.infrastructure.web.mappers.EnrollStudentRequestMapper> has annotation member of type <org.mapstruct.control.MappingControl> in (EnrollStudentRequestMapper.java:0)
Class <com.academia.infrastructure.web.mappers.EnrollStudentRequestMapper> is annotated with <org.mapstruct.Mapper> in (EnrollStudentRequestMapper.java:0)
Class <com.academia.infrastructure.web.mappers.EnrollStudentRequestMapperImpl> extends class <java.lang.Object> in (EnrollStudentRequestMapperImpl.java:0)
Class <com.academia.infrastructure.web.mappers.EnrollStudentRequestMapperImpl> is annotated with <org.springframework.stereotype.Component> in (EnrollStudentRequestMapperImpl.java:0)
Class <com.academia.infrastructure.web.mappers.RegisterStudentRequestMapper> has annotation member of type <java.lang.IllegalArgumentException> in (RegisterStudentRequestMapper.java:0)
Class <com.academia.infrastructure.web.mappers.RegisterStudentRequestMapper> has annotation member of type <org.mapstruct.Builder> in (RegisterStudentRequestMapper.java:0)
Class <com.academia.infrastructure.web.mappers.RegisterStudentRequestMapper> has annotation member of type <org.mapstruct.CollectionMappingStrategy> in (RegisterStudentRequestMapper.java:0)
Class <com.academia.infrastructure.web.mappers.RegisterStudentRequestMapper> has annotation member of type <org.mapstruct.InjectionStrategy> in (RegisterStudentRequestMapper.java:0)
Class <com.academia.infrastructure.web.mappers.RegisterStudentRequestMapper> has annotation member of type <org.mapstruct.MappingInheritanceStrategy> in (RegisterStudentRequestMapper.java:0)
Class <com.academia.infrastructure.web.mappers.RegisterStudentRequestMapper> has annotation member of type <org.mapstruct.NullValueCheckStrategy> in (RegisterStudentRequestMapper.java:0)
Class <com.academia.infrastructure.web.mappers.RegisterStudentRequestMapper> has annotation member of type <org.mapstruct.NullValueMappingStrategy> in (RegisterStudentRequestMapper.java:0)
Class <com.academia.infrastructure.web.mappers.RegisterStudentRequestMapper> has annotation member of type <org.mapstruct.NullValuePropertyMappingStrategy> in (RegisterStudentRequestMapper.java:0)
Class <com.academia.infrastructure.web.mappers.RegisterStudentRequestMapper> has annotation member of type <org.mapstruct.ReportingPolicy> in (RegisterStudentRequestMapper.java:0)
Class <com.academia.infrastructure.web.mappers.RegisterStudentRequestMapper> has annotation member of type <org.mapstruct.SubclassExhaustiveStrategy> in (RegisterStudentRequestMapper.java:0)
Class <com.academia.infrastructure.web.mappers.RegisterStudentRequestMapper> has annotation member of type <org.mapstruct.control.MappingControl> in (RegisterStudentRequestMapper.java:0)
Class <com.academia.infrastructure.web.mappers.RegisterStudentRequestMapper> is annotated with <org.mapstruct.Mapper> in (RegisterStudentRequestMapper.java:0)
Class <com.academia.infrastructure.web.mappers.RegisterStudentRequestMapperImpl> extends class <java.lang.Object> in (RegisterStudentRequestMapperImpl.java:0)
Class <com.academia.infrastructure.web.mappers.RegisterStudentRequestMapperImpl> is annotated with <org.springframework.stereotype.Component> in (RegisterStudentRequestMapperImpl.java:0)
Class <com.academia.infrastructure.web.requests.EnrollStudentInCourseRequest> extends class <java.lang.Record> in (EnrollStudentInCourseRequest.java:0)
Class <com.academia.infrastructure.web.requests.RegisterStudentRequest> extends class <java.lang.Record> in (RegisterStudentRequest.java:0)
Constructor <com.academia.application.exceptions.ResourceNotFoundException.<init>(java.lang.String)> calls constructor <java.lang.RuntimeException.<init>(java.lang.String)> in (ResourceNotFoundException.java:9)
Constructor <com.academia.application.exceptions.ResourceNotFoundException.<init>(java.lang.String)> has parameter of type <java.lang.String> in (ResourceNotFoundException.java:0)
Constructor <com.academia.application.mappers.StudentDTOMapperImpl.<init>()> calls constructor <java.lang.Object.<init>()> in (StudentDTOMapperImpl.java:21)
Constructor <com.academia.application.services.EnrollStudentInCourseServiceImpl.<init>(com.academia.domain.ports.out.StudentRepository, com.academia.domain.ports.out.CourseRepository, com.academia.domain.ports.out.DomainEventPublisher, com.academia.domain.model.services.EnrollmentEligibilityChecker)> calls constructor <java.lang.Object.<init>()> in (EnrollStudentInCourseServiceImpl.java:21)
Constructor <com.academia.application.services.EnrollStudentInCourseServiceImpl.<init>(com.academia.domain.ports.out.StudentRepository, com.academia.domain.ports.out.CourseRepository, com.academia.domain.ports.out.DomainEventPublisher, com.academia.domain.model.services.EnrollmentEligibilityChecker)> is annotated with <lombok.Generated> in (EnrollStudentInCourseServiceImpl.java:0)
Constructor <com.academia.application.services.FindStudentDetailsServiceImpl.<init>(com.academia.domain.ports.out.UserAccountRepository, com.academia.domain.ports.out.StudentRepository, com.academia.application.mappers.StudentDTOMapper)> calls constructor <java.lang.Object.<init>()> in (FindStudentDetailsServiceImpl.java:18)
Constructor <com.academia.application.services.FindStudentDetailsServiceImpl.<init>(com.academia.domain.ports.out.UserAccountRepository, com.academia.domain.ports.out.StudentRepository, com.academia.application.mappers.StudentDTOMapper)> is annotated with <lombok.Generated> in (FindStudentDetailsServiceImpl.java:0)
Constructor <com.academia.application.services.RegisterNewStudentServiceImpl.<init>(com.academia.domain.ports.out.OrganizationRepository, com.academia.domain.ports.out.UserAccountRepository, com.academia.domain.ports.out.StudentRepository, com.academia.domain.ports.out.DomainEventPublisher, com.academia.application.mappers.StudentDTOMapper)> calls constructor <java.lang.Object.<init>()> in (RegisterNewStudentServiceImpl.java:25)
Constructor <com.academia.application.services.RegisterNewStudentServiceImpl.<init>(com.academia.domain.ports.out.OrganizationRepository, com.academia.domain.ports.out.UserAccountRepository, com.academia.domain.ports.out.StudentRepository, com.academia.domain.ports.out.DomainEventPublisher, com.academia.application.mappers.StudentDTOMapper)> is annotated with <lombok.Generated> in (RegisterNewStudentServiceImpl.java:0)
Constructor <com.academia.domain.model.aggregates.Course.<init>(com.academia.domain.model.valueobjects.ids.CourseId, com.academia.domain.model.entities.Subject, com.academia.domain.model.entities.AcademicTerm)> calls constructor <java.lang.Object.<init>()> in (Course.java:28)
Constructor <com.academia.domain.model.aggregates.Course.<init>(com.academia.domain.model.valueobjects.ids.CourseId, com.academia.domain.model.entities.Subject, com.academia.domain.model.entities.AcademicTerm)> calls constructor <java.util.ArrayList.<init>()> in (Course.java:26)
Constructor <com.academia.domain.model.aggregates.Course.<init>(com.academia.domain.model.valueobjects.ids.CourseId, com.academia.domain.model.entities.Subject, com.academia.domain.model.entities.AcademicTerm)> calls constructor <java.util.HashSet.<init>()> in (Course.java:32)
Constructor <com.academia.domain.model.aggregates.Organization.<init>(com.academia.domain.model.valueobjects.ids.OrganizationId, java.lang.String, int)> calls constructor <java.lang.Object.<init>()> in (Organization.java:18)
Constructor <com.academia.domain.model.aggregates.Organization.<init>(com.academia.domain.model.valueobjects.ids.OrganizationId, java.lang.String, int)> calls constructor <java.util.HashSet.<init>()> in (Organization.java:23)
Constructor <com.academia.domain.model.aggregates.Organization.<init>(com.academia.domain.model.valueobjects.ids.OrganizationId, java.lang.String, int)> has parameter of type <java.lang.String> in (Organization.java:0)
Constructor <com.academia.domain.model.aggregates.UserAccount.<init>(com.academia.domain.model.entities.User)> calls constructor <java.lang.Object.<init>()> in (UserAccount.java:17)
Constructor <com.academia.domain.model.aggregates.UserAccount.<init>(com.academia.domain.model.entities.User)> calls constructor <java.util.ArrayList.<init>()> in (UserAccount.java:15)
Constructor <com.academia.domain.model.entities.AcademicTerm.<init>(java.lang.Long, com.academia.domain.model.valueobjects.ids.OrganizationId, java.lang.String, java.time.LocalDate, java.time.LocalDate)> calls constructor <java.lang.Object.<init>()> in (AcademicTerm.java:12)
Constructor <com.academia.domain.model.entities.AcademicTerm.<init>(java.lang.Long, com.academia.domain.model.valueobjects.ids.OrganizationId, java.lang.String, java.time.LocalDate, java.time.LocalDate)> has parameter of type <java.lang.Long> in (AcademicTerm.java:0)
Constructor <com.academia.domain.model.entities.AcademicTerm.<init>(java.lang.Long, com.academia.domain.model.valueobjects.ids.OrganizationId, java.lang.String, java.time.LocalDate, java.time.LocalDate)> has parameter of type <java.lang.String> in (AcademicTerm.java:0)
Constructor <com.academia.domain.model.entities.AcademicTerm.<init>(java.lang.Long, com.academia.domain.model.valueobjects.ids.OrganizationId, java.lang.String, java.time.LocalDate, java.time.LocalDate)> has parameter of type <java.time.LocalDate> in (AcademicTerm.java:0)
Constructor <com.academia.domain.model.entities.Enrollment.<init>(java.lang.Long, com.academia.domain.model.valueobjects.ids.AccountId, com.academia.domain.model.valueobjects.ids.CourseId)> calls constructor <java.lang.Object.<init>()> in (Enrollment.java:18)
Constructor <com.academia.domain.model.entities.Enrollment.<init>(java.lang.Long, com.academia.domain.model.valueobjects.ids.AccountId, com.academia.domain.model.valueobjects.ids.CourseId)> calls method <java.time.LocalDateTime.now()> in (Enrollment.java:23)
Constructor <com.academia.domain.model.entities.Enrollment.<init>(java.lang.Long, com.academia.domain.model.valueobjects.ids.AccountId, com.academia.domain.model.valueobjects.ids.CourseId)> has parameter of type <java.lang.Long> in (Enrollment.java:0)
Constructor <com.academia.domain.model.entities.Guardian.<init>(com.academia.domain.model.valueobjects.ids.AccountId)> calls constructor <java.lang.Object.<init>()> in (Guardian.java:7)
Constructor <com.academia.domain.model.entities.Role.<init>(java.lang.Integer, java.lang.String, com.academia.domain.model.enums.RoleScope, java.util.Set)> calls constructor <java.lang.Object.<init>()> in (Role.java:17)
Constructor <com.academia.domain.model.entities.Role.<init>(java.lang.Integer, java.lang.String, com.academia.domain.model.enums.RoleScope, java.util.Set)> calls constructor <java.util.HashSet.<init>(java.util.Collection)> in (Role.java:21)
Constructor <com.academia.domain.model.entities.Role.<init>(java.lang.Integer, java.lang.String, com.academia.domain.model.enums.RoleScope, java.util.Set)> has generic parameter type <java.util.Set<java.lang.String>> with type argument depending on <java.lang.String> in (Role.java:0)
Constructor <com.academia.domain.model.entities.Role.<init>(java.lang.Integer, java.lang.String, com.academia.domain.model.enums.RoleScope, java.util.Set)> has generic parameter type <java.util.Set<java.lang.String>> with type argument depending on <java.util.Set> in (Role.java:0)
Constructor <com.academia.domain.model.entities.Role.<init>(java.lang.Integer, java.lang.String, com.academia.domain.model.enums.RoleScope, java.util.Set)> has parameter of type <java.lang.Integer> in (Role.java:0)
Constructor <com.academia.domain.model.entities.Role.<init>(java.lang.Integer, java.lang.String, com.academia.domain.model.enums.RoleScope, java.util.Set)> has parameter of type <java.lang.String> in (Role.java:0)
Constructor <com.academia.domain.model.entities.Role.<init>(java.lang.Integer, java.lang.String, com.academia.domain.model.enums.RoleScope, java.util.Set)> has parameter of type <java.util.Set> in (Role.java:0)
Constructor <com.academia.domain.model.entities.Staff.<init>(com.academia.domain.model.valueobjects.ids.AccountId, java.lang.String)> calls constructor <java.lang.Object.<init>()> in (Staff.java:8)
Constructor <com.academia.domain.model.entities.Staff.<init>(com.academia.domain.model.valueobjects.ids.AccountId, java.lang.String)> has parameter of type <java.lang.String> in (Staff.java:0)
Constructor <com.academia.domain.model.entities.Student.<init>(com.academia.domain.model.valueobjects.ids.AccountId, com.academia.domain.model.valueobjects.ids.OrganizationId, java.lang.String, java.time.LocalDate)> calls constructor <java.lang.Object.<init>()> in (Student.java:20)
Constructor <com.academia.domain.model.entities.Student.<init>(com.academia.domain.model.valueobjects.ids.AccountId, com.academia.domain.model.valueobjects.ids.OrganizationId, java.lang.String, java.time.LocalDate)> calls constructor <java.util.HashSet.<init>()> in (Student.java:25)
Constructor <com.academia.domain.model.entities.Student.<init>(com.academia.domain.model.valueobjects.ids.AccountId, com.academia.domain.model.valueobjects.ids.OrganizationId, java.lang.String, java.time.LocalDate)> has parameter of type <java.lang.String> in (Student.java:0)
Constructor <com.academia.domain.model.entities.Student.<init>(com.academia.domain.model.valueobjects.ids.AccountId, com.academia.domain.model.valueobjects.ids.OrganizationId, java.lang.String, java.time.LocalDate)> has parameter of type <java.time.LocalDate> in (Student.java:0)
Constructor <com.academia.domain.model.entities.Subject.<init>(java.lang.Long, com.academia.domain.model.valueobjects.ids.OrganizationId, java.lang.String, java.lang.String)> calls constructor <java.lang.Object.<init>()> in (Subject.java:10)
Constructor <com.academia.domain.model.entities.Subject.<init>(java.lang.Long, com.academia.domain.model.valueobjects.ids.OrganizationId, java.lang.String, java.lang.String)> has parameter of type <java.lang.Long> in (Subject.java:0)
Constructor <com.academia.domain.model.entities.Subject.<init>(java.lang.Long, com.academia.domain.model.valueobjects.ids.OrganizationId, java.lang.String, java.lang.String)> has parameter of type <java.lang.String> in (Subject.java:0)
Constructor <com.academia.domain.model.entities.User.<init>(com.academia.domain.model.valueobjects.ids.AccountId, com.academia.domain.model.valueobjects.ids.OrganizationId, com.academia.domain.model.valueobjects.user.Name, com.academia.domain.model.valueobjects.user.Email, java.time.LocalDate, java.lang.String, com.academia.domain.model.enums.AccountStatus)> calls constructor <java.lang.Object.<init>()> in (User.java:31)
Constructor <com.academia.domain.model.entities.User.<init>(com.academia.domain.model.valueobjects.ids.AccountId, com.academia.domain.model.valueobjects.ids.OrganizationId, com.academia.domain.model.valueobjects.user.Name, com.academia.domain.model.valueobjects.user.Email, java.time.LocalDate, java.lang.String, com.academia.domain.model.enums.AccountStatus)> calls constructor <java.util.HashSet.<init>()> in (User.java:39)
Constructor <com.academia.domain.model.entities.User.<init>(com.academia.domain.model.valueobjects.ids.AccountId, com.academia.domain.model.valueobjects.ids.OrganizationId, com.academia.domain.model.valueobjects.user.Name, com.academia.domain.model.valueobjects.user.Email, java.time.LocalDate, java.lang.String, com.academia.domain.model.enums.AccountStatus)> calls method <java.time.LocalDateTime.now()> in (User.java:40)
Constructor <com.academia.domain.model.entities.User.<init>(com.academia.domain.model.valueobjects.ids.AccountId, com.academia.domain.model.valueobjects.ids.OrganizationId, com.academia.domain.model.valueobjects.user.Name, com.academia.domain.model.valueobjects.user.Email, java.time.LocalDate, java.lang.String, com.academia.domain.model.enums.AccountStatus)> calls method <java.time.LocalDateTime.now()> in (User.java:41)
Constructor <com.academia.domain.model.entities.User.<init>(com.academia.domain.model.valueobjects.ids.AccountId, com.academia.domain.model.valueobjects.ids.OrganizationId, com.academia.domain.model.valueobjects.user.Name, com.academia.domain.model.valueobjects.user.Email, java.time.LocalDate, java.lang.String, com.academia.domain.model.enums.AccountStatus)> has parameter of type <java.lang.String> in (User.java:0)
Constructor <com.academia.domain.model.entities.User.<init>(com.academia.domain.model.valueobjects.ids.AccountId, com.academia.domain.model.valueobjects.ids.OrganizationId, com.academia.domain.model.valueobjects.user.Name, com.academia.domain.model.valueobjects.user.Email, java.time.LocalDate, java.lang.String, com.academia.domain.model.enums.AccountStatus)> has parameter of type <java.time.LocalDate> in (User.java:0)
Constructor <com.academia.domain.model.enums.AccountStatus.<init>(java.lang.String, int)> calls constructor <java.lang.Enum.<init>(java.lang.String, int)> in (AccountStatus.java:7)
Constructor <com.academia.domain.model.enums.AccountStatus.<init>(java.lang.String, int)> has parameter of type <java.lang.String> in (AccountStatus.java:0)
Constructor <com.academia.domain.model.enums.AttendanceStatus.<init>(java.lang.String, int)> calls constructor <java.lang.Enum.<init>(java.lang.String, int)> in (AttendanceStatus.java:3)
Constructor <com.academia.domain.model.enums.AttendanceStatus.<init>(java.lang.String, int)> has parameter of type <java.lang.String> in (AttendanceStatus.java:0)
Constructor <com.academia.domain.model.enums.EnrollmentStatus.<init>(java.lang.String, int)> calls constructor <java.lang.Enum.<init>(java.lang.String, int)> in (EnrollmentStatus.java:3)
Constructor <com.academia.domain.model.enums.EnrollmentStatus.<init>(java.lang.String, int)> has parameter of type <java.lang.String> in (EnrollmentStatus.java:0)
Constructor <com.academia.domain.model.enums.RoleScope.<init>(java.lang.String, int)> calls constructor <java.lang.Enum.<init>(java.lang.String, int)> in (RoleScope.java:6)
Constructor <com.academia.domain.model.enums.RoleScope.<init>(java.lang.String, int)> has parameter of type <java.lang.String> in (RoleScope.java:0)
Constructor <com.academia.domain.model.events.CourseEvents$StudentEnrolledInCourse.<init>(com.academia.domain.model.valueobjects.ids.AccountId, com.academia.domain.model.valueobjects.ids.CourseId)> calls method <java.time.Instant.now()> in (CourseEvents.java:25)
Constructor <com.academia.domain.model.events.CourseEvents$StudentEnrolledInCourse.<init>(com.academia.domain.model.valueobjects.ids.AccountId, com.academia.domain.model.valueobjects.ids.CourseId)> calls method <java.util.UUID.randomUUID()> in (CourseEvents.java:25)
Constructor <com.academia.domain.model.events.CourseEvents$StudentEnrolledInCourse.<init>(java.util.UUID, java.time.Instant, com.academia.domain.model.valueobjects.ids.AccountId, com.academia.domain.model.valueobjects.ids.CourseId)> calls constructor <java.lang.Record.<init>()> in (CourseEvents.java:23)
Constructor <com.academia.domain.model.events.CourseEvents$StudentEnrolledInCourse.<init>(java.util.UUID, java.time.Instant, com.academia.domain.model.valueobjects.ids.AccountId, com.academia.domain.model.valueobjects.ids.CourseId)> has parameter of type <java.time.Instant> in (CourseEvents.java:0)
Constructor <com.academia.domain.model.events.CourseEvents$StudentEnrolledInCourse.<init>(java.util.UUID, java.time.Instant, com.academia.domain.model.valueobjects.ids.AccountId, com.academia.domain.model.valueobjects.ids.CourseId)> has parameter of type <java.util.UUID> in (CourseEvents.java:0)
Constructor <com.academia.domain.model.events.CourseEvents$TeacherAssignedToCourse.<init>(com.academia.domain.model.valueobjects.ids.CourseId, com.academia.domain.model.valueobjects.ids.AccountId)> calls method <java.time.Instant.now()> in (CourseEvents.java:10)
Constructor <com.academia.domain.model.events.CourseEvents$TeacherAssignedToCourse.<init>(com.academia.domain.model.valueobjects.ids.CourseId, com.academia.domain.model.valueobjects.ids.AccountId)> calls method <java.util.UUID.randomUUID()> in (CourseEvents.java:10)
Constructor <com.academia.domain.model.events.CourseEvents$TeacherAssignedToCourse.<init>(java.util.UUID, java.time.Instant, com.academia.domain.model.valueobjects.ids.CourseId, com.academia.domain.model.valueobjects.ids.AccountId)> calls constructor <java.lang.Record.<init>()> in (CourseEvents.java:8)
Constructor <com.academia.domain.model.events.CourseEvents$TeacherAssignedToCourse.<init>(java.util.UUID, java.time.Instant, com.academia.domain.model.valueobjects.ids.CourseId, com.academia.domain.model.valueobjects.ids.AccountId)> has parameter of type <java.time.Instant> in (CourseEvents.java:0)
Constructor <com.academia.domain.model.events.CourseEvents$TeacherAssignedToCourse.<init>(java.util.UUID, java.time.Instant, com.academia.domain.model.valueobjects.ids.CourseId, com.academia.domain.model.valueobjects.ids.AccountId)> has parameter of type <java.util.UUID> in (CourseEvents.java:0)
Constructor <com.academia.domain.model.events.CourseEvents.<init>()> calls constructor <java.lang.Object.<init>()> in (CourseEvents.java:7)
Constructor <com.academia.domain.model.events.UserAccountEvents$AccountActivated.<init>(com.academia.domain.model.valueobjects.ids.AccountId)> calls method <java.time.Instant.now()> in (UserAccountEvents.java:25)
Constructor <com.academia.domain.model.events.UserAccountEvents$AccountActivated.<init>(com.academia.domain.model.valueobjects.ids.AccountId)> calls method <java.util.UUID.randomUUID()> in (UserAccountEvents.java:25)
Constructor <com.academia.domain.model.events.UserAccountEvents$AccountActivated.<init>(java.util.UUID, java.time.Instant, com.academia.domain.model.valueobjects.ids.AccountId)> calls constructor <java.lang.Record.<init>()> in (UserAccountEvents.java:23)
Constructor <com.academia.domain.model.events.UserAccountEvents$AccountActivated.<init>(java.util.UUID, java.time.Instant, com.academia.domain.model.valueobjects.ids.AccountId)> has parameter of type <java.time.Instant> in (UserAccountEvents.java:0)
Constructor <com.academia.domain.model.events.UserAccountEvents$AccountActivated.<init>(java.util.UUID, java.time.Instant, com.academia.domain.model.valueobjects.ids.AccountId)> has parameter of type <java.util.UUID> in (UserAccountEvents.java:0)
Constructor <com.academia.domain.model.events.UserAccountEvents$UserRegisteredEvent.<init>(com.academia.domain.model.valueobjects.ids.AccountId, com.academia.domain.model.valueobjects.user.Email)> calls method <java.time.Instant.now()> in (UserAccountEvents.java:10)
Constructor <com.academia.domain.model.events.UserAccountEvents$UserRegisteredEvent.<init>(com.academia.domain.model.valueobjects.ids.AccountId, com.academia.domain.model.valueobjects.user.Email)> calls method <java.util.UUID.randomUUID()> in (UserAccountEvents.java:10)
Constructor <com.academia.domain.model.events.UserAccountEvents$UserRegisteredEvent.<init>(java.util.UUID, java.time.Instant, com.academia.domain.model.valueobjects.ids.AccountId, com.academia.domain.model.valueobjects.user.Email)> calls constructor <java.lang.Record.<init>()> in (UserAccountEvents.java:8)
Constructor <com.academia.domain.model.events.UserAccountEvents$UserRegisteredEvent.<init>(java.util.UUID, java.time.Instant, com.academia.domain.model.valueobjects.ids.AccountId, com.academia.domain.model.valueobjects.user.Email)> has parameter of type <java.time.Instant> in (UserAccountEvents.java:0)
Constructor <com.academia.domain.model.events.UserAccountEvents$UserRegisteredEvent.<init>(java.util.UUID, java.time.Instant, com.academia.domain.model.valueobjects.ids.AccountId, com.academia.domain.model.valueobjects.user.Email)> has parameter of type <java.util.UUID> in (UserAccountEvents.java:0)
Constructor <com.academia.domain.model.events.UserAccountEvents.<init>()> calls constructor <java.lang.Object.<init>()> in (UserAccountEvents.java:7)
Constructor <com.academia.domain.model.events.UserEvents$AccountActivated.<init>(com.academia.domain.model.valueobjects.ids.AccountId)> calls method <java.time.Instant.now()> in (UserEvents.java:25)
Constructor <com.academia.domain.model.events.UserEvents$AccountActivated.<init>(com.academia.domain.model.valueobjects.ids.AccountId)> calls method <java.util.UUID.randomUUID()> in (UserEvents.java:25)
Constructor <com.academia.domain.model.events.UserEvents$AccountActivated.<init>(java.util.UUID, java.time.Instant, com.academia.domain.model.valueobjects.ids.AccountId)> calls constructor <java.lang.Record.<init>()> in (UserEvents.java:23)
Constructor <com.academia.domain.model.events.UserEvents$AccountActivated.<init>(java.util.UUID, java.time.Instant, com.academia.domain.model.valueobjects.ids.AccountId)> has parameter of type <java.time.Instant> in (UserEvents.java:0)
Constructor <com.academia.domain.model.events.UserEvents$AccountActivated.<init>(java.util.UUID, java.time.Instant, com.academia.domain.model.valueobjects.ids.AccountId)> has parameter of type <java.util.UUID> in (UserEvents.java:0)
Constructor <com.academia.domain.model.events.UserEvents$UserRegisteredEvent.<init>(com.academia.domain.model.valueobjects.ids.AccountId, com.academia.domain.model.valueobjects.user.Email)> calls method <java.time.Instant.now()> in (UserEvents.java:10)
Constructor <com.academia.domain.model.events.UserEvents$UserRegisteredEvent.<init>(com.academia.domain.model.valueobjects.ids.AccountId, com.academia.domain.model.valueobjects.user.Email)> calls method <java.util.UUID.randomUUID()> in (UserEvents.java:10)
Constructor <com.academia.domain.model.events.UserEvents$UserRegisteredEvent.<init>(java.util.UUID, java.time.Instant, com.academia.domain.model.valueobjects.ids.AccountId, com.academia.domain.model.valueobjects.user.Email)> calls constructor <java.lang.Record.<init>()> in (UserEvents.java:8)
Constructor <com.academia.domain.model.events.UserEvents$UserRegisteredEvent.<init>(java.util.UUID, java.time.Instant, com.academia.domain.model.valueobjects.ids.AccountId, com.academia.domain.model.valueobjects.user.Email)> has parameter of type <java.time.Instant> in (UserEvents.java:0)
Constructor <com.academia.domain.model.events.UserEvents$UserRegisteredEvent.<init>(java.util.UUID, java.time.Instant, com.academia.domain.model.valueobjects.ids.AccountId, com.academia.domain.model.valueobjects.user.Email)> has parameter of type <java.util.UUID> in (UserEvents.java:0)
Constructor <com.academia.domain.model.events.UserEvents.<init>()> calls constructor <java.lang.Object.<init>()> in (UserEvents.java:7)
Constructor <com.academia.domain.model.services.EnrollmentEligibilityChecker.<init>()> calls constructor <java.lang.Object.<init>()> in (EnrollmentEligibilityChecker.java:10)
Constructor <com.academia.domain.model.valueobjects.GuardianRelationship.<init>(com.academia.domain.model.valueobjects.ids.AccountId, java.lang.String, boolean)> calls constructor <java.lang.Object.<init>()> in (GuardianRelationship.java:13)
Constructor <com.academia.domain.model.valueobjects.GuardianRelationship.<init>(com.academia.domain.model.valueobjects.ids.AccountId, java.lang.String, boolean)> has parameter of type <java.lang.String> in (GuardianRelationship.java:0)
Constructor <com.academia.domain.model.valueobjects.GuardianRelationship.<init>(com.academia.domain.model.valueobjects.ids.AccountId, java.lang.String, boolean)> is annotated with <lombok.Generated> in (GuardianRelationship.java:0)
Constructor <com.academia.domain.model.valueobjects.academic.CourseCode.<init>(java.lang.String)> calls constructor <java.lang.Object.<init>()> in (CourseCode.java:3)
Constructor <com.academia.domain.model.valueobjects.academic.CourseCode.<init>(java.lang.String)> has parameter of type <java.lang.String> in (CourseCode.java:0)
Constructor <com.academia.domain.model.valueobjects.academic.CourseCode.<init>(java.lang.String)> is annotated with <lombok.Generated> in (CourseCode.java:0)
Constructor <com.academia.domain.model.valueobjects.academic.Grade.<init>(double)> calls constructor <java.lang.IllegalArgumentException.<init>(java.lang.String)> in (Grade.java:9)
Constructor <com.academia.domain.model.valueobjects.academic.Grade.<init>(double)> calls constructor <java.lang.Object.<init>()> in (Grade.java:7)
Constructor <com.academia.domain.model.valueobjects.academic.TermDates.<init>(java.time.LocalDate, java.time.LocalDate)> calls constructor <java.lang.IllegalArgumentException.<init>(java.lang.String)> in (TermDates.java:10)
Constructor <com.academia.domain.model.valueobjects.academic.TermDates.<init>(java.time.LocalDate, java.time.LocalDate)> calls constructor <java.lang.Object.<init>()> in (TermDates.java:8)
Constructor <com.academia.domain.model.valueobjects.academic.TermDates.<init>(java.time.LocalDate, java.time.LocalDate)> calls method <java.time.LocalDate.isAfter(java.time.chrono.ChronoLocalDate)> in (TermDates.java:9)
Constructor <com.academia.domain.model.valueobjects.academic.TermDates.<init>(java.time.LocalDate, java.time.LocalDate)> has parameter of type <java.time.LocalDate> in (TermDates.java:0)
Constructor <com.academia.domain.model.valueobjects.ids.AccountId.<init>(java.lang.Long)> calls constructor <java.lang.Object.<init>()> in (AccountId.java:5)
Constructor <com.academia.domain.model.valueobjects.ids.AccountId.<init>(java.lang.Long)> has parameter of type <java.lang.Long> in (AccountId.java:0)
Constructor <com.academia.domain.model.valueobjects.ids.AccountId.<init>(java.lang.Long)> is annotated with <lombok.Generated> in (AccountId.java:0)
Constructor <com.academia.domain.model.valueobjects.ids.CourseId.<init>(java.lang.Long)> calls constructor <java.lang.Object.<init>()> in (CourseId.java:3)
Constructor <com.academia.domain.model.valueobjects.ids.CourseId.<init>(java.lang.Long)> has parameter of type <java.lang.Long> in (CourseId.java:0)
Constructor <com.academia.domain.model.valueobjects.ids.CourseId.<init>(java.lang.Long)> is annotated with <lombok.Generated> in (CourseId.java:0)
Constructor <com.academia.domain.model.valueobjects.ids.OrganizationId.<init>(java.lang.Long)> calls constructor <java.lang.Object.<init>()> in (OrganizationId.java:5)
Constructor <com.academia.domain.model.valueobjects.ids.OrganizationId.<init>(java.lang.Long)> has parameter of type <java.lang.Long> in (OrganizationId.java:0)
Constructor <com.academia.domain.model.valueobjects.ids.OrganizationId.<init>(java.lang.Long)> is annotated with <lombok.Generated> in (OrganizationId.java:0)
Constructor <com.academia.domain.model.valueobjects.ids.SubjectId.<init>(java.lang.Long)> calls constructor <java.lang.Object.<init>()> in (SubjectId.java:3)
Constructor <com.academia.domain.model.valueobjects.ids.SubjectId.<init>(java.lang.Long)> has parameter of type <java.lang.Long> in (SubjectId.java:0)
Constructor <com.academia.domain.model.valueobjects.ids.SubjectId.<init>(java.lang.Long)> is annotated with <lombok.Generated> in (SubjectId.java:0)
Constructor <com.academia.domain.model.valueobjects.user.DNI.<init>(java.lang.String)> calls constructor <java.lang.IllegalArgumentException.<init>(java.lang.String)> in (DNI.java:11)
Constructor <com.academia.domain.model.valueobjects.user.DNI.<init>(java.lang.String)> calls constructor <java.lang.Object.<init>()> in (DNI.java:8)
Constructor <com.academia.domain.model.valueobjects.user.DNI.<init>(java.lang.String)> calls method <java.lang.String.isEmpty()> in (DNI.java:10)
Constructor <com.academia.domain.model.valueobjects.user.DNI.<init>(java.lang.String)> calls method <java.lang.String.trim()> in (DNI.java:10)
Constructor <com.academia.domain.model.valueobjects.user.DNI.<init>(java.lang.String)> has parameter of type <java.lang.String> in (DNI.java:0)
Constructor <com.academia.domain.model.valueobjects.user.Email.<init>(java.lang.String)> calls constructor <java.lang.IllegalArgumentException.<init>(java.lang.String)> in (Email.java:11)
Constructor <com.academia.domain.model.valueobjects.user.Email.<init>(java.lang.String)> calls constructor <java.lang.Record.<init>()> in (Email.java:9)
Constructor <com.academia.domain.model.valueobjects.user.Email.<init>(java.lang.String)> calls method <java.lang.String.toLowerCase()> in (Email.java:13)
Constructor <com.academia.domain.model.valueobjects.user.Email.<init>(java.lang.String)> calls method <java.util.regex.Matcher.matches()> in (Email.java:10)
Constructor <com.academia.domain.model.valueobjects.user.Email.<init>(java.lang.String)> calls method <java.util.regex.Pattern.matcher(java.lang.CharSequence)> in (Email.java:10)
Constructor <com.academia.domain.model.valueobjects.user.Email.<init>(java.lang.String)> has parameter of type <java.lang.String> in (Email.java:0)
Constructor <com.academia.domain.model.valueobjects.user.HashedPassword.<init>(java.lang.String)> calls constructor <java.lang.Object.<init>()> in (HashedPassword.java:3)
Constructor <com.academia.domain.model.valueobjects.user.HashedPassword.<init>(java.lang.String)> has parameter of type <java.lang.String> in (HashedPassword.java:0)
Constructor <com.academia.domain.model.valueobjects.user.HashedPassword.<init>(java.lang.String)> is annotated with <lombok.Generated> in (HashedPassword.java:0)
Constructor <com.academia.domain.model.valueobjects.user.Name.<init>(java.lang.String, java.lang.String)> calls constructor <java.lang.IllegalArgumentException.<init>(java.lang.String)> in (Name.java:17)
Constructor <com.academia.domain.model.valueobjects.user.Name.<init>(java.lang.String, java.lang.String)> calls constructor <java.lang.IllegalArgumentException.<init>(java.lang.String)> in (Name.java:20)
Constructor <com.academia.domain.model.valueobjects.user.Name.<init>(java.lang.String, java.lang.String)> calls constructor <java.lang.Object.<init>()> in (Name.java:15)
Constructor <com.academia.domain.model.valueobjects.user.Name.<init>(java.lang.String, java.lang.String)> calls method <java.lang.String.isBlank()> in (Name.java:16)
Constructor <com.academia.domain.model.valueobjects.user.Name.<init>(java.lang.String, java.lang.String)> calls method <java.lang.String.isBlank()> in (Name.java:19)
Constructor <com.academia.domain.model.valueobjects.user.Name.<init>(java.lang.String, java.lang.String)> calls method <java.lang.String.trim()> in (Name.java:22)
Constructor <com.academia.domain.model.valueobjects.user.Name.<init>(java.lang.String, java.lang.String)> calls method <java.lang.String.trim()> in (Name.java:23)
Constructor <com.academia.domain.model.valueobjects.user.Name.<init>(java.lang.String, java.lang.String)> has parameter of type <java.lang.String> in (Name.java:0)
Constructor <com.academia.domain.ports.in.commands.EnrollStudentInCourseCommand.<init>(java.lang.Long, java.lang.Long)> calls constructor <java.lang.Record.<init>()> in (EnrollStudentInCourseCommand.java:6)
Constructor <com.academia.domain.ports.in.commands.EnrollStudentInCourseCommand.<init>(java.lang.Long, java.lang.Long)> has parameter of type <java.lang.Long> in (EnrollStudentInCourseCommand.java:0)
Constructor <com.academia.domain.ports.in.commands.RegisterNewStudentCommand.<init>(java.lang.Long, java.lang.String, java.lang.String, java.lang.String, java.time.LocalDate, java.lang.String, java.time.LocalDate, java.lang.String)> calls constructor <java.lang.Record.<init>()> in (RegisterNewStudentCommand.java:9)
Constructor <com.academia.domain.ports.in.commands.RegisterNewStudentCommand.<init>(java.lang.Long, java.lang.String, java.lang.String, java.lang.String, java.time.LocalDate, java.lang.String, java.time.LocalDate, java.lang.String)> has parameter of type <java.lang.Long> in (RegisterNewStudentCommand.java:0)
Constructor <com.academia.domain.ports.in.commands.RegisterNewStudentCommand.<init>(java.lang.Long, java.lang.String, java.lang.String, java.lang.String, java.time.LocalDate, java.lang.String, java.time.LocalDate, java.lang.String)> has parameter of type <java.lang.String> in (RegisterNewStudentCommand.java:0)
Constructor <com.academia.domain.ports.in.commands.RegisterNewStudentCommand.<init>(java.lang.Long, java.lang.String, java.lang.String, java.lang.String, java.time.LocalDate, java.lang.String, java.time.LocalDate, java.lang.String)> has parameter of type <java.time.LocalDate> in (RegisterNewStudentCommand.java:0)
Constructor <com.academia.domain.ports.in.dtos.EnrollmentResultDTO.<init>(java.lang.Long, java.lang.Long, java.lang.Long, java.lang.String, java.time.LocalDateTime)> calls constructor <java.lang.Record.<init>()> in (EnrollmentResultDTO.java:8)
Constructor <com.academia.domain.ports.in.dtos.EnrollmentResultDTO.<init>(java.lang.Long, java.lang.Long, java.lang.Long, java.lang.String, java.time.LocalDateTime)> has parameter of type <java.lang.Long> in (EnrollmentResultDTO.java:0)
Constructor <com.academia.domain.ports.in.dtos.EnrollmentResultDTO.<init>(java.lang.Long, java.lang.Long, java.lang.Long, java.lang.String, java.time.LocalDateTime)> has parameter of type <java.lang.String> in (EnrollmentResultDTO.java:0)
Constructor <com.academia.domain.ports.in.dtos.EnrollmentResultDTO.<init>(java.lang.Long, java.lang.Long, java.lang.Long, java.lang.String, java.time.LocalDateTime)> has parameter of type <java.time.LocalDateTime> in (EnrollmentResultDTO.java:0)
Constructor <com.academia.domain.ports.in.dtos.StudentDetailsDTO$GuardianDTO.<init>(java.lang.Long, java.lang.String, java.lang.String, boolean)> calls constructor <java.lang.Record.<init>()> in (StudentDetailsDTO.java:21)
Constructor <com.academia.domain.ports.in.dtos.StudentDetailsDTO$GuardianDTO.<init>(java.lang.Long, java.lang.String, java.lang.String, boolean)> has parameter of type <java.lang.Long> in (StudentDetailsDTO.java:0)
Constructor <com.academia.domain.ports.in.dtos.StudentDetailsDTO$GuardianDTO.<init>(java.lang.Long, java.lang.String, java.lang.String, boolean)> has parameter of type <java.lang.String> in (StudentDetailsDTO.java:0)
Constructor <com.academia.domain.ports.in.dtos.StudentDetailsDTO.<init>(java.lang.Long, java.lang.String, java.lang.String, int, java.lang.String, java.lang.String, java.time.LocalDate, java.lang.String, java.util.List)> calls constructor <java.lang.Record.<init>()> in (StudentDetailsDTO.java:10)
Constructor <com.academia.domain.ports.in.dtos.StudentDetailsDTO.<init>(java.lang.Long, java.lang.String, java.lang.String, int, java.lang.String, java.lang.String, java.time.LocalDate, java.lang.String, java.util.List)> has generic parameter type <java.util.List<com.academia.domain.ports.in.dtos.StudentDetailsDTO$GuardianDTO>> with type argument depending on <java.util.List> in (StudentDetailsDTO.java:0)
Constructor <com.academia.domain.ports.in.dtos.StudentDetailsDTO.<init>(java.lang.Long, java.lang.String, java.lang.String, int, java.lang.String, java.lang.String, java.time.LocalDate, java.lang.String, java.util.List)> has parameter of type <java.lang.Long> in (StudentDetailsDTO.java:0)
Constructor <com.academia.domain.ports.in.dtos.StudentDetailsDTO.<init>(java.lang.Long, java.lang.String, java.lang.String, int, java.lang.String, java.lang.String, java.time.LocalDate, java.lang.String, java.util.List)> has parameter of type <java.lang.String> in (StudentDetailsDTO.java:0)
Constructor <com.academia.domain.ports.in.dtos.StudentDetailsDTO.<init>(java.lang.Long, java.lang.String, java.lang.String, int, java.lang.String, java.lang.String, java.time.LocalDate, java.lang.String, java.util.List)> has parameter of type <java.time.LocalDate> in (StudentDetailsDTO.java:0)
Constructor <com.academia.domain.ports.in.dtos.StudentDetailsDTO.<init>(java.lang.Long, java.lang.String, java.lang.String, int, java.lang.String, java.lang.String, java.time.LocalDate, java.lang.String, java.util.List)> has parameter of type <java.util.List> in (StudentDetailsDTO.java:0)
Constructor <com.academia.domain.ports.in.queries.GetStudentDetailsQuery.<init>(java.lang.Long)> calls constructor <java.lang.Record.<init>()> in (GetStudentDetailsQuery.java:6)
Constructor <com.academia.domain.ports.in.queries.GetStudentDetailsQuery.<init>(java.lang.Long)> has parameter of type <java.lang.Long> in (GetStudentDetailsQuery.java:0)
Constructor <com.academia.infrastructure.config.DomainServiceConfig.<init>()> calls constructor <java.lang.Object.<init>()> in (DomainServiceConfig.java:8)
Constructor <com.academia.infrastructure.config.OpenApiConfig.<init>()> calls constructor <java.lang.Object.<init>()> in (OpenApiConfig.java:18)
Constructor <com.academia.infrastructure.events.SpringDomainEventPublisher.<init>(org.springframework.context.ApplicationEventPublisher)> calls constructor <java.lang.Object.<init>()> in (SpringDomainEventPublisher.java:12)
Constructor <com.academia.infrastructure.events.SpringDomainEventPublisher.<init>(org.springframework.context.ApplicationEventPublisher)> has parameter of type <org.springframework.context.ApplicationEventPublisher> in (SpringDomainEventPublisher.java:0)
Constructor <com.academia.infrastructure.events.SpringDomainEventPublisher.<init>(org.springframework.context.ApplicationEventPublisher)> is annotated with <lombok.Generated> in (SpringDomainEventPublisher.java:0)
Constructor <com.academia.infrastructure.persistence.adapters.JpaCourseRepositoryAdapter.<init>()> calls constructor <java.lang.Object.<init>()> in (JpaCourseRepositoryAdapter.java:11)
Constructor <com.academia.infrastructure.persistence.adapters.JpaOrganizationRepositoryAdapter.<init>(com.academia.infrastructure.persistence.jpa.repositories.SpringOrganizationRepository, com.academia.infrastructure.persistence.jpa.mappers.OrganizationMapper)> calls constructor <java.lang.Object.<init>()> in (JpaOrganizationRepositoryAdapter.java:14)
Constructor <com.academia.infrastructure.persistence.adapters.JpaOrganizationRepositoryAdapter.<init>(com.academia.infrastructure.persistence.jpa.repositories.SpringOrganizationRepository, com.academia.infrastructure.persistence.jpa.mappers.OrganizationMapper)> is annotated with <lombok.Generated> in (JpaOrganizationRepositoryAdapter.java:0)
Constructor <com.academia.infrastructure.persistence.adapters.JpaStudentRepositoryAdapter.<init>(com.academia.infrastructure.persistence.jpa.repositories.SpringStudentProfileRepository, com.academia.infrastructure.persistence.jpa.mappers.StudentMapper)> calls constructor <java.lang.Object.<init>()> in (JpaStudentRepositoryAdapter.java:15)
Constructor <com.academia.infrastructure.persistence.adapters.JpaStudentRepositoryAdapter.<init>(com.academia.infrastructure.persistence.jpa.repositories.SpringStudentProfileRepository, com.academia.infrastructure.persistence.jpa.mappers.StudentMapper)> is annotated with <lombok.Generated> in (JpaStudentRepositoryAdapter.java:0)
Constructor <com.academia.infrastructure.persistence.adapters.JpaUserAccountRepositoryAdapter.<init>(com.academia.infrastructure.persistence.jpa.repositories.SpringUserRepository, com.academia.infrastructure.persistence.jpa.mappers.UserAccountMapper)> calls constructor <java.lang.Object.<init>()> in (JpaUserAccountRepositoryAdapter.java:17)
Constructor <com.academia.infrastructure.persistence.adapters.JpaUserAccountRepositoryAdapter.<init>(com.academia.infrastructure.persistence.jpa.repositories.SpringUserRepository, com.academia.infrastructure.persistence.jpa.mappers.UserAccountMapper)> is annotated with <lombok.Generated> in (JpaUserAccountRepositoryAdapter.java:0)
Constructor <com.academia.infrastructure.persistence.jpa.entities.OrganizationJpaEntity.<init>()> calls constructor <java.lang.Object.<init>()> in (OrganizationJpaEntity.java:11)
Constructor <com.academia.infrastructure.persistence.jpa.entities.StudentProfileJpaEntity.<init>()> calls constructor <java.lang.Object.<init>()> in (StudentProfileJpaEntity.java:16)
Constructor <com.academia.infrastructure.persistence.jpa.entities.UserJpaEntity.<init>()> calls constructor <java.lang.Object.<init>()> in (UserJpaEntity.java:13)
Constructor <com.academia.infrastructure.persistence.jpa.mappers.OrganizationMapperImpl.<init>()> calls constructor <java.lang.Object.<init>()> in (OrganizationMapperImpl.java:15)
Constructor <com.academia.infrastructure.persistence.jpa.mappers.StudentMapperImpl.<init>()> calls constructor <java.lang.Object.<init>()> in (StudentMapperImpl.java:17)
Constructor <com.academia.infrastructure.persistence.jpa.mappers.UserAccountMapperImpl.<init>()> calls constructor <java.lang.Object.<init>()> in (UserAccountMapperImpl.java:21)
Constructor <com.academia.infrastructure.web.controllers.CourseController.<init>(com.academia.domain.ports.in.course.EnrollStudentInCourseUseCase, com.academia.infrastructure.web.mappers.EnrollStudentRequestMapper)> calls constructor <java.lang.Object.<init>()> in (CourseController.java:18)
Constructor <com.academia.infrastructure.web.controllers.CourseController.<init>(com.academia.domain.ports.in.course.EnrollStudentInCourseUseCase, com.academia.infrastructure.web.mappers.EnrollStudentRequestMapper)> is annotated with <lombok.Generated> in (CourseController.java:0)
Constructor <com.academia.infrastructure.web.controllers.StudentController.<init>(com.academia.domain.ports.in.student.RegisterNewStudentUseCase, com.academia.infrastructure.web.mappers.RegisterStudentRequestMapper)> calls constructor <java.lang.Object.<init>()> in (StudentController.java:16)
Constructor <com.academia.infrastructure.web.controllers.StudentController.<init>(com.academia.domain.ports.in.student.RegisterNewStudentUseCase, com.academia.infrastructure.web.mappers.RegisterStudentRequestMapper)> is annotated with <lombok.Generated> in (StudentController.java:0)
Constructor <com.academia.infrastructure.web.mappers.EnrollStudentRequestMapperImpl.<init>()> calls constructor <java.lang.Object.<init>()> in (EnrollStudentRequestMapperImpl.java:14)
Constructor <com.academia.infrastructure.web.mappers.RegisterStudentRequestMapperImpl.<init>()> calls constructor <java.lang.Object.<init>()> in (RegisterStudentRequestMapperImpl.java:15)
Constructor <com.academia.infrastructure.web.requests.EnrollStudentInCourseRequest.<init>(java.lang.Long, java.lang.Long)> calls constructor <java.lang.Record.<init>()> in (EnrollStudentInCourseRequest.java:5)
Constructor <com.academia.infrastructure.web.requests.EnrollStudentInCourseRequest.<init>(java.lang.Long, java.lang.Long)> has parameter of type <java.lang.Long> in (EnrollStudentInCourseRequest.java:0)
Constructor <com.academia.infrastructure.web.requests.RegisterStudentRequest.<init>(java.lang.Long, java.lang.String, java.lang.String, java.lang.String, java.time.LocalDate, java.lang.String, java.time.LocalDate, java.lang.String)> calls constructor <java.lang.Record.<init>()> in (RegisterStudentRequest.java:14)
Constructor <com.academia.infrastructure.web.requests.RegisterStudentRequest.<init>(java.lang.Long, java.lang.String, java.lang.String, java.lang.String, java.time.LocalDate, java.lang.String, java.time.LocalDate, java.lang.String)> has parameter of type <java.lang.Long> in (RegisterStudentRequest.java:0)
Constructor <com.academia.infrastructure.web.requests.RegisterStudentRequest.<init>(java.lang.Long, java.lang.String, java.lang.String, java.lang.String, java.time.LocalDate, java.lang.String, java.time.LocalDate, java.lang.String)> has parameter of type <java.lang.String> in (RegisterStudentRequest.java:0)
Constructor <com.academia.infrastructure.web.requests.RegisterStudentRequest.<init>(java.lang.Long, java.lang.String, java.lang.String, java.lang.String, java.time.LocalDate, java.lang.String, java.time.LocalDate, java.lang.String)> has parameter of type <java.time.LocalDate> in (RegisterStudentRequest.java:0)
Field <com.academia.domain.model.aggregates.Course.domainEvents> has type <java.util.List> in (Course.java:0)
Field <com.academia.domain.model.aggregates.Course.enrollments> has type <java.util.Set> in (Course.java:0)
Field <com.academia.domain.model.aggregates.Organization.academicTerms> has type <java.util.Set> in (Organization.java:0)
Field <com.academia.domain.model.aggregates.Organization.name> has type <java.lang.String> in (Organization.java:0)
Field <com.academia.domain.model.aggregates.UserAccount.domainEvents> has type <java.util.List> in (UserAccount.java:0)
Field <com.academia.domain.model.entities.AcademicTerm.endDate> has type <java.time.LocalDate> in (AcademicTerm.java:0)
Field <com.academia.domain.model.entities.AcademicTerm.id> has type <java.lang.Long> in (AcademicTerm.java:0)
Field <com.academia.domain.model.entities.AcademicTerm.name> has type <java.lang.String> in (AcademicTerm.java:0)
Field <com.academia.domain.model.entities.AcademicTerm.startDate> has type <java.time.LocalDate> in (AcademicTerm.java:0)
Field <com.academia.domain.model.entities.Enrollment.enrollmentDate> has type <java.time.LocalDateTime> in (Enrollment.java:0)
Field <com.academia.domain.model.entities.Enrollment.id> has type <java.lang.Long> in (Enrollment.java:0)
Field <com.academia.domain.model.entities.Role.id> has type <java.lang.Integer> in (Role.java:0)
Field <com.academia.domain.model.entities.Role.name> has type <java.lang.String> in (Role.java:0)
Field <com.academia.domain.model.entities.Role.permissions> has generic type <java.util.Set<java.lang.String>> with type argument depending on <java.lang.String> in (Role.java:0)
Field <com.academia.domain.model.entities.Role.permissions> has type <java.util.Set> in (Role.java:0)
Field <com.academia.domain.model.entities.Staff.title> has type <java.lang.String> in (Staff.java:0)
Field <com.academia.domain.model.entities.Student.currentGradeLevel> has type <java.lang.String> in (Student.java:0)
Field <com.academia.domain.model.entities.Student.enrollmentDate> has type <java.time.LocalDate> in (Student.java:0)
Field <com.academia.domain.model.entities.Student.guardians> has type <java.util.Set> in (Student.java:0)
Field <com.academia.domain.model.entities.Student.studentIdNumber> has type <java.lang.String> in (Student.java:0)
Field <com.academia.domain.model.entities.Subject.id> has type <java.lang.Long> in (Subject.java:0)
Field <com.academia.domain.model.entities.Subject.name> has type <java.lang.String> in (Subject.java:0)
Field <com.academia.domain.model.entities.Subject.subjectCode> has type <java.lang.String> in (Subject.java:0)
Field <com.academia.domain.model.entities.User.birthDate> has type <java.time.LocalDate> in (User.java:0)
Field <com.academia.domain.model.entities.User.createdAt> has type <java.time.LocalDateTime> in (User.java:0)
Field <com.academia.domain.model.entities.User.passwordHash> has type <java.lang.String> in (User.java:0)
Field <com.academia.domain.model.entities.User.roles> has type <java.util.Set> in (User.java:0)
Field <com.academia.domain.model.entities.User.updatedAt> has type <java.time.LocalDateTime> in (User.java:0)
Field <com.academia.domain.model.events.CourseEvents$StudentEnrolledInCourse.eventId> has type <java.util.UUID> in (CourseEvents.java:0)
Field <com.academia.domain.model.events.CourseEvents$StudentEnrolledInCourse.occurredOn> has type <java.time.Instant> in (CourseEvents.java:0)
Field <com.academia.domain.model.events.CourseEvents$TeacherAssignedToCourse.eventId> has type <java.util.UUID> in (CourseEvents.java:0)
Field <com.academia.domain.model.events.CourseEvents$TeacherAssignedToCourse.occurredOn> has type <java.time.Instant> in (CourseEvents.java:0)
Field <com.academia.domain.model.events.UserAccountEvents$AccountActivated.eventId> has type <java.util.UUID> in (UserAccountEvents.java:0)
Field <com.academia.domain.model.events.UserAccountEvents$AccountActivated.occurredOn> has type <java.time.Instant> in (UserAccountEvents.java:0)
Field <com.academia.domain.model.events.UserAccountEvents$UserRegisteredEvent.eventId> has type <java.util.UUID> in (UserAccountEvents.java:0)
Field <com.academia.domain.model.events.UserAccountEvents$UserRegisteredEvent.occurredOn> has type <java.time.Instant> in (UserAccountEvents.java:0)
Field <com.academia.domain.model.events.UserEvents$AccountActivated.eventId> has type <java.util.UUID> in (UserEvents.java:0)
Field <com.academia.domain.model.events.UserEvents$AccountActivated.occurredOn> has type <java.time.Instant> in (UserEvents.java:0)
Field <com.academia.domain.model.events.UserEvents$UserRegisteredEvent.eventId> has type <java.util.UUID> in (UserEvents.java:0)
Field <com.academia.domain.model.events.UserEvents$UserRegisteredEvent.occurredOn> has type <java.time.Instant> in (UserEvents.java:0)
Field <com.academia.domain.model.valueobjects.GuardianRelationship.relationshipType> has type <java.lang.String> in (GuardianRelationship.java:0)
Field <com.academia.domain.model.valueobjects.academic.CourseCode.value> has type <java.lang.String> in (CourseCode.java:0)
Field <com.academia.domain.model.valueobjects.academic.TermDates.endDate> has type <java.time.LocalDate> in (TermDates.java:0)
Field <com.academia.domain.model.valueobjects.academic.TermDates.startDate> has type <java.time.LocalDate> in (TermDates.java:0)
Field <com.academia.domain.model.valueobjects.ids.AccountId.value> has type <java.lang.Long> in (AccountId.java:0)
Field <com.academia.domain.model.valueobjects.ids.CourseId.value> has type <java.lang.Long> in (CourseId.java:0)
Field <com.academia.domain.model.valueobjects.ids.OrganizationId.value> has type <java.lang.Long> in (OrganizationId.java:0)
Field <com.academia.domain.model.valueobjects.ids.SubjectId.value> has type <java.lang.Long> in (SubjectId.java:0)
Field <com.academia.domain.model.valueobjects.user.DNI.value> has type <java.lang.String> in (DNI.java:0)
Field <com.academia.domain.model.valueobjects.user.Email.EMAIL_PATTERN> has type <java.util.regex.Pattern> in (Email.java:0)
Field <com.academia.domain.model.valueobjects.user.Email.value> has type <java.lang.String> in (Email.java:0)
Field <com.academia.domain.model.valueobjects.user.HashedPassword.value> has type <java.lang.String> in (HashedPassword.java:0)
Field <com.academia.domain.model.valueobjects.user.Name.firstName> has type <java.lang.String> in (Name.java:0)
Field <com.academia.domain.model.valueobjects.user.Name.lastName> has type <java.lang.String> in (Name.java:0)
Field <com.academia.domain.ports.in.commands.EnrollStudentInCourseCommand.courseId> has type <java.lang.Long> in (EnrollStudentInCourseCommand.java:0)
Field <com.academia.domain.ports.in.commands.EnrollStudentInCourseCommand.studentAccountId> has type <java.lang.Long> in (EnrollStudentInCourseCommand.java:0)
Field <com.academia.domain.ports.in.commands.RegisterNewStudentCommand.birthDate> has type <java.time.LocalDate> in (RegisterNewStudentCommand.java:0)
Field <com.academia.domain.ports.in.commands.RegisterNewStudentCommand.email> has type <java.lang.String> in (RegisterNewStudentCommand.java:0)
Field <com.academia.domain.ports.in.commands.RegisterNewStudentCommand.enrollmentDate> has type <java.time.LocalDate> in (RegisterNewStudentCommand.java:0)
Field <com.academia.domain.ports.in.commands.RegisterNewStudentCommand.firstName> has type <java.lang.String> in (RegisterNewStudentCommand.java:0)
Field <com.academia.domain.ports.in.commands.RegisterNewStudentCommand.initialGradeLevel> has type <java.lang.String> in (RegisterNewStudentCommand.java:0)
Field <com.academia.domain.ports.in.commands.RegisterNewStudentCommand.lastName> has type <java.lang.String> in (RegisterNewStudentCommand.java:0)
Field <com.academia.domain.ports.in.commands.RegisterNewStudentCommand.organizationId> has type <java.lang.Long> in (RegisterNewStudentCommand.java:0)
Field <com.academia.domain.ports.in.commands.RegisterNewStudentCommand.studentIdNumber> has type <java.lang.String> in (RegisterNewStudentCommand.java:0)
Field <com.academia.domain.ports.in.dtos.EnrollmentResultDTO.courseId> has type <java.lang.Long> in (EnrollmentResultDTO.java:0)
Field <com.academia.domain.ports.in.dtos.EnrollmentResultDTO.enrollmentDate> has type <java.time.LocalDateTime> in (EnrollmentResultDTO.java:0)
Field <com.academia.domain.ports.in.dtos.EnrollmentResultDTO.enrollmentId> has type <java.lang.Long> in (EnrollmentResultDTO.java:0)
Field <com.academia.domain.ports.in.dtos.EnrollmentResultDTO.status> has type <java.lang.String> in (EnrollmentResultDTO.java:0)
Field <com.academia.domain.ports.in.dtos.EnrollmentResultDTO.studentAccountId> has type <java.lang.Long> in (EnrollmentResultDTO.java:0)
Field <com.academia.domain.ports.in.dtos.StudentDetailsDTO$GuardianDTO.fullName> has type <java.lang.String> in (StudentDetailsDTO.java:0)
Field <com.academia.domain.ports.in.dtos.StudentDetailsDTO$GuardianDTO.guardianAccountId> has type <java.lang.Long> in (StudentDetailsDTO.java:0)
Field <com.academia.domain.ports.in.dtos.StudentDetailsDTO$GuardianDTO.relationshipType> has type <java.lang.String> in (StudentDetailsDTO.java:0)
Field <com.academia.domain.ports.in.dtos.StudentDetailsDTO.accountId> has type <java.lang.Long> in (StudentDetailsDTO.java:0)
Field <com.academia.domain.ports.in.dtos.StudentDetailsDTO.accountStatus> has type <java.lang.String> in (StudentDetailsDTO.java:0)
Field <com.academia.domain.ports.in.dtos.StudentDetailsDTO.currentGradeLevel> has type <java.lang.String> in (StudentDetailsDTO.java:0)
Field <com.academia.domain.ports.in.dtos.StudentDetailsDTO.email> has type <java.lang.String> in (StudentDetailsDTO.java:0)
Field <com.academia.domain.ports.in.dtos.StudentDetailsDTO.enrollmentDate> has type <java.time.LocalDate> in (StudentDetailsDTO.java:0)
Field <com.academia.domain.ports.in.dtos.StudentDetailsDTO.fullName> has type <java.lang.String> in (StudentDetailsDTO.java:0)
Field <com.academia.domain.ports.in.dtos.StudentDetailsDTO.guardians> has type <java.util.List> in (StudentDetailsDTO.java:0)
Field <com.academia.domain.ports.in.dtos.StudentDetailsDTO.studentIdNumber> has type <java.lang.String> in (StudentDetailsDTO.java:0)
Field <com.academia.domain.ports.in.queries.GetStudentDetailsQuery.studentAccountId> has type <java.lang.Long> in (GetStudentDetailsQuery.java:0)
Field <com.academia.infrastructure.events.SpringDomainEventPublisher.applicationEventPublisher> has type <org.springframework.context.ApplicationEventPublisher> in (SpringDomainEventPublisher.java:0)
Field <com.academia.infrastructure.events.SpringDomainEventPublisher.log> has type <org.slf4j.Logger> in (SpringDomainEventPublisher.java:0)
Field <com.academia.infrastructure.events.SpringDomainEventPublisher.log> is annotated with <lombok.Generated> in (SpringDomainEventPublisher.java:0)
Field <com.academia.infrastructure.persistence.jpa.entities.OrganizationJpaEntity.id> has annotation member of type <jakarta.persistence.GenerationType> in (OrganizationJpaEntity.java:0)
Field <com.academia.infrastructure.persistence.jpa.entities.OrganizationJpaEntity.id> has type <java.lang.Long> in (OrganizationJpaEntity.java:0)
Field <com.academia.infrastructure.persistence.jpa.entities.OrganizationJpaEntity.id> is annotated with <jakarta.persistence.GeneratedValue> in (OrganizationJpaEntity.java:0)
Field <com.academia.infrastructure.persistence.jpa.entities.OrganizationJpaEntity.id> is annotated with <jakarta.persistence.Id> in (OrganizationJpaEntity.java:0)
Field <com.academia.infrastructure.persistence.jpa.entities.OrganizationJpaEntity.name> has type <java.lang.String> in (OrganizationJpaEntity.java:0)
Field <com.academia.infrastructure.persistence.jpa.entities.OrganizationJpaEntity.subdomain> has type <java.lang.String> in (OrganizationJpaEntity.java:0)
Field <com.academia.infrastructure.persistence.jpa.entities.OrganizationJpaEntity.uuid> has type <java.lang.String> in (OrganizationJpaEntity.java:0)
Field <com.academia.infrastructure.persistence.jpa.entities.StudentProfileJpaEntity.currentGradeLevel> has type <java.lang.String> in (StudentProfileJpaEntity.java:0)
Field <com.academia.infrastructure.persistence.jpa.entities.StudentProfileJpaEntity.enrollmentDate> has type <java.time.LocalDate> in (StudentProfileJpaEntity.java:0)
Field <com.academia.infrastructure.persistence.jpa.entities.StudentProfileJpaEntity.organizationId> has type <java.lang.Long> in (StudentProfileJpaEntity.java:0)
Field <com.academia.infrastructure.persistence.jpa.entities.StudentProfileJpaEntity.studentIdNumber> has type <java.lang.String> in (StudentProfileJpaEntity.java:0)
Field <com.academia.infrastructure.persistence.jpa.entities.StudentProfileJpaEntity.userId> has type <java.lang.Long> in (StudentProfileJpaEntity.java:0)
Field <com.academia.infrastructure.persistence.jpa.entities.StudentProfileJpaEntity.userId> is annotated with <jakarta.persistence.Id> in (StudentProfileJpaEntity.java:0)
Field <com.academia.infrastructure.persistence.jpa.entities.UserJpaEntity.accountStatus> has annotation member of type <jakarta.persistence.EnumType> in (UserJpaEntity.java:0)
Field <com.academia.infrastructure.persistence.jpa.entities.UserJpaEntity.accountStatus> is annotated with <jakarta.persistence.Enumerated> in (UserJpaEntity.java:0)
Field <com.academia.infrastructure.persistence.jpa.entities.UserJpaEntity.birthDate> has type <java.time.LocalDate> in (UserJpaEntity.java:0)
Field <com.academia.infrastructure.persistence.jpa.entities.UserJpaEntity.email> has type <java.lang.String> in (UserJpaEntity.java:0)
Field <com.academia.infrastructure.persistence.jpa.entities.UserJpaEntity.firstName> has type <java.lang.String> in (UserJpaEntity.java:0)
Field <com.academia.infrastructure.persistence.jpa.entities.UserJpaEntity.id> has annotation member of type <jakarta.persistence.GenerationType> in (UserJpaEntity.java:0)
Field <com.academia.infrastructure.persistence.jpa.entities.UserJpaEntity.id> has type <java.lang.Long> in (UserJpaEntity.java:0)
Field <com.academia.infrastructure.persistence.jpa.entities.UserJpaEntity.id> is annotated with <jakarta.persistence.GeneratedValue> in (UserJpaEntity.java:0)
Field <com.academia.infrastructure.persistence.jpa.entities.UserJpaEntity.id> is annotated with <jakarta.persistence.Id> in (UserJpaEntity.java:0)
Field <com.academia.infrastructure.persistence.jpa.entities.UserJpaEntity.lastName> has type <java.lang.String> in (UserJpaEntity.java:0)
Field <com.academia.infrastructure.persistence.jpa.entities.UserJpaEntity.organizationId> has type <java.lang.Long> in (UserJpaEntity.java:0)
Field <com.academia.infrastructure.persistence.jpa.entities.UserJpaEntity.passwordHash> has type <java.lang.String> in (UserJpaEntity.java:0)
Field <com.academia.infrastructure.web.requests.EnrollStudentInCourseRequest.courseId> has type <java.lang.Long> in (EnrollStudentInCourseRequest.java:0)
Field <com.academia.infrastructure.web.requests.EnrollStudentInCourseRequest.courseId> is annotated with <jakarta.validation.constraints.NotNull> in (EnrollStudentInCourseRequest.java:0)
Field <com.academia.infrastructure.web.requests.EnrollStudentInCourseRequest.studentAccountId> has type <java.lang.Long> in (EnrollStudentInCourseRequest.java:0)
Field <com.academia.infrastructure.web.requests.EnrollStudentInCourseRequest.studentAccountId> is annotated with <jakarta.validation.constraints.NotNull> in (EnrollStudentInCourseRequest.java:0)
Field <com.academia.infrastructure.web.requests.RegisterStudentRequest.birthDate> has type <java.time.LocalDate> in (RegisterStudentRequest.java:0)
Field <com.academia.infrastructure.web.requests.RegisterStudentRequest.birthDate> is annotated with <jakarta.validation.constraints.NotNull> in (RegisterStudentRequest.java:0)
Field <com.academia.infrastructure.web.requests.RegisterStudentRequest.birthDate> is annotated with <jakarta.validation.constraints.Past> in (RegisterStudentRequest.java:0)
Field <com.academia.infrastructure.web.requests.RegisterStudentRequest.email> has type <java.lang.String> in (RegisterStudentRequest.java:0)
Field <com.academia.infrastructure.web.requests.RegisterStudentRequest.email> is annotated with <jakarta.validation.constraints.Email> in (RegisterStudentRequest.java:0)
Field <com.academia.infrastructure.web.requests.RegisterStudentRequest.email> is annotated with <jakarta.validation.constraints.NotBlank> in (RegisterStudentRequest.java:0)
Field <com.academia.infrastructure.web.requests.RegisterStudentRequest.enrollmentDate> has type <java.time.LocalDate> in (RegisterStudentRequest.java:0)
Field <com.academia.infrastructure.web.requests.RegisterStudentRequest.enrollmentDate> is annotated with <jakarta.validation.constraints.NotNull> in (RegisterStudentRequest.java:0)
Field <com.academia.infrastructure.web.requests.RegisterStudentRequest.firstName> has type <java.lang.String> in (RegisterStudentRequest.java:0)
Field <com.academia.infrastructure.web.requests.RegisterStudentRequest.firstName> is annotated with <jakarta.validation.constraints.NotBlank> in (RegisterStudentRequest.java:0)
Field <com.academia.infrastructure.web.requests.RegisterStudentRequest.firstName> is annotated with <jakarta.validation.constraints.Size> in (RegisterStudentRequest.java:0)
Field <com.academia.infrastructure.web.requests.RegisterStudentRequest.initialGradeLevel> has type <java.lang.String> in (RegisterStudentRequest.java:0)
Field <com.academia.infrastructure.web.requests.RegisterStudentRequest.initialGradeLevel> is annotated with <jakarta.validation.constraints.NotBlank> in (RegisterStudentRequest.java:0)
Field <com.academia.infrastructure.web.requests.RegisterStudentRequest.lastName> has type <java.lang.String> in (RegisterStudentRequest.java:0)
Field <com.academia.infrastructure.web.requests.RegisterStudentRequest.lastName> is annotated with <jakarta.validation.constraints.NotBlank> in (RegisterStudentRequest.java:0)
Field <com.academia.infrastructure.web.requests.RegisterStudentRequest.lastName> is annotated with <jakarta.validation.constraints.Size> in (RegisterStudentRequest.java:0)
Field <com.academia.infrastructure.web.requests.RegisterStudentRequest.organizationId> has type <java.lang.Long> in (RegisterStudentRequest.java:0)
Field <com.academia.infrastructure.web.requests.RegisterStudentRequest.organizationId> is annotated with <jakarta.validation.constraints.NotNull> in (RegisterStudentRequest.java:0)
Field <com.academia.infrastructure.web.requests.RegisterStudentRequest.studentIdNumber> has type <java.lang.String> in (RegisterStudentRequest.java:0)
Field <com.academia.infrastructure.web.requests.RegisterStudentRequest.studentIdNumber> is annotated with <jakarta.validation.constraints.NotBlank> in (RegisterStudentRequest.java:0)
Field <com.academia.infrastructure.web.requests.RegisterStudentRequest.studentIdNumber> is annotated with <jakarta.validation.constraints.Size> in (RegisterStudentRequest.java:0)
Interface <com.academia.infrastructure.persistence.jpa.repositories.SpringOrganizationRepository> extends class <java.lang.Object> in (SpringOrganizationRepository.java:0)
Interface <com.academia.infrastructure.persistence.jpa.repositories.SpringOrganizationRepository> extends interface <org.springframework.data.jpa.repository.JpaRepository> in (SpringOrganizationRepository.java:0)
Interface <com.academia.infrastructure.persistence.jpa.repositories.SpringStudentProfileRepository> extends class <java.lang.Object> in (SpringStudentProfileRepository.java:0)
Interface <com.academia.infrastructure.persistence.jpa.repositories.SpringStudentProfileRepository> extends interface <org.springframework.data.jpa.repository.JpaRepository> in (SpringStudentProfileRepository.java:0)
Interface <com.academia.infrastructure.persistence.jpa.repositories.SpringUserRepository> extends class <java.lang.Object> in (SpringUserRepository.java:0)
Interface <com.academia.infrastructure.persistence.jpa.repositories.SpringUserRepository> extends interface <org.springframework.data.jpa.repository.JpaRepository> in (SpringUserRepository.java:0)
Method <com.academia.application.mappers.StudentDTOMapper.toDTO(com.academia.domain.model.aggregates.UserAccount, com.academia.domain.model.entities.Student)> has annotation member of type <org.mapstruct.Mapping> in (StudentDTOMapper.java:0)
Method <com.academia.application.mappers.StudentDTOMapper.toDTO(com.academia.domain.model.aggregates.UserAccount, com.academia.domain.model.entities.Student)> has annotation member of type <org.mapstruct.NullValueCheckStrategy> in (StudentDTOMapper.java:0)
Method <com.academia.application.mappers.StudentDTOMapper.toDTO(com.academia.domain.model.aggregates.UserAccount, com.academia.domain.model.entities.Student)> has annotation member of type <org.mapstruct.NullValuePropertyMappingStrategy> in (StudentDTOMapper.java:0)
Method <com.academia.application.mappers.StudentDTOMapper.toDTO(com.academia.domain.model.aggregates.UserAccount, com.academia.domain.model.entities.Student)> has annotation member of type <org.mapstruct.control.MappingControl> in (StudentDTOMapper.java:0)
Method <com.academia.application.mappers.StudentDTOMapper.toDTO(com.academia.domain.model.aggregates.UserAccount, com.academia.domain.model.entities.Student)> is annotated with <org.mapstruct.Mappings> in (StudentDTOMapper.java:0)
Method <com.academia.application.mappers.StudentDTOMapperImpl.userAccountUserEmailValue(com.academia.domain.model.aggregates.UserAccount)> has return type <java.lang.String> in (StudentDTOMapperImpl.java:0)
Method <com.academia.application.mappers.StudentDTOMapperImpl.userAccountUserIdValue(com.academia.domain.model.aggregates.UserAccount)> has return type <java.lang.Long> in (StudentDTOMapperImpl.java:0)
Method <com.academia.application.services.EnrollStudentInCourseServiceImpl.enrollStudent(com.academia.domain.ports.in.commands.EnrollStudentInCourseCommand)> calls method <java.util.Optional.orElseThrow(java.util.function.Supplier)> in (EnrollStudentInCourseServiceImpl.java:37)
Method <com.academia.application.services.EnrollStudentInCourseServiceImpl.enrollStudent(com.academia.domain.ports.in.commands.EnrollStudentInCourseCommand)> calls method <java.util.Optional.orElseThrow(java.util.function.Supplier)> in (EnrollStudentInCourseServiceImpl.java:40)
Method <com.academia.application.services.EnrollStudentInCourseServiceImpl.enrollStudent(com.academia.domain.ports.in.commands.EnrollStudentInCourseCommand)> has annotation member of type <org.springframework.transaction.annotation.Isolation> in (EnrollStudentInCourseServiceImpl.java:0)
Method <com.academia.application.services.EnrollStudentInCourseServiceImpl.enrollStudent(com.academia.domain.ports.in.commands.EnrollStudentInCourseCommand)> has annotation member of type <org.springframework.transaction.annotation.Propagation> in (EnrollStudentInCourseServiceImpl.java:0)
Method <com.academia.application.services.EnrollStudentInCourseServiceImpl.enrollStudent(com.academia.domain.ports.in.commands.EnrollStudentInCourseCommand)> is annotated with <org.springframework.transaction.annotation.Transactional> in (EnrollStudentInCourseServiceImpl.java:0)
Method <com.academia.application.services.FindStudentDetailsServiceImpl.findStudentDetails(com.academia.domain.ports.in.queries.GetStudentDetailsQuery)> calls method <java.util.Optional.empty()> in (FindStudentDetailsServiceImpl.java:39)
Method <com.academia.application.services.FindStudentDetailsServiceImpl.findStudentDetails(com.academia.domain.ports.in.queries.GetStudentDetailsQuery)> calls method <java.util.Optional.get()> in (FindStudentDetailsServiceImpl.java:35)
Method <com.academia.application.services.FindStudentDetailsServiceImpl.findStudentDetails(com.academia.domain.ports.in.queries.GetStudentDetailsQuery)> calls method <java.util.Optional.get()> in (FindStudentDetailsServiceImpl.java:35)
Method <com.academia.application.services.FindStudentDetailsServiceImpl.findStudentDetails(com.academia.domain.ports.in.queries.GetStudentDetailsQuery)> calls method <java.util.Optional.isPresent()> in (FindStudentDetailsServiceImpl.java:34)
Method <com.academia.application.services.FindStudentDetailsServiceImpl.findStudentDetails(com.academia.domain.ports.in.queries.GetStudentDetailsQuery)> calls method <java.util.Optional.isPresent()> in (FindStudentDetailsServiceImpl.java:34)
Method <com.academia.application.services.FindStudentDetailsServiceImpl.findStudentDetails(com.academia.domain.ports.in.queries.GetStudentDetailsQuery)> calls method <java.util.Optional.of(java.lang.Object)> in (FindStudentDetailsServiceImpl.java:36)
Method <com.academia.application.services.FindStudentDetailsServiceImpl.findStudentDetails(com.academia.domain.ports.in.queries.GetStudentDetailsQuery)> has annotation member of type <org.springframework.transaction.annotation.Isolation> in (FindStudentDetailsServiceImpl.java:0)
Method <com.academia.application.services.FindStudentDetailsServiceImpl.findStudentDetails(com.academia.domain.ports.in.queries.GetStudentDetailsQuery)> has annotation member of type <org.springframework.transaction.annotation.Propagation> in (FindStudentDetailsServiceImpl.java:0)
Method <com.academia.application.services.FindStudentDetailsServiceImpl.findStudentDetails(com.academia.domain.ports.in.queries.GetStudentDetailsQuery)> has return type <java.util.Optional> in (FindStudentDetailsServiceImpl.java:0)
Method <com.academia.application.services.FindStudentDetailsServiceImpl.findStudentDetails(com.academia.domain.ports.in.queries.GetStudentDetailsQuery)> is annotated with <org.springframework.transaction.annotation.Transactional> in (FindStudentDetailsServiceImpl.java:0)
Method <com.academia.application.services.RegisterNewStudentServiceImpl.registerStudent(com.academia.domain.ports.in.commands.RegisterNewStudentCommand)> calls constructor <java.lang.IllegalArgumentException.<init>(java.lang.String)> in (RegisterNewStudentServiceImpl.java:43)
Method <com.academia.application.services.RegisterNewStudentServiceImpl.registerStudent(com.academia.domain.ports.in.commands.RegisterNewStudentCommand)> calls constructor <java.lang.IllegalArgumentException.<init>(java.lang.String)> in (RegisterNewStudentServiceImpl.java:46)
Method <com.academia.application.services.RegisterNewStudentServiceImpl.registerStudent(com.academia.domain.ports.in.commands.RegisterNewStudentCommand)> calls method <java.time.LocalDate.now()> in (RegisterNewStudentServiceImpl.java:51)
Method <com.academia.application.services.RegisterNewStudentServiceImpl.registerStudent(com.academia.domain.ports.in.commands.RegisterNewStudentCommand)> calls method <java.time.Period.between(java.time.LocalDate, java.time.LocalDate)> in (RegisterNewStudentServiceImpl.java:51)
Method <com.academia.application.services.RegisterNewStudentServiceImpl.registerStudent(com.academia.domain.ports.in.commands.RegisterNewStudentCommand)> calls method <java.time.Period.getYears()> in (RegisterNewStudentServiceImpl.java:51)
Method <com.academia.application.services.RegisterNewStudentServiceImpl.registerStudent(com.academia.domain.ports.in.commands.RegisterNewStudentCommand)> calls method <java.util.Optional.orElseThrow(java.util.function.Supplier)> in (RegisterNewStudentServiceImpl.java:39)
Method <com.academia.application.services.RegisterNewStudentServiceImpl.registerStudent(com.academia.domain.ports.in.commands.RegisterNewStudentCommand)> has annotation member of type <org.springframework.transaction.annotation.Isolation> in (RegisterNewStudentServiceImpl.java:0)
Method <com.academia.application.services.RegisterNewStudentServiceImpl.registerStudent(com.academia.domain.ports.in.commands.RegisterNewStudentCommand)> has annotation member of type <org.springframework.transaction.annotation.Propagation> in (RegisterNewStudentServiceImpl.java:0)
Method <com.academia.application.services.RegisterNewStudentServiceImpl.registerStudent(com.academia.domain.ports.in.commands.RegisterNewStudentCommand)> is annotated with <org.springframework.transaction.annotation.Transactional> in (RegisterNewStudentServiceImpl.java:0)
Method <com.academia.domain.model.aggregates.Course.assignTeacher(com.academia.domain.model.entities.Staff)> calls method <java.util.List.add(java.lang.Object)> in (Course.java:38)
Method <com.academia.domain.model.aggregates.Course.clearDomainEvents()> calls method <java.util.List.clear()> in (Course.java:58)
Method <com.academia.domain.model.aggregates.Course.enrollStudent(com.academia.domain.model.entities.Student, com.academia.domain.model.services.EnrollmentEligibilityChecker)> calls constructor <java.lang.IllegalStateException.<init>(java.lang.String)> in (Course.java:44)
Method <com.academia.domain.model.aggregates.Course.enrollStudent(com.academia.domain.model.entities.Student, com.academia.domain.model.services.EnrollmentEligibilityChecker)> calls constructor <java.lang.IllegalStateException.<init>(java.lang.String)> in (Course.java:48)
Method <com.academia.domain.model.aggregates.Course.enrollStudent(com.academia.domain.model.entities.Student, com.academia.domain.model.services.EnrollmentEligibilityChecker)> calls method <java.util.List.add(java.lang.Object)> in (Course.java:53)
Method <com.academia.domain.model.aggregates.Course.enrollStudent(com.academia.domain.model.entities.Student, com.academia.domain.model.services.EnrollmentEligibilityChecker)> calls method <java.util.Set.add(java.lang.Object)> in (Course.java:52)
Method <com.academia.domain.model.aggregates.Course.enrollStudent(com.academia.domain.model.entities.Student, com.academia.domain.model.services.EnrollmentEligibilityChecker)> calls method <java.util.Set.stream()> in (Course.java:47)
Method <com.academia.domain.model.aggregates.Course.enrollStudent(com.academia.domain.model.entities.Student, com.academia.domain.model.services.EnrollmentEligibilityChecker)> calls method <java.util.stream.Stream.anyMatch(java.util.function.Predicate)> in (Course.java:47)
Method <com.academia.domain.model.aggregates.Course.getDomainEvents()> calls method <java.util.List.copyOf(java.util.Collection)> in (Course.java:57)
Method <com.academia.domain.model.aggregates.Course.getDomainEvents()> has return type <java.util.List> in (Course.java:0)
Method <com.academia.domain.model.aggregates.Course.getEnrollments()> calls method <java.util.Collections.unmodifiableSet(java.util.Set)> in (Course.java:59)
Method <com.academia.domain.model.aggregates.Course.getEnrollments()> has return type <java.util.Set> in (Course.java:0)
Method <com.academia.domain.model.aggregates.Course.getId()> is annotated with <lombok.Generated> in (Course.java:0)
Method <com.academia.domain.model.aggregates.Course.getSubject()> is annotated with <lombok.Generated> in (Course.java:0)
Method <com.academia.domain.model.aggregates.Course.getTeacherId()> is annotated with <lombok.Generated> in (Course.java:0)
Method <com.academia.domain.model.aggregates.Course.getTerm()> is annotated with <lombok.Generated> in (Course.java:0)
Method <com.academia.domain.model.aggregates.Organization.createAcademicTerm(java.lang.String, com.academia.domain.model.valueobjects.academic.TermDates)> calls constructor <java.lang.IllegalStateException.<init>(java.lang.String)> in (Organization.java:38)
Method <com.academia.domain.model.aggregates.Organization.createAcademicTerm(java.lang.String, com.academia.domain.model.valueobjects.academic.TermDates)> calls method <java.time.LocalDate.isBefore(java.time.chrono.ChronoLocalDate)> in (Organization.java:34)
Method <com.academia.domain.model.aggregates.Organization.createAcademicTerm(java.lang.String, com.academia.domain.model.valueobjects.academic.TermDates)> calls method <java.time.LocalDate.isBefore(java.time.chrono.ChronoLocalDate)> in (Organization.java:35)
Method <com.academia.domain.model.aggregates.Organization.createAcademicTerm(java.lang.String, com.academia.domain.model.valueobjects.academic.TermDates)> calls method <java.util.Set.add(java.lang.Object)> in (Organization.java:41)
Method <com.academia.domain.model.aggregates.Organization.createAcademicTerm(java.lang.String, com.academia.domain.model.valueobjects.academic.TermDates)> calls method <java.util.Set.stream()> in (Organization.java:33)
Method <com.academia.domain.model.aggregates.Organization.createAcademicTerm(java.lang.String, com.academia.domain.model.valueobjects.academic.TermDates)> calls method <java.util.stream.Stream.anyMatch(java.util.function.Predicate)> in (Organization.java:33)
Method <com.academia.domain.model.aggregates.Organization.createAcademicTerm(java.lang.String, com.academia.domain.model.valueobjects.academic.TermDates)> has parameter of type <java.lang.String> in (Organization.java:0)
Method <com.academia.domain.model.aggregates.Organization.getAcademicTerms()> calls method <java.util.Collections.unmodifiableSet(java.util.Set)> in (Organization.java:46)
Method <com.academia.domain.model.aggregates.Organization.getAcademicTerms()> has return type <java.util.Set> in (Organization.java:0)
Method <com.academia.domain.model.aggregates.Organization.getDigitalConsentAge()> is annotated with <lombok.Generated> in (Organization.java:0)
Method <com.academia.domain.model.aggregates.Organization.getId()> is annotated with <lombok.Generated> in (Organization.java:0)
Method <com.academia.domain.model.aggregates.Organization.getName()> has return type <java.lang.String> in (Organization.java:0)
Method <com.academia.domain.model.aggregates.Organization.getName()> is annotated with <lombok.Generated> in (Organization.java:0)
Method <com.academia.domain.model.aggregates.Organization.isActive()> is annotated with <lombok.Generated> in (Organization.java:0)
Method <com.academia.domain.model.aggregates.Organization.updateDetails(java.lang.String, int)> has parameter of type <java.lang.String> in (Organization.java:0)
Method <com.academia.domain.model.aggregates.UserAccount.activate(com.academia.domain.model.aggregates.Organization)> calls constructor <java.lang.IllegalStateException.<init>(java.lang.String)> in (UserAccount.java:38)
Method <com.academia.domain.model.aggregates.UserAccount.activate(com.academia.domain.model.aggregates.Organization)> calls method <java.util.List.add(java.lang.Object)> in (UserAccount.java:41)
Method <com.academia.domain.model.aggregates.UserAccount.changePassword(com.academia.domain.model.valueobjects.user.HashedPassword, com.academia.domain.model.valueobjects.user.HashedPassword)> calls constructor <java.lang.IllegalArgumentException.<init>(java.lang.String)> in (UserAccount.java:47)
Method <com.academia.domain.model.aggregates.UserAccount.changePassword(com.academia.domain.model.valueobjects.user.HashedPassword, com.academia.domain.model.valueobjects.user.HashedPassword)> calls method <java.lang.String.equals(java.lang.Object)> in (UserAccount.java:46)
Method <com.academia.domain.model.aggregates.UserAccount.clearDomainEvents()> calls method <java.util.List.clear()> in (UserAccount.java:57)
Method <com.academia.domain.model.aggregates.UserAccount.getDomainEvents()> calls method <java.util.List.copyOf(java.util.Collection)> in (UserAccount.java:53)
Method <com.academia.domain.model.aggregates.UserAccount.getDomainEvents()> has return type <java.util.List> in (UserAccount.java:0)
Method <com.academia.domain.model.aggregates.UserAccount.getUser()> is annotated with <lombok.Generated> in (UserAccount.java:0)
Method <com.academia.domain.model.aggregates.UserAccount.register(com.academia.domain.model.entities.User, com.academia.domain.model.aggregates.Organization)> calls constructor <java.lang.IllegalStateException.<init>(java.lang.String)> in (UserAccount.java:28)
Method <com.academia.domain.model.aggregates.UserAccount.register(com.academia.domain.model.entities.User, com.academia.domain.model.aggregates.Organization)> calls method <java.util.List.add(java.lang.Object)> in (UserAccount.java:32)
Method <com.academia.domain.model.entities.AcademicTerm.getEndDate()> has return type <java.time.LocalDate> in (AcademicTerm.java:0)
Method <com.academia.domain.model.entities.AcademicTerm.getEndDate()> is annotated with <lombok.Generated> in (AcademicTerm.java:0)
Method <com.academia.domain.model.entities.AcademicTerm.getId()> has return type <java.lang.Long> in (AcademicTerm.java:0)
Method <com.academia.domain.model.entities.AcademicTerm.getId()> is annotated with <lombok.Generated> in (AcademicTerm.java:0)
Method <com.academia.domain.model.entities.AcademicTerm.getName()> has return type <java.lang.String> in (AcademicTerm.java:0)
Method <com.academia.domain.model.entities.AcademicTerm.getName()> is annotated with <lombok.Generated> in (AcademicTerm.java:0)
Method <com.academia.domain.model.entities.AcademicTerm.getOrganizationId()> is annotated with <lombok.Generated> in (AcademicTerm.java:0)
Method <com.academia.domain.model.entities.AcademicTerm.getStartDate()> has return type <java.time.LocalDate> in (AcademicTerm.java:0)
Method <com.academia.domain.model.entities.AcademicTerm.getStartDate()> is annotated with <lombok.Generated> in (AcademicTerm.java:0)
Method <com.academia.domain.model.entities.Enrollment.complete(com.academia.domain.model.valueobjects.academic.Grade)> calls constructor <java.lang.IllegalStateException.<init>(java.lang.String)> in (Enrollment.java:35)
Method <com.academia.domain.model.entities.Enrollment.getCourseId()> is annotated with <lombok.Generated> in (Enrollment.java:0)
Method <com.academia.domain.model.entities.Enrollment.getEnrollmentDate()> has return type <java.time.LocalDateTime> in (Enrollment.java:0)
Method <com.academia.domain.model.entities.Enrollment.getEnrollmentDate()> is annotated with <lombok.Generated> in (Enrollment.java:0)
Method <com.academia.domain.model.entities.Enrollment.getFinalGrade()> is annotated with <lombok.Generated> in (Enrollment.java:0)
Method <com.academia.domain.model.entities.Enrollment.getId()> has return type <java.lang.Long> in (Enrollment.java:0)
Method <com.academia.domain.model.entities.Enrollment.getId()> is annotated with <lombok.Generated> in (Enrollment.java:0)
Method <com.academia.domain.model.entities.Enrollment.getStatus()> is annotated with <lombok.Generated> in (Enrollment.java:0)
Method <com.academia.domain.model.entities.Enrollment.getStudentId()> is annotated with <lombok.Generated> in (Enrollment.java:0)
Method <com.academia.domain.model.entities.Enrollment.withdraw()> calls constructor <java.lang.IllegalStateException.<init>(java.lang.String)> in (Enrollment.java:28)
Method <com.academia.domain.model.entities.Guardian.getAccountId()> is annotated with <lombok.Generated> in (Guardian.java:0)
Method <com.academia.domain.model.entities.Role.getId()> has return type <java.lang.Integer> in (Role.java:0)
Method <com.academia.domain.model.entities.Role.getId()> is annotated with <lombok.Generated> in (Role.java:0)
Method <com.academia.domain.model.entities.Role.getName()> has return type <java.lang.String> in (Role.java:0)
Method <com.academia.domain.model.entities.Role.getName()> is annotated with <lombok.Generated> in (Role.java:0)
Method <com.academia.domain.model.entities.Role.getPermissions()> calls method <java.util.Collections.unmodifiableSet(java.util.Set)> in (Role.java:29)
Method <com.academia.domain.model.entities.Role.getPermissions()> has generic return type <java.util.Set<java.lang.String>> with type argument depending on <java.lang.String> in (Role.java:0)
Method <com.academia.domain.model.entities.Role.getPermissions()> has return type <java.util.Set> in (Role.java:0)
Method <com.academia.domain.model.entities.Role.getScope()> is annotated with <lombok.Generated> in (Role.java:0)
Method <com.academia.domain.model.entities.Role.hasPermission(java.lang.String)> calls method <java.util.Set.contains(java.lang.Object)> in (Role.java:25)
Method <com.academia.domain.model.entities.Role.hasPermission(java.lang.String)> has parameter of type <java.lang.String> in (Role.java:0)
Method <com.academia.domain.model.entities.Staff.getAccountId()> is annotated with <lombok.Generated> in (Staff.java:0)
Method <com.academia.domain.model.entities.Staff.getTitle()> has return type <java.lang.String> in (Staff.java:0)
Method <com.academia.domain.model.entities.Staff.getTitle()> is annotated with <lombok.Generated> in (Staff.java:0)
Method <com.academia.domain.model.entities.Student.assignGuardian(com.academia.domain.model.entities.Guardian, java.lang.String, boolean)> calls method <java.util.Set.add(java.lang.Object)> in (Student.java:32)
Method <com.academia.domain.model.entities.Student.assignGuardian(com.academia.domain.model.entities.Guardian, java.lang.String, boolean)> calls method <java.util.Set.forEach(java.util.function.Consumer)> in (Student.java:30)
Method <com.academia.domain.model.entities.Student.assignGuardian(com.academia.domain.model.entities.Guardian, java.lang.String, boolean)> has parameter of type <java.lang.String> in (Student.java:0)
Method <com.academia.domain.model.entities.Student.changeGradeLevel(java.lang.String)> calls constructor <java.lang.IllegalArgumentException.<init>(java.lang.String)> in (Student.java:40)
Method <com.academia.domain.model.entities.Student.changeGradeLevel(java.lang.String)> calls method <java.lang.String.isBlank()> in (Student.java:39)
Method <com.academia.domain.model.entities.Student.changeGradeLevel(java.lang.String)> has parameter of type <java.lang.String> in (Student.java:0)
Method <com.academia.domain.model.entities.Student.getAccountId()> is annotated with <lombok.Generated> in (Student.java:0)
Method <com.academia.domain.model.entities.Student.getCurrentGradeLevel()> has return type <java.lang.String> in (Student.java:0)
Method <com.academia.domain.model.entities.Student.getCurrentGradeLevel()> is annotated with <lombok.Generated> in (Student.java:0)
Method <com.academia.domain.model.entities.Student.getEnrollmentDate()> has return type <java.time.LocalDate> in (Student.java:0)
Method <com.academia.domain.model.entities.Student.getEnrollmentDate()> is annotated with <lombok.Generated> in (Student.java:0)
Method <com.academia.domain.model.entities.Student.getGuardians()> calls method <java.util.Collections.unmodifiableSet(java.util.Set)> in (Student.java:36)
Method <com.academia.domain.model.entities.Student.getGuardians()> has return type <java.util.Set> in (Student.java:0)
Method <com.academia.domain.model.entities.Student.getOrganizationId()> is annotated with <lombok.Generated> in (Student.java:0)
Method <com.academia.domain.model.entities.Student.getStudentIdNumber()> has return type <java.lang.String> in (Student.java:0)
Method <com.academia.domain.model.entities.Student.getStudentIdNumber()> is annotated with <lombok.Generated> in (Student.java:0)
Method <com.academia.domain.model.entities.Subject.getId()> has return type <java.lang.Long> in (Subject.java:0)
Method <com.academia.domain.model.entities.Subject.getId()> is annotated with <lombok.Generated> in (Subject.java:0)
Method <com.academia.domain.model.entities.Subject.getName()> has return type <java.lang.String> in (Subject.java:0)
Method <com.academia.domain.model.entities.Subject.getName()> is annotated with <lombok.Generated> in (Subject.java:0)
Method <com.academia.domain.model.entities.Subject.getOrganizationId()> is annotated with <lombok.Generated> in (Subject.java:0)
Method <com.academia.domain.model.entities.Subject.getSubjectCode()> has return type <java.lang.String> in (Subject.java:0)
Method <com.academia.domain.model.entities.Subject.getSubjectCode()> is annotated with <lombok.Generated> in (Subject.java:0)
Method <com.academia.domain.model.entities.User.activateAccount(int)> calls constructor <java.lang.IllegalStateException.<init>(java.lang.String)> in (User.java:68)
Method <com.academia.domain.model.entities.User.activateAccount(int)> calls method <java.time.LocalDateTime.now()> in (User.java:72)
Method <com.academia.domain.model.entities.User.assignRole(com.academia.domain.model.entities.Role)> calls constructor <java.lang.IllegalStateException.<init>(java.lang.String)> in (User.java:52)
Method <com.academia.domain.model.entities.User.assignRole(com.academia.domain.model.entities.Role)> calls method <java.time.LocalDateTime.now()> in (User.java:55)
Method <com.academia.domain.model.entities.User.assignRole(com.academia.domain.model.entities.Role)> calls method <java.util.Set.add(java.lang.Object)> in (User.java:54)
Method <com.academia.domain.model.entities.User.changePassword(java.lang.String)> calls constructor <java.lang.IllegalStateException.<init>(java.lang.String)> in (User.java:60)
Method <com.academia.domain.model.entities.User.changePassword(java.lang.String)> calls method <java.time.LocalDateTime.now()> in (User.java:63)
Method <com.academia.domain.model.entities.User.changePassword(java.lang.String)> has parameter of type <java.lang.String> in (User.java:0)
Method <com.academia.domain.model.entities.User.getAccountStatus()> is annotated with <lombok.Generated> in (User.java:0)
Method <com.academia.domain.model.entities.User.getAge()> calls method <java.time.LocalDate.now()> in (User.java:47)
Method <com.academia.domain.model.entities.User.getAge()> calls method <java.time.Period.between(java.time.LocalDate, java.time.LocalDate)> in (User.java:47)
Method <com.academia.domain.model.entities.User.getAge()> calls method <java.time.Period.getYears()> in (User.java:47)
Method <com.academia.domain.model.entities.User.getBirthDate()> has return type <java.time.LocalDate> in (User.java:0)
Method <com.academia.domain.model.entities.User.getBirthDate()> is annotated with <lombok.Generated> in (User.java:0)
Method <com.academia.domain.model.entities.User.getCreatedAt()> has return type <java.time.LocalDateTime> in (User.java:0)
Method <com.academia.domain.model.entities.User.getCreatedAt()> is annotated with <lombok.Generated> in (User.java:0)
Method <com.academia.domain.model.entities.User.getDni()> is annotated with <lombok.Generated> in (User.java:0)
Method <com.academia.domain.model.entities.User.getEmail()> is annotated with <lombok.Generated> in (User.java:0)
Method <com.academia.domain.model.entities.User.getId()> is annotated with <lombok.Generated> in (User.java:0)
Method <com.academia.domain.model.entities.User.getName()> is annotated with <lombok.Generated> in (User.java:0)
Method <com.academia.domain.model.entities.User.getOrganizationId()> is annotated with <lombok.Generated> in (User.java:0)
Method <com.academia.domain.model.entities.User.getPasswordHash()> has return type <java.lang.String> in (User.java:0)
Method <com.academia.domain.model.entities.User.getPasswordHash()> is annotated with <lombok.Generated> in (User.java:0)
Method <com.academia.domain.model.entities.User.getRoles()> has return type <java.util.Set> in (User.java:0)
Method <com.academia.domain.model.entities.User.getRoles()> is annotated with <lombok.Generated> in (User.java:0)
Method <com.academia.domain.model.entities.User.getUpdatedAt()> has return type <java.time.LocalDateTime> in (User.java:0)
Method <com.academia.domain.model.entities.User.getUpdatedAt()> is annotated with <lombok.Generated> in (User.java:0)
Method <com.academia.domain.model.entities.User.suspendAccount()> calls method <java.time.LocalDateTime.now()> in (User.java:78)
Method <com.academia.domain.model.enums.AccountStatus.valueOf(java.lang.String)> calls method <java.lang.Enum.valueOf(java.lang.Class, java.lang.String)> in (AccountStatus.java:7)
Method <com.academia.domain.model.enums.AccountStatus.valueOf(java.lang.String)> has parameter of type <java.lang.String> in (AccountStatus.java:0)
Method <com.academia.domain.model.enums.AttendanceStatus.valueOf(java.lang.String)> calls method <java.lang.Enum.valueOf(java.lang.Class, java.lang.String)> in (AttendanceStatus.java:3)
Method <com.academia.domain.model.enums.AttendanceStatus.valueOf(java.lang.String)> has parameter of type <java.lang.String> in (AttendanceStatus.java:0)
Method <com.academia.domain.model.enums.EnrollmentStatus.valueOf(java.lang.String)> calls method <java.lang.Enum.valueOf(java.lang.Class, java.lang.String)> in (EnrollmentStatus.java:3)
Method <com.academia.domain.model.enums.EnrollmentStatus.valueOf(java.lang.String)> has parameter of type <java.lang.String> in (EnrollmentStatus.java:0)
Method <com.academia.domain.model.enums.RoleScope.valueOf(java.lang.String)> calls method <java.lang.Enum.valueOf(java.lang.Class, java.lang.String)> in (RoleScope.java:6)
Method <com.academia.domain.model.enums.RoleScope.valueOf(java.lang.String)> has parameter of type <java.lang.String> in (RoleScope.java:0)
Method <com.academia.domain.model.events.CourseEvents$StudentEnrolledInCourse.equals(java.lang.Object)> has parameter of type <java.lang.Object> in (CourseEvents.java:0)
Method <com.academia.domain.model.events.CourseEvents$StudentEnrolledInCourse.eventId()> has return type <java.util.UUID> in (CourseEvents.java:0)
Method <com.academia.domain.model.events.CourseEvents$StudentEnrolledInCourse.getEventId()> has return type <java.util.UUID> in (CourseEvents.java:0)
Method <com.academia.domain.model.events.CourseEvents$StudentEnrolledInCourse.getOccurredOn()> has return type <java.time.Instant> in (CourseEvents.java:0)
Method <com.academia.domain.model.events.CourseEvents$StudentEnrolledInCourse.occurredOn()> has return type <java.time.Instant> in (CourseEvents.java:0)
Method <com.academia.domain.model.events.CourseEvents$StudentEnrolledInCourse.toString()> has return type <java.lang.String> in (CourseEvents.java:0)
Method <com.academia.domain.model.events.CourseEvents$TeacherAssignedToCourse.equals(java.lang.Object)> has parameter of type <java.lang.Object> in (CourseEvents.java:0)
Method <com.academia.domain.model.events.CourseEvents$TeacherAssignedToCourse.eventId()> has return type <java.util.UUID> in (CourseEvents.java:0)
Method <com.academia.domain.model.events.CourseEvents$TeacherAssignedToCourse.getEventId()> has return type <java.util.UUID> in (CourseEvents.java:0)
Method <com.academia.domain.model.events.CourseEvents$TeacherAssignedToCourse.getOccurredOn()> has return type <java.time.Instant> in (CourseEvents.java:0)
Method <com.academia.domain.model.events.CourseEvents$TeacherAssignedToCourse.occurredOn()> has return type <java.time.Instant> in (CourseEvents.java:0)
Method <com.academia.domain.model.events.CourseEvents$TeacherAssignedToCourse.toString()> has return type <java.lang.String> in (CourseEvents.java:0)
Method <com.academia.domain.model.events.DomainEvent.getEventId()> has return type <java.util.UUID> in (DomainEvent.java:0)
Method <com.academia.domain.model.events.DomainEvent.getOccurredOn()> has return type <java.time.Instant> in (DomainEvent.java:0)
Method <com.academia.domain.model.events.UserAccountEvents$AccountActivated.equals(java.lang.Object)> has parameter of type <java.lang.Object> in (UserAccountEvents.java:0)
Method <com.academia.domain.model.events.UserAccountEvents$AccountActivated.eventId()> has return type <java.util.UUID> in (UserAccountEvents.java:0)
Method <com.academia.domain.model.events.UserAccountEvents$AccountActivated.getEventId()> has return type <java.util.UUID> in (UserAccountEvents.java:0)
Method <com.academia.domain.model.events.UserAccountEvents$AccountActivated.getOccurredOn()> has return type <java.time.Instant> in (UserAccountEvents.java:0)
Method <com.academia.domain.model.events.UserAccountEvents$AccountActivated.occurredOn()> has return type <java.time.Instant> in (UserAccountEvents.java:0)
Method <com.academia.domain.model.events.UserAccountEvents$AccountActivated.toString()> has return type <java.lang.String> in (UserAccountEvents.java:0)
Method <com.academia.domain.model.events.UserAccountEvents$UserRegisteredEvent.equals(java.lang.Object)> has parameter of type <java.lang.Object> in (UserAccountEvents.java:0)
Method <com.academia.domain.model.events.UserAccountEvents$UserRegisteredEvent.eventId()> has return type <java.util.UUID> in (UserAccountEvents.java:0)
Method <com.academia.domain.model.events.UserAccountEvents$UserRegisteredEvent.getEventId()> has return type <java.util.UUID> in (UserAccountEvents.java:0)
Method <com.academia.domain.model.events.UserAccountEvents$UserRegisteredEvent.getOccurredOn()> has return type <java.time.Instant> in (UserAccountEvents.java:0)
Method <com.academia.domain.model.events.UserAccountEvents$UserRegisteredEvent.occurredOn()> has return type <java.time.Instant> in (UserAccountEvents.java:0)
Method <com.academia.domain.model.events.UserAccountEvents$UserRegisteredEvent.toString()> has return type <java.lang.String> in (UserAccountEvents.java:0)
Method <com.academia.domain.model.events.UserEvents$AccountActivated.equals(java.lang.Object)> has parameter of type <java.lang.Object> in (UserEvents.java:0)
Method <com.academia.domain.model.events.UserEvents$AccountActivated.eventId()> has return type <java.util.UUID> in (UserEvents.java:0)
Method <com.academia.domain.model.events.UserEvents$AccountActivated.getEventId()> has return type <java.util.UUID> in (UserEvents.java:0)
Method <com.academia.domain.model.events.UserEvents$AccountActivated.getOccurredOn()> has return type <java.time.Instant> in (UserEvents.java:0)
Method <com.academia.domain.model.events.UserEvents$AccountActivated.occurredOn()> has return type <java.time.Instant> in (UserEvents.java:0)
Method <com.academia.domain.model.events.UserEvents$AccountActivated.toString()> has return type <java.lang.String> in (UserEvents.java:0)
Method <com.academia.domain.model.events.UserEvents$UserRegisteredEvent.equals(java.lang.Object)> has parameter of type <java.lang.Object> in (UserEvents.java:0)
Method <com.academia.domain.model.events.UserEvents$UserRegisteredEvent.eventId()> has return type <java.util.UUID> in (UserEvents.java:0)
Method <com.academia.domain.model.events.UserEvents$UserRegisteredEvent.getEventId()> has return type <java.util.UUID> in (UserEvents.java:0)
Method <com.academia.domain.model.events.UserEvents$UserRegisteredEvent.getOccurredOn()> has return type <java.time.Instant> in (UserEvents.java:0)
Method <com.academia.domain.model.events.UserEvents$UserRegisteredEvent.occurredOn()> has return type <java.time.Instant> in (UserEvents.java:0)
Method <com.academia.domain.model.events.UserEvents$UserRegisteredEvent.toString()> has return type <java.lang.String> in (UserEvents.java:0)
Method <com.academia.domain.model.services.EnrollmentEligibilityChecker.isStudentEligible(com.academia.domain.model.entities.Student, com.academia.domain.model.aggregates.Course)> calls constructor <java.lang.IllegalStateException.<init>(java.lang.String)> in (EnrollmentEligibilityChecker.java:20)
Method <com.academia.domain.model.services.EnrollmentEligibilityChecker.isStudentEligible(com.academia.domain.model.entities.Student, com.academia.domain.model.aggregates.Course)> calls constructor <java.lang.IllegalStateException.<init>(java.lang.String)> in (EnrollmentEligibilityChecker.java:27)
Method <com.academia.domain.model.services.EnrollmentEligibilityChecker.isStudentEligible(com.academia.domain.model.entities.Student, com.academia.domain.model.aggregates.Course)> calls method <java.util.Set.stream()> in (EnrollmentEligibilityChecker.java:24)
Method <com.academia.domain.model.services.EnrollmentEligibilityChecker.isStudentEligible(com.academia.domain.model.entities.Student, com.academia.domain.model.aggregates.Course)> calls method <java.util.stream.Stream.anyMatch(java.util.function.Predicate)> in (EnrollmentEligibilityChecker.java:25)
Method <com.academia.domain.model.valueobjects.GuardianRelationship.getGuardianId()> is annotated with <lombok.Generated> in (GuardianRelationship.java:0)
Method <com.academia.domain.model.valueobjects.GuardianRelationship.getRelationshipType()> has return type <java.lang.String> in (GuardianRelationship.java:0)
Method <com.academia.domain.model.valueobjects.GuardianRelationship.getRelationshipType()> is annotated with <lombok.Generated> in (GuardianRelationship.java:0)
Method <com.academia.domain.model.valueobjects.GuardianRelationship.isPrimaryContact()> is annotated with <lombok.Generated> in (GuardianRelationship.java:0)
Method <com.academia.domain.model.valueobjects.GuardianRelationship.setPrimaryContact(boolean)> is annotated with <lombok.Generated> in (GuardianRelationship.java:0)
Method <com.academia.domain.model.valueobjects.academic.CourseCode.equals(java.lang.Object)> calls method <java.lang.Object.equals(java.lang.Object)> in (CourseCode.java:3)
Method <com.academia.domain.model.valueobjects.academic.CourseCode.equals(java.lang.Object)> has parameter of type <java.lang.Object> in (CourseCode.java:0)
Method <com.academia.domain.model.valueobjects.academic.CourseCode.equals(java.lang.Object)> is annotated with <lombok.Generated> in (CourseCode.java:0)
Method <com.academia.domain.model.valueobjects.academic.CourseCode.getValue()> has return type <java.lang.String> in (CourseCode.java:0)
Method <com.academia.domain.model.valueobjects.academic.CourseCode.getValue()> is annotated with <lombok.Generated> in (CourseCode.java:0)
Method <com.academia.domain.model.valueobjects.academic.CourseCode.hashCode()> calls method <java.lang.Object.hashCode()> in (CourseCode.java:3)
Method <com.academia.domain.model.valueobjects.academic.CourseCode.hashCode()> is annotated with <lombok.Generated> in (CourseCode.java:0)
Method <com.academia.domain.model.valueobjects.academic.CourseCode.toString()> has return type <java.lang.String> in (CourseCode.java:0)
Method <com.academia.domain.model.valueobjects.academic.CourseCode.toString()> is annotated with <lombok.Generated> in (CourseCode.java:0)
Method <com.academia.domain.model.valueobjects.academic.Grade.equals(java.lang.Object)> calls method <java.lang.Double.compare(double, double)> in (Grade.java:4)
Method <com.academia.domain.model.valueobjects.academic.Grade.equals(java.lang.Object)> has parameter of type <java.lang.Object> in (Grade.java:0)
Method <com.academia.domain.model.valueobjects.academic.Grade.equals(java.lang.Object)> is annotated with <lombok.Generated> in (Grade.java:0)
Method <com.academia.domain.model.valueobjects.academic.Grade.getValue()> is annotated with <lombok.Generated> in (Grade.java:0)
Method <com.academia.domain.model.valueobjects.academic.Grade.hashCode()> calls method <java.lang.Double.doubleToLongBits(double)> in (Grade.java:4)
Method <com.academia.domain.model.valueobjects.academic.Grade.hashCode()> is annotated with <lombok.Generated> in (Grade.java:0)
Method <com.academia.domain.model.valueobjects.academic.Grade.toString()> has return type <java.lang.String> in (Grade.java:0)
Method <com.academia.domain.model.valueobjects.academic.Grade.toString()> is annotated with <lombok.Generated> in (Grade.java:0)
Method <com.academia.domain.model.valueobjects.academic.TermDates.equals(java.lang.Object)> calls method <java.lang.Object.equals(java.lang.Object)> in (TermDates.java:4)
Method <com.academia.domain.model.valueobjects.academic.TermDates.equals(java.lang.Object)> calls method <java.lang.Object.equals(java.lang.Object)> in (TermDates.java:4)
Method <com.academia.domain.model.valueobjects.academic.TermDates.equals(java.lang.Object)> has parameter of type <java.lang.Object> in (TermDates.java:0)
Method <com.academia.domain.model.valueobjects.academic.TermDates.equals(java.lang.Object)> is annotated with <lombok.Generated> in (TermDates.java:0)
Method <com.academia.domain.model.valueobjects.academic.TermDates.getEndDate()> has return type <java.time.LocalDate> in (TermDates.java:0)
Method <com.academia.domain.model.valueobjects.academic.TermDates.getEndDate()> is annotated with <lombok.Generated> in (TermDates.java:0)
Method <com.academia.domain.model.valueobjects.academic.TermDates.getStartDate()> has return type <java.time.LocalDate> in (TermDates.java:0)
Method <com.academia.domain.model.valueobjects.academic.TermDates.getStartDate()> is annotated with <lombok.Generated> in (TermDates.java:0)
Method <com.academia.domain.model.valueobjects.academic.TermDates.hashCode()> calls method <java.lang.Object.hashCode()> in (TermDates.java:4)
Method <com.academia.domain.model.valueobjects.academic.TermDates.hashCode()> calls method <java.lang.Object.hashCode()> in (TermDates.java:4)
Method <com.academia.domain.model.valueobjects.academic.TermDates.hashCode()> is annotated with <lombok.Generated> in (TermDates.java:0)
Method <com.academia.domain.model.valueobjects.academic.TermDates.toString()> calls method <java.lang.String.valueOf(java.lang.Object)> in (TermDates.java:4)
Method <com.academia.domain.model.valueobjects.academic.TermDates.toString()> calls method <java.lang.String.valueOf(java.lang.Object)> in (TermDates.java:4)
Method <com.academia.domain.model.valueobjects.academic.TermDates.toString()> has return type <java.lang.String> in (TermDates.java:0)
Method <com.academia.domain.model.valueobjects.academic.TermDates.toString()> is annotated with <lombok.Generated> in (TermDates.java:0)
Method <com.academia.domain.model.valueobjects.ids.AccountId.equals(java.lang.Object)> calls method <java.lang.Object.equals(java.lang.Object)> in (AccountId.java:5)
Method <com.academia.domain.model.valueobjects.ids.AccountId.equals(java.lang.Object)> has parameter of type <java.lang.Object> in (AccountId.java:0)
Method <com.academia.domain.model.valueobjects.ids.AccountId.equals(java.lang.Object)> is annotated with <lombok.Generated> in (AccountId.java:0)
Method <com.academia.domain.model.valueobjects.ids.AccountId.getValue()> has return type <java.lang.Long> in (AccountId.java:0)
Method <com.academia.domain.model.valueobjects.ids.AccountId.getValue()> is annotated with <lombok.Generated> in (AccountId.java:0)
Method <com.academia.domain.model.valueobjects.ids.AccountId.hashCode()> calls method <java.lang.Object.hashCode()> in (AccountId.java:5)
Method <com.academia.domain.model.valueobjects.ids.AccountId.hashCode()> is annotated with <lombok.Generated> in (AccountId.java:0)
Method <com.academia.domain.model.valueobjects.ids.AccountId.toString()> has return type <java.lang.String> in (AccountId.java:0)
Method <com.academia.domain.model.valueobjects.ids.AccountId.toString()> is annotated with <lombok.Generated> in (AccountId.java:0)
Method <com.academia.domain.model.valueobjects.ids.CourseId.equals(java.lang.Object)> calls method <java.lang.Object.equals(java.lang.Object)> in (CourseId.java:3)
Method <com.academia.domain.model.valueobjects.ids.CourseId.equals(java.lang.Object)> has parameter of type <java.lang.Object> in (CourseId.java:0)
Method <com.academia.domain.model.valueobjects.ids.CourseId.equals(java.lang.Object)> is annotated with <lombok.Generated> in (CourseId.java:0)
Method <com.academia.domain.model.valueobjects.ids.CourseId.getValue()> has return type <java.lang.Long> in (CourseId.java:0)
Method <com.academia.domain.model.valueobjects.ids.CourseId.getValue()> is annotated with <lombok.Generated> in (CourseId.java:0)
Method <com.academia.domain.model.valueobjects.ids.CourseId.hashCode()> calls method <java.lang.Object.hashCode()> in (CourseId.java:3)
Method <com.academia.domain.model.valueobjects.ids.CourseId.hashCode()> is annotated with <lombok.Generated> in (CourseId.java:0)
Method <com.academia.domain.model.valueobjects.ids.CourseId.toString()> has return type <java.lang.String> in (CourseId.java:0)
Method <com.academia.domain.model.valueobjects.ids.CourseId.toString()> is annotated with <lombok.Generated> in (CourseId.java:0)
Method <com.academia.domain.model.valueobjects.ids.OrganizationId.equals(java.lang.Object)> calls method <java.lang.Object.equals(java.lang.Object)> in (OrganizationId.java:5)
Method <com.academia.domain.model.valueobjects.ids.OrganizationId.equals(java.lang.Object)> has parameter of type <java.lang.Object> in (OrganizationId.java:0)
Method <com.academia.domain.model.valueobjects.ids.OrganizationId.equals(java.lang.Object)> is annotated with <lombok.Generated> in (OrganizationId.java:0)
Method <com.academia.domain.model.valueobjects.ids.OrganizationId.getValue()> has return type <java.lang.Long> in (OrganizationId.java:0)
Method <com.academia.domain.model.valueobjects.ids.OrganizationId.getValue()> is annotated with <lombok.Generated> in (OrganizationId.java:0)
Method <com.academia.domain.model.valueobjects.ids.OrganizationId.hashCode()> calls method <java.lang.Object.hashCode()> in (OrganizationId.java:5)
Method <com.academia.domain.model.valueobjects.ids.OrganizationId.hashCode()> is annotated with <lombok.Generated> in (OrganizationId.java:0)
Method <com.academia.domain.model.valueobjects.ids.OrganizationId.toString()> has return type <java.lang.String> in (OrganizationId.java:0)
Method <com.academia.domain.model.valueobjects.ids.OrganizationId.toString()> is annotated with <lombok.Generated> in (OrganizationId.java:0)
Method <com.academia.domain.model.valueobjects.ids.SubjectId.equals(java.lang.Object)> calls method <java.lang.Object.equals(java.lang.Object)> in (SubjectId.java:3)
Method <com.academia.domain.model.valueobjects.ids.SubjectId.equals(java.lang.Object)> has parameter of type <java.lang.Object> in (SubjectId.java:0)
Method <com.academia.domain.model.valueobjects.ids.SubjectId.equals(java.lang.Object)> is annotated with <lombok.Generated> in (SubjectId.java:0)
Method <com.academia.domain.model.valueobjects.ids.SubjectId.getValue()> has return type <java.lang.Long> in (SubjectId.java:0)
Method <com.academia.domain.model.valueobjects.ids.SubjectId.getValue()> is annotated with <lombok.Generated> in (SubjectId.java:0)
Method <com.academia.domain.model.valueobjects.ids.SubjectId.hashCode()> calls method <java.lang.Object.hashCode()> in (SubjectId.java:3)
Method <com.academia.domain.model.valueobjects.ids.SubjectId.hashCode()> is annotated with <lombok.Generated> in (SubjectId.java:0)
Method <com.academia.domain.model.valueobjects.ids.SubjectId.toString()> has return type <java.lang.String> in (SubjectId.java:0)
Method <com.academia.domain.model.valueobjects.ids.SubjectId.toString()> is annotated with <lombok.Generated> in (SubjectId.java:0)
Method <com.academia.domain.model.valueobjects.user.DNI.equals(java.lang.Object)> calls method <java.lang.Object.equals(java.lang.Object)> in (DNI.java:5)
Method <com.academia.domain.model.valueobjects.user.DNI.equals(java.lang.Object)> has parameter of type <java.lang.Object> in (DNI.java:0)
Method <com.academia.domain.model.valueobjects.user.DNI.equals(java.lang.Object)> is annotated with <lombok.Generated> in (DNI.java:0)
Method <com.academia.domain.model.valueobjects.user.DNI.getValue()> has return type <java.lang.String> in (DNI.java:0)
Method <com.academia.domain.model.valueobjects.user.DNI.getValue()> is annotated with <lombok.Generated> in (DNI.java:0)
Method <com.academia.domain.model.valueobjects.user.DNI.hashCode()> calls method <java.lang.Object.hashCode()> in (DNI.java:5)
Method <com.academia.domain.model.valueobjects.user.DNI.hashCode()> is annotated with <lombok.Generated> in (DNI.java:0)
Method <com.academia.domain.model.valueobjects.user.DNI.toString()> has return type <java.lang.String> in (DNI.java:0)
Method <com.academia.domain.model.valueobjects.user.DNI.toString()> is annotated with <lombok.Generated> in (DNI.java:0)
Method <com.academia.domain.model.valueobjects.user.Email.equals(java.lang.Object)> has parameter of type <java.lang.Object> in (Email.java:0)
Method <com.academia.domain.model.valueobjects.user.Email.toString()> has return type <java.lang.String> in (Email.java:0)
Method <com.academia.domain.model.valueobjects.user.Email.value()> has return type <java.lang.String> in (Email.java:0)
Method <com.academia.domain.model.valueobjects.user.HashedPassword.equals(java.lang.Object)> calls method <java.lang.Object.equals(java.lang.Object)> in (HashedPassword.java:3)
Method <com.academia.domain.model.valueobjects.user.HashedPassword.equals(java.lang.Object)> has parameter of type <java.lang.Object> in (HashedPassword.java:0)
Method <com.academia.domain.model.valueobjects.user.HashedPassword.equals(java.lang.Object)> is annotated with <lombok.Generated> in (HashedPassword.java:0)
Method <com.academia.domain.model.valueobjects.user.HashedPassword.getValue()> has return type <java.lang.String> in (HashedPassword.java:0)
Method <com.academia.domain.model.valueobjects.user.HashedPassword.getValue()> is annotated with <lombok.Generated> in (HashedPassword.java:0)
Method <com.academia.domain.model.valueobjects.user.HashedPassword.hashCode()> calls method <java.lang.Object.hashCode()> in (HashedPassword.java:3)
Method <com.academia.domain.model.valueobjects.user.HashedPassword.hashCode()> is annotated with <lombok.Generated> in (HashedPassword.java:0)
Method <com.academia.domain.model.valueobjects.user.HashedPassword.toString()> has return type <java.lang.String> in (HashedPassword.java:0)
Method <com.academia.domain.model.valueobjects.user.HashedPassword.toString()> is annotated with <lombok.Generated> in (HashedPassword.java:0)
Method <com.academia.domain.model.valueobjects.user.Name.equals(java.lang.Object)> calls method <java.lang.Object.equals(java.lang.Object)> in (Name.java:10)
Method <com.academia.domain.model.valueobjects.user.Name.equals(java.lang.Object)> calls method <java.lang.Object.equals(java.lang.Object)> in (Name.java:10)
Method <com.academia.domain.model.valueobjects.user.Name.equals(java.lang.Object)> has parameter of type <java.lang.Object> in (Name.java:0)
Method <com.academia.domain.model.valueobjects.user.Name.equals(java.lang.Object)> is annotated with <lombok.Generated> in (Name.java:0)
Method <com.academia.domain.model.valueobjects.user.Name.getFirstName()> has return type <java.lang.String> in (Name.java:0)
Method <com.academia.domain.model.valueobjects.user.Name.getFirstName()> is annotated with <lombok.Generated> in (Name.java:0)
Method <com.academia.domain.model.valueobjects.user.Name.getFullName()> has return type <java.lang.String> in (Name.java:0)
Method <com.academia.domain.model.valueobjects.user.Name.getLastName()> has return type <java.lang.String> in (Name.java:0)
Method <com.academia.domain.model.valueobjects.user.Name.getLastName()> is annotated with <lombok.Generated> in (Name.java:0)
Method <com.academia.domain.model.valueobjects.user.Name.hashCode()> calls method <java.lang.Object.hashCode()> in (Name.java:10)
Method <com.academia.domain.model.valueobjects.user.Name.hashCode()> calls method <java.lang.Object.hashCode()> in (Name.java:10)
Method <com.academia.domain.model.valueobjects.user.Name.hashCode()> is annotated with <lombok.Generated> in (Name.java:0)
Method <com.academia.domain.model.valueobjects.user.Name.toString()> has return type <java.lang.String> in (Name.java:0)
Method <com.academia.domain.model.valueobjects.user.Name.toString()> is annotated with <lombok.Generated> in (Name.java:0)
Method <com.academia.domain.ports.in.commands.EnrollStudentInCourseCommand.courseId()> has return type <java.lang.Long> in (EnrollStudentInCourseCommand.java:0)
Method <com.academia.domain.ports.in.commands.EnrollStudentInCourseCommand.equals(java.lang.Object)> has parameter of type <java.lang.Object> in (EnrollStudentInCourseCommand.java:0)
Method <com.academia.domain.ports.in.commands.EnrollStudentInCourseCommand.studentAccountId()> has return type <java.lang.Long> in (EnrollStudentInCourseCommand.java:0)
Method <com.academia.domain.ports.in.commands.EnrollStudentInCourseCommand.toString()> has return type <java.lang.String> in (EnrollStudentInCourseCommand.java:0)
Method <com.academia.domain.ports.in.commands.RegisterNewStudentCommand.birthDate()> has return type <java.time.LocalDate> in (RegisterNewStudentCommand.java:0)
Method <com.academia.domain.ports.in.commands.RegisterNewStudentCommand.email()> has return type <java.lang.String> in (RegisterNewStudentCommand.java:0)
Method <com.academia.domain.ports.in.commands.RegisterNewStudentCommand.enrollmentDate()> has return type <java.time.LocalDate> in (RegisterNewStudentCommand.java:0)
Method <com.academia.domain.ports.in.commands.RegisterNewStudentCommand.equals(java.lang.Object)> has parameter of type <java.lang.Object> in (RegisterNewStudentCommand.java:0)
Method <com.academia.domain.ports.in.commands.RegisterNewStudentCommand.firstName()> has return type <java.lang.String> in (RegisterNewStudentCommand.java:0)
Method <com.academia.domain.ports.in.commands.RegisterNewStudentCommand.initialGradeLevel()> has return type <java.lang.String> in (RegisterNewStudentCommand.java:0)
Method <com.academia.domain.ports.in.commands.RegisterNewStudentCommand.lastName()> has return type <java.lang.String> in (RegisterNewStudentCommand.java:0)
Method <com.academia.domain.ports.in.commands.RegisterNewStudentCommand.organizationId()> has return type <java.lang.Long> in (RegisterNewStudentCommand.java:0)
Method <com.academia.domain.ports.in.commands.RegisterNewStudentCommand.studentIdNumber()> has return type <java.lang.String> in (RegisterNewStudentCommand.java:0)
Method <com.academia.domain.ports.in.commands.RegisterNewStudentCommand.toString()> has return type <java.lang.String> in (RegisterNewStudentCommand.java:0)
Method <com.academia.domain.ports.in.dtos.EnrollmentResultDTO.courseId()> has return type <java.lang.Long> in (EnrollmentResultDTO.java:0)
Method <com.academia.domain.ports.in.dtos.EnrollmentResultDTO.enrollmentDate()> has return type <java.time.LocalDateTime> in (EnrollmentResultDTO.java:0)
Method <com.academia.domain.ports.in.dtos.EnrollmentResultDTO.enrollmentId()> has return type <java.lang.Long> in (EnrollmentResultDTO.java:0)
Method <com.academia.domain.ports.in.dtos.EnrollmentResultDTO.equals(java.lang.Object)> has parameter of type <java.lang.Object> in (EnrollmentResultDTO.java:0)
Method <com.academia.domain.ports.in.dtos.EnrollmentResultDTO.status()> has return type <java.lang.String> in (EnrollmentResultDTO.java:0)
Method <com.academia.domain.ports.in.dtos.EnrollmentResultDTO.studentAccountId()> has return type <java.lang.Long> in (EnrollmentResultDTO.java:0)
Method <com.academia.domain.ports.in.dtos.EnrollmentResultDTO.toString()> has return type <java.lang.String> in (EnrollmentResultDTO.java:0)
Method <com.academia.domain.ports.in.dtos.StudentDetailsDTO$GuardianDTO.equals(java.lang.Object)> has parameter of type <java.lang.Object> in (StudentDetailsDTO.java:0)
Method <com.academia.domain.ports.in.dtos.StudentDetailsDTO$GuardianDTO.fullName()> has return type <java.lang.String> in (StudentDetailsDTO.java:0)
Method <com.academia.domain.ports.in.dtos.StudentDetailsDTO$GuardianDTO.guardianAccountId()> has return type <java.lang.Long> in (StudentDetailsDTO.java:0)
Method <com.academia.domain.ports.in.dtos.StudentDetailsDTO$GuardianDTO.relationshipType()> has return type <java.lang.String> in (StudentDetailsDTO.java:0)
Method <com.academia.domain.ports.in.dtos.StudentDetailsDTO$GuardianDTO.toString()> has return type <java.lang.String> in (StudentDetailsDTO.java:0)
Method <com.academia.domain.ports.in.dtos.StudentDetailsDTO.accountId()> has return type <java.lang.Long> in (StudentDetailsDTO.java:0)
Method <com.academia.domain.ports.in.dtos.StudentDetailsDTO.accountStatus()> has return type <java.lang.String> in (StudentDetailsDTO.java:0)
Method <com.academia.domain.ports.in.dtos.StudentDetailsDTO.currentGradeLevel()> has return type <java.lang.String> in (StudentDetailsDTO.java:0)
Method <com.academia.domain.ports.in.dtos.StudentDetailsDTO.email()> has return type <java.lang.String> in (StudentDetailsDTO.java:0)
Method <com.academia.domain.ports.in.dtos.StudentDetailsDTO.enrollmentDate()> has return type <java.time.LocalDate> in (StudentDetailsDTO.java:0)
Method <com.academia.domain.ports.in.dtos.StudentDetailsDTO.equals(java.lang.Object)> has parameter of type <java.lang.Object> in (StudentDetailsDTO.java:0)
Method <com.academia.domain.ports.in.dtos.StudentDetailsDTO.fullName()> has return type <java.lang.String> in (StudentDetailsDTO.java:0)
Method <com.academia.domain.ports.in.dtos.StudentDetailsDTO.guardians()> has return type <java.util.List> in (StudentDetailsDTO.java:0)
Method <com.academia.domain.ports.in.dtos.StudentDetailsDTO.studentIdNumber()> has return type <java.lang.String> in (StudentDetailsDTO.java:0)
Method <com.academia.domain.ports.in.dtos.StudentDetailsDTO.toString()> has return type <java.lang.String> in (StudentDetailsDTO.java:0)
Method <com.academia.domain.ports.in.queries.GetStudentDetailsQuery.equals(java.lang.Object)> has parameter of type <java.lang.Object> in (GetStudentDetailsQuery.java:0)
Method <com.academia.domain.ports.in.queries.GetStudentDetailsQuery.studentAccountId()> has return type <java.lang.Long> in (GetStudentDetailsQuery.java:0)
Method <com.academia.domain.ports.in.queries.GetStudentDetailsQuery.toString()> has return type <java.lang.String> in (GetStudentDetailsQuery.java:0)
Method <com.academia.domain.ports.in.student.FindStudentDetailsQuery.findStudentDetails(com.academia.domain.ports.in.queries.GetStudentDetailsQuery)> has return type <java.util.Optional> in (FindStudentDetailsQuery.java:0)
Method <com.academia.domain.ports.out.CourseRepository.findById(com.academia.domain.model.valueobjects.ids.CourseId)> has return type <java.util.Optional> in (CourseRepository.java:0)
Method <com.academia.domain.ports.out.DomainEventPublisher.publish(java.util.List)> has generic parameter type <java.util.List<com.academia.domain.model.events.DomainEvent>> with type argument depending on <java.util.List> in (DomainEventPublisher.java:0)
Method <com.academia.domain.ports.out.DomainEventPublisher.publish(java.util.List)> has parameter of type <java.util.List> in (DomainEventPublisher.java:0)
Method <com.academia.domain.ports.out.OrganizationRepository.findById(com.academia.domain.model.valueobjects.ids.OrganizationId)> has return type <java.util.Optional> in (OrganizationRepository.java:0)
Method <com.academia.domain.ports.out.StudentRepository.existsByStudentIdNumber(com.academia.domain.model.valueobjects.ids.OrganizationId, java.lang.String)> has parameter of type <java.lang.String> in (StudentRepository.java:0)
Method <com.academia.domain.ports.out.StudentRepository.findByAccountId(com.academia.domain.model.valueobjects.ids.AccountId)> has return type <java.util.Optional> in (StudentRepository.java:0)
Method <com.academia.domain.ports.out.StudentRepository.findById(com.academia.domain.model.valueobjects.ids.AccountId)> has return type <java.util.Optional> in (StudentRepository.java:0)
Method <com.academia.domain.ports.out.SubjectRepository.findById(java.lang.Long)> has parameter of type <java.lang.Long> in (SubjectRepository.java:0)
Method <com.academia.domain.ports.out.UserAccountRepository.findByEmail(com.academia.domain.model.valueobjects.ids.OrganizationId, com.academia.domain.model.valueobjects.user.Email)> has return type <java.util.Optional> in (UserAccountRepository.java:0)
Method <com.academia.domain.ports.out.UserAccountRepository.findById(com.academia.domain.model.valueobjects.ids.AccountId)> has return type <java.util.Optional> in (UserAccountRepository.java:0)
Method <com.academia.infrastructure.config.DomainServiceConfig.enrollmentEligibilityChecker()> is annotated with <org.springframework.context.annotation.Bean> in (DomainServiceConfig.java:0)
Method <com.academia.infrastructure.config.OpenApiConfig.customOpenAPI()> calls constructor <io.swagger.v3.oas.models.OpenAPI.<init>()> in (OpenApiConfig.java:22)
Method <com.academia.infrastructure.config.OpenApiConfig.customOpenAPI()> calls constructor <io.swagger.v3.oas.models.info.Contact.<init>()> in (OpenApiConfig.java:29)
Method <com.academia.infrastructure.config.OpenApiConfig.customOpenAPI()> calls constructor <io.swagger.v3.oas.models.info.Info.<init>()> in (OpenApiConfig.java:22)
Method <com.academia.infrastructure.config.OpenApiConfig.customOpenAPI()> calls constructor <io.swagger.v3.oas.models.info.License.<init>()> in (OpenApiConfig.java:30)
Method <com.academia.infrastructure.config.OpenApiConfig.customOpenAPI()> calls constructor <io.swagger.v3.oas.models.servers.Server.<init>()> in (OpenApiConfig.java:23)
Method <com.academia.infrastructure.config.OpenApiConfig.customOpenAPI()> calls constructor <io.swagger.v3.oas.models.servers.Server.<init>()> in (OpenApiConfig.java:40)
Method <com.academia.infrastructure.config.OpenApiConfig.customOpenAPI()> calls method <io.swagger.v3.oas.models.OpenAPI.info(io.swagger.v3.oas.models.info.Info)> in (OpenApiConfig.java:23)
Method <com.academia.infrastructure.config.OpenApiConfig.customOpenAPI()> calls method <io.swagger.v3.oas.models.OpenAPI.servers(java.util.List)> in (OpenApiConfig.java:37)
Method <com.academia.infrastructure.config.OpenApiConfig.customOpenAPI()> calls method <io.swagger.v3.oas.models.info.Contact.email(java.lang.String)> in (OpenApiConfig.java:32)
Method <com.academia.infrastructure.config.OpenApiConfig.customOpenAPI()> calls method <io.swagger.v3.oas.models.info.Contact.name(java.lang.String)> in (OpenApiConfig.java:31)
Method <com.academia.infrastructure.config.OpenApiConfig.customOpenAPI()> calls method <io.swagger.v3.oas.models.info.Contact.url(java.lang.String)> in (OpenApiConfig.java:33)
Method <com.academia.infrastructure.config.OpenApiConfig.customOpenAPI()> calls method <io.swagger.v3.oas.models.info.Info.contact(io.swagger.v3.oas.models.info.Contact)> in (OpenApiConfig.java:30)
Method <com.academia.infrastructure.config.OpenApiConfig.customOpenAPI()> calls method <io.swagger.v3.oas.models.info.Info.description(java.lang.String)> in (OpenApiConfig.java:25)
Method <com.academia.infrastructure.config.OpenApiConfig.customOpenAPI()> calls method <io.swagger.v3.oas.models.info.Info.license(io.swagger.v3.oas.models.info.License)> in (OpenApiConfig.java:34)
Method <com.academia.infrastructure.config.OpenApiConfig.customOpenAPI()> calls method <io.swagger.v3.oas.models.info.Info.title(java.lang.String)> in (OpenApiConfig.java:24)
Method <com.academia.infrastructure.config.OpenApiConfig.customOpenAPI()> calls method <io.swagger.v3.oas.models.info.Info.version(java.lang.String)> in (OpenApiConfig.java:29)
Method <com.academia.infrastructure.config.OpenApiConfig.customOpenAPI()> calls method <io.swagger.v3.oas.models.info.License.name(java.lang.String)> in (OpenApiConfig.java:35)
Method <com.academia.infrastructure.config.OpenApiConfig.customOpenAPI()> calls method <io.swagger.v3.oas.models.info.License.url(java.lang.String)> in (OpenApiConfig.java:36)
Method <com.academia.infrastructure.config.OpenApiConfig.customOpenAPI()> calls method <io.swagger.v3.oas.models.servers.Server.description(java.lang.String)> in (OpenApiConfig.java:40)
Method <com.academia.infrastructure.config.OpenApiConfig.customOpenAPI()> calls method <io.swagger.v3.oas.models.servers.Server.description(java.lang.String)> in (OpenApiConfig.java:43)
Method <com.academia.infrastructure.config.OpenApiConfig.customOpenAPI()> calls method <io.swagger.v3.oas.models.servers.Server.url(java.lang.String)> in (OpenApiConfig.java:39)
Method <com.academia.infrastructure.config.OpenApiConfig.customOpenAPI()> calls method <io.swagger.v3.oas.models.servers.Server.url(java.lang.String)> in (OpenApiConfig.java:42)
Method <com.academia.infrastructure.config.OpenApiConfig.customOpenAPI()> calls method <java.util.List.of(java.lang.Object, java.lang.Object)> in (OpenApiConfig.java:37)
Method <com.academia.infrastructure.config.OpenApiConfig.customOpenAPI()> has return type <io.swagger.v3.oas.models.OpenAPI> in (OpenApiConfig.java:0)
Method <com.academia.infrastructure.config.OpenApiConfig.customOpenAPI()> is annotated with <org.springframework.context.annotation.Bean> in (OpenApiConfig.java:0)
Method <com.academia.infrastructure.events.SpringDomainEventPublisher.publish(java.util.List)> calls method <java.lang.Class.getSimpleName()> in (SpringDomainEventPublisher.java:21)
Method <com.academia.infrastructure.events.SpringDomainEventPublisher.publish(java.util.List)> calls method <java.util.List.forEach(java.util.function.Consumer)> in (SpringDomainEventPublisher.java:20)
Method <com.academia.infrastructure.events.SpringDomainEventPublisher.publish(java.util.List)> calls method <org.slf4j.Logger.info(java.lang.String, java.lang.Object)> in (SpringDomainEventPublisher.java:21)
Method <com.academia.infrastructure.events.SpringDomainEventPublisher.publish(java.util.List)> calls method <org.springframework.context.ApplicationEventPublisher.publishEvent(java.lang.Object)> in (SpringDomainEventPublisher.java:22)
Method <com.academia.infrastructure.events.SpringDomainEventPublisher.publish(java.util.List)> has generic parameter type <java.util.List<com.academia.domain.model.events.DomainEvent>> with type argument depending on <java.util.List> in (SpringDomainEventPublisher.java:0)
Method <com.academia.infrastructure.events.SpringDomainEventPublisher.publish(java.util.List)> has parameter of type <java.util.List> in (SpringDomainEventPublisher.java:0)
Method <com.academia.infrastructure.persistence.adapters.JpaCourseRepositoryAdapter.findById(com.academia.domain.model.valueobjects.ids.CourseId)> calls method <java.io.PrintStream.println(java.lang.String)> in (JpaCourseRepositoryAdapter.java:25)
Method <com.academia.infrastructure.persistence.adapters.JpaCourseRepositoryAdapter.findById(com.academia.domain.model.valueobjects.ids.CourseId)> calls method <java.util.Optional.empty()> in (JpaCourseRepositoryAdapter.java:26)
Method <com.academia.infrastructure.persistence.adapters.JpaCourseRepositoryAdapter.findById(com.academia.domain.model.valueobjects.ids.CourseId)> gets field <java.lang.System.out> in (JpaCourseRepositoryAdapter.java:25)
Method <com.academia.infrastructure.persistence.adapters.JpaCourseRepositoryAdapter.findById(com.academia.domain.model.valueobjects.ids.CourseId)> has return type <java.util.Optional> in (JpaCourseRepositoryAdapter.java:0)
Method <com.academia.infrastructure.persistence.adapters.JpaCourseRepositoryAdapter.save(com.academia.domain.model.aggregates.Course)> calls method <java.io.PrintStream.println(java.lang.String)> in (JpaCourseRepositoryAdapter.java:18)
Method <com.academia.infrastructure.persistence.adapters.JpaCourseRepositoryAdapter.save(com.academia.domain.model.aggregates.Course)> calls method <java.lang.String.valueOf(java.lang.Object)> in (JpaCourseRepositoryAdapter.java:18)
Method <com.academia.infrastructure.persistence.adapters.JpaCourseRepositoryAdapter.save(com.academia.domain.model.aggregates.Course)> gets field <java.lang.System.out> in (JpaCourseRepositoryAdapter.java:18)
Method <com.academia.infrastructure.persistence.adapters.JpaOrganizationRepositoryAdapter.findById(com.academia.domain.model.valueobjects.ids.OrganizationId)> calls method <java.util.Objects.requireNonNull(java.lang.Object)> in (JpaOrganizationRepositoryAdapter.java:29)
Method <com.academia.infrastructure.persistence.adapters.JpaOrganizationRepositoryAdapter.findById(com.academia.domain.model.valueobjects.ids.OrganizationId)> calls method <java.util.Optional.map(java.util.function.Function)> in (JpaOrganizationRepositoryAdapter.java:29)
Method <com.academia.infrastructure.persistence.adapters.JpaOrganizationRepositoryAdapter.findById(com.academia.domain.model.valueobjects.ids.OrganizationId)> has return type <java.util.Optional> in (JpaOrganizationRepositoryAdapter.java:0)
Method <com.academia.infrastructure.persistence.adapters.JpaStudentRepositoryAdapter.existsByStudentIdNumber(com.academia.domain.model.valueobjects.ids.OrganizationId, java.lang.String)> has parameter of type <java.lang.String> in (JpaStudentRepositoryAdapter.java:0)
Method <com.academia.infrastructure.persistence.adapters.JpaStudentRepositoryAdapter.findByAccountId(com.academia.domain.model.valueobjects.ids.AccountId)> calls method <java.util.Objects.requireNonNull(java.lang.Object)> in (JpaStudentRepositoryAdapter.java:35)
Method <com.academia.infrastructure.persistence.adapters.JpaStudentRepositoryAdapter.findByAccountId(com.academia.domain.model.valueobjects.ids.AccountId)> calls method <java.util.Optional.map(java.util.function.Function)> in (JpaStudentRepositoryAdapter.java:35)
Method <com.academia.infrastructure.persistence.adapters.JpaStudentRepositoryAdapter.findByAccountId(com.academia.domain.model.valueobjects.ids.AccountId)> has return type <java.util.Optional> in (JpaStudentRepositoryAdapter.java:0)
Method <com.academia.infrastructure.persistence.adapters.JpaStudentRepositoryAdapter.findById(com.academia.domain.model.valueobjects.ids.AccountId)> calls method <java.util.Objects.requireNonNull(java.lang.Object)> in (JpaStudentRepositoryAdapter.java:30)
Method <com.academia.infrastructure.persistence.adapters.JpaStudentRepositoryAdapter.findById(com.academia.domain.model.valueobjects.ids.AccountId)> calls method <java.util.Optional.map(java.util.function.Function)> in (JpaStudentRepositoryAdapter.java:30)
Method <com.academia.infrastructure.persistence.adapters.JpaStudentRepositoryAdapter.findById(com.academia.domain.model.valueobjects.ids.AccountId)> has return type <java.util.Optional> in (JpaStudentRepositoryAdapter.java:0)
Method <com.academia.infrastructure.persistence.adapters.JpaUserAccountRepositoryAdapter.findByEmail(com.academia.domain.model.valueobjects.ids.OrganizationId, com.academia.domain.model.valueobjects.user.Email)> calls method <java.util.Objects.requireNonNull(java.lang.Object)> in (JpaUserAccountRepositoryAdapter.java:39)
Method <com.academia.infrastructure.persistence.adapters.JpaUserAccountRepositoryAdapter.findByEmail(com.academia.domain.model.valueobjects.ids.OrganizationId, com.academia.domain.model.valueobjects.user.Email)> calls method <java.util.Optional.map(java.util.function.Function)> in (JpaUserAccountRepositoryAdapter.java:39)
Method <com.academia.infrastructure.persistence.adapters.JpaUserAccountRepositoryAdapter.findByEmail(com.academia.domain.model.valueobjects.ids.OrganizationId, com.academia.domain.model.valueobjects.user.Email)> has return type <java.util.Optional> in (JpaUserAccountRepositoryAdapter.java:0)
Method <com.academia.infrastructure.persistence.adapters.JpaUserAccountRepositoryAdapter.findById(com.academia.domain.model.valueobjects.ids.AccountId)> calls method <java.util.Objects.requireNonNull(java.lang.Object)> in (JpaUserAccountRepositoryAdapter.java:33)
Method <com.academia.infrastructure.persistence.adapters.JpaUserAccountRepositoryAdapter.findById(com.academia.domain.model.valueobjects.ids.AccountId)> calls method <java.util.Optional.map(java.util.function.Function)> in (JpaUserAccountRepositoryAdapter.java:33)
Method <com.academia.infrastructure.persistence.adapters.JpaUserAccountRepositoryAdapter.findById(com.academia.domain.model.valueobjects.ids.AccountId)> has return type <java.util.Optional> in (JpaUserAccountRepositoryAdapter.java:0)
Method <com.academia.infrastructure.persistence.jpa.entities.OrganizationJpaEntity.getDigitalConsentAge()> is annotated with <lombok.Generated> in (OrganizationJpaEntity.java:0)
Method <com.academia.infrastructure.persistence.jpa.entities.OrganizationJpaEntity.getId()> has return type <java.lang.Long> in (OrganizationJpaEntity.java:0)
Method <com.academia.infrastructure.persistence.jpa.entities.OrganizationJpaEntity.getId()> is annotated with <lombok.Generated> in (OrganizationJpaEntity.java:0)
Method <com.academia.infrastructure.persistence.jpa.entities.OrganizationJpaEntity.getName()> has return type <java.lang.String> in (OrganizationJpaEntity.java:0)
Method <com.academia.infrastructure.persistence.jpa.entities.OrganizationJpaEntity.getName()> is annotated with <lombok.Generated> in (OrganizationJpaEntity.java:0)
Method <com.academia.infrastructure.persistence.jpa.entities.OrganizationJpaEntity.getSubdomain()> has return type <java.lang.String> in (OrganizationJpaEntity.java:0)
Method <com.academia.infrastructure.persistence.jpa.entities.OrganizationJpaEntity.getSubdomain()> is annotated with <lombok.Generated> in (OrganizationJpaEntity.java:0)
Method <com.academia.infrastructure.persistence.jpa.entities.OrganizationJpaEntity.getUuid()> has return type <java.lang.String> in (OrganizationJpaEntity.java:0)
Method <com.academia.infrastructure.persistence.jpa.entities.OrganizationJpaEntity.getUuid()> is annotated with <lombok.Generated> in (OrganizationJpaEntity.java:0)
Method <com.academia.infrastructure.persistence.jpa.entities.OrganizationJpaEntity.isActive()> is annotated with <lombok.Generated> in (OrganizationJpaEntity.java:0)
Method <com.academia.infrastructure.persistence.jpa.entities.OrganizationJpaEntity.setActive(boolean)> is annotated with <lombok.Generated> in (OrganizationJpaEntity.java:0)
Method <com.academia.infrastructure.persistence.jpa.entities.OrganizationJpaEntity.setDigitalConsentAge(int)> is annotated with <lombok.Generated> in (OrganizationJpaEntity.java:0)
Method <com.academia.infrastructure.persistence.jpa.entities.OrganizationJpaEntity.setId(java.lang.Long)> has parameter of type <java.lang.Long> in (OrganizationJpaEntity.java:0)
Method <com.academia.infrastructure.persistence.jpa.entities.OrganizationJpaEntity.setId(java.lang.Long)> is annotated with <lombok.Generated> in (OrganizationJpaEntity.java:0)
Method <com.academia.infrastructure.persistence.jpa.entities.OrganizationJpaEntity.setName(java.lang.String)> has parameter of type <java.lang.String> in (OrganizationJpaEntity.java:0)
Method <com.academia.infrastructure.persistence.jpa.entities.OrganizationJpaEntity.setName(java.lang.String)> is annotated with <lombok.Generated> in (OrganizationJpaEntity.java:0)
Method <com.academia.infrastructure.persistence.jpa.entities.OrganizationJpaEntity.setSubdomain(java.lang.String)> has parameter of type <java.lang.String> in (OrganizationJpaEntity.java:0)
Method <com.academia.infrastructure.persistence.jpa.entities.OrganizationJpaEntity.setSubdomain(java.lang.String)> is annotated with <lombok.Generated> in (OrganizationJpaEntity.java:0)
Method <com.academia.infrastructure.persistence.jpa.entities.OrganizationJpaEntity.setUuid(java.lang.String)> has parameter of type <java.lang.String> in (OrganizationJpaEntity.java:0)
Method <com.academia.infrastructure.persistence.jpa.entities.OrganizationJpaEntity.setUuid(java.lang.String)> is annotated with <lombok.Generated> in (OrganizationJpaEntity.java:0)
Method <com.academia.infrastructure.persistence.jpa.entities.StudentProfileJpaEntity.getCurrentGradeLevel()> has return type <java.lang.String> in (StudentProfileJpaEntity.java:0)
Method <com.academia.infrastructure.persistence.jpa.entities.StudentProfileJpaEntity.getCurrentGradeLevel()> is annotated with <lombok.Generated> in (StudentProfileJpaEntity.java:0)
Method <com.academia.infrastructure.persistence.jpa.entities.StudentProfileJpaEntity.getEnrollmentDate()> has return type <java.time.LocalDate> in (StudentProfileJpaEntity.java:0)
Method <com.academia.infrastructure.persistence.jpa.entities.StudentProfileJpaEntity.getEnrollmentDate()> is annotated with <lombok.Generated> in (StudentProfileJpaEntity.java:0)
Method <com.academia.infrastructure.persistence.jpa.entities.StudentProfileJpaEntity.getOrganizationId()> has return type <java.lang.Long> in (StudentProfileJpaEntity.java:0)
Method <com.academia.infrastructure.persistence.jpa.entities.StudentProfileJpaEntity.getOrganizationId()> is annotated with <lombok.Generated> in (StudentProfileJpaEntity.java:0)
Method <com.academia.infrastructure.persistence.jpa.entities.StudentProfileJpaEntity.getStudentIdNumber()> has return type <java.lang.String> in (StudentProfileJpaEntity.java:0)
Method <com.academia.infrastructure.persistence.jpa.entities.StudentProfileJpaEntity.getStudentIdNumber()> is annotated with <lombok.Generated> in (StudentProfileJpaEntity.java:0)
Method <com.academia.infrastructure.persistence.jpa.entities.StudentProfileJpaEntity.getUserId()> has return type <java.lang.Long> in (StudentProfileJpaEntity.java:0)
Method <com.academia.infrastructure.persistence.jpa.entities.StudentProfileJpaEntity.getUserId()> is annotated with <lombok.Generated> in (StudentProfileJpaEntity.java:0)
Method <com.academia.infrastructure.persistence.jpa.entities.StudentProfileJpaEntity.setCurrentGradeLevel(java.lang.String)> has parameter of type <java.lang.String> in (StudentProfileJpaEntity.java:0)
Method <com.academia.infrastructure.persistence.jpa.entities.StudentProfileJpaEntity.setCurrentGradeLevel(java.lang.String)> is annotated with <lombok.Generated> in (StudentProfileJpaEntity.java:0)
Method <com.academia.infrastructure.persistence.jpa.entities.StudentProfileJpaEntity.setEnrollmentDate(java.time.LocalDate)> has parameter of type <java.time.LocalDate> in (StudentProfileJpaEntity.java:0)
Method <com.academia.infrastructure.persistence.jpa.entities.StudentProfileJpaEntity.setEnrollmentDate(java.time.LocalDate)> is annotated with <lombok.Generated> in (StudentProfileJpaEntity.java:0)
Method <com.academia.infrastructure.persistence.jpa.entities.StudentProfileJpaEntity.setOrganizationId(java.lang.Long)> has parameter of type <java.lang.Long> in (StudentProfileJpaEntity.java:0)
Method <com.academia.infrastructure.persistence.jpa.entities.StudentProfileJpaEntity.setOrganizationId(java.lang.Long)> is annotated with <lombok.Generated> in (StudentProfileJpaEntity.java:0)
Method <com.academia.infrastructure.persistence.jpa.entities.StudentProfileJpaEntity.setStudentIdNumber(java.lang.String)> has parameter of type <java.lang.String> in (StudentProfileJpaEntity.java:0)
Method <com.academia.infrastructure.persistence.jpa.entities.StudentProfileJpaEntity.setStudentIdNumber(java.lang.String)> is annotated with <lombok.Generated> in (StudentProfileJpaEntity.java:0)
Method <com.academia.infrastructure.persistence.jpa.entities.StudentProfileJpaEntity.setUserId(java.lang.Long)> has parameter of type <java.lang.Long> in (StudentProfileJpaEntity.java:0)
Method <com.academia.infrastructure.persistence.jpa.entities.StudentProfileJpaEntity.setUserId(java.lang.Long)> is annotated with <lombok.Generated> in (StudentProfileJpaEntity.java:0)
Method <com.academia.infrastructure.persistence.jpa.entities.UserJpaEntity.getAccountStatus()> is annotated with <lombok.Generated> in (UserJpaEntity.java:0)
Method <com.academia.infrastructure.persistence.jpa.entities.UserJpaEntity.getBirthDate()> has return type <java.time.LocalDate> in (UserJpaEntity.java:0)
Method <com.academia.infrastructure.persistence.jpa.entities.UserJpaEntity.getBirthDate()> is annotated with <lombok.Generated> in (UserJpaEntity.java:0)
Method <com.academia.infrastructure.persistence.jpa.entities.UserJpaEntity.getEmail()> has return type <java.lang.String> in (UserJpaEntity.java:0)
Method <com.academia.infrastructure.persistence.jpa.entities.UserJpaEntity.getEmail()> is annotated with <lombok.Generated> in (UserJpaEntity.java:0)
Method <com.academia.infrastructure.persistence.jpa.entities.UserJpaEntity.getFirstName()> has return type <java.lang.String> in (UserJpaEntity.java:0)
Method <com.academia.infrastructure.persistence.jpa.entities.UserJpaEntity.getFirstName()> is annotated with <lombok.Generated> in (UserJpaEntity.java:0)
Method <com.academia.infrastructure.persistence.jpa.entities.UserJpaEntity.getId()> has return type <java.lang.Long> in (UserJpaEntity.java:0)
Method <com.academia.infrastructure.persistence.jpa.entities.UserJpaEntity.getId()> is annotated with <lombok.Generated> in (UserJpaEntity.java:0)
Method <com.academia.infrastructure.persistence.jpa.entities.UserJpaEntity.getLastName()> has return type <java.lang.String> in (UserJpaEntity.java:0)
Method <com.academia.infrastructure.persistence.jpa.entities.UserJpaEntity.getLastName()> is annotated with <lombok.Generated> in (UserJpaEntity.java:0)
Method <com.academia.infrastructure.persistence.jpa.entities.UserJpaEntity.getOrganizationId()> has return type <java.lang.Long> in (UserJpaEntity.java:0)
Method <com.academia.infrastructure.persistence.jpa.entities.UserJpaEntity.getOrganizationId()> is annotated with <lombok.Generated> in (UserJpaEntity.java:0)
Method <com.academia.infrastructure.persistence.jpa.entities.UserJpaEntity.getPasswordHash()> has return type <java.lang.String> in (UserJpaEntity.java:0)
Method <com.academia.infrastructure.persistence.jpa.entities.UserJpaEntity.getPasswordHash()> is annotated with <lombok.Generated> in (UserJpaEntity.java:0)
Method <com.academia.infrastructure.persistence.jpa.entities.UserJpaEntity.setAccountStatus(com.academia.domain.model.enums.AccountStatus)> is annotated with <lombok.Generated> in (UserJpaEntity.java:0)
Method <com.academia.infrastructure.persistence.jpa.entities.UserJpaEntity.setBirthDate(java.time.LocalDate)> has parameter of type <java.time.LocalDate> in (UserJpaEntity.java:0)
Method <com.academia.infrastructure.persistence.jpa.entities.UserJpaEntity.setBirthDate(java.time.LocalDate)> is annotated with <lombok.Generated> in (UserJpaEntity.java:0)
Method <com.academia.infrastructure.persistence.jpa.entities.UserJpaEntity.setEmail(java.lang.String)> has parameter of type <java.lang.String> in (UserJpaEntity.java:0)
Method <com.academia.infrastructure.persistence.jpa.entities.UserJpaEntity.setEmail(java.lang.String)> is annotated with <lombok.Generated> in (UserJpaEntity.java:0)
Method <com.academia.infrastructure.persistence.jpa.entities.UserJpaEntity.setFirstName(java.lang.String)> has parameter of type <java.lang.String> in (UserJpaEntity.java:0)
Method <com.academia.infrastructure.persistence.jpa.entities.UserJpaEntity.setFirstName(java.lang.String)> is annotated with <lombok.Generated> in (UserJpaEntity.java:0)
Method <com.academia.infrastructure.persistence.jpa.entities.UserJpaEntity.setId(java.lang.Long)> has parameter of type <java.lang.Long> in (UserJpaEntity.java:0)
Method <com.academia.infrastructure.persistence.jpa.entities.UserJpaEntity.setId(java.lang.Long)> is annotated with <lombok.Generated> in (UserJpaEntity.java:0)
Method <com.academia.infrastructure.persistence.jpa.entities.UserJpaEntity.setLastName(java.lang.String)> has parameter of type <java.lang.String> in (UserJpaEntity.java:0)
Method <com.academia.infrastructure.persistence.jpa.entities.UserJpaEntity.setLastName(java.lang.String)> is annotated with <lombok.Generated> in (UserJpaEntity.java:0)
Method <com.academia.infrastructure.persistence.jpa.entities.UserJpaEntity.setOrganizationId(java.lang.Long)> has parameter of type <java.lang.Long> in (UserJpaEntity.java:0)
Method <com.academia.infrastructure.persistence.jpa.entities.UserJpaEntity.setOrganizationId(java.lang.Long)> is annotated with <lombok.Generated> in (UserJpaEntity.java:0)
Method <com.academia.infrastructure.persistence.jpa.entities.UserJpaEntity.setPasswordHash(java.lang.String)> has parameter of type <java.lang.String> in (UserJpaEntity.java:0)
Method <com.academia.infrastructure.persistence.jpa.entities.UserJpaEntity.setPasswordHash(java.lang.String)> is annotated with <lombok.Generated> in (UserJpaEntity.java:0)
Method <com.academia.infrastructure.persistence.jpa.mappers.OrganizationMapper.longToOrganizationId(java.lang.Long)> has parameter of type <java.lang.Long> in (OrganizationMapper.java:0)
Method <com.academia.infrastructure.persistence.jpa.mappers.OrganizationMapper.longToOrganizationId(java.lang.Long)> is annotated with <org.mapstruct.Named> in (OrganizationMapper.java:0)
Method <com.academia.infrastructure.persistence.jpa.mappers.OrganizationMapper.toDomain(com.academia.infrastructure.persistence.jpa.entities.OrganizationJpaEntity)> has annotation member of type <org.mapstruct.NullValueCheckStrategy> in (OrganizationMapper.java:0)
Method <com.academia.infrastructure.persistence.jpa.mappers.OrganizationMapper.toDomain(com.academia.infrastructure.persistence.jpa.entities.OrganizationJpaEntity)> has annotation member of type <org.mapstruct.NullValuePropertyMappingStrategy> in (OrganizationMapper.java:0)
Method <com.academia.infrastructure.persistence.jpa.mappers.OrganizationMapper.toDomain(com.academia.infrastructure.persistence.jpa.entities.OrganizationJpaEntity)> has annotation member of type <org.mapstruct.control.MappingControl> in (OrganizationMapper.java:0)
Method <com.academia.infrastructure.persistence.jpa.mappers.OrganizationMapper.toDomain(com.academia.infrastructure.persistence.jpa.entities.OrganizationJpaEntity)> is annotated with <org.mapstruct.Mapping> in (OrganizationMapper.java:0)
Method <com.academia.infrastructure.persistence.jpa.mappers.OrganizationMapper.toJpa(com.academia.domain.model.aggregates.Organization)> has annotation member of type <org.mapstruct.NullValueCheckStrategy> in (OrganizationMapper.java:0)
Method <com.academia.infrastructure.persistence.jpa.mappers.OrganizationMapper.toJpa(com.academia.domain.model.aggregates.Organization)> has annotation member of type <org.mapstruct.NullValuePropertyMappingStrategy> in (OrganizationMapper.java:0)
Method <com.academia.infrastructure.persistence.jpa.mappers.OrganizationMapper.toJpa(com.academia.domain.model.aggregates.Organization)> has annotation member of type <org.mapstruct.control.MappingControl> in (OrganizationMapper.java:0)
Method <com.academia.infrastructure.persistence.jpa.mappers.OrganizationMapper.toJpa(com.academia.domain.model.aggregates.Organization)> is annotated with <org.mapstruct.Mapping> in (OrganizationMapper.java:0)
Method <com.academia.infrastructure.persistence.jpa.mappers.OrganizationMapperImpl.organizationIdValue(com.academia.domain.model.aggregates.Organization)> has return type <java.lang.Long> in (OrganizationMapperImpl.java:0)
Method <com.academia.infrastructure.persistence.jpa.mappers.StudentMapper.longToAccountId(java.lang.Long)> has parameter of type <java.lang.Long> in (StudentMapper.java:0)
Method <com.academia.infrastructure.persistence.jpa.mappers.StudentMapper.longToAccountId(java.lang.Long)> is annotated with <org.mapstruct.Named> in (StudentMapper.java:0)
Method <com.academia.infrastructure.persistence.jpa.mappers.StudentMapper.longToOrganizationId(java.lang.Long)> has parameter of type <java.lang.Long> in (StudentMapper.java:0)
Method <com.academia.infrastructure.persistence.jpa.mappers.StudentMapper.longToOrganizationId(java.lang.Long)> is annotated with <org.mapstruct.Named> in (StudentMapper.java:0)
Method <com.academia.infrastructure.persistence.jpa.mappers.StudentMapper.toDomain(com.academia.infrastructure.persistence.jpa.entities.StudentProfileJpaEntity)> has annotation member of type <org.mapstruct.Mapping> in (StudentMapper.java:0)
Method <com.academia.infrastructure.persistence.jpa.mappers.StudentMapper.toDomain(com.academia.infrastructure.persistence.jpa.entities.StudentProfileJpaEntity)> has annotation member of type <org.mapstruct.NullValueCheckStrategy> in (StudentMapper.java:0)
Method <com.academia.infrastructure.persistence.jpa.mappers.StudentMapper.toDomain(com.academia.infrastructure.persistence.jpa.entities.StudentProfileJpaEntity)> has annotation member of type <org.mapstruct.NullValuePropertyMappingStrategy> in (StudentMapper.java:0)
Method <com.academia.infrastructure.persistence.jpa.mappers.StudentMapper.toDomain(com.academia.infrastructure.persistence.jpa.entities.StudentProfileJpaEntity)> has annotation member of type <org.mapstruct.control.MappingControl> in (StudentMapper.java:0)
Method <com.academia.infrastructure.persistence.jpa.mappers.StudentMapper.toDomain(com.academia.infrastructure.persistence.jpa.entities.StudentProfileJpaEntity)> is annotated with <org.mapstruct.Mappings> in (StudentMapper.java:0)
Method <com.academia.infrastructure.persistence.jpa.mappers.StudentMapper.toJpa(com.academia.domain.model.entities.Student)> has annotation member of type <org.mapstruct.Mapping> in (StudentMapper.java:0)
Method <com.academia.infrastructure.persistence.jpa.mappers.StudentMapper.toJpa(com.academia.domain.model.entities.Student)> has annotation member of type <org.mapstruct.NullValueCheckStrategy> in (StudentMapper.java:0)
Method <com.academia.infrastructure.persistence.jpa.mappers.StudentMapper.toJpa(com.academia.domain.model.entities.Student)> has annotation member of type <org.mapstruct.NullValuePropertyMappingStrategy> in (StudentMapper.java:0)
Method <com.academia.infrastructure.persistence.jpa.mappers.StudentMapper.toJpa(com.academia.domain.model.entities.Student)> has annotation member of type <org.mapstruct.control.MappingControl> in (StudentMapper.java:0)
Method <com.academia.infrastructure.persistence.jpa.mappers.StudentMapper.toJpa(com.academia.domain.model.entities.Student)> is annotated with <org.mapstruct.Mappings> in (StudentMapper.java:0)
Method <com.academia.infrastructure.persistence.jpa.mappers.StudentMapperImpl.studentAccountIdValue(com.academia.domain.model.entities.Student)> has return type <java.lang.Long> in (StudentMapperImpl.java:0)
Method <com.academia.infrastructure.persistence.jpa.mappers.StudentMapperImpl.studentOrganizationIdValue(com.academia.domain.model.entities.Student)> has return type <java.lang.Long> in (StudentMapperImpl.java:0)
Method <com.academia.infrastructure.persistence.jpa.mappers.UserAccountMapper.toDomain(com.academia.infrastructure.persistence.jpa.entities.UserJpaEntity)> has annotation member of type <org.mapstruct.Mapping> in (UserAccountMapper.java:0)
Method <com.academia.infrastructure.persistence.jpa.mappers.UserAccountMapper.toDomain(com.academia.infrastructure.persistence.jpa.entities.UserJpaEntity)> has annotation member of type <org.mapstruct.NullValueCheckStrategy> in (UserAccountMapper.java:0)
Method <com.academia.infrastructure.persistence.jpa.mappers.UserAccountMapper.toDomain(com.academia.infrastructure.persistence.jpa.entities.UserJpaEntity)> has annotation member of type <org.mapstruct.NullValuePropertyMappingStrategy> in (UserAccountMapper.java:0)
Method <com.academia.infrastructure.persistence.jpa.mappers.UserAccountMapper.toDomain(com.academia.infrastructure.persistence.jpa.entities.UserJpaEntity)> has annotation member of type <org.mapstruct.control.MappingControl> in (UserAccountMapper.java:0)
Method <com.academia.infrastructure.persistence.jpa.mappers.UserAccountMapper.toDomain(com.academia.infrastructure.persistence.jpa.entities.UserJpaEntity)> is annotated with <org.mapstruct.Mappings> in (UserAccountMapper.java:0)
Method <com.academia.infrastructure.persistence.jpa.mappers.UserAccountMapper.toJpa(com.academia.domain.model.aggregates.UserAccount)> has annotation member of type <org.mapstruct.Mapping> in (UserAccountMapper.java:0)
Method <com.academia.infrastructure.persistence.jpa.mappers.UserAccountMapper.toJpa(com.academia.domain.model.aggregates.UserAccount)> has annotation member of type <org.mapstruct.NullValueCheckStrategy> in (UserAccountMapper.java:0)
Method <com.academia.infrastructure.persistence.jpa.mappers.UserAccountMapper.toJpa(com.academia.domain.model.aggregates.UserAccount)> has annotation member of type <org.mapstruct.NullValuePropertyMappingStrategy> in (UserAccountMapper.java:0)
Method <com.academia.infrastructure.persistence.jpa.mappers.UserAccountMapper.toJpa(com.academia.domain.model.aggregates.UserAccount)> has annotation member of type <org.mapstruct.control.MappingControl> in (UserAccountMapper.java:0)
Method <com.academia.infrastructure.persistence.jpa.mappers.UserAccountMapper.toJpa(com.academia.domain.model.aggregates.UserAccount)> is annotated with <org.mapstruct.Mappings> in (UserAccountMapper.java:0)
Method <com.academia.infrastructure.persistence.jpa.mappers.UserAccountMapperImpl.aggregateUserEmailValue(com.academia.domain.model.aggregates.UserAccount)> has return type <java.lang.String> in (UserAccountMapperImpl.java:0)
Method <com.academia.infrastructure.persistence.jpa.mappers.UserAccountMapperImpl.aggregateUserIdValue(com.academia.domain.model.aggregates.UserAccount)> has return type <java.lang.Long> in (UserAccountMapperImpl.java:0)
Method <com.academia.infrastructure.persistence.jpa.mappers.UserAccountMapperImpl.aggregateUserNameFirstName(com.academia.domain.model.aggregates.UserAccount)> has return type <java.lang.String> in (UserAccountMapperImpl.java:0)
Method <com.academia.infrastructure.persistence.jpa.mappers.UserAccountMapperImpl.aggregateUserNameLastName(com.academia.domain.model.aggregates.UserAccount)> has return type <java.lang.String> in (UserAccountMapperImpl.java:0)
Method <com.academia.infrastructure.persistence.jpa.mappers.UserAccountMapperImpl.aggregateUserOrganizationIdValue(com.academia.domain.model.aggregates.UserAccount)> has return type <java.lang.Long> in (UserAccountMapperImpl.java:0)
Method <com.academia.infrastructure.persistence.jpa.repositories.SpringStudentProfileRepository.existsByOrganizationIdAndStudentIdNumber(java.lang.Long, java.lang.String)> has parameter of type <java.lang.Long> in (SpringStudentProfileRepository.java:0)
Method <com.academia.infrastructure.persistence.jpa.repositories.SpringStudentProfileRepository.existsByOrganizationIdAndStudentIdNumber(java.lang.Long, java.lang.String)> has parameter of type <java.lang.String> in (SpringStudentProfileRepository.java:0)
Method <com.academia.infrastructure.persistence.jpa.repositories.SpringUserRepository.existsByOrganizationIdAndEmail(java.lang.Long, java.lang.String)> has parameter of type <java.lang.Long> in (SpringUserRepository.java:0)
Method <com.academia.infrastructure.persistence.jpa.repositories.SpringUserRepository.existsByOrganizationIdAndEmail(java.lang.Long, java.lang.String)> has parameter of type <java.lang.String> in (SpringUserRepository.java:0)
Method <com.academia.infrastructure.persistence.jpa.repositories.SpringUserRepository.findByOrganizationIdAndEmail(java.lang.Long, java.lang.String)> has parameter of type <java.lang.Long> in (SpringUserRepository.java:0)
Method <com.academia.infrastructure.persistence.jpa.repositories.SpringUserRepository.findByOrganizationIdAndEmail(java.lang.Long, java.lang.String)> has parameter of type <java.lang.String> in (SpringUserRepository.java:0)
Method <com.academia.infrastructure.persistence.jpa.repositories.SpringUserRepository.findByOrganizationIdAndEmail(java.lang.Long, java.lang.String)> has return type <java.util.Optional> in (SpringUserRepository.java:0)
Method <com.academia.infrastructure.web.controllers.CourseController.enrollStudent(com.academia.infrastructure.web.requests.EnrollStudentInCourseRequest)> calls method <org.springframework.http.ResponseEntity.ok(java.lang.Object)> in (CourseController.java:28)
Method <com.academia.infrastructure.web.controllers.CourseController.enrollStudent(com.academia.infrastructure.web.requests.EnrollStudentInCourseRequest)> has return type <org.springframework.http.ResponseEntity> in (CourseController.java:0)
Method <com.academia.infrastructure.web.controllers.CourseController.enrollStudent(com.academia.infrastructure.web.requests.EnrollStudentInCourseRequest)> is annotated with <org.springframework.web.bind.annotation.PostMapping> in (CourseController.java:0)
Method <com.academia.infrastructure.web.controllers.StudentController.registerStudent(com.academia.infrastructure.web.requests.RegisterStudentRequest)> calls method <org.springframework.http.ResponseEntity$BodyBuilder.body(java.lang.Object)> in (StudentController.java:31)
Method <com.academia.infrastructure.web.controllers.StudentController.registerStudent(com.academia.infrastructure.web.requests.RegisterStudentRequest)> calls method <org.springframework.http.ResponseEntity.status(org.springframework.http.HttpStatusCode)> in (StudentController.java:31)
Method <com.academia.infrastructure.web.controllers.StudentController.registerStudent(com.academia.infrastructure.web.requests.RegisterStudentRequest)> gets field <org.springframework.http.HttpStatus.CREATED> in (StudentController.java:31)
Method <com.academia.infrastructure.web.controllers.StudentController.registerStudent(com.academia.infrastructure.web.requests.RegisterStudentRequest)> has return type <org.springframework.http.ResponseEntity> in (StudentController.java:0)
Method <com.academia.infrastructure.web.controllers.StudentController.registerStudent(com.academia.infrastructure.web.requests.RegisterStudentRequest)> is annotated with <org.springframework.web.bind.annotation.PostMapping> in (StudentController.java:0)
Method <com.academia.infrastructure.web.requests.EnrollStudentInCourseRequest.courseId()> has return type <java.lang.Long> in (EnrollStudentInCourseRequest.java:0)
Method <com.academia.infrastructure.web.requests.EnrollStudentInCourseRequest.courseId()> is annotated with <jakarta.validation.constraints.NotNull> in (EnrollStudentInCourseRequest.java:0)
Method <com.academia.infrastructure.web.requests.EnrollStudentInCourseRequest.equals(java.lang.Object)> has parameter of type <java.lang.Object> in (EnrollStudentInCourseRequest.java:0)
Method <com.academia.infrastructure.web.requests.EnrollStudentInCourseRequest.studentAccountId()> has return type <java.lang.Long> in (EnrollStudentInCourseRequest.java:0)
Method <com.academia.infrastructure.web.requests.EnrollStudentInCourseRequest.studentAccountId()> is annotated with <jakarta.validation.constraints.NotNull> in (EnrollStudentInCourseRequest.java:0)
Method <com.academia.infrastructure.web.requests.EnrollStudentInCourseRequest.toString()> has return type <java.lang.String> in (EnrollStudentInCourseRequest.java:0)
Method <com.academia.infrastructure.web.requests.RegisterStudentRequest.birthDate()> has return type <java.time.LocalDate> in (RegisterStudentRequest.java:0)
Method <com.academia.infrastructure.web.requests.RegisterStudentRequest.birthDate()> is annotated with <jakarta.validation.constraints.NotNull> in (RegisterStudentRequest.java:0)
Method <com.academia.infrastructure.web.requests.RegisterStudentRequest.birthDate()> is annotated with <jakarta.validation.constraints.Past> in (RegisterStudentRequest.java:0)
Method <com.academia.infrastructure.web.requests.RegisterStudentRequest.email()> has return type <java.lang.String> in (RegisterStudentRequest.java:0)
Method <com.academia.infrastructure.web.requests.RegisterStudentRequest.email()> is annotated with <jakarta.validation.constraints.Email> in (RegisterStudentRequest.java:0)
Method <com.academia.infrastructure.web.requests.RegisterStudentRequest.email()> is annotated with <jakarta.validation.constraints.NotBlank> in (RegisterStudentRequest.java:0)
Method <com.academia.infrastructure.web.requests.RegisterStudentRequest.enrollmentDate()> has return type <java.time.LocalDate> in (RegisterStudentRequest.java:0)
Method <com.academia.infrastructure.web.requests.RegisterStudentRequest.enrollmentDate()> is annotated with <jakarta.validation.constraints.NotNull> in (RegisterStudentRequest.java:0)
Method <com.academia.infrastructure.web.requests.RegisterStudentRequest.equals(java.lang.Object)> has parameter of type <java.lang.Object> in (RegisterStudentRequest.java:0)
Method <com.academia.infrastructure.web.requests.RegisterStudentRequest.firstName()> has return type <java.lang.String> in (RegisterStudentRequest.java:0)
Method <com.academia.infrastructure.web.requests.RegisterStudentRequest.firstName()> is annotated with <jakarta.validation.constraints.NotBlank> in (RegisterStudentRequest.java:0)
Method <com.academia.infrastructure.web.requests.RegisterStudentRequest.firstName()> is annotated with <jakarta.validation.constraints.Size> in (RegisterStudentRequest.java:0)
Method <com.academia.infrastructure.web.requests.RegisterStudentRequest.initialGradeLevel()> has return type <java.lang.String> in (RegisterStudentRequest.java:0)
Method <com.academia.infrastructure.web.requests.RegisterStudentRequest.initialGradeLevel()> is annotated with <jakarta.validation.constraints.NotBlank> in (RegisterStudentRequest.java:0)
Method <com.academia.infrastructure.web.requests.RegisterStudentRequest.lastName()> has return type <java.lang.String> in (RegisterStudentRequest.java:0)
Method <com.academia.infrastructure.web.requests.RegisterStudentRequest.lastName()> is annotated with <jakarta.validation.constraints.NotBlank> in (RegisterStudentRequest.java:0)
Method <com.academia.infrastructure.web.requests.RegisterStudentRequest.lastName()> is annotated with <jakarta.validation.constraints.Size> in (RegisterStudentRequest.java:0)
Method <com.academia.infrastructure.web.requests.RegisterStudentRequest.organizationId()> has return type <java.lang.Long> in (RegisterStudentRequest.java:0)
Method <com.academia.infrastructure.web.requests.RegisterStudentRequest.organizationId()> is annotated with <jakarta.validation.constraints.NotNull> in (RegisterStudentRequest.java:0)
Method <com.academia.infrastructure.web.requests.RegisterStudentRequest.studentIdNumber()> has return type <java.lang.String> in (RegisterStudentRequest.java:0)
Method <com.academia.infrastructure.web.requests.RegisterStudentRequest.studentIdNumber()> is annotated with <jakarta.validation.constraints.NotBlank> in (RegisterStudentRequest.java:0)
Method <com.academia.infrastructure.web.requests.RegisterStudentRequest.studentIdNumber()> is annotated with <jakarta.validation.constraints.Size> in (RegisterStudentRequest.java:0)
Method <com.academia.infrastructure.web.requests.RegisterStudentRequest.toString()> has return type <java.lang.String> in (RegisterStudentRequest.java:0)
Parameter <com.academia.infrastructure.web.requests.EnrollStudentInCourseRequest> of method <com.academia.infrastructure.web.controllers.CourseController.enrollStudent(com.academia.infrastructure.web.requests.EnrollStudentInCourseRequest)> is annotated with <jakarta.validation.Valid> in (CourseController.java:0)
Parameter <com.academia.infrastructure.web.requests.EnrollStudentInCourseRequest> of method <com.academia.infrastructure.web.controllers.CourseController.enrollStudent(com.academia.infrastructure.web.requests.EnrollStudentInCourseRequest)> is annotated with <org.springframework.web.bind.annotation.RequestBody> in (CourseController.java:0)
Parameter <com.academia.infrastructure.web.requests.RegisterStudentRequest> of method <com.academia.infrastructure.web.controllers.StudentController.registerStudent(com.academia.infrastructure.web.requests.RegisterStudentRequest)> is annotated with <jakarta.validation.Valid> in (StudentController.java:0)
Parameter <com.academia.infrastructure.web.requests.RegisterStudentRequest> of method <com.academia.infrastructure.web.controllers.StudentController.registerStudent(com.academia.infrastructure.web.requests.RegisterStudentRequest)> is annotated with <org.springframework.web.bind.annotation.RequestBody> in (StudentController.java:0)
Parameter <java.lang.Long> of constructor <com.academia.infrastructure.web.requests.EnrollStudentInCourseRequest.<init>(java.lang.Long, java.lang.Long)> is annotated with <jakarta.validation.constraints.NotNull> in (EnrollStudentInCourseRequest.java:0)
Parameter <java.lang.Long> of constructor <com.academia.infrastructure.web.requests.RegisterStudentRequest.<init>(java.lang.Long, java.lang.String, java.lang.String, java.lang.String, java.time.LocalDate, java.lang.String, java.time.LocalDate, java.lang.String)> is annotated with <jakarta.validation.constraints.NotNull> in (RegisterStudentRequest.java:0)
Parameter <java.lang.String> of constructor <com.academia.infrastructure.web.requests.RegisterStudentRequest.<init>(java.lang.Long, java.lang.String, java.lang.String, java.lang.String, java.time.LocalDate, java.lang.String, java.time.LocalDate, java.lang.String)> is annotated with <jakarta.validation.constraints.Email> in (RegisterStudentRequest.java:0)
Parameter <java.lang.String> of constructor <com.academia.infrastructure.web.requests.RegisterStudentRequest.<init>(java.lang.Long, java.lang.String, java.lang.String, java.lang.String, java.time.LocalDate, java.lang.String, java.time.LocalDate, java.lang.String)> is annotated with <jakarta.validation.constraints.NotBlank> in (RegisterStudentRequest.java:0)
Parameter <java.lang.String> of constructor <com.academia.infrastructure.web.requests.RegisterStudentRequest.<init>(java.lang.Long, java.lang.String, java.lang.String, java.lang.String, java.time.LocalDate, java.lang.String, java.time.LocalDate, java.lang.String)> is annotated with <jakarta.validation.constraints.Size> in (RegisterStudentRequest.java:0)
Parameter <java.time.LocalDate> of constructor <com.academia.infrastructure.web.requests.RegisterStudentRequest.<init>(java.lang.Long, java.lang.String, java.lang.String, java.lang.String, java.time.LocalDate, java.lang.String, java.time.LocalDate, java.lang.String)> is annotated with <jakarta.validation.constraints.NotNull> in (RegisterStudentRequest.java:0)
Parameter <java.time.LocalDate> of constructor <com.academia.infrastructure.web.requests.RegisterStudentRequest.<init>(java.lang.Long, java.lang.String, java.lang.String, java.lang.String, java.time.LocalDate, java.lang.String, java.time.LocalDate, java.lang.String)> is annotated with <jakarta.validation.constraints.Past> in (RegisterStudentRequest.java:0)
Static Initializer <com.academia.application.mappers.StudentDTOMapper.<clinit>()> calls method <org.mapstruct.factory.Mappers.getMapper(java.lang.Class)> in (StudentDTOMapper.java:13)
Static Initializer <com.academia.domain.model.valueobjects.user.Email.<clinit>()> calls method <java.util.regex.Pattern.compile(java.lang.String)> in (Email.java:7)
Static Initializer <com.academia.infrastructure.events.SpringDomainEventPublisher.<clinit>()> calls method <org.slf4j.LoggerFactory.getLogger(java.lang.Class)> in (SpringDomainEventPublisher.java:13)
Static Initializer <com.academia.infrastructure.persistence.jpa.mappers.UserAccountMapper.<clinit>()> calls method <org.mapstruct.factory.Mappers.getMapper(java.lang.Class)> in (UserAccountMapper.java:12)
Static Initializer <com.academia.infrastructure.web.mappers.RegisterStudentRequestMapper.<clinit>()> calls method <org.mapstruct.factory.Mappers.getMapper(java.lang.Class)> in (RegisterStudentRequestMapper.java:12)
	at com.tngtech.archunit.lang.ArchRule$Assertions.assertNoViolation(ArchRule.java:94)
	at com.tngtech.archunit.lang.ArchRule$Assertions.check(ArchRule.java:86)
	at com.tngtech.archunit.library.Architectures$LayeredArchitecture.check(Architectures.java:347)
	at com.tngtech.archunit.junit.internal.ArchUnitTestDescriptor$ArchUnitRuleDescriptor.execute(ArchUnitTestDescriptor.java:167)
	at com.tngtech.archunit.junit.internal.ArchUnitTestDescriptor$ArchUnitRuleDescriptor.execute(ArchUnitTestDescriptor.java:150)
	at java.base/java.util.ArrayList.forEach(ArrayList.java:1596)
	at java.base/java.util.ArrayList.forEach(ArrayList.java:1596)
]]></failure>
  </testcase>
  <testcase name="domain_layer_should_not_depend_on_anything_external" classname="HexagonalArchitectureTest" time="0.004"/>
  <testcase name="input_ports_should_be_interfaces" classname="HexagonalArchitectureTest" time="0.002">
    <failure message="Architecture Violation [Priority: MEDIUM] - Rule &apos;classes that reside in a package &apos;com.academia.domain.ports.in..*&apos; should be interfaces&apos; was violated (6 times):&#10;Class &lt;com.academia.domain.ports.in.commands.EnrollStudentInCourseCommand&gt; is no interface in (EnrollStudentInCourseCommand.java:0)&#10;Class &lt;com.academia.domain.ports.in.commands.RegisterNewStudentCommand&gt; is no interface in (RegisterNewStudentCommand.java:0)&#10;Class &lt;com.academia.domain.ports.in.dtos.EnrollmentResultDTO&gt; is no interface in (EnrollmentResultDTO.java:0)&#10;Class &lt;com.academia.domain.ports.in.dtos.StudentDetailsDTO$GuardianDTO&gt; is no interface in (StudentDetailsDTO.java:0)&#10;Class &lt;com.academia.domain.ports.in.dtos.StudentDetailsDTO&gt; is no interface in (StudentDetailsDTO.java:0)&#10;Class &lt;com.academia.domain.ports.in.queries.GetStudentDetailsQuery&gt; is no interface in (GetStudentDetailsQuery.java:0)" type="java.lang.AssertionError"><![CDATA[java.lang.AssertionError: 
Architecture Violation [Priority: MEDIUM] - Rule 'classes that reside in a package 'com.academia.domain.ports.in..*' should be interfaces' was violated (6 times):
Class <com.academia.domain.ports.in.commands.EnrollStudentInCourseCommand> is no interface in (EnrollStudentInCourseCommand.java:0)
Class <com.academia.domain.ports.in.commands.RegisterNewStudentCommand> is no interface in (RegisterNewStudentCommand.java:0)
Class <com.academia.domain.ports.in.dtos.EnrollmentResultDTO> is no interface in (EnrollmentResultDTO.java:0)
Class <com.academia.domain.ports.in.dtos.StudentDetailsDTO$GuardianDTO> is no interface in (StudentDetailsDTO.java:0)
Class <com.academia.domain.ports.in.dtos.StudentDetailsDTO> is no interface in (StudentDetailsDTO.java:0)
Class <com.academia.domain.ports.in.queries.GetStudentDetailsQuery> is no interface in (GetStudentDetailsQuery.java:0)
	at com.tngtech.archunit.lang.ArchRule$Assertions.assertNoViolation(ArchRule.java:94)
	at com.tngtech.archunit.lang.ArchRule$Assertions.check(ArchRule.java:86)
	at com.tngtech.archunit.lang.ArchRule$Factory$SimpleArchRule.check(ArchRule.java:165)
	at com.tngtech.archunit.lang.syntax.ObjectsShouldInternal.check(ObjectsShouldInternal.java:81)
	at com.tngtech.archunit.junit.internal.ArchUnitTestDescriptor$ArchUnitRuleDescriptor.execute(ArchUnitTestDescriptor.java:167)
	at com.tngtech.archunit.junit.internal.ArchUnitTestDescriptor$ArchUnitRuleDescriptor.execute(ArchUnitTestDescriptor.java:150)
	at java.base/java.util.ArrayList.forEach(ArrayList.java:1596)
	at java.base/java.util.ArrayList.forEach(ArrayList.java:1596)
]]></failure>
  </testcase>
</testsuite>